<?xml version="1.0" encoding="UTF-8"?>
<!-- Generated by org.testng.reporters.JUnitXMLReporter -->
<testsuite hostname="E5530-2340" name="Default test" tests="12" failures="0" timestamp="10 Jun 2016 11:52:15 GMT" time="730.62" errors="0">
  <testcase name="testSuccessfulDocAttachment" time="48.481" classname="com.test1.tests.AttachDocumentToCase"/>
  <testcase name="testSuccessfulDocAttachment" time="48.125" classname="com.test1.tests.AttachDocumentToCase"/>
  <testcase name="testSuccessfulDocAttachment" time="48.222" classname="com.test1.tests.AttachDocumentToCase"/>
  <testcase name="testSuccessfulDocAttachment" time="48.14" classname="com.test1.tests.AttachDocumentToCase"/>
  <testcase name="testSuccessfulDocAttachment" time="47.921" classname="com.test1.tests.AttachDocumentToCase"/>
  <testcase name="testSuccessfulDocAttachment" time="48.051" classname="com.test1.tests.AttachDocumentToCase"/>
  <testcase name="testSuccessfulDocAttachment" time="47.947" classname="com.test1.tests.AttachDocumentToCase"/>
  <testcase name="testSuccessfulDocAttachment" time="47.828" classname="com.test1.tests.AttachDocumentToCase"/>
  <testcase name="testSuccessfulDocAttachment" time="48.172" classname="com.test1.tests.AttachDocumentToCase"/>
  <testcase name="testSuccessfulDocAttachment" time="48.385" classname="com.test1.tests.AttachDocumentToCase"/>
  <testcase name="testSuccessfulDocAttachment" time="48.11" classname="com.test1.tests.AttachDocumentToCase"/>
  <testcase name="testSuccessfulDocAttachment" time="48.856" classname="com.test1.tests.AttachDocumentToCase"/>
</testsuite> <!-- Default test -->
