<?xml version="1.0" encoding="UTF-8"?>
<!-- Generated by org.testng.reporters.JUnitXMLReporter -->
<testsuite hostname="E5530-2340" name="Default test" tests="8" failures="0" timestamp="16 Jun 2016 12:03:18 GMT" time="48.338" errors="0">
  <testcase name="@BeforeMethod beforeMethod" time="0.0" classname="com.test1.tests.AddNewCaseTest">
    <failure type="org.openqa.selenium.WebDriverException" message="Failed to connect to binary FirefoxBinary(C:\Program Files (x86)\Mozilla Firefox\firefox.exe) on port 7055; process output follows: 
}&amp;quot;,&amp;quot;syncGUID&amp;quot;:&amp;quot;t5lL6C8UTTG5&amp;quot;,&amp;quot;location&amp;quot;:&amp;quot;app-global&amp;quot;,&amp;quot;version&amp;quot;:&amp;quot;46.0.1&amp;quot;,&amp;quot;type&amp;quot;:&amp;quot;theme&amp;quot;,&amp;quot;internalName&amp;quot;:&amp;quot;classic/1.0&amp;quot;,&amp;quot;updateURL&amp;quot;:null,&amp;quot;updateKey&amp;quot;:null,&amp;quot;optionsURL&amp;quot;:null,&amp;quot;optionsType&amp;quot;:null,&amp;quot;aboutURL&amp;quot;:null,&amp;quot;icons&amp;quot;:{&amp;quot;32&amp;quot;:&amp;quot;icon.png&amp;quot;,&amp;quot;48&amp;quot;:&amp;quot;icon.png&amp;quot;},&amp;quot;iconURL&amp;quot;:null,&amp;quot;icon64URL&amp;quot;:null,&amp;quot;defaultLocale&amp;quot;:{&amp;quot;name&amp;quot;:&amp;quot;Default&amp;quot;,&amp;quot;description&amp;quot;:&amp;quot;The default theme.&amp;quot;,&amp;quot;creator&amp;quot;:&amp;quot;Mozilla&amp;quot;,&amp;quot;homepageURL&amp;quot;:null,&amp;quot;contributors&amp;quot;:[&amp;quot;Mozilla Contributors&amp;quot;]},&amp;quot;visible&amp;quot;:true,&amp;quot;active&amp;quot;:true,&amp;quot;userDisabled&amp;quot;:false,&amp;quot;appDisabled&amp;quot;:false,&amp;quot;descriptor&amp;quot;:&amp;quot;C:\\Program Files (x86)\\Mozilla Firefox\\browser\\extensions\\{972ce4c6-7e08-4474-a285-3208198ce6fd}.xpi&amp;quot;,&amp;quot;installDate&amp;quot;:1463048427885,&amp;quot;updateDate&amp;quot;:1463048427885,&amp;quot;applyBackgroundUpdates&amp;quot;:1,&amp;quot;skinnable&amp;quot;:true,&amp;quot;size&amp;quot;:22012,&amp;quot;sourceURI&amp;quot;:null,&amp;quot;releaseNotesURI&amp;quot;:null,&amp;quot;softDisabled&amp;quot;:false,&amp;quot;foreignInstall&amp;quot;:false,&amp;quot;hasBinaryComponents&amp;quot;:false,&amp;quot;strictCompatibility&amp;quot;:true,&amp;quot;locales&amp;quot;:[],&amp;quot;targetApplications&amp;quot;:[{&amp;quot;id&amp;quot;:&amp;quot;{ec8030f7-c20a-464f-9b0e-13a3a9e97384}&amp;quot;,&amp;quot;minVersion&amp;quot;:&amp;quot;46.0.1&amp;quot;,&amp;quot;maxVersion&amp;quot;:&amp;quot;46.0.1&amp;quot;}],&amp;quot;targetPlatforms&amp;quot;:[],&amp;quot;seen&amp;quot;:true}
1466078553188	addons.xpi	DEBUG	getModTime: Recursive scan of {972ce4c6-7e08-4474-a285-3208198ce6fd}
1466078553189	DeferredSave.extensions.json	DEBUG	Save changes
1466078553189	addons.xpi	DEBUG	Updating database with changes to installed add-ons
1466078553189	addons.xpi-utils	DEBUG	Updating add-on states
1466078553190	addons.xpi-utils	DEBUG	Writing add-ons list
1466078553193	addons.xpi	DEBUG	Registering manifest for C:\Program Files (x86)\Mozilla Firefox\browser\features\e10srollout@mozilla.org.xpi
1466078553193	addons.xpi	DEBUG	Calling bootstrap method startup on e10srollout@mozilla.org version 1.0
1466078553193	addons.xpi	DEBUG	Registering manifest for C:\Program Files (x86)\Mozilla Firefox\browser\features\firefox@getpocket.com.xpi
1466078553194	addons.xpi	DEBUG	Calling bootstrap method startup on firefox@getpocket.com version 1.0
1466078553195	addons.xpi	DEBUG	Registering manifest for C:\Program Files (x86)\Mozilla Firefox\browser\features\loop@mozilla.org.xpi
1466078553196	addons.xpi	DEBUG	Calling bootstrap method startup on loop@mozilla.org version 1.2.6
1466078553216	addons.manager	DEBUG	Registering shutdown blocker for XPIProvider
1466078553217	addons.manager	DEBUG	Provider finished startup: XPIProvider
1466078553217	addons.manager	DEBUG	Starting provider: LightweightThemeManager
1466078553217	addons.manager	DEBUG	Registering shutdown blocker for LightweightThemeManager
1466078553217	addons.manager	DEBUG	Provider finished startup: LightweightThemeManager
1466078553217	addons.manager	DEBUG	Starting provider: GMPProvider
1466078553222	addons.manager	DEBUG	Registering shutdown blocker for GMPProvider
1466078553223	addons.manager	DEBUG	Provider finished startup: GMPProvider
1466078553223	addons.manager	DEBUG	Starting provider: PluginProvider
1466078553223	addons.manager	DEBUG	Registering shutdown blocker for PluginProvider
1466078553223	addons.manager	DEBUG	Provider finished startup: PluginProvider
1466078553223	addons.manager	DEBUG	Completed startup sequence
1466078555459	DeferredSave.extensions.json	DEBUG	Starting write
1466078555465	addons.manager	DEBUG	Starting provider: &amp;lt;unnamed-provider&amp;gt;
1466078555466	addons.manager	DEBUG	Registering shutdown blocker for &amp;lt;unnamed-provider&amp;gt;
1466078555466	addons.manager	DEBUG	Provider finished startup: &amp;lt;unnamed-provider&amp;gt;
1466078557251	addons.repository	DEBUG	No addons.json found.
1466078557251	DeferredSave.addons.json	DEBUG	Save changes
1466078557253	DeferredSave.addons.json	DEBUG	Starting timer
1466078557294	addons.manager	DEBUG	Starting provider: PreviousExperimentProvider
1466078557294	addons.manager	DEBUG	Registering shutdown blocker for PreviousExperimentProvider
1466078557294	addons.manager	DEBUG	Provider finished startup: PreviousExperimentProvider
1466078557318	DeferredSave.extensions.json	DEBUG	Write succeeded
1466078557320	addons.xpi-utils	DEBUG	XPI Database saved, setting schema version preference to 17
1466078557324	DeferredSave.addons.json	DEBUG	Starting write
1466078557357	DeferredSave.addons.json	DEBUG	Write succeeded

Build info: version: &amp;apos;2.48.2&amp;apos;, revision: &amp;apos;41bccdd&amp;apos;, time: &amp;apos;2015-10-09 19:59:12&amp;apos;
System info: host: &amp;apos;E5530-2340&amp;apos;, ip: &amp;apos;10.0.0.77&amp;apos;, os.name: &amp;apos;Windows 7&amp;apos;, os.arch: &amp;apos;amd64&amp;apos;, os.version: &amp;apos;6.1&amp;apos;, java.version: &amp;apos;1.8.0_91&amp;apos;
Driver info: driver.version: FirefoxDriver">
      <![CDATA[org.openqa.selenium.WebDriverException: Failed to connect to binary FirefoxBinary(C:\Program Files (x86)\Mozilla Firefox\firefox.exe) on port 7055; process output follows: 
}","syncGUID":"t5lL6C8UTTG5","location":"app-global","version":"46.0.1","type":"theme","internalName":"classic/1.0","updateURL":null,"updateKey":null,"optionsURL":null,"optionsType":null,"aboutURL":null,"icons":{"32":"icon.png","48":"icon.png"},"iconURL":null,"icon64URL":null,"defaultLocale":{"name":"Default","description":"The default theme.","creator":"Mozilla","homepageURL":null,"contributors":["Mozilla Contributors"]},"visible":true,"active":true,"userDisabled":false,"appDisabled":false,"descriptor":"C:\\Program Files (x86)\\Mozilla Firefox\\browser\\extensions\\{972ce4c6-7e08-4474-a285-3208198ce6fd}.xpi","installDate":1463048427885,"updateDate":1463048427885,"applyBackgroundUpdates":1,"skinnable":true,"size":22012,"sourceURI":null,"releaseNotesURI":null,"softDisabled":false,"foreignInstall":false,"hasBinaryComponents":false,"strictCompatibility":true,"locales":[],"targetApplications":[{"id":"{ec8030f7-c20a-464f-9b0e-13a3a9e97384}","minVersion":"46.0.1","maxVersion":"46.0.1"}],"targetPlatforms":[],"seen":true}
1466078553188	addons.xpi	DEBUG	getModTime: Recursive scan of {972ce4c6-7e08-4474-a285-3208198ce6fd}
1466078553189	DeferredSave.extensions.json	DEBUG	Save changes
1466078553189	addons.xpi	DEBUG	Updating database with changes to installed add-ons
1466078553189	addons.xpi-utils	DEBUG	Updating add-on states
1466078553190	addons.xpi-utils	DEBUG	Writing add-ons list
1466078553193	addons.xpi	DEBUG	Registering manifest for C:\Program Files (x86)\Mozilla Firefox\browser\features\e10srollout@mozilla.org.xpi
1466078553193	addons.xpi	DEBUG	Calling bootstrap method startup on e10srollout@mozilla.org version 1.0
1466078553193	addons.xpi	DEBUG	Registering manifest for C:\Program Files (x86)\Mozilla Firefox\browser\features\firefox@getpocket.com.xpi
1466078553194	addons.xpi	DEBUG	Calling bootstrap method startup on firefox@getpocket.com version 1.0
1466078553195	addons.xpi	DEBUG	Registering manifest for C:\Program Files (x86)\Mozilla Firefox\browser\features\loop@mozilla.org.xpi
1466078553196	addons.xpi	DEBUG	Calling bootstrap method startup on loop@mozilla.org version 1.2.6
1466078553216	addons.manager	DEBUG	Registering shutdown blocker for XPIProvider
1466078553217	addons.manager	DEBUG	Provider finished startup: XPIProvider
1466078553217	addons.manager	DEBUG	Starting provider: LightweightThemeManager
1466078553217	addons.manager	DEBUG	Registering shutdown blocker for LightweightThemeManager
1466078553217	addons.manager	DEBUG	Provider finished startup: LightweightThemeManager
1466078553217	addons.manager	DEBUG	Starting provider: GMPProvider
1466078553222	addons.manager	DEBUG	Registering shutdown blocker for GMPProvider
1466078553223	addons.manager	DEBUG	Provider finished startup: GMPProvider
1466078553223	addons.manager	DEBUG	Starting provider: PluginProvider
1466078553223	addons.manager	DEBUG	Registering shutdown blocker for PluginProvider
1466078553223	addons.manager	DEBUG	Provider finished startup: PluginProvider
1466078553223	addons.manager	DEBUG	Completed startup sequence
1466078555459	DeferredSave.extensions.json	DEBUG	Starting write
1466078555465	addons.manager	DEBUG	Starting provider: <unnamed-provider>
1466078555466	addons.manager	DEBUG	Registering shutdown blocker for <unnamed-provider>
1466078555466	addons.manager	DEBUG	Provider finished startup: <unnamed-provider>
1466078557251	addons.repository	DEBUG	No addons.json found.
1466078557251	DeferredSave.addons.json	DEBUG	Save changes
1466078557253	DeferredSave.addons.json	DEBUG	Starting timer
1466078557294	addons.manager	DEBUG	Starting provider: PreviousExperimentProvider
1466078557294	addons.manager	DEBUG	Registering shutdown blocker for PreviousExperimentProvider
1466078557294	addons.manager	DEBUG	Provider finished startup: PreviousExperimentProvider
1466078557318	DeferredSave.extensions.json	DEBUG	Write succeeded
1466078557320	addons.xpi-utils	DEBUG	XPI Database saved, setting schema version preference to 17
1466078557324	DeferredSave.addons.json	DEBUG	Starting write
1466078557357	DeferredSave.addons.json	DEBUG	Write succeeded

Build info: version: '2.48.2', revision: '41bccdd', time: '2015-10-09 19:59:12'
System info: host: 'E5530-2340', ip: '10.0.0.77', os.name: 'Windows 7', os.arch: 'amd64', os.version: '6.1', java.version: '1.8.0_91'
Driver info: driver.version: FirefoxDriver
	at org.openqa.selenium.firefox.internal.NewProfileExtensionConnection.start(NewProfileExtensionConnection.java:134)
	at org.openqa.selenium.firefox.FirefoxDriver.startClient(FirefoxDriver.java:271)
	at org.openqa.selenium.remote.RemoteWebDriver.<init>(RemoteWebDriver.java:117)
	at org.openqa.selenium.firefox.FirefoxDriver.<init>(FirefoxDriver.java:218)
	at org.openqa.selenium.firefox.FirefoxDriver.<init>(FirefoxDriver.java:211)
	at org.openqa.selenium.firefox.FirefoxDriver.<init>(FirefoxDriver.java:207)
	at org.openqa.selenium.firefox.FirefoxDriver.<init>(FirefoxDriver.java:120)
	at com.test1.util.WebDriverHelper.createDriver(WebDriverHelper.java:21)
	at com.test1.tests.TestBase.beforeMethod(TestBase.java:57)
	at sun.reflect.NativeMethodAccessorImpl.invoke0(Native Method)
	at sun.reflect.NativeMethodAccessorImpl.invoke(Unknown Source)
	at sun.reflect.DelegatingMethodAccessorImpl.invoke(Unknown Source)
	at java.lang.reflect.Method.invoke(Unknown Source)
	at org.testng.internal.MethodInvocationHelper.invokeMethod(MethodInvocationHelper.java:85)
	at org.testng.internal.Invoker.invokeConfigurationMethod(Invoker.java:510)
	at org.testng.internal.Invoker.invokeConfigurations(Invoker.java:211)
	at org.testng.internal.Invoker.invokeMethod(Invoker.java:585)
	at org.testng.internal.Invoker.invokeTestMethod(Invoker.java:821)
	at org.testng.internal.Invoker.invokeTestMethods(Invoker.java:1131)
	at org.testng.internal.TestMethodWorker.invokeTestMethods(TestMethodWorker.java:124)
	at org.testng.internal.TestMethodWorker.run(TestMethodWorker.java:108)
	at org.testng.TestRunner.privateRun(TestRunner.java:773)
	at org.testng.TestRunner.run(TestRunner.java:623)
	at org.testng.SuiteRunner.runTest(SuiteRunner.java:357)
	at org.testng.SuiteRunner.runSequentially(SuiteRunner.java:352)
	at org.testng.SuiteRunner.privateRun(SuiteRunner.java:310)
	at org.testng.SuiteRunner.run(SuiteRunner.java:259)
	at org.testng.SuiteRunnerWorker.runSuite(SuiteRunnerWorker.java:52)
	at org.testng.SuiteRunnerWorker.run(SuiteRunnerWorker.java:86)
	at org.testng.TestNG.runSuitesSequentially(TestNG.java:1185)
	at org.testng.TestNG.runSuitesLocally(TestNG.java:1110)
	at org.testng.TestNG.run(TestNG.java:1018)
	at org.testng.remote.RemoteTestNG.run(RemoteTestNG.java:111)
	at org.testng.remote.RemoteTestNG.initAndRun(RemoteTestNG.java:204)
	at org.testng.remote.RemoteTestNG.main(RemoteTestNG.java:175)
Caused by: org.openqa.selenium.firefox.NotConnectedException: Unable to connect to host 127.0.0.1 on port 7055 after 45000 ms. Firefox console output:
}","syncGUID":"t5lL6C8UTTG5","location":"app-global","version":"46.0.1","type":"theme","internalName":"classic/1.0","updateURL":null,"updateKey":null,"optionsURL":null,"optionsType":null,"aboutURL":null,"icons":{"32":"icon.png","48":"icon.png"},"iconURL":null,"icon64URL":null,"defaultLocale":{"name":"Default","description":"The default theme.","creator":"Mozilla","homepageURL":null,"contributors":["Mozilla Contributors"]},"visible":true,"active":true,"userDisabled":false,"appDisabled":false,"descriptor":"C:\\Program Files (x86)\\Mozilla Firefox\\browser\\extensions\\{972ce4c6-7e08-4474-a285-3208198ce6fd}.xpi","installDate":1463048427885,"updateDate":1463048427885,"applyBackgroundUpdates":1,"skinnable":true,"size":22012,"sourceURI":null,"releaseNotesURI":null,"softDisabled":false,"foreignInstall":false,"hasBinaryComponents":false,"strictCompatibility":true,"locales":[],"targetApplications":[{"id":"{ec8030f7-c20a-464f-9b0e-13a3a9e97384}","minVersion":"46.0.1","maxVersion":"46.0.1"}],"targetPlatforms":[],"seen":true}
1466078553188	addons.xpi	DEBUG	getModTime: Recursive scan of {972ce4c6-7e08-4474-a285-3208198ce6fd}
1466078553189	DeferredSave.extensions.json	DEBUG	Save changes
1466078553189	addons.xpi	DEBUG	Updating database with changes to installed add-ons
1466078553189	addons.xpi-utils	DEBUG	Updating add-on states
1466078553190	addons.xpi-utils	DEBUG	Writing add-ons list
1466078553193	addons.xpi	DEBUG	Registering manifest for C:\Program Files (x86)\Mozilla Firefox\browser\features\e10srollout@mozilla.org.xpi
1466078553193	addons.xpi	DEBUG	Calling bootstrap method startup on e10srollout@mozilla.org version 1.0
1466078553193	addons.xpi	DEBUG	Registering manifest for C:\Program Files (x86)\Mozilla Firefox\browser\features\firefox@getpocket.com.xpi
1466078553194	addons.xpi	DEBUG	Calling bootstrap method startup on firefox@getpocket.com version 1.0
1466078553195	addons.xpi	DEBUG	Registering manifest for C:\Program Files (x86)\Mozilla Firefox\browser\features\loop@mozilla.org.xpi
1466078553196	addons.xpi	DEBUG	Calling bootstrap method startup on loop@mozilla.org version 1.2.6
1466078553216	addons.manager	DEBUG	Registering shutdown blocker for XPIProvider
1466078553217	addons.manager	DEBUG	Provider finished startup: XPIProvider
1466078553217	addons.manager	DEBUG	Starting provider: LightweightThemeManager
1466078553217	addons.manager	DEBUG	Registering shutdown blocker for LightweightThemeManager
1466078553217	addons.manager	DEBUG	Provider finished startup: LightweightThemeManager
1466078553217	addons.manager	DEBUG	Starting provider: GMPProvider
1466078553222	addons.manager	DEBUG	Registering shutdown blocker for GMPProvider
1466078553223	addons.manager	DEBUG	Provider finished startup: GMPProvider
1466078553223	addons.manager	DEBUG	Starting provider: PluginProvider
1466078553223	addons.manager	DEBUG	Registering shutdown blocker for PluginProvider
1466078553223	addons.manager	DEBUG	Provider finished startup: PluginProvider
1466078553223	addons.manager	DEBUG	Completed startup sequence
1466078555459	DeferredSave.extensions.json	DEBUG	Starting write
1466078555465	addons.manager	DEBUG	Starting provider: <unnamed-provider>
1466078555466	addons.manager	DEBUG	Registering shutdown blocker for <unnamed-provider>
1466078555466	addons.manager	DEBUG	Provider finished startup: <unnamed-provider>
1466078557251	addons.repository	DEBUG	No addons.json found.
1466078557251	DeferredSave.addons.json	DEBUG	Save changes
1466078557253	DeferredSave.addons.json	DEBUG	Starting timer
1466078557294	addons.manager	DEBUG	Starting provider: PreviousExperimentProvider
1466078557294	addons.manager	DEBUG	Registering shutdown blocker for PreviousExperimentProvider
1466078557294	addons.manager	DEBUG	Provider finished startup: PreviousExperimentProvider
1466078557318	DeferredSave.extensions.json	DEBUG	Write succeeded
1466078557320	addons.xpi-utils	DEBUG	XPI Database saved, setting schema version preference to 17
1466078557324	DeferredSave.addons.json	DEBUG	Starting write
1466078557357	DeferredSave.addons.json	DEBUG	Write succeeded

	at org.openqa.selenium.firefox.internal.NewProfileExtensionConnection.start(NewProfileExtensionConnection.java:122)
	... 34 more
]]>
    </failure>
  </testcase> <!-- @BeforeMethod beforeMethod -->
  <testcase name="@AfterMethod afterMethod" time="0.0" classname="com.test1.tests.AddNewCaseTest">
    <skipped/>
  </testcase> <!-- @AfterMethod afterMethod -->
  <testcase name="@BeforeMethod beforeMethod" time="0.0" classname="com.test1.tests.AddNewCaseTest">
    <skipped/>
  </testcase> <!-- @BeforeMethod beforeMethod -->
  <testcase name="@AfterMethod afterMethod" time="0.0" classname="com.test1.tests.AddNewCaseTest">
    <skipped/>
  </testcase> <!-- @AfterMethod afterMethod -->
  <testcase name="@BeforeMethod beforeMethod" time="0.0" classname="com.test1.tests.AddNewCaseTest">
    <skipped/>
  </testcase> <!-- @BeforeMethod beforeMethod -->
  <testcase name="@AfterMethod afterMethod" time="0.0" classname="com.test1.tests.AddNewCaseTest">
    <skipped/>
  </testcase> <!-- @AfterMethod afterMethod -->
  <testcase name="@BeforeMethod beforeMethod" time="0.0" classname="com.test1.tests.AddNewCaseTest">
    <skipped/>
  </testcase> <!-- @BeforeMethod beforeMethod -->
  <testcase name="@AfterMethod afterMethod" time="0.0" classname="com.test1.tests.AddNewCaseTest">
    <skipped/>
  </testcase> <!-- @AfterMethod afterMethod -->
  <testcase name="@BeforeMethod beforeMethod" time="0.0" classname="com.test1.tests.AddNewCaseTest">
    <skipped/>
  </testcase> <!-- @BeforeMethod beforeMethod -->
  <testcase name="@AfterMethod afterMethod" time="0.0" classname="com.test1.tests.AddNewCaseTest">
    <skipped/>
  </testcase> <!-- @AfterMethod afterMethod -->
  <testcase name="@BeforeMethod beforeMethod" time="0.0" classname="com.test1.tests.AddNewCaseTest">
    <skipped/>
  </testcase> <!-- @BeforeMethod beforeMethod -->
  <testcase name="@AfterMethod afterMethod" time="0.0" classname="com.test1.tests.AddNewCaseTest">
    <skipped/>
  </testcase> <!-- @AfterMethod afterMethod -->
  <testcase name="@BeforeMethod beforeMethod" time="0.0" classname="com.test1.tests.AddNewCaseTest">
    <skipped/>
  </testcase> <!-- @BeforeMethod beforeMethod -->
  <testcase name="@AfterMethod afterMethod" time="0.0" classname="com.test1.tests.AddNewCaseTest">
    <skipped/>
  </testcase> <!-- @AfterMethod afterMethod -->
  <testcase name="@BeforeMethod beforeMethod" time="0.0" classname="com.test1.tests.AddNewCaseTest">
    <skipped/>
  </testcase> <!-- @BeforeMethod beforeMethod -->
  <testcase name="@AfterMethod afterMethod" time="0.0" classname="com.test1.tests.AddNewCaseTest">
    <skipped/>
  </testcase> <!-- @AfterMethod afterMethod -->
  <testcase name="testSuccessfulAddNewCase" time="0.001" classname="com.test1.tests.AddNewCaseTest">
    <skipped/>
  </testcase> <!-- testSuccessfulAddNewCase -->
  <testcase name="testSuccessfulAddNewCase" time="0.0" classname="com.test1.tests.AddNewCaseTest">
    <skipped/>
  </testcase> <!-- testSuccessfulAddNewCase -->
  <testcase name="testSuccessfulAddNewCase" time="0.0" classname="com.test1.tests.AddNewCaseTest">
    <skipped/>
  </testcase> <!-- testSuccessfulAddNewCase -->
  <testcase name="testSuccessfulAddNewCase" time="0.0" classname="com.test1.tests.AddNewCaseTest">
    <skipped/>
  </testcase> <!-- testSuccessfulAddNewCase -->
  <testcase name="testSuccessfulAddNewCase" time="0.001" classname="com.test1.tests.AddNewCaseTest">
    <skipped/>
  </testcase> <!-- testSuccessfulAddNewCase -->
  <testcase name="testSuccessfulAddNewCase" time="0.0" classname="com.test1.tests.AddNewCaseTest">
    <skipped/>
  </testcase> <!-- testSuccessfulAddNewCase -->
  <testcase name="testSuccessfulAddNewCase" time="0.001" classname="com.test1.tests.AddNewCaseTest">
    <skipped/>
  </testcase> <!-- testSuccessfulAddNewCase -->
  <testcase name="testSuccessfulAddNewCase" time="0.001" classname="com.test1.tests.AddNewCaseTest">
    <skipped/>
  </testcase> <!-- testSuccessfulAddNewCase -->
</testsuite> <!-- Default test -->
