<?xml version="1.0" encoding="UTF-8"?>
<!-- Generated by org.testng.reporters.JUnitXMLReporter -->
<testsuite hostname="E5530-2340" name="Default test" tests="2" failures="0" timestamp="24 May 2016 18:07:52 GMT" time="148.103" errors="0">
  <testcase name="testSuccessfulMonthlyAnnuityPeriodicPayAdd" time="64.843" classname="com.test1.tests.AddAnnuityPeriodicPayment"/>
  <testcase name="testSuccessfulMonthlyAnnuityPeriodicPayAdd" time="65.332" classname="com.test1.tests.AddAnnuityPeriodicPayment"/>
</testsuite> <!-- Default test -->
