<?xml version="1.0" encoding="UTF-8"?>
<!-- Generated by org.testng.reporters.JUnitXMLReporter -->
<testsuite hostname="E5530-2340" name="Default test" tests="3" failures="0" timestamp="18 May 2016 12:26:39 GMT" time="201.652" errors="0">
  <testcase name="testSuccessfulNotesAdd" time="58.17" classname="com.test1.tests.AddNotesToCase"/>
  <testcase name="testSuccessfulNotesAdd" time="57.721" classname="com.test1.tests.AddNotesToCase"/>
  <testcase name="testSuccessfulNotesAdd" time="60.487" classname="com.test1.tests.AddNotesToCase"/>
</testsuite> <!-- Default test -->
