<html>
<head>
<title>TestNG:  Ant test</title>
<link href="../testng.css" rel="stylesheet" type="text/css" />
<link href="../my-testng.css" rel="stylesheet" type="text/css" />

<style type="text/css">
.log { display: none;} 
.stack-trace { display: none;} 
</style>
<script type="text/javascript">
<!--
function flip(e) {
  current = e.style.display;
  if (current == 'block') {
    e.style.display = 'none';
    return 0;
  }
  else {
    e.style.display = 'block';
    return 1;
  }
}

function toggleBox(szDivId, elem, msg1, msg2)
{
  var res = -1;  if (document.getElementById) {
    res = flip(document.getElementById(szDivId));
  }
  else if (document.all) {
    // this is the way old msie versions work
    res = flip(document.all[szDivId]);
  }
  if(elem) {
    if(res == 0) elem.innerHTML = msg1; else elem.innerHTML = msg2;
  }

}

function toggleAllBoxes() {
  if (document.getElementsByTagName) {
    d = document.getElementsByTagName('div');
    for (i = 0; i < d.length; i++) {
      if (d[i].className == 'log') {
        flip(d[i]);
      }
    }
  }
}

// -->
</script>

</head>
<body>
<h2 align='center'>Ant test</h2><table border='1' align="center">
<tr>
<td>Tests passed/Failed/Skipped:</td><td>33/2/35</td>
</tr><tr>
<td>Started on:</td><td>Fri Jun 10 06:51:45 EDT 2016</td>
</tr>
<tr><td>Total time:</td><td>2682 seconds (2682495 ms)</td>
</tr><tr>
<td>Included groups:</td><td></td>
</tr><tr>
<td>Excluded groups:</td><td></td>
</tr>
</table><p/>
<small><i>(Hover the method name to see the test class name)</i></small><p/>
<table width='100%' border='1' class='invocation-failed'>
<tr><td colspan='4' align='center'><b>FAILED CONFIGURATIONS</b></td></tr>
<tr><td><b>Test method</b></td>
<td width="30%"><b>Exception</b></td>
<td width="10%"><b>Time (seconds)</b></td>
<td><b>Instance</b></td>
</tr>
<tr>
<td title='com.test1.tests.RTest.beforeMethod()'><b>beforeMethod</b><br>Test class: com.test1.tests.RTest</td>
<td><div><pre>org.openqa.selenium.SessionNotCreatedException: session not created exception
from disconnected: Unable to receive message from renderer
  (Session info: chrome=51.0.2704.84)
  (Driver info: chromedriver=2.20.353145 (343b531d31eeb933ec778dbcf7081628a1396067),platform=Windows NT 6.1 SP1 x86_64) (WARNING: The server did not provide any stacktrace information)
Command duration or timeout: 253.17 seconds
Build info: version: &apos;2.48.2&apos;, revision: &apos;41bccdd&apos;, time: &apos;2015-10-09 19:59:12&apos;
System info: host: &apos;E5530-2340&apos;, ip: &apos;10.0.0.178&apos;, os.name: &apos;Windows 7&apos;, os.arch: &apos;amd64&apos;, os.version: &apos;6.1&apos;, java.version: &apos;1.8.0_66&apos;
Driver info: org.openqa.selenium.chrome.ChromeDriver
	at org.openqa.selenium.remote.ErrorHandler.createThrowable(ErrorHandler.java:206)
	at org.openqa.selenium.remote.ErrorHandler.throwIfResponseFailed(ErrorHandler.java:158)
	at org.openqa.selenium.remote.RemoteWebDriver.execute(RemoteWebDriver.java:647)
	at org.openqa.selenium.remote.RemoteWebDriver.startSession(RemoteWebDriver.java:247)
	at org.openqa.selenium.remote.RemoteWebDriver.&lt;init&gt;(RemoteWebDriver.java:129)
	at org.openqa.selenium.remote.RemoteWebDriver.&lt;init&gt;(RemoteWebDriver.java:142)
	at org.openqa.selenium.chrome.ChromeDriver.&lt;init&gt;(ChromeDriver.java:170)
	at org.openqa.selenium.chrome.ChromeDriver.&lt;init&gt;(ChromeDriver.java:159)
	at org.openqa.selenium.chrome.ChromeDriver.&lt;init&gt;(ChromeDriver.java:116)
	at com.test1.util.WebDriverHelper.createDriver(WebDriverHelper.java:27)
	at com.test1.tests.TestBase.beforeMethod(TestBase.java:60)
... Removed 28 stack frames</pre></div><a href='#' onClick='toggleBox("stack-trace1895054149", this, "Click to show all stack frames", "Click to hide stack frames")'>Click to show all stack frames</a>
<div class='stack-trace' id='stack-trace1895054149'><pre>org.openqa.selenium.SessionNotCreatedException: session not created exception
from disconnected: Unable to receive message from renderer
  (Session info: chrome=51.0.2704.84)
  (Driver info: chromedriver=2.20.353145 (343b531d31eeb933ec778dbcf7081628a1396067),platform=Windows NT 6.1 SP1 x86_64) (WARNING: The server did not provide any stacktrace information)
Command duration or timeout: 253.17 seconds
Build info: version: &apos;2.48.2&apos;, revision: &apos;41bccdd&apos;, time: &apos;2015-10-09 19:59:12&apos;
System info: host: &apos;E5530-2340&apos;, ip: &apos;10.0.0.178&apos;, os.name: &apos;Windows 7&apos;, os.arch: &apos;amd64&apos;, os.version: &apos;6.1&apos;, java.version: &apos;1.8.0_66&apos;
Driver info: org.openqa.selenium.chrome.ChromeDriver
	at sun.reflect.NativeConstructorAccessorImpl.newInstance0(Native Method)
	at sun.reflect.NativeConstructorAccessorImpl.newInstance(NativeConstructorAccessorImpl.java:62)
	at sun.reflect.DelegatingConstructorAccessorImpl.newInstance(DelegatingConstructorAccessorImpl.java:45)
	at java.lang.reflect.Constructor.newInstance(Constructor.java:422)
	at org.openqa.selenium.remote.ErrorHandler.createThrowable(ErrorHandler.java:206)
	at org.openqa.selenium.remote.ErrorHandler.throwIfResponseFailed(ErrorHandler.java:158)
	at org.openqa.selenium.remote.RemoteWebDriver.execute(RemoteWebDriver.java:647)
	at org.openqa.selenium.remote.RemoteWebDriver.startSession(RemoteWebDriver.java:247)
	at org.openqa.selenium.remote.RemoteWebDriver.&lt;init&gt;(RemoteWebDriver.java:129)
	at org.openqa.selenium.remote.RemoteWebDriver.&lt;init&gt;(RemoteWebDriver.java:142)
	at org.openqa.selenium.chrome.ChromeDriver.&lt;init&gt;(ChromeDriver.java:170)
	at org.openqa.selenium.chrome.ChromeDriver.&lt;init&gt;(ChromeDriver.java:159)
	at org.openqa.selenium.chrome.ChromeDriver.&lt;init&gt;(ChromeDriver.java:116)
	at com.test1.util.WebDriverHelper.createDriver(WebDriverHelper.java:27)
	at com.test1.tests.TestBase.beforeMethod(TestBase.java:60)
	at sun.reflect.GeneratedMethodAccessor4.invoke(Unknown Source)
	at sun.reflect.DelegatingMethodAccessorImpl.invoke(DelegatingMethodAccessorImpl.java:43)
	at java.lang.reflect.Method.invoke(Method.java:497)
	at org.testng.internal.MethodInvocationHelper.invokeMethod(MethodInvocationHelper.java:85)
	at org.testng.internal.Invoker.invokeConfigurationMethod(Invoker.java:510)
	at org.testng.internal.Invoker.invokeConfigurations(Invoker.java:211)
	at org.testng.internal.Invoker.invokeMethod(Invoker.java:585)
	at org.testng.internal.Invoker.invokeTestMethod(Invoker.java:821)
	at org.testng.internal.Invoker.invokeTestMethods(Invoker.java:1131)
	at org.testng.internal.TestMethodWorker.invokeTestMethods(TestMethodWorker.java:124)
	at org.testng.internal.TestMethodWorker.run(TestMethodWorker.java:108)
	at org.testng.TestRunner.privateRun(TestRunner.java:773)
	at org.testng.TestRunner.run(TestRunner.java:623)
	at org.testng.SuiteRunner.runTest(SuiteRunner.java:357)
	at org.testng.SuiteRunner.runSequentially(SuiteRunner.java:352)
	at org.testng.SuiteRunner.privateRun(SuiteRunner.java:310)
	at org.testng.SuiteRunner.run(SuiteRunner.java:259)
	at org.testng.SuiteRunnerWorker.runSuite(SuiteRunnerWorker.java:52)
	at org.testng.SuiteRunnerWorker.run(SuiteRunnerWorker.java:86)
	at org.testng.TestNG.runSuitesSequentially(TestNG.java:1185)
	at org.testng.TestNG.runSuitesLocally(TestNG.java:1110)
	at org.testng.TestNG.run(TestNG.java:1018)
	at org.testng.TestNG.privateMain(TestNG.java:1325)
	at org.testng.TestNG.main(TestNG.java:1294)
</pre></div></td>
<td>0</td>
<td>com.test1.tests.RTest@7d4793a8</td></tr>
</table><p>
<table width='100%' border='1' class='invocation-skipped'>
<tr><td colspan='4' align='center'><b>SKIPPED CONFIGURATIONS</b></td></tr>
<tr><td><b>Test method</b></td>
<td width="30%"><b>Exception</b></td>
<td width="10%"><b>Time (seconds)</b></td>
<td><b>Instance</b></td>
</tr>
<tr>
<td title='com.test1.tests.RTest.beforeMethod()'><b>beforeMethod</b><br>Test class: com.test1.tests.RTest</td>
<td></td>
<td>0</td>
<td>com.test1.tests.RTest@7d4793a8</td></tr>
<tr>
<td title='com.test1.tests.RTest.beforeMethod()'><b>beforeMethod</b><br>Test class: com.test1.tests.RTest</td>
<td></td>
<td>0</td>
<td>com.test1.tests.RTest@7d4793a8</td></tr>
<tr>
<td title='com.test1.tests.RTest.beforeMethod()'><b>beforeMethod</b><br>Test class: com.test1.tests.RTest</td>
<td></td>
<td>0</td>
<td>com.test1.tests.RTest@7d4793a8</td></tr>
<tr>
<td title='com.test1.tests.RTest.beforeMethod()'><b>beforeMethod</b><br>Test class: com.test1.tests.RTest</td>
<td></td>
<td>0</td>
<td>com.test1.tests.RTest@7d4793a8</td></tr>
<tr>
<td title='com.test1.tests.RTest.beforeMethod()'><b>beforeMethod</b><br>Test class: com.test1.tests.RTest</td>
<td></td>
<td>0</td>
<td>com.test1.tests.RTest@7d4793a8</td></tr>
<tr>
<td title='com.test1.tests.RTest.beforeMethod()'><b>beforeMethod</b><br>Test class: com.test1.tests.RTest</td>
<td></td>
<td>0</td>
<td>com.test1.tests.RTest@7d4793a8</td></tr>
<tr>
<td title='com.test1.tests.RTest.beforeMethod()'><b>beforeMethod</b><br>Test class: com.test1.tests.RTest</td>
<td></td>
<td>0</td>
<td>com.test1.tests.RTest@7d4793a8</td></tr>
<tr>
<td title='com.test1.tests.RTest.beforeMethod()'><b>beforeMethod</b><br>Test class: com.test1.tests.RTest</td>
<td></td>
<td>0</td>
<td>com.test1.tests.RTest@7d4793a8</td></tr>
<tr>
<td title='com.test1.tests.RTest.beforeMethod()'><b>beforeMethod</b><br>Test class: com.test1.tests.RTest</td>
<td></td>
<td>0</td>
<td>com.test1.tests.RTest@7d4793a8</td></tr>
<tr>
<td title='com.test1.tests.RTest.beforeMethod()'><b>beforeMethod</b><br>Test class: com.test1.tests.RTest</td>
<td></td>
<td>0</td>
<td>com.test1.tests.RTest@7d4793a8</td></tr>
<tr>
<td title='com.test1.tests.RTest.beforeMethod()'><b>beforeMethod</b><br>Test class: com.test1.tests.RTest</td>
<td></td>
<td>0</td>
<td>com.test1.tests.RTest@7d4793a8</td></tr>
<tr>
<td title='com.test1.tests.RTest.beforeMethod()'><b>beforeMethod</b><br>Test class: com.test1.tests.RTest</td>
<td></td>
<td>0</td>
<td>com.test1.tests.RTest@7d4793a8</td></tr>
<tr>
<td title='com.test1.tests.RTest.beforeMethod()'><b>beforeMethod</b><br>Test class: com.test1.tests.RTest</td>
<td></td>
<td>0</td>
<td>com.test1.tests.RTest@7d4793a8</td></tr>
<tr>
<td title='com.test1.tests.RTest.beforeMethod()'><b>beforeMethod</b><br>Test class: com.test1.tests.RTest</td>
<td></td>
<td>0</td>
<td>com.test1.tests.RTest@7d4793a8</td></tr>
<tr>
<td title='com.test1.tests.RTest.beforeMethod()'><b>beforeMethod</b><br>Test class: com.test1.tests.RTest</td>
<td></td>
<td>0</td>
<td>com.test1.tests.RTest@7d4793a8</td></tr>
<tr>
<td title='com.test1.tests.RTest.beforeMethod()'><b>beforeMethod</b><br>Test class: com.test1.tests.RTest</td>
<td></td>
<td>0</td>
<td>com.test1.tests.RTest@7d4793a8</td></tr>
<tr>
<td title='com.test1.tests.RTest.beforeMethod()'><b>beforeMethod</b><br>Test class: com.test1.tests.RTest</td>
<td></td>
<td>0</td>
<td>com.test1.tests.RTest@7d4793a8</td></tr>
<tr>
<td title='com.test1.tests.RTest.beforeMethod()'><b>beforeMethod</b><br>Test class: com.test1.tests.RTest</td>
<td></td>
<td>0</td>
<td>com.test1.tests.RTest@7d4793a8</td></tr>
<tr>
<td title='com.test1.tests.RTest.beforeMethod()'><b>beforeMethod</b><br>Test class: com.test1.tests.RTest</td>
<td></td>
<td>0</td>
<td>com.test1.tests.RTest@7d4793a8</td></tr>
<tr>
<td title='com.test1.tests.RTest.beforeMethod()'><b>beforeMethod</b><br>Test class: com.test1.tests.RTest</td>
<td></td>
<td>0</td>
<td>com.test1.tests.RTest@7d4793a8</td></tr>
<tr>
<td title='com.test1.tests.RTest.beforeMethod()'><b>beforeMethod</b><br>Test class: com.test1.tests.RTest</td>
<td></td>
<td>0</td>
<td>com.test1.tests.RTest@7d4793a8</td></tr>
<tr>
<td title='com.test1.tests.RTest.beforeMethod()'><b>beforeMethod</b><br>Test class: com.test1.tests.RTest</td>
<td></td>
<td>0</td>
<td>com.test1.tests.RTest@7d4793a8</td></tr>
<tr>
<td title='com.test1.tests.RTest.beforeMethod()'><b>beforeMethod</b><br>Test class: com.test1.tests.RTest</td>
<td></td>
<td>0</td>
<td>com.test1.tests.RTest@7d4793a8</td></tr>
<tr>
<td title='com.test1.tests.RTest.beforeMethod()'><b>beforeMethod</b><br>Test class: com.test1.tests.RTest</td>
<td></td>
<td>0</td>
<td>com.test1.tests.RTest@7d4793a8</td></tr>
<tr>
<td title='com.test1.tests.RTest.beforeMethod()'><b>beforeMethod</b><br>Test class: com.test1.tests.RTest</td>
<td></td>
<td>0</td>
<td>com.test1.tests.RTest@7d4793a8</td></tr>
<tr>
<td title='com.test1.tests.RTest.beforeMethod()'><b>beforeMethod</b><br>Test class: com.test1.tests.RTest</td>
<td></td>
<td>0</td>
<td>com.test1.tests.RTest@7d4793a8</td></tr>
<tr>
<td title='com.test1.tests.RTest.beforeMethod()'><b>beforeMethod</b><br>Test class: com.test1.tests.RTest</td>
<td></td>
<td>0</td>
<td>com.test1.tests.RTest@7d4793a8</td></tr>
<tr>
<td title='com.test1.tests.RTest.beforeMethod()'><b>beforeMethod</b><br>Test class: com.test1.tests.RTest</td>
<td></td>
<td>0</td>
<td>com.test1.tests.RTest@7d4793a8</td></tr>
<tr>
<td title='com.test1.tests.RTest.beforeMethod()'><b>beforeMethod</b><br>Test class: com.test1.tests.RTest</td>
<td></td>
<td>0</td>
<td>com.test1.tests.RTest@7d4793a8</td></tr>
<tr>
<td title='com.test1.tests.RTest.beforeMethod()'><b>beforeMethod</b><br>Test class: com.test1.tests.RTest</td>
<td></td>
<td>0</td>
<td>com.test1.tests.RTest@7d4793a8</td></tr>
<tr>
<td title='com.test1.tests.RTest.beforeMethod()'><b>beforeMethod</b><br>Test class: com.test1.tests.RTest</td>
<td></td>
<td>0</td>
<td>com.test1.tests.RTest@7d4793a8</td></tr>
<tr>
<td title='com.test1.tests.RTest.beforeMethod()'><b>beforeMethod</b><br>Test class: com.test1.tests.RTest</td>
<td></td>
<td>0</td>
<td>com.test1.tests.RTest@7d4793a8</td></tr>
<tr>
<td title='com.test1.tests.RTest.beforeMethod()'><b>beforeMethod</b><br>Test class: com.test1.tests.RTest</td>
<td></td>
<td>0</td>
<td>com.test1.tests.RTest@7d4793a8</td></tr>
<tr>
<td title='com.test1.tests.RTest.beforeMethod()'><b>beforeMethod</b><br>Test class: com.test1.tests.RTest</td>
<td></td>
<td>0</td>
<td>com.test1.tests.RTest@7d4793a8</td></tr>
<tr>
<td title='com.test1.tests.RTest.afterMethod()'><b>afterMethod</b><br>Test class: com.test1.tests.RTest</td>
<td></td>
<td>0</td>
<td>com.test1.tests.RTest@7d4793a8</td></tr>
<tr>
<td title='com.test1.tests.RTest.afterMethod()'><b>afterMethod</b><br>Test class: com.test1.tests.RTest</td>
<td></td>
<td>0</td>
<td>com.test1.tests.RTest@7d4793a8</td></tr>
<tr>
<td title='com.test1.tests.RTest.afterMethod()'><b>afterMethod</b><br>Test class: com.test1.tests.RTest</td>
<td></td>
<td>0</td>
<td>com.test1.tests.RTest@7d4793a8</td></tr>
<tr>
<td title='com.test1.tests.RTest.afterMethod()'><b>afterMethod</b><br>Test class: com.test1.tests.RTest</td>
<td></td>
<td>0</td>
<td>com.test1.tests.RTest@7d4793a8</td></tr>
<tr>
<td title='com.test1.tests.RTest.afterMethod()'><b>afterMethod</b><br>Test class: com.test1.tests.RTest</td>
<td></td>
<td>0</td>
<td>com.test1.tests.RTest@7d4793a8</td></tr>
<tr>
<td title='com.test1.tests.RTest.afterMethod()'><b>afterMethod</b><br>Test class: com.test1.tests.RTest</td>
<td></td>
<td>0</td>
<td>com.test1.tests.RTest@7d4793a8</td></tr>
<tr>
<td title='com.test1.tests.RTest.afterMethod()'><b>afterMethod</b><br>Test class: com.test1.tests.RTest</td>
<td></td>
<td>0</td>
<td>com.test1.tests.RTest@7d4793a8</td></tr>
<tr>
<td title='com.test1.tests.RTest.afterMethod()'><b>afterMethod</b><br>Test class: com.test1.tests.RTest</td>
<td></td>
<td>0</td>
<td>com.test1.tests.RTest@7d4793a8</td></tr>
<tr>
<td title='com.test1.tests.RTest.afterMethod()'><b>afterMethod</b><br>Test class: com.test1.tests.RTest</td>
<td></td>
<td>0</td>
<td>com.test1.tests.RTest@7d4793a8</td></tr>
<tr>
<td title='com.test1.tests.RTest.afterMethod()'><b>afterMethod</b><br>Test class: com.test1.tests.RTest</td>
<td></td>
<td>0</td>
<td>com.test1.tests.RTest@7d4793a8</td></tr>
<tr>
<td title='com.test1.tests.RTest.afterMethod()'><b>afterMethod</b><br>Test class: com.test1.tests.RTest</td>
<td></td>
<td>0</td>
<td>com.test1.tests.RTest@7d4793a8</td></tr>
<tr>
<td title='com.test1.tests.RTest.afterMethod()'><b>afterMethod</b><br>Test class: com.test1.tests.RTest</td>
<td></td>
<td>0</td>
<td>com.test1.tests.RTest@7d4793a8</td></tr>
<tr>
<td title='com.test1.tests.RTest.afterMethod()'><b>afterMethod</b><br>Test class: com.test1.tests.RTest</td>
<td></td>
<td>0</td>
<td>com.test1.tests.RTest@7d4793a8</td></tr>
<tr>
<td title='com.test1.tests.RTest.afterMethod()'><b>afterMethod</b><br>Test class: com.test1.tests.RTest</td>
<td></td>
<td>0</td>
<td>com.test1.tests.RTest@7d4793a8</td></tr>
<tr>
<td title='com.test1.tests.RTest.afterMethod()'><b>afterMethod</b><br>Test class: com.test1.tests.RTest</td>
<td></td>
<td>0</td>
<td>com.test1.tests.RTest@7d4793a8</td></tr>
<tr>
<td title='com.test1.tests.RTest.afterMethod()'><b>afterMethod</b><br>Test class: com.test1.tests.RTest</td>
<td></td>
<td>0</td>
<td>com.test1.tests.RTest@7d4793a8</td></tr>
<tr>
<td title='com.test1.tests.RTest.afterMethod()'><b>afterMethod</b><br>Test class: com.test1.tests.RTest</td>
<td></td>
<td>0</td>
<td>com.test1.tests.RTest@7d4793a8</td></tr>
<tr>
<td title='com.test1.tests.RTest.afterMethod()'><b>afterMethod</b><br>Test class: com.test1.tests.RTest</td>
<td></td>
<td>0</td>
<td>com.test1.tests.RTest@7d4793a8</td></tr>
<tr>
<td title='com.test1.tests.RTest.afterMethod()'><b>afterMethod</b><br>Test class: com.test1.tests.RTest</td>
<td></td>
<td>0</td>
<td>com.test1.tests.RTest@7d4793a8</td></tr>
<tr>
<td title='com.test1.tests.RTest.afterMethod()'><b>afterMethod</b><br>Test class: com.test1.tests.RTest</td>
<td></td>
<td>0</td>
<td>com.test1.tests.RTest@7d4793a8</td></tr>
<tr>
<td title='com.test1.tests.RTest.afterMethod()'><b>afterMethod</b><br>Test class: com.test1.tests.RTest</td>
<td></td>
<td>0</td>
<td>com.test1.tests.RTest@7d4793a8</td></tr>
<tr>
<td title='com.test1.tests.RTest.afterMethod()'><b>afterMethod</b><br>Test class: com.test1.tests.RTest</td>
<td></td>
<td>0</td>
<td>com.test1.tests.RTest@7d4793a8</td></tr>
<tr>
<td title='com.test1.tests.RTest.afterMethod()'><b>afterMethod</b><br>Test class: com.test1.tests.RTest</td>
<td></td>
<td>0</td>
<td>com.test1.tests.RTest@7d4793a8</td></tr>
<tr>
<td title='com.test1.tests.RTest.afterMethod()'><b>afterMethod</b><br>Test class: com.test1.tests.RTest</td>
<td></td>
<td>0</td>
<td>com.test1.tests.RTest@7d4793a8</td></tr>
<tr>
<td title='com.test1.tests.RTest.afterMethod()'><b>afterMethod</b><br>Test class: com.test1.tests.RTest</td>
<td></td>
<td>0</td>
<td>com.test1.tests.RTest@7d4793a8</td></tr>
<tr>
<td title='com.test1.tests.RTest.afterMethod()'><b>afterMethod</b><br>Test class: com.test1.tests.RTest</td>
<td></td>
<td>0</td>
<td>com.test1.tests.RTest@7d4793a8</td></tr>
<tr>
<td title='com.test1.tests.RTest.afterMethod()'><b>afterMethod</b><br>Test class: com.test1.tests.RTest</td>
<td></td>
<td>0</td>
<td>com.test1.tests.RTest@7d4793a8</td></tr>
<tr>
<td title='com.test1.tests.RTest.afterMethod()'><b>afterMethod</b><br>Test class: com.test1.tests.RTest</td>
<td></td>
<td>0</td>
<td>com.test1.tests.RTest@7d4793a8</td></tr>
<tr>
<td title='com.test1.tests.RTest.afterMethod()'><b>afterMethod</b><br>Test class: com.test1.tests.RTest</td>
<td></td>
<td>0</td>
<td>com.test1.tests.RTest@7d4793a8</td></tr>
<tr>
<td title='com.test1.tests.RTest.afterMethod()'><b>afterMethod</b><br>Test class: com.test1.tests.RTest</td>
<td></td>
<td>0</td>
<td>com.test1.tests.RTest@7d4793a8</td></tr>
<tr>
<td title='com.test1.tests.RTest.afterMethod()'><b>afterMethod</b><br>Test class: com.test1.tests.RTest</td>
<td></td>
<td>0</td>
<td>com.test1.tests.RTest@7d4793a8</td></tr>
<tr>
<td title='com.test1.tests.RTest.afterMethod()'><b>afterMethod</b><br>Test class: com.test1.tests.RTest</td>
<td></td>
<td>0</td>
<td>com.test1.tests.RTest@7d4793a8</td></tr>
<tr>
<td title='com.test1.tests.RTest.afterMethod()'><b>afterMethod</b><br>Test class: com.test1.tests.RTest</td>
<td></td>
<td>0</td>
<td>com.test1.tests.RTest@7d4793a8</td></tr>
<tr>
<td title='com.test1.tests.RTest.afterMethod()'><b>afterMethod</b><br>Test class: com.test1.tests.RTest</td>
<td></td>
<td>0</td>
<td>com.test1.tests.RTest@7d4793a8</td></tr>
<tr>
<td title='com.test1.tests.RTest.afterMethod()'><b>afterMethod</b><br>Test class: com.test1.tests.RTest</td>
<td></td>
<td>0</td>
<td>com.test1.tests.RTest@7d4793a8</td></tr>
</table><p>
<table width='100%' border='1' class='invocation-failed'>
<tr><td colspan='4' align='center'><b>FAILED TESTS</b></td></tr>
<tr><td><b>Test method</b></td>
<td width="30%"><b>Exception</b></td>
<td width="10%"><b>Time (seconds)</b></td>
<td><b>Instance</b></td>
</tr>
<tr>
<td title='com.test1.tests.RTest.testSuccessfulAddNewPriorDealCase()'><b>testSuccessfulAddNewPriorDealCase</b><br>Test class: com.test1.tests.RTest<br>Parameters: CE9A, Kyoichi, Sudo</td>
<td><div><pre>org.openqa.selenium.ElementNotVisibleException: element not visible
  (Session info: chrome=51.0.2704.84)
  (Driver info: chromedriver=2.20.353145 (343b531d31eeb933ec778dbcf7081628a1396067),platform=Windows NT 6.1 SP1 x86_64) (WARNING: The server did not provide any stacktrace information)
Command duration or timeout: 62 milliseconds
Build info: version: &apos;2.48.2&apos;, revision: &apos;41bccdd&apos;, time: &apos;2015-10-09 19:59:12&apos;
System info: host: &apos;E5530-2340&apos;, ip: &apos;10.0.0.178&apos;, os.name: &apos;Windows 7&apos;, os.arch: &apos;amd64&apos;, os.version: &apos;6.1&apos;, java.version: &apos;1.8.0_66&apos;
Driver info: org.openqa.selenium.chrome.ChromeDriver
Capabilities [{applicationCacheEnabled=false, rotatable=false, mobileEmulationEnabled=false, chrome={userDataDir=C:\Users\jslee\AppData\Local\Temp\scoped_dir5836_25778}, takesHeapSnapshot=true, databaseEnabled=false, handlesAlerts=true, hasTouchScreen=false, version=51.0.2704.84, platform=XP, browserConnectionEnabled=false, nativeEvents=true, acceptSslCerts=true, locationContextEnabled=true, webStorageEnabled=true, browserName=chrome, takesScreenshot=true, javascriptEnabled=true, cssSelectorsEnabled=true}]
Session ID: 22c9d484ae0b9bd4c541bcaab3bb70bb
	at org.openqa.selenium.remote.ErrorHandler.createThrowable(ErrorHandler.java:206)
	at org.openqa.selenium.remote.ErrorHandler.throwIfResponseFailed(ErrorHandler.java:158)
	at org.openqa.selenium.remote.RemoteWebDriver.execute(RemoteWebDriver.java:647)
	at org.openqa.selenium.remote.RemoteWebElement.execute(RemoteWebElement.java:326)
	at org.openqa.selenium.remote.RemoteWebElement.click(RemoteWebElement.java:84)
	at com.test1.pages.PageBase.ClickResearchCasesLink(PageBase.java:35)
	at com.test1.tests.RTest.testSuccessfulAddNewPriorDealCase(RTest.java:56)
... Removed 27 stack frames</pre></div><a href='#' onClick='toggleBox("stack-trace2116511124", this, "Click to show all stack frames", "Click to hide stack frames")'>Click to show all stack frames</a>
<div class='stack-trace' id='stack-trace2116511124'><pre>org.openqa.selenium.ElementNotVisibleException: element not visible
  (Session info: chrome=51.0.2704.84)
  (Driver info: chromedriver=2.20.353145 (343b531d31eeb933ec778dbcf7081628a1396067),platform=Windows NT 6.1 SP1 x86_64) (WARNING: The server did not provide any stacktrace information)
Command duration or timeout: 62 milliseconds
Build info: version: &apos;2.48.2&apos;, revision: &apos;41bccdd&apos;, time: &apos;2015-10-09 19:59:12&apos;
System info: host: &apos;E5530-2340&apos;, ip: &apos;10.0.0.178&apos;, os.name: &apos;Windows 7&apos;, os.arch: &apos;amd64&apos;, os.version: &apos;6.1&apos;, java.version: &apos;1.8.0_66&apos;
Driver info: org.openqa.selenium.chrome.ChromeDriver
Capabilities [{applicationCacheEnabled=false, rotatable=false, mobileEmulationEnabled=false, chrome={userDataDir=C:\Users\jslee\AppData\Local\Temp\scoped_dir5836_25778}, takesHeapSnapshot=true, databaseEnabled=false, handlesAlerts=true, hasTouchScreen=false, version=51.0.2704.84, platform=XP, browserConnectionEnabled=false, nativeEvents=true, acceptSslCerts=true, locationContextEnabled=true, webStorageEnabled=true, browserName=chrome, takesScreenshot=true, javascriptEnabled=true, cssSelectorsEnabled=true}]
Session ID: 22c9d484ae0b9bd4c541bcaab3bb70bb
	at sun.reflect.NativeConstructorAccessorImpl.newInstance0(Native Method)
	at sun.reflect.NativeConstructorAccessorImpl.newInstance(NativeConstructorAccessorImpl.java:62)
	at sun.reflect.DelegatingConstructorAccessorImpl.newInstance(DelegatingConstructorAccessorImpl.java:45)
	at java.lang.reflect.Constructor.newInstance(Constructor.java:422)
	at org.openqa.selenium.remote.ErrorHandler.createThrowable(ErrorHandler.java:206)
	at org.openqa.selenium.remote.ErrorHandler.throwIfResponseFailed(ErrorHandler.java:158)
	at org.openqa.selenium.remote.RemoteWebDriver.execute(RemoteWebDriver.java:647)
	at org.openqa.selenium.remote.RemoteWebElement.execute(RemoteWebElement.java:326)
	at org.openqa.selenium.remote.RemoteWebElement.click(RemoteWebElement.java:84)
	at com.test1.pages.PageBase.ClickResearchCasesLink(PageBase.java:35)
	at com.test1.tests.RTest.testSuccessfulAddNewPriorDealCase(RTest.java:56)
	at sun.reflect.NativeMethodAccessorImpl.invoke0(Native Method)
	at sun.reflect.NativeMethodAccessorImpl.invoke(NativeMethodAccessorImpl.java:62)
	at sun.reflect.DelegatingMethodAccessorImpl.invoke(DelegatingMethodAccessorImpl.java:43)
	at java.lang.reflect.Method.invoke(Method.java:497)
	at org.testng.internal.MethodInvocationHelper.invokeMethod(MethodInvocationHelper.java:85)
	at org.testng.internal.Invoker.invokeMethod(Invoker.java:639)
	at org.testng.internal.Invoker.invokeTestMethod(Invoker.java:821)
	at org.testng.internal.Invoker.invokeTestMethods(Invoker.java:1131)
	at org.testng.internal.TestMethodWorker.invokeTestMethods(TestMethodWorker.java:124)
	at org.testng.internal.TestMethodWorker.run(TestMethodWorker.java:108)
	at org.testng.TestRunner.privateRun(TestRunner.java:773)
	at org.testng.TestRunner.run(TestRunner.java:623)
	at org.testng.SuiteRunner.runTest(SuiteRunner.java:357)
	at org.testng.SuiteRunner.runSequentially(SuiteRunner.java:352)
	at org.testng.SuiteRunner.privateRun(SuiteRunner.java:310)
	at org.testng.SuiteRunner.run(SuiteRunner.java:259)
	at org.testng.SuiteRunnerWorker.runSuite(SuiteRunnerWorker.java:52)
	at org.testng.SuiteRunnerWorker.run(SuiteRunnerWorker.java:86)
	at org.testng.TestNG.runSuitesSequentially(TestNG.java:1185)
	at org.testng.TestNG.runSuitesLocally(TestNG.java:1110)
	at org.testng.TestNG.run(TestNG.java:1018)
	at org.testng.TestNG.privateMain(TestNG.java:1325)
	at org.testng.TestNG.main(TestNG.java:1294)
</pre></div></td>
<td>4</td>
<td>com.test1.tests.RTest@7d4793a8</td></tr>
<tr>
<td title='com.test1.tests.RTest.testSuccessfulCaseSummaryInfo()'><b>testSuccessfulCaseSummaryInfo</b><br>Test class: com.test1.tests.RTest<br>Parameters: CE9A, FL, Miami-Dade County, From now, until the day you die, every Marine is your brother!, New, 11.0, 19.0, 2016, Kyoichi, Sudo</td>
<td><div><pre>org.openqa.selenium.NoSuchElementException: no such element: Unable to locate element: {&quot;method&quot;:&quot;xpath&quot;,&quot;selector&quot;:&quot;tbody/tr[contains(.,&apos;CE9A&apos;)]&quot;}
  (Session info: chrome=51.0.2704.84)
  (Driver info: chromedriver=2.20.353145 (343b531d31eeb933ec778dbcf7081628a1396067),platform=Windows NT 6.1 SP1 x86_64) (WARNING: The server did not provide any stacktrace information)
Command duration or timeout: 14.04 seconds
For documentation on this error, please visit: http://seleniumhq.org/exceptions/no_such_element.html
Build info: version: &apos;2.48.2&apos;, revision: &apos;41bccdd&apos;, time: &apos;2015-10-09 19:59:12&apos;
System info: host: &apos;E5530-2340&apos;, ip: &apos;10.0.0.178&apos;, os.name: &apos;Windows 7&apos;, os.arch: &apos;amd64&apos;, os.version: &apos;6.1&apos;, java.version: &apos;1.8.0_66&apos;
Driver info: org.openqa.selenium.chrome.ChromeDriver
Capabilities [{applicationCacheEnabled=false, rotatable=false, mobileEmulationEnabled=false, chrome={userDataDir=C:\Users\jslee\AppData\Local\Temp\scoped_dir1552_30361}, takesHeapSnapshot=true, databaseEnabled=false, handlesAlerts=true, hasTouchScreen=false, version=51.0.2704.84, platform=XP, browserConnectionEnabled=false, nativeEvents=true, acceptSslCerts=true, locationContextEnabled=true, webStorageEnabled=true, browserName=chrome, takesScreenshot=true, javascriptEnabled=true, cssSelectorsEnabled=true}]
Session ID: 1bd2da0ae5a7b4c2c84717b796732fbd
*** Element info: {Using=xpath, value=tbody/tr[contains(.,&apos;CE9A&apos;)]}
	at org.openqa.selenium.remote.ErrorHandler.createThrowable(ErrorHandler.java:206)
	at org.openqa.selenium.remote.ErrorHandler.throwIfResponseFailed(ErrorHandler.java:158)
	at org.openqa.selenium.remote.RemoteWebDriver.execute(RemoteWebDriver.java:647)
	at org.openqa.selenium.remote.RemoteWebElement.execute(RemoteWebElement.java:326)
	at org.openqa.selenium.remote.RemoteWebElement.findElement(RemoteWebElement.java:197)
	at org.openqa.selenium.remote.RemoteWebElement.findElementByXPath(RemoteWebElement.java:294)
	at org.openqa.selenium.By$ByXPath.findElement(By.java:361)
	at org.openqa.selenium.remote.RemoteWebElement.findElement(RemoteWebElement.java:193)
	at com.test1.pages.WebTable.getRowElement(WebTable.java:116)
	at com.test1.pages.DefaultLandingPage.clickCaseNumbertLink(DefaultLandingPage.java:498)
	at com.test1.tests.RTest.testSuccessfulCaseSummaryInfo(RTest.java:79)
... Removed 27 stack frames</pre></div><a href='#' onClick='toggleBox("stack-trace1598898814", this, "Click to show all stack frames", "Click to hide stack frames")'>Click to show all stack frames</a>
<div class='stack-trace' id='stack-trace1598898814'><pre>org.openqa.selenium.NoSuchElementException: no such element: Unable to locate element: {&quot;method&quot;:&quot;xpath&quot;,&quot;selector&quot;:&quot;tbody/tr[contains(.,&apos;CE9A&apos;)]&quot;}
  (Session info: chrome=51.0.2704.84)
  (Driver info: chromedriver=2.20.353145 (343b531d31eeb933ec778dbcf7081628a1396067),platform=Windows NT 6.1 SP1 x86_64) (WARNING: The server did not provide any stacktrace information)
Command duration or timeout: 14.04 seconds
For documentation on this error, please visit: http://seleniumhq.org/exceptions/no_such_element.html
Build info: version: &apos;2.48.2&apos;, revision: &apos;41bccdd&apos;, time: &apos;2015-10-09 19:59:12&apos;
System info: host: &apos;E5530-2340&apos;, ip: &apos;10.0.0.178&apos;, os.name: &apos;Windows 7&apos;, os.arch: &apos;amd64&apos;, os.version: &apos;6.1&apos;, java.version: &apos;1.8.0_66&apos;
Driver info: org.openqa.selenium.chrome.ChromeDriver
Capabilities [{applicationCacheEnabled=false, rotatable=false, mobileEmulationEnabled=false, chrome={userDataDir=C:\Users\jslee\AppData\Local\Temp\scoped_dir1552_30361}, takesHeapSnapshot=true, databaseEnabled=false, handlesAlerts=true, hasTouchScreen=false, version=51.0.2704.84, platform=XP, browserConnectionEnabled=false, nativeEvents=true, acceptSslCerts=true, locationContextEnabled=true, webStorageEnabled=true, browserName=chrome, takesScreenshot=true, javascriptEnabled=true, cssSelectorsEnabled=true}]
Session ID: 1bd2da0ae5a7b4c2c84717b796732fbd
*** Element info: {Using=xpath, value=tbody/tr[contains(.,&apos;CE9A&apos;)]}
	at sun.reflect.NativeConstructorAccessorImpl.newInstance0(Native Method)
	at sun.reflect.NativeConstructorAccessorImpl.newInstance(NativeConstructorAccessorImpl.java:62)
	at sun.reflect.DelegatingConstructorAccessorImpl.newInstance(DelegatingConstructorAccessorImpl.java:45)
	at java.lang.reflect.Constructor.newInstance(Constructor.java:422)
	at org.openqa.selenium.remote.ErrorHandler.createThrowable(ErrorHandler.java:206)
	at org.openqa.selenium.remote.ErrorHandler.throwIfResponseFailed(ErrorHandler.java:158)
	at org.openqa.selenium.remote.RemoteWebDriver.execute(RemoteWebDriver.java:647)
	at org.openqa.selenium.remote.RemoteWebElement.execute(RemoteWebElement.java:326)
	at org.openqa.selenium.remote.RemoteWebElement.findElement(RemoteWebElement.java:197)
	at org.openqa.selenium.remote.RemoteWebElement.findElementByXPath(RemoteWebElement.java:294)
	at org.openqa.selenium.By$ByXPath.findElement(By.java:361)
	at org.openqa.selenium.remote.RemoteWebElement.findElement(RemoteWebElement.java:193)
	at com.test1.pages.WebTable.getRowElement(WebTable.java:116)
	at com.test1.pages.DefaultLandingPage.clickCaseNumbertLink(DefaultLandingPage.java:498)
	at com.test1.tests.RTest.testSuccessfulCaseSummaryInfo(RTest.java:79)
	at sun.reflect.NativeMethodAccessorImpl.invoke0(Native Method)
	at sun.reflect.NativeMethodAccessorImpl.invoke(NativeMethodAccessorImpl.java:62)
	at sun.reflect.DelegatingMethodAccessorImpl.invoke(DelegatingMethodAccessorImpl.java:43)
	at java.lang.reflect.Method.invoke(Method.java:497)
	at org.testng.internal.MethodInvocationHelper.invokeMethod(MethodInvocationHelper.java:85)
	at org.testng.internal.Invoker.invokeMethod(Invoker.java:639)
	at org.testng.internal.Invoker.invokeTestMethod(Invoker.java:821)
	at org.testng.internal.Invoker.invokeTestMethods(Invoker.java:1131)
	at org.testng.internal.TestMethodWorker.invokeTestMethods(TestMethodWorker.java:124)
	at org.testng.internal.TestMethodWorker.run(TestMethodWorker.java:108)
	at org.testng.TestRunner.privateRun(TestRunner.java:773)
	at org.testng.TestRunner.run(TestRunner.java:623)
	at org.testng.SuiteRunner.runTest(SuiteRunner.java:357)
	at org.testng.SuiteRunner.runSequentially(SuiteRunner.java:352)
	at org.testng.SuiteRunner.privateRun(SuiteRunner.java:310)
	at org.testng.SuiteRunner.run(SuiteRunner.java:259)
	at org.testng.SuiteRunnerWorker.runSuite(SuiteRunnerWorker.java:52)
	at org.testng.SuiteRunnerWorker.run(SuiteRunnerWorker.java:86)
	at org.testng.TestNG.runSuitesSequentially(TestNG.java:1185)
	at org.testng.TestNG.runSuitesLocally(TestNG.java:1110)
	at org.testng.TestNG.run(TestNG.java:1018)
	at org.testng.TestNG.privateMain(TestNG.java:1325)
	at org.testng.TestNG.main(TestNG.java:1294)
</pre></div></td>
<td>23</td>
<td>com.test1.tests.RTest@7d4793a8</td></tr>
</table><p>
<table width='100%' border='1' class='invocation-passed'>
<tr><td colspan='4' align='center'><b>PASSED TESTS</b></td></tr>
<tr><td><b>Test method</b></td>
<td width="30%"><b>Exception</b></td>
<td width="10%"><b>Time (seconds)</b></td>
<td><b>Instance</b></td>
</tr>
<tr>
<td title='com.test1.tests.RTest.testSuccessfulAddNewCase()'><b>testSuccessfulAddNewCase</b><br>Test class: com.test1.tests.RTest<br>Parameters: GTO11, Eikichi, Onizuka</td>
<td></td>
<td>39</td>
<td>com.test1.tests.RTest@7d4793a8</td></tr>
<tr>
<td title='com.test1.tests.RTest.testSuccessfulAddNewCase()'><b>testSuccessfulAddNewCase</b><br>Test class: com.test1.tests.RTest<br>Parameters: GTO12, Urummi, Kanzaki</td>
<td></td>
<td>40</td>
<td>com.test1.tests.RTest@7d4793a8</td></tr>
<tr>
<td title='com.test1.tests.RTest.testSuccessfulAddNewCase()'><b>testSuccessfulAddNewCase</b><br>Test class: com.test1.tests.RTest<br>Parameters: GTO13, Miyabi, Aizawa</td>
<td></td>
<td>38</td>
<td>com.test1.tests.RTest@7d4793a8</td></tr>
<tr>
<td title='com.test1.tests.RTest.testSuccessfulAddNewCase()'><b>testSuccessfulAddNewCase</b><br>Test class: com.test1.tests.RTest<br>Parameters: GTO14, Azusa, Fuyutsuki</td>
<td></td>
<td>38</td>
<td>com.test1.tests.RTest@7d4793a8</td></tr>
<tr>
<td title='com.test1.tests.RTest.testSuccessfulAddNewCase()'><b>testSuccessfulAddNewCase</b><br>Test class: com.test1.tests.RTest<br>Parameters: GTO15, Anko, Uehara</td>
<td></td>
<td>39</td>
<td>com.test1.tests.RTest@7d4793a8</td></tr>
<tr>
<td title='com.test1.tests.RTest.testSuccessfulAddNewCase()'><b>testSuccessfulAddNewCase</b><br>Test class: com.test1.tests.RTest<br>Parameters: GTO16, Ryuji, Danma</td>
<td></td>
<td>38</td>
<td>com.test1.tests.RTest@7d4793a8</td></tr>
<tr>
<td title='com.test1.tests.RTest.testSuccessfulAddNewCase()'><b>testSuccessfulAddNewCase</b><br>Test class: com.test1.tests.RTest<br>Parameters: GTO17, Noboru, Yoshikawa</td>
<td></td>
<td>40</td>
<td>com.test1.tests.RTest@7d4793a8</td></tr>
<tr>
<td title='com.test1.tests.RTest.testSuccessfulAddNewCase()'><b>testSuccessfulAddNewCase</b><br>Test class: com.test1.tests.RTest<br>Parameters: GTO18, Nanako, Mizuki</td>
<td></td>
<td>38</td>
<td>com.test1.tests.RTest@7d4793a8</td></tr>
<tr>
<td title='com.test1.tests.RTest.testSuccessfulAddNewPriorDealCase()'><b>testSuccessfulAddNewPriorDealCase</b><br>Test class: com.test1.tests.RTest<br>Parameters: Trueno86, Takumi, Fujiwara</td>
<td></td>
<td>41</td>
<td>com.test1.tests.RTest@7d4793a8</td></tr>
<tr>
<td title='com.test1.tests.RTest.testSuccessfulAddNewPriorDealCase()'><b>testSuccessfulAddNewPriorDealCase</b><br>Test class: com.test1.tests.RTest<br>Parameters: SUBWRX, Bunta, Fujiwara</td>
<td></td>
<td>41</td>
<td>com.test1.tests.RTest@7d4793a8</td></tr>
<tr>
<td title='com.test1.tests.RTest.testSuccessfulAddNewPriorDealCase()'><b>testSuccessfulAddNewPriorDealCase</b><br>Test class: com.test1.tests.RTest<br>Parameters: SILKS13, Koichiro, Iketani</td>
<td></td>
<td>40</td>
<td>com.test1.tests.RTest@7d4793a8</td></tr>
<tr>
<td title='com.test1.tests.RTest.testSuccessfulAddNewPriorDealCase()'><b>testSuccessfulAddNewPriorDealCase</b><br>Test class: com.test1.tests.RTest<br>Parameters: AE85, Itsuki, Takeuchi</td>
<td></td>
<td>42</td>
<td>com.test1.tests.RTest@7d4793a8</td></tr>
<tr>
<td title='com.test1.tests.RTest.testSuccessfulAddNewPriorDealCase()'><b>testSuccessfulAddNewPriorDealCase</b><br>Test class: com.test1.tests.RTest<br>Parameters: RPS13, Kenji, Kenji</td>
<td></td>
<td>40</td>
<td>com.test1.tests.RTest@7d4793a8</td></tr>
<tr>
<td title='com.test1.tests.RTest.testSuccessfulAddNewPriorDealCase()'><b>testSuccessfulAddNewPriorDealCase</b><br>Test class: com.test1.tests.RTest<br>Parameters: CN9A, Seiji, Iwaki</td>
<td></td>
<td>42</td>
<td>com.test1.tests.RTest@7d4793a8</td></tr>
<tr>
<td title='com.test1.tests.RTest.testSuccessfulAddNewPriorDealCase()'><b>testSuccessfulAddNewPriorDealCase</b><br>Test class: com.test1.tests.RTest<br>Parameters: EK9, Daiki, Ninomiya</td>
<td></td>
<td>40</td>
<td>com.test1.tests.RTest@7d4793a8</td></tr>
<tr>
<td title='com.test1.tests.RTest.testSuccessfulCaseSummaryInfo()'><b>testSuccessfulCaseSummaryInfo</b><br>Test class: com.test1.tests.RTest<br>Parameters: GTO11, HI, Maui, quit smoking, Ready, 04, 26.0, 2016, Eikichi, Onizuka</td>
<td></td>
<td>66</td>
<td>com.test1.tests.RTest@7d4793a8</td></tr>
<tr>
<td title='com.test1.tests.RTest.testSuccessfulCaseSummaryInfo()'><b>testSuccessfulCaseSummaryInfo</b><br>Test class: com.test1.tests.RTest<br>Parameters: GTO12, IL, Cook County, Be cool, New, 04, 25.0, 2016, Urummi, Kanzaki</td>
<td></td>
<td>65</td>
<td>com.test1.tests.RTest@7d4793a8</td></tr>
<tr>
<td title='com.test1.tests.RTest.testSuccessfulCaseSummaryInfo()'><b>testSuccessfulCaseSummaryInfo</b><br>Test class: com.test1.tests.RTest<br>Parameters: GTO13, CA, Santa Cruz County, Whats the 5th general order, Do Not Research, 04, 09, 1970, Miyabi, Aizawa</td>
<td></td>
<td>71</td>
<td>com.test1.tests.RTest@7d4793a8</td></tr>
<tr>
<td title='com.test1.tests.RTest.testSuccessfulCaseSummaryInfo()'><b>testSuccessfulCaseSummaryInfo</b><br>Test class: com.test1.tests.RTest<br>Parameters: GTO14, IL, Cook County, get on your face and give me 25, Ready, 05, 20, 2017, Azusa, Fuyutsuki</td>
<td></td>
<td>63</td>
<td>com.test1.tests.RTest@7d4793a8</td></tr>
<tr>
<td title='com.test1.tests.RTest.testSuccessfulCaseSummaryInfo()'><b>testSuccessfulCaseSummaryInfo</b><br>Test class: com.test1.tests.RTest<br>Parameters: GTO15, ID, Bear Lake County, How many counts are in that action you've executed?, Do Not Research, 10, 31, 2018, Anko, Uehara</td>
<td></td>
<td>70</td>
<td>com.test1.tests.RTest@7d4793a8</td></tr>
<tr>
<td title='com.test1.tests.RTest.testSuccessfulCaseSummaryInfo()'><b>testSuccessfulCaseSummaryInfo</b><br>Test class: com.test1.tests.RTest<br>Parameters: GTO16, TN, Coffee County, Whats the 4th general order?, Ready, 05, 06, 2016, Ryuji, Danma</td>
<td></td>
<td>64</td>
<td>com.test1.tests.RTest@7d4793a8</td></tr>
<tr>
<td title='com.test1.tests.RTest.testSuccessfulCaseSummaryInfo()'><b>testSuccessfulCaseSummaryInfo</b><br>Test class: com.test1.tests.RTest<br>Parameters: Trueno86, CO, Adams County, Private Pyle , New, 03, 12, 2015, Takumi, Fujiwara</td>
<td></td>
<td>70</td>
<td>com.test1.tests.RTest@7d4793a8</td></tr>
<tr>
<td title='com.test1.tests.RTest.testSuccessfulCaseSummaryInfo()'><b>testSuccessfulCaseSummaryInfo</b><br>Test class: com.test1.tests.RTest<br>Parameters: SUBWRX, GA, Gwinnett County, Private Joker, I admire your honesty. Hell, I like you., Ready, 10.0, 24, 1988, Bunta, Fujiwara</td>
<td></td>
<td>74</td>
<td>com.test1.tests.RTest@7d4793a8</td></tr>
<tr>
<td title='com.test1.tests.RTest.testSuccessfulCaseSummaryInfo()'><b>testSuccessfulCaseSummaryInfo</b><br>Test class: com.test1.tests.RTest<br>Parameters: SILKS13, CA, San Diego County, You will learn by the numbers! I will teach you! Now get up!, New, 04, 25, 2016, Koichiro, Iketani</td>
<td></td>
<td>66</td>
<td>com.test1.tests.RTest@7d4793a8</td></tr>
<tr>
<td title='com.test1.tests.RTest.testSuccessfulCaseSummaryInfo()'><b>testSuccessfulCaseSummaryInfo</b><br>Test class: com.test1.tests.RTest<br>Parameters: AE85, GA, Gwinnett County, Today, you people are no longer pukes. Today, you are Marines!, Ready, 03, 11.0, 2016, Itsuki, Takeuchi</td>
<td></td>
<td>68</td>
<td>com.test1.tests.RTest@7d4793a8</td></tr>
<tr>
<td title='com.test1.tests.RTest.testSuccessfulCaseSummaryInfo()'><b>testSuccessfulCaseSummaryInfo</b><br>Test class: com.test1.tests.RTest<br>Parameters: RPS13, CA, San Diego County, adding instructions 3, Ready, 12.0, 14.0, 2016, Kenji, Kenji</td>
<td></td>
<td>75</td>
<td>com.test1.tests.RTest@7d4793a8</td></tr>
<tr>
<td title='com.test1.tests.RTest.testSuccessfulCreateNewClaimant()'><b>testSuccessfulCreateNewClaimant</b><br>Test class: com.test1.tests.RTest<br>Parameters: GTO11, HI, Maui, Eikichi, Onizuka, 111-11-1111, Male, Single, 07, 04, 1987</td>
<td></td>
<td>92</td>
<td>com.test1.tests.RTest@7d4793a8</td></tr>
<tr>
<td title='com.test1.tests.RTest.testSuccessfulCreateNewClaimant()'><b>testSuccessfulCreateNewClaimant</b><br>Test class: com.test1.tests.RTest<br>Parameters: GTO12, IL, Cook County, Urummi, Kanzaki, 111-22-3344, Male, Married, 09, 12, 1988</td>
<td></td>
<td>95</td>
<td>com.test1.tests.RTest@7d4793a8</td></tr>
<tr>
<td title='com.test1.tests.RTest.testSuccessfulCreateNewClaimant()'><b>testSuccessfulCreateNewClaimant</b><br>Test class: com.test1.tests.RTest<br>Parameters: GTO13, CA, Santa Cruz County, Miyabi, Aizawa, 555-55-5555, Male, Single, 06, 16, 1990</td>
<td></td>
<td>90</td>
<td>com.test1.tests.RTest@7d4793a8</td></tr>
<tr>
<td title='com.test1.tests.RTest.testSuccessfulCreateNewClaimant()'><b>testSuccessfulCreateNewClaimant</b><br>Test class: com.test1.tests.RTest<br>Parameters: GTO14, IL, Cook County, Azusa, Fuyutsuki, 111-11-6666, Male, Married, 03, 18, 1960</td>
<td></td>
<td>99</td>
<td>com.test1.tests.RTest@7d4793a8</td></tr>
<tr>
<td title='com.test1.tests.RTest.testSuccessfulCreateNewClaimant()'><b>testSuccessfulCreateNewClaimant</b><br>Test class: com.test1.tests.RTest<br>Parameters: Trueno86, CO, Adams County, Takumi, Fujiwara, 123-45-7777, Female, Single, 04, 12, 1985</td>
<td></td>
<td>94</td>
<td>com.test1.tests.RTest@7d4793a8</td></tr>
<tr>
<td title='com.test1.tests.RTest.testSuccessfulCreateNewClaimant()'><b>testSuccessfulCreateNewClaimant</b><br>Test class: com.test1.tests.RTest<br>Parameters: SUBWRX, GA, Gwinnett County, Bunta, Fujiwara, 666-77-8888, Male, Single, 10, 15, 1970</td>
<td></td>
<td>101</td>
<td>com.test1.tests.RTest@7d4793a8</td></tr>
<tr>
<td title='com.test1.tests.RTest.testSuccessfulCreateNewClaimant()'><b>testSuccessfulCreateNewClaimant</b><br>Test class: com.test1.tests.RTest<br>Parameters: SILKS13, CA, San Diego County, Koichiro, Iketani, 321-54-9876, Male, Single, 07, 12, 1955</td>
<td></td>
<td>96</td>
<td>com.test1.tests.RTest@7d4793a8</td></tr>
</table><p>
<table width='100%' border='1' class='invocation-skipped'>
<tr><td colspan='4' align='center'><b>SKIPPED TESTS</b></td></tr>
<tr><td><b>Test method</b></td>
<td width="30%"><b>Exception</b></td>
<td width="10%"><b>Time (seconds)</b></td>
<td><b>Instance</b></td>
</tr>
<tr>
<td title='com.test1.tests.RTest.testSuccessfulCreateNewClaimant()'><b>testSuccessfulCreateNewClaimant</b><br>Test class: com.test1.tests.RTest<br>Parameters: AE85, GA, Gwinnett County, Itsuki, Takeuchi, 123-45-6789, Male, Married, 11, 23, 1965</td>
<td></td>
<td>0</td>
<td>com.test1.tests.RTest@7d4793a8</td></tr>
<tr>
<td title='com.test1.tests.RTest.testSuccessfulDocAttachment()'><b>testSuccessfulDocAttachment</b><br>Test class: com.test1.tests.RTest<br>Parameters: GTO14, attachment1, AC, godHand4.PNG</td>
<td></td>
<td>0</td>
<td>com.test1.tests.RTest@7d4793a8</td></tr>
<tr>
<td title='com.test1.tests.RTest.testSuccessfulDocAttachment()'><b>testSuccessfulDocAttachment</b><br>Test class: com.test1.tests.RTest<br>Parameters: GTO14, abcd2, BL, toshiya3.jpg</td>
<td></td>
<td>0</td>
<td>com.test1.tests.RTest@7d4793a8</td></tr>
<tr>
<td title='com.test1.tests.RTest.testSuccessfulDocAttachment()'><b>testSuccessfulDocAttachment</b><br>Test class: com.test1.tests.RTest<br>Parameters: GTO14, zzz3, Exhibit, Kiar3.jpg</td>
<td></td>
<td>0</td>
<td>com.test1.tests.RTest@7d4793a8</td></tr>
<tr>
<td title='com.test1.tests.RTest.testSuccessfulDocAttachment()'><b>testSuccessfulDocAttachment</b><br>Test class: com.test1.tests.RTest<br>Parameters: GTO14, RRRRR, SA, Kiar4.jpg</td>
<td></td>
<td>0</td>
<td>com.test1.tests.RTest@7d4793a8</td></tr>
<tr>
<td title='com.test1.tests.RTest.testSuccessfulDocAttachment()'><b>testSuccessfulDocAttachment</b><br>Test class: com.test1.tests.RTest<br>Parameters: GTO15, aaa4, Petition, GodHand2.jpg</td>
<td></td>
<td>0</td>
<td>com.test1.tests.RTest@7d4793a8</td></tr>
<tr>
<td title='com.test1.tests.RTest.testSuccessfulDocAttachment()'><b>testSuccessfulDocAttachment</b><br>Test class: com.test1.tests.RTest<br>Parameters: GTO15, bbb5, PO, Bai1.jpg</td>
<td></td>
<td>0</td>
<td>com.test1.tests.RTest@7d4793a8</td></tr>
<tr>
<td title='com.test1.tests.RTest.testSuccessfulDocAttachment()'><b>testSuccessfulDocAttachment</b><br>Test class: com.test1.tests.RTest<br>Parameters: GTO15, CCCC, SA, Bai1.jpg</td>
<td></td>
<td>0</td>
<td>com.test1.tests.RTest@7d4793a8</td></tr>
<tr>
<td title='com.test1.tests.RTest.testSuccessfulDocAttachment()'><b>testSuccessfulDocAttachment</b><br>Test class: com.test1.tests.RTest<br>Parameters: GTO15, attachment1, AC, attachment1.PNG</td>
<td></td>
<td>0</td>
<td>com.test1.tests.RTest@7d4793a8</td></tr>
<tr>
<td title='com.test1.tests.RTest.testSuccessfulDocAttachment()'><b>testSuccessfulDocAttachment</b><br>Test class: com.test1.tests.RTest<br>Parameters: GTO15, abcd2, BL, Bai2.jpg</td>
<td></td>
<td>0</td>
<td>com.test1.tests.RTest@7d4793a8</td></tr>
<tr>
<td title='com.test1.tests.RTest.testSuccessfulDocAttachment()'><b>testSuccessfulDocAttachment</b><br>Test class: com.test1.tests.RTest<br>Parameters: GTO15, DDDD, Exhibit, attach3.PNG</td>
<td></td>
<td>0</td>
<td>com.test1.tests.RTest@7d4793a8</td></tr>
<tr>
<td title='com.test1.tests.RTest.testSuccessfulDocAttachment()'><b>testSuccessfulDocAttachment</b><br>Test class: com.test1.tests.RTest<br>Parameters: GTO14, BBBB, Petition, Kiar3.jpg</td>
<td></td>
<td>0</td>
<td>com.test1.tests.RTest@7d4793a8</td></tr>
<tr>
<td title='com.test1.tests.RTest.testSuccessfulDocAttachment()'><b>testSuccessfulDocAttachment</b><br>Test class: com.test1.tests.RTest<br>Parameters: GTO14, AAAA, PO, attachment5.PNG</td>
<td></td>
<td>0</td>
<td>com.test1.tests.RTest@7d4793a8</td></tr>
<tr>
<td title='com.test1.tests.RTest.testSuccessfulLumpsumPayAddLC()'><b>testSuccessfulLumpsumPayAddLC</b><br>Test class: com.test1.tests.RTest<br>Parameters: GTO11, 20, 09, 2016, 100000</td>
<td></td>
<td>0</td>
<td>com.test1.tests.RTest@7d4793a8</td></tr>
<tr>
<td title='com.test1.tests.RTest.testSuccessfulLumpsumPayAddLC()'><b>testSuccessfulLumpsumPayAddLC</b><br>Test class: com.test1.tests.RTest<br>Parameters: GTO12, 11, 07, 2016, 12000</td>
<td></td>
<td>0</td>
<td>com.test1.tests.RTest@7d4793a8</td></tr>
<tr>
<td title='com.test1.tests.RTest.testSuccessfulLumpsumPayAddLC()'><b>testSuccessfulLumpsumPayAddLC</b><br>Test class: com.test1.tests.RTest<br>Parameters: GTO13, 15, 10, 2016, 250</td>
<td></td>
<td>0</td>
<td>com.test1.tests.RTest@7d4793a8</td></tr>
<tr>
<td title='com.test1.tests.RTest.testSuccessfulLumpsumPayAddLC()'><b>testSuccessfulLumpsumPayAddLC</b><br>Test class: com.test1.tests.RTest<br>Parameters: GTO14, 20, 05, 2016, 100</td>
<td></td>
<td>0</td>
<td>com.test1.tests.RTest@7d4793a8</td></tr>
<tr>
<td title='com.test1.tests.RTest.testSuccessfulLumpsumPayAddLC()'><b>testSuccessfulLumpsumPayAddLC</b><br>Test class: com.test1.tests.RTest<br>Parameters: Trueno86, 25, 03, 2016, 5</td>
<td></td>
<td>0</td>
<td>com.test1.tests.RTest@7d4793a8</td></tr>
<tr>
<td title='com.test1.tests.RTest.testSuccessfulLumpsumPayAddLC()'><b>testSuccessfulLumpsumPayAddLC</b><br>Test class: com.test1.tests.RTest<br>Parameters: SUBWRX, 26, 06, 2017, 1</td>
<td></td>
<td>0</td>
<td>com.test1.tests.RTest@7d4793a8</td></tr>
<tr>
<td title='com.test1.tests.RTest.testSuccessfulLumpsumPayAddLC()'><b>testSuccessfulLumpsumPayAddLC</b><br>Test class: com.test1.tests.RTest<br>Parameters: SILKS13, 12, 07, 2018, 25</td>
<td></td>
<td>0</td>
<td>com.test1.tests.RTest@7d4793a8</td></tr>
<tr>
<td title='com.test1.tests.RTest.testSuccessfulLumpsumPayAddLC()'><b>testSuccessfulLumpsumPayAddLC</b><br>Test class: com.test1.tests.RTest<br>Parameters: AE85, 02, 09, 2017, 250000</td>
<td></td>
<td>0</td>
<td>com.test1.tests.RTest@7d4793a8</td></tr>
<tr>
<td title='com.test1.tests.RTest.testSuccessfulLumpsumPayAddLC()'><b>testSuccessfulLumpsumPayAddLC</b><br>Test class: com.test1.tests.RTest<br>Parameters: GTO18, 01, 11, 2016, 80000</td>
<td></td>
<td>0</td>
<td>com.test1.tests.RTest@7d4793a8</td></tr>
<tr>
<td title='com.test1.tests.RTest.testSuccessfulMonthlyPurchasePeriodicPayAdd()'><b>testSuccessfulMonthlyPurchasePeriodicPayAdd</b><br>Test class: com.test1.tests.RTest<br>Parameters: Trueno86, 01, 07, 2016, 120000, 8.0, Monthly</td>
<td></td>
<td>0</td>
<td>com.test1.tests.RTest@7d4793a8</td></tr>
<tr>
<td title='com.test1.tests.RTest.testSuccessfulMonthlyPurchasePeriodicPayAdd()'><b>testSuccessfulMonthlyPurchasePeriodicPayAdd</b><br>Test class: com.test1.tests.RTest<br>Parameters: SUBWRX, 05, 08, 2016, 75000, 11.0, Monthly</td>
<td></td>
<td>0</td>
<td>com.test1.tests.RTest@7d4793a8</td></tr>
<tr>
<td title='com.test1.tests.RTest.testSuccessfulNotesAdd()'><b>testSuccessfulNotesAdd</b><br>Test class: com.test1.tests.RTest<br>Parameters: GTO11, Eikichi</td>
<td></td>
<td>0</td>
<td>com.test1.tests.RTest@7d4793a8</td></tr>
<tr>
<td title='com.test1.tests.RTest.testSuccessfulNotesAdd()'><b>testSuccessfulNotesAdd</b><br>Test class: com.test1.tests.RTest<br>Parameters: GTO12, Urummi</td>
<td></td>
<td>0</td>
<td>com.test1.tests.RTest@7d4793a8</td></tr>
<tr>
<td title='com.test1.tests.RTest.testSuccessfulNotesAdd()'><b>testSuccessfulNotesAdd</b><br>Test class: com.test1.tests.RTest<br>Parameters: GTO13, ABCD!@#$</td>
<td></td>
<td>0</td>
<td>com.test1.tests.RTest@7d4793a8</td></tr>
<tr>
<td title='com.test1.tests.RTest.testSuccessfulNotesAdd()'><b>testSuccessfulNotesAdd</b><br>Test class: com.test1.tests.RTest<br>Parameters: GTO14, Today, you people are no longer maggots. Today, you are Marines. You're part of a brotherhood.</td>
<td></td>
<td>0</td>
<td>com.test1.tests.RTest@7d4793a8</td></tr>
<tr>
<td title='com.test1.tests.RTest.testSuccessfulNotesAdd()'><b>testSuccessfulNotesAdd</b><br>Test class: com.test1.tests.RTest<br>Parameters: AE85, LLLLL:::::!!!!!! 1234567</td>
<td></td>
<td>0</td>
<td>com.test1.tests.RTest@7d4793a8</td></tr>
<tr>
<td title='com.test1.tests.RTest.testSuccessfulNotesAdd()'><b>testSuccessfulNotesAdd</b><br>Test class: com.test1.tests.RTest<br>Parameters: RPS13, &&&&&777777777777777777777</td>
<td></td>
<td>0</td>
<td>com.test1.tests.RTest@7d4793a8</td></tr>
<tr>
<td title='com.test1.tests.RTest.testSuccessfulPurchaseLumpsumPayAdd()'><b>testSuccessfulPurchaseLumpsumPayAdd</b><br>Test class: com.test1.tests.RTest<br>Parameters: GTO15, 15, 10, 2016, 250</td>
<td></td>
<td>0</td>
<td>com.test1.tests.RTest@7d4793a8</td></tr>
<tr>
<td title='com.test1.tests.RTest.testSuccessfulPurchaseLumpsumPayAdd()'><b>testSuccessfulPurchaseLumpsumPayAdd</b><br>Test class: com.test1.tests.RTest<br>Parameters: GTO16, 20, 05, 2016, 100</td>
<td></td>
<td>0</td>
<td>com.test1.tests.RTest@7d4793a8</td></tr>
<tr>
<td title='com.test1.tests.RTest.testSuccessfulPurchaseLumpsumPayAdd()'><b>testSuccessfulPurchaseLumpsumPayAdd</b><br>Test class: com.test1.tests.RTest<br>Parameters: GTO17, 25, 03, 2016, 5</td>
<td></td>
<td>0</td>
<td>com.test1.tests.RTest@7d4793a8</td></tr>
<tr>
<td title='com.test1.tests.RTest.testSuccessfulPurchaseLumpsumPayAdd()'><b>testSuccessfulPurchaseLumpsumPayAdd</b><br>Test class: com.test1.tests.RTest<br>Parameters: GTO18, 26, 06, 2017, 1</td>
<td></td>
<td>0</td>
<td>com.test1.tests.RTest@7d4793a8</td></tr>
<tr>
<td title='com.test1.tests.RTest.testSuccessfulPurchaseLumpsumPayAdd()'><b>testSuccessfulPurchaseLumpsumPayAdd</b><br>Test class: com.test1.tests.RTest<br>Parameters: EK9, 12, 07, 2018, 25</td>
<td></td>
<td>0</td>
<td>com.test1.tests.RTest@7d4793a8</td></tr>
</table><p>
</body>
</html>