<?xml version="1.0" encoding="UTF-8"?>
<testng-results skipped="0" failed="0" total="12" passed="12">
  <reporter-output>
  </reporter-output>
  <suite name="Default suite" duration-ms="730620" started-at="2016-06-10T11:40:04Z" finished-at="2016-06-10T11:52:15Z">
    <groups>
    </groups>
    <test name="Default test" duration-ms="730620" started-at="2016-06-10T11:40:04Z" finished-at="2016-06-10T11:52:15Z">
      <class name="com.test1.tests.AttachDocumentToCase">
        <test-method status="PASS" signature="beforSuite()[pri:0, instance:com.test1.tests.AttachDocumentToCase@71e7a66b]" name="beforSuite" is-config="true" duration-ms="11" started-at="2016-06-10T07:40:04Z" finished-at="2016-06-10T07:40:04Z">
          <reporter-output>
          </reporter-output>
        </test-method> <!-- beforSuite -->
        <test-method status="PASS" signature="beforeMethod()[pri:0, instance:com.test1.tests.AttachDocumentToCase@71e7a66b]" name="beforeMethod" is-config="true" duration-ms="13041" started-at="2016-06-10T07:40:05Z" finished-at="2016-06-10T07:40:19Z">
          <reporter-output>
          </reporter-output>
        </test-method> <!-- beforeMethod -->
        <test-method status="PASS" signature="testSuccessfulDocAttachment(java.lang.String, java.lang.String, java.lang.String, java.lang.String)[pri:0, instance:com.test1.tests.AttachDocumentToCase@71e7a66b]" name="testSuccessfulDocAttachment" duration-ms="48481" started-at="2016-06-10T07:40:19Z" data-provider="dataProvider" finished-at="2016-06-10T07:41:07Z">
          <params>
            <param index="0">
              <value>
                <![CDATA[GTO14]]>
              </value>
            </param>
            <param index="1">
              <value>
                <![CDATA[attachment1]]>
              </value>
            </param>
            <param index="2">
              <value>
                <![CDATA[AC]]>
              </value>
            </param>
            <param index="3">
              <value>
                <![CDATA[godHand4.PNG]]>
              </value>
            </param>
          </params>
          <reporter-output>
          </reporter-output>
        </test-method> <!-- testSuccessfulDocAttachment -->
        <test-method status="PASS" signature="afterMethod()[pri:0, instance:com.test1.tests.AttachDocumentToCase@71e7a66b]" name="afterMethod" is-config="true" duration-ms="1569" started-at="2016-06-10T07:41:07Z" finished-at="2016-06-10T07:41:09Z">
          <reporter-output>
          </reporter-output>
        </test-method> <!-- afterMethod -->
        <test-method status="PASS" signature="beforeMethod()[pri:0, instance:com.test1.tests.AttachDocumentToCase@71e7a66b]" name="beforeMethod" is-config="true" duration-ms="9888" started-at="2016-06-10T07:41:09Z" finished-at="2016-06-10T07:41:18Z">
          <reporter-output>
          </reporter-output>
        </test-method> <!-- beforeMethod -->
        <test-method status="PASS" signature="testSuccessfulDocAttachment(java.lang.String, java.lang.String, java.lang.String, java.lang.String)[pri:0, instance:com.test1.tests.AttachDocumentToCase@71e7a66b]" name="testSuccessfulDocAttachment" duration-ms="48125" started-at="2016-06-10T07:41:18Z" data-provider="dataProvider" finished-at="2016-06-10T07:42:07Z">
          <params>
            <param index="0">
              <value>
                <![CDATA[GTO14]]>
              </value>
            </param>
            <param index="1">
              <value>
                <![CDATA[abcd2]]>
              </value>
            </param>
            <param index="2">
              <value>
                <![CDATA[BL]]>
              </value>
            </param>
            <param index="3">
              <value>
                <![CDATA[toshiya3.jpg]]>
              </value>
            </param>
          </params>
          <reporter-output>
          </reporter-output>
        </test-method> <!-- testSuccessfulDocAttachment -->
        <test-method status="PASS" signature="afterMethod()[pri:0, instance:com.test1.tests.AttachDocumentToCase@71e7a66b]" name="afterMethod" is-config="true" duration-ms="1419" started-at="2016-06-10T07:42:07Z" finished-at="2016-06-10T07:42:08Z">
          <reporter-output>
          </reporter-output>
        </test-method> <!-- afterMethod -->
        <test-method status="PASS" signature="beforeMethod()[pri:0, instance:com.test1.tests.AttachDocumentToCase@71e7a66b]" name="beforeMethod" is-config="true" duration-ms="13453" started-at="2016-06-10T07:42:08Z" finished-at="2016-06-10T07:42:21Z">
          <reporter-output>
          </reporter-output>
        </test-method> <!-- beforeMethod -->
        <test-method status="PASS" signature="testSuccessfulDocAttachment(java.lang.String, java.lang.String, java.lang.String, java.lang.String)[pri:0, instance:com.test1.tests.AttachDocumentToCase@71e7a66b]" name="testSuccessfulDocAttachment" duration-ms="48222" started-at="2016-06-10T07:42:21Z" data-provider="dataProvider" finished-at="2016-06-10T07:43:10Z">
          <params>
            <param index="0">
              <value>
                <![CDATA[GTO14]]>
              </value>
            </param>
            <param index="1">
              <value>
                <![CDATA[zzz3]]>
              </value>
            </param>
            <param index="2">
              <value>
                <![CDATA[Exhibit]]>
              </value>
            </param>
            <param index="3">
              <value>
                <![CDATA[Kiar3.jpg]]>
              </value>
            </param>
          </params>
          <reporter-output>
          </reporter-output>
        </test-method> <!-- testSuccessfulDocAttachment -->
        <test-method status="PASS" signature="afterMethod()[pri:0, instance:com.test1.tests.AttachDocumentToCase@71e7a66b]" name="afterMethod" is-config="true" duration-ms="1467" started-at="2016-06-10T07:43:10Z" finished-at="2016-06-10T07:43:11Z">
          <reporter-output>
          </reporter-output>
        </test-method> <!-- afterMethod -->
        <test-method status="PASS" signature="beforeMethod()[pri:0, instance:com.test1.tests.AttachDocumentToCase@71e7a66b]" name="beforeMethod" is-config="true" duration-ms="13253" started-at="2016-06-10T07:43:11Z" finished-at="2016-06-10T07:43:24Z">
          <reporter-output>
          </reporter-output>
        </test-method> <!-- beforeMethod -->
        <test-method status="PASS" signature="testSuccessfulDocAttachment(java.lang.String, java.lang.String, java.lang.String, java.lang.String)[pri:0, instance:com.test1.tests.AttachDocumentToCase@71e7a66b]" name="testSuccessfulDocAttachment" duration-ms="48140" started-at="2016-06-10T07:43:24Z" data-provider="dataProvider" finished-at="2016-06-10T07:44:13Z">
          <params>
            <param index="0">
              <value>
                <![CDATA[GTO14]]>
              </value>
            </param>
            <param index="1">
              <value>
                <![CDATA[RRRRR]]>
              </value>
            </param>
            <param index="2">
              <value>
                <![CDATA[SA]]>
              </value>
            </param>
            <param index="3">
              <value>
                <![CDATA[Kiar4.jpg]]>
              </value>
            </param>
          </params>
          <reporter-output>
          </reporter-output>
        </test-method> <!-- testSuccessfulDocAttachment -->
        <test-method status="PASS" signature="afterMethod()[pri:0, instance:com.test1.tests.AttachDocumentToCase@71e7a66b]" name="afterMethod" is-config="true" duration-ms="1471" started-at="2016-06-10T07:44:13Z" finished-at="2016-06-10T07:44:14Z">
          <reporter-output>
          </reporter-output>
        </test-method> <!-- afterMethod -->
        <test-method status="PASS" signature="beforeMethod()[pri:0, instance:com.test1.tests.AttachDocumentToCase@71e7a66b]" name="beforeMethod" is-config="true" duration-ms="8586" started-at="2016-06-10T07:44:14Z" finished-at="2016-06-10T07:44:23Z">
          <reporter-output>
          </reporter-output>
        </test-method> <!-- beforeMethod -->
        <test-method status="PASS" signature="testSuccessfulDocAttachment(java.lang.String, java.lang.String, java.lang.String, java.lang.String)[pri:0, instance:com.test1.tests.AttachDocumentToCase@71e7a66b]" name="testSuccessfulDocAttachment" duration-ms="47921" started-at="2016-06-10T07:44:23Z" data-provider="dataProvider" finished-at="2016-06-10T07:45:11Z">
          <params>
            <param index="0">
              <value>
                <![CDATA[GTO15]]>
              </value>
            </param>
            <param index="1">
              <value>
                <![CDATA[aaa4]]>
              </value>
            </param>
            <param index="2">
              <value>
                <![CDATA[Petition]]>
              </value>
            </param>
            <param index="3">
              <value>
                <![CDATA[GodHand2.jpg]]>
              </value>
            </param>
          </params>
          <reporter-output>
          </reporter-output>
        </test-method> <!-- testSuccessfulDocAttachment -->
        <test-method status="PASS" signature="afterMethod()[pri:0, instance:com.test1.tests.AttachDocumentToCase@71e7a66b]" name="afterMethod" is-config="true" duration-ms="1567" started-at="2016-06-10T07:45:11Z" finished-at="2016-06-10T07:45:12Z">
          <reporter-output>
          </reporter-output>
        </test-method> <!-- afterMethod -->
        <test-method status="PASS" signature="beforeMethod()[pri:0, instance:com.test1.tests.AttachDocumentToCase@71e7a66b]" name="beforeMethod" is-config="true" duration-ms="12163" started-at="2016-06-10T07:45:12Z" finished-at="2016-06-10T07:45:24Z">
          <reporter-output>
          </reporter-output>
        </test-method> <!-- beforeMethod -->
        <test-method status="PASS" signature="testSuccessfulDocAttachment(java.lang.String, java.lang.String, java.lang.String, java.lang.String)[pri:0, instance:com.test1.tests.AttachDocumentToCase@71e7a66b]" name="testSuccessfulDocAttachment" duration-ms="48051" started-at="2016-06-10T07:45:24Z" data-provider="dataProvider" finished-at="2016-06-10T07:46:12Z">
          <params>
            <param index="0">
              <value>
                <![CDATA[GTO15]]>
              </value>
            </param>
            <param index="1">
              <value>
                <![CDATA[bbb5]]>
              </value>
            </param>
            <param index="2">
              <value>
                <![CDATA[PO]]>
              </value>
            </param>
            <param index="3">
              <value>
                <![CDATA[Bai1.jpg]]>
              </value>
            </param>
          </params>
          <reporter-output>
          </reporter-output>
        </test-method> <!-- testSuccessfulDocAttachment -->
        <test-method status="PASS" signature="afterMethod()[pri:0, instance:com.test1.tests.AttachDocumentToCase@71e7a66b]" name="afterMethod" is-config="true" duration-ms="1453" started-at="2016-06-10T07:46:12Z" finished-at="2016-06-10T07:46:14Z">
          <reporter-output>
          </reporter-output>
        </test-method> <!-- afterMethod -->
        <test-method status="PASS" signature="beforeMethod()[pri:0, instance:com.test1.tests.AttachDocumentToCase@71e7a66b]" name="beforeMethod" is-config="true" duration-ms="15272" started-at="2016-06-10T07:46:14Z" finished-at="2016-06-10T07:46:29Z">
          <reporter-output>
          </reporter-output>
        </test-method> <!-- beforeMethod -->
        <test-method status="PASS" signature="testSuccessfulDocAttachment(java.lang.String, java.lang.String, java.lang.String, java.lang.String)[pri:0, instance:com.test1.tests.AttachDocumentToCase@71e7a66b]" name="testSuccessfulDocAttachment" duration-ms="47947" started-at="2016-06-10T07:46:29Z" data-provider="dataProvider" finished-at="2016-06-10T07:47:17Z">
          <params>
            <param index="0">
              <value>
                <![CDATA[GTO15]]>
              </value>
            </param>
            <param index="1">
              <value>
                <![CDATA[CCCC]]>
              </value>
            </param>
            <param index="2">
              <value>
                <![CDATA[SA]]>
              </value>
            </param>
            <param index="3">
              <value>
                <![CDATA[Bai1.jpg]]>
              </value>
            </param>
          </params>
          <reporter-output>
          </reporter-output>
        </test-method> <!-- testSuccessfulDocAttachment -->
        <test-method status="PASS" signature="afterMethod()[pri:0, instance:com.test1.tests.AttachDocumentToCase@71e7a66b]" name="afterMethod" is-config="true" duration-ms="1474" started-at="2016-06-10T07:47:17Z" finished-at="2016-06-10T07:47:18Z">
          <reporter-output>
          </reporter-output>
        </test-method> <!-- afterMethod -->
        <test-method status="PASS" signature="beforeMethod()[pri:0, instance:com.test1.tests.AttachDocumentToCase@71e7a66b]" name="beforeMethod" is-config="true" duration-ms="7732" started-at="2016-06-10T07:47:18Z" finished-at="2016-06-10T07:47:26Z">
          <reporter-output>
          </reporter-output>
        </test-method> <!-- beforeMethod -->
        <test-method status="PASS" signature="testSuccessfulDocAttachment(java.lang.String, java.lang.String, java.lang.String, java.lang.String)[pri:0, instance:com.test1.tests.AttachDocumentToCase@71e7a66b]" name="testSuccessfulDocAttachment" duration-ms="47828" started-at="2016-06-10T07:47:26Z" data-provider="dataProvider" finished-at="2016-06-10T07:48:14Z">
          <params>
            <param index="0">
              <value>
                <![CDATA[GTO15]]>
              </value>
            </param>
            <param index="1">
              <value>
                <![CDATA[attachment1]]>
              </value>
            </param>
            <param index="2">
              <value>
                <![CDATA[AC]]>
              </value>
            </param>
            <param index="3">
              <value>
                <![CDATA[attachment1.PNG]]>
              </value>
            </param>
          </params>
          <reporter-output>
          </reporter-output>
        </test-method> <!-- testSuccessfulDocAttachment -->
        <test-method status="PASS" signature="afterMethod()[pri:0, instance:com.test1.tests.AttachDocumentToCase@71e7a66b]" name="afterMethod" is-config="true" duration-ms="1421" started-at="2016-06-10T07:48:14Z" finished-at="2016-06-10T07:48:15Z">
          <reporter-output>
          </reporter-output>
        </test-method> <!-- afterMethod -->
        <test-method status="PASS" signature="beforeMethod()[pri:0, instance:com.test1.tests.AttachDocumentToCase@71e7a66b]" name="beforeMethod" is-config="true" duration-ms="9045" started-at="2016-06-10T07:48:15Z" finished-at="2016-06-10T07:48:24Z">
          <reporter-output>
          </reporter-output>
        </test-method> <!-- beforeMethod -->
        <test-method status="PASS" signature="testSuccessfulDocAttachment(java.lang.String, java.lang.String, java.lang.String, java.lang.String)[pri:0, instance:com.test1.tests.AttachDocumentToCase@71e7a66b]" name="testSuccessfulDocAttachment" duration-ms="48172" started-at="2016-06-10T07:48:24Z" data-provider="dataProvider" finished-at="2016-06-10T07:49:13Z">
          <params>
            <param index="0">
              <value>
                <![CDATA[GTO15]]>
              </value>
            </param>
            <param index="1">
              <value>
                <![CDATA[abcd2]]>
              </value>
            </param>
            <param index="2">
              <value>
                <![CDATA[BL]]>
              </value>
            </param>
            <param index="3">
              <value>
                <![CDATA[Bai2.jpg]]>
              </value>
            </param>
          </params>
          <reporter-output>
          </reporter-output>
        </test-method> <!-- testSuccessfulDocAttachment -->
        <test-method status="PASS" signature="afterMethod()[pri:0, instance:com.test1.tests.AttachDocumentToCase@71e7a66b]" name="afterMethod" is-config="true" duration-ms="1454" started-at="2016-06-10T07:49:13Z" finished-at="2016-06-10T07:49:14Z">
          <reporter-output>
          </reporter-output>
        </test-method> <!-- afterMethod -->
        <test-method status="PASS" signature="beforeMethod()[pri:0, instance:com.test1.tests.AttachDocumentToCase@71e7a66b]" name="beforeMethod" is-config="true" duration-ms="7566" started-at="2016-06-10T07:49:14Z" finished-at="2016-06-10T07:49:22Z">
          <reporter-output>
          </reporter-output>
        </test-method> <!-- beforeMethod -->
        <test-method status="PASS" signature="testSuccessfulDocAttachment(java.lang.String, java.lang.String, java.lang.String, java.lang.String)[pri:0, instance:com.test1.tests.AttachDocumentToCase@71e7a66b]" name="testSuccessfulDocAttachment" duration-ms="48385" started-at="2016-06-10T07:49:22Z" data-provider="dataProvider" finished-at="2016-06-10T07:50:10Z">
          <params>
            <param index="0">
              <value>
                <![CDATA[GTO15]]>
              </value>
            </param>
            <param index="1">
              <value>
                <![CDATA[DDDD]]>
              </value>
            </param>
            <param index="2">
              <value>
                <![CDATA[Exhibit]]>
              </value>
            </param>
            <param index="3">
              <value>
                <![CDATA[attach3.PNG]]>
              </value>
            </param>
          </params>
          <reporter-output>
          </reporter-output>
        </test-method> <!-- testSuccessfulDocAttachment -->
        <test-method status="PASS" signature="afterMethod()[pri:0, instance:com.test1.tests.AttachDocumentToCase@71e7a66b]" name="afterMethod" is-config="true" duration-ms="1381" started-at="2016-06-10T07:50:10Z" finished-at="2016-06-10T07:50:11Z">
          <reporter-output>
          </reporter-output>
        </test-method> <!-- afterMethod -->
        <test-method status="PASS" signature="beforeMethod()[pri:0, instance:com.test1.tests.AttachDocumentToCase@71e7a66b]" name="beforeMethod" is-config="true" duration-ms="11706" started-at="2016-06-10T07:50:11Z" finished-at="2016-06-10T07:50:23Z">
          <reporter-output>
          </reporter-output>
        </test-method> <!-- beforeMethod -->
        <test-method status="PASS" signature="testSuccessfulDocAttachment(java.lang.String, java.lang.String, java.lang.String, java.lang.String)[pri:0, instance:com.test1.tests.AttachDocumentToCase@71e7a66b]" name="testSuccessfulDocAttachment" duration-ms="48110" started-at="2016-06-10T07:50:23Z" data-provider="dataProvider" finished-at="2016-06-10T07:51:11Z">
          <params>
            <param index="0">
              <value>
                <![CDATA[GTO14]]>
              </value>
            </param>
            <param index="1">
              <value>
                <![CDATA[BBBB]]>
              </value>
            </param>
            <param index="2">
              <value>
                <![CDATA[Petition]]>
              </value>
            </param>
            <param index="3">
              <value>
                <![CDATA[Kiar3.jpg]]>
              </value>
            </param>
          </params>
          <reporter-output>
          </reporter-output>
        </test-method> <!-- testSuccessfulDocAttachment -->
        <test-method status="PASS" signature="afterMethod()[pri:0, instance:com.test1.tests.AttachDocumentToCase@71e7a66b]" name="afterMethod" is-config="true" duration-ms="1436" started-at="2016-06-10T07:51:11Z" finished-at="2016-06-10T07:51:13Z">
          <reporter-output>
          </reporter-output>
        </test-method> <!-- afterMethod -->
        <test-method status="PASS" signature="beforeMethod()[pri:0, instance:com.test1.tests.AttachDocumentToCase@71e7a66b]" name="beforeMethod" is-config="true" duration-ms="12103" started-at="2016-06-10T07:51:13Z" finished-at="2016-06-10T07:51:25Z">
          <reporter-output>
          </reporter-output>
        </test-method> <!-- beforeMethod -->
        <test-method status="PASS" signature="testSuccessfulDocAttachment(java.lang.String, java.lang.String, java.lang.String, java.lang.String)[pri:0, instance:com.test1.tests.AttachDocumentToCase@71e7a66b]" name="testSuccessfulDocAttachment" duration-ms="48856" started-at="2016-06-10T07:51:25Z" data-provider="dataProvider" finished-at="2016-06-10T07:52:14Z">
          <params>
            <param index="0">
              <value>
                <![CDATA[GTO14]]>
              </value>
            </param>
            <param index="1">
              <value>
                <![CDATA[AAAA]]>
              </value>
            </param>
            <param index="2">
              <value>
                <![CDATA[PO]]>
              </value>
            </param>
            <param index="3">
              <value>
                <![CDATA[attachment5.PNG]]>
              </value>
            </param>
          </params>
          <reporter-output>
          </reporter-output>
        </test-method> <!-- testSuccessfulDocAttachment -->
        <test-method status="PASS" signature="afterMethod()[pri:0, instance:com.test1.tests.AttachDocumentToCase@71e7a66b]" name="afterMethod" is-config="true" duration-ms="1445" started-at="2016-06-10T07:52:14Z" finished-at="2016-06-10T07:52:15Z">
          <reporter-output>
          </reporter-output>
        </test-method> <!-- afterMethod -->
      </class> <!-- com.test1.tests.AttachDocumentToCase -->
    </test> <!-- Default test -->
  </suite> <!-- Default suite -->
</testng-results>
