<?xml version="1.0" encoding="UTF-8"?>
<testng-results skipped="0" failed="0" total="2" passed="2">
  <reporter-output>
  </reporter-output>
  <suite name="Default suite" duration-ms="148103" started-at="2016-05-24T18:05:24Z" finished-at="2016-05-24T18:07:52Z">
    <groups>
    </groups>
    <test name="Default test" duration-ms="148103" started-at="2016-05-24T18:05:24Z" finished-at="2016-05-24T18:07:52Z">
      <class name="com.test1.tests.AddAnnuityPeriodicPayment">
        <test-method status="PASS" signature="beforSuite()[pri:0, instance:com.test1.tests.AddAnnuityPeriodicPayment@71e7a66b]" name="beforSuite" is-config="true" duration-ms="16" started-at="2016-05-24T14:05:24Z" finished-at="2016-05-24T14:05:24Z">
          <reporter-output>
          </reporter-output>
        </test-method> <!-- beforSuite -->
        <test-method status="PASS" signature="beforeMethod()[pri:0, instance:com.test1.tests.AddAnnuityPeriodicPayment@71e7a66b]" name="beforeMethod" is-config="true" duration-ms="7186" started-at="2016-05-24T14:05:25Z" finished-at="2016-05-24T14:05:32Z">
          <reporter-output>
          </reporter-output>
        </test-method> <!-- beforeMethod -->
        <test-method status="PASS" signature="testSuccessfulMonthlyAnnuityPeriodicPayAdd(java.lang.String, java.lang.String, java.lang.String, java.lang.String, java.lang.String, java.lang.String, java.lang.String)[pri:0, instance:com.test1.tests.AddAnnuityPeriodicPayment@71e7a66b]" name="testSuccessfulMonthlyAnnuityPeriodicPayAdd" duration-ms="64843" started-at="2016-05-24T14:05:32Z" data-provider="dataProvider" finished-at="2016-05-24T14:06:37Z">
          <params>
            <param index="0">
              <value>
                <![CDATA[ANG1234]]>
              </value>
            </param>
            <param index="1">
              <value>
                <![CDATA[26]]>
              </value>
            </param>
            <param index="2">
              <value>
                <![CDATA[06]]>
              </value>
            </param>
            <param index="3">
              <value>
                <![CDATA[2016]]>
              </value>
            </param>
            <param index="4">
              <value>
                <![CDATA[200000]]>
              </value>
            </param>
            <param index="5">
              <value>
                <![CDATA[10]]>
              </value>
            </param>
            <param index="6">
              <value>
                <![CDATA[Monthly]]>
              </value>
            </param>
          </params>
          <reporter-output>
          </reporter-output>
        </test-method> <!-- testSuccessfulMonthlyAnnuityPeriodicPayAdd -->
        <test-method status="PASS" signature="afterMethod()[pri:0, instance:com.test1.tests.AddAnnuityPeriodicPayment@71e7a66b]" name="afterMethod" is-config="true" duration-ms="1598" started-at="2016-05-24T14:06:37Z" finished-at="2016-05-24T14:06:38Z">
          <reporter-output>
          </reporter-output>
        </test-method> <!-- afterMethod -->
        <test-method status="PASS" signature="beforeMethod()[pri:0, instance:com.test1.tests.AddAnnuityPeriodicPayment@71e7a66b]" name="beforeMethod" is-config="true" duration-ms="6820" started-at="2016-05-24T14:06:38Z" finished-at="2016-05-24T14:06:45Z">
          <reporter-output>
          </reporter-output>
        </test-method> <!-- beforeMethod -->
        <test-method status="PASS" signature="testSuccessfulMonthlyAnnuityPeriodicPayAdd(java.lang.String, java.lang.String, java.lang.String, java.lang.String, java.lang.String, java.lang.String, java.lang.String)[pri:0, instance:com.test1.tests.AddAnnuityPeriodicPayment@71e7a66b]" name="testSuccessfulMonthlyAnnuityPeriodicPayAdd" duration-ms="65332" started-at="2016-05-24T14:06:45Z" data-provider="dataProvider" finished-at="2016-05-24T14:07:50Z">
          <params>
            <param index="0">
              <value>
                <![CDATA[TE555]]>
              </value>
            </param>
            <param index="1">
              <value>
                <![CDATA[01]]>
              </value>
            </param>
            <param index="2">
              <value>
                <![CDATA[07]]>
              </value>
            </param>
            <param index="3">
              <value>
                <![CDATA[2016]]>
              </value>
            </param>
            <param index="4">
              <value>
                <![CDATA[50000]]>
              </value>
            </param>
            <param index="5">
              <value>
                <![CDATA[12]]>
              </value>
            </param>
            <param index="6">
              <value>
                <![CDATA[Monthly]]>
              </value>
            </param>
          </params>
          <reporter-output>
          </reporter-output>
        </test-method> <!-- testSuccessfulMonthlyAnnuityPeriodicPayAdd -->
        <test-method status="PASS" signature="afterMethod()[pri:0, instance:com.test1.tests.AddAnnuityPeriodicPayment@71e7a66b]" name="afterMethod" is-config="true" duration-ms="1482" started-at="2016-05-24T14:07:50Z" finished-at="2016-05-24T14:07:52Z">
          <reporter-output>
          </reporter-output>
        </test-method> <!-- afterMethod -->
      </class> <!-- com.test1.tests.AddAnnuityPeriodicPayment -->
    </test> <!-- Default test -->
  </suite> <!-- Default suite -->
</testng-results>
