<?xml version="1.0" encoding="UTF-8"?>
<testng-results skipped="0" failed="1" total="9" passed="8">
  <reporter-output>
  </reporter-output>
  <suite name="Default suite" duration-ms="599496" started-at="2016-05-26T18:07:51Z" finished-at="2016-05-26T18:17:50Z">
    <groups>
    </groups>
    <test name="Default test" duration-ms="599496" started-at="2016-05-26T18:07:51Z" finished-at="2016-05-26T18:17:50Z">
      <class name="com.test1.tests.AddLumpsumPaymentLC">
        <test-method status="PASS" signature="beforSuite()[pri:0, instance:com.test1.tests.AddLumpsumPaymentLC@71e7a66b]" name="beforSuite" is-config="true" duration-ms="13" started-at="2016-05-26T14:07:51Z" finished-at="2016-05-26T14:07:51Z">
          <reporter-output>
          </reporter-output>
        </test-method> <!-- beforSuite -->
        <test-method status="PASS" signature="beforeMethod()[pri:0, instance:com.test1.tests.AddLumpsumPaymentLC@71e7a66b]" name="beforeMethod" is-config="true" duration-ms="8629" started-at="2016-05-26T14:07:52Z" finished-at="2016-05-26T14:08:00Z">
          <reporter-output>
          </reporter-output>
        </test-method> <!-- beforeMethod -->
        <test-method status="PASS" signature="testSuccessfulLumpsumPayAddLC(java.lang.String, java.lang.String, java.lang.String, java.lang.String, java.lang.String)[pri:0, instance:com.test1.tests.AddLumpsumPaymentLC@71e7a66b]" name="testSuccessfulLumpsumPayAddLC" duration-ms="64730" started-at="2016-05-26T14:08:00Z" data-provider="dataProvider" finished-at="2016-05-26T14:09:05Z">
          <params>
            <param index="0">
              <value>
                <![CDATA[GTO11]]>
              </value>
            </param>
            <param index="1">
              <value>
                <![CDATA[20]]>
              </value>
            </param>
            <param index="2">
              <value>
                <![CDATA[09]]>
              </value>
            </param>
            <param index="3">
              <value>
                <![CDATA[2016]]>
              </value>
            </param>
            <param index="4">
              <value>
                <![CDATA[100000]]>
              </value>
            </param>
          </params>
          <reporter-output>
          </reporter-output>
        </test-method> <!-- testSuccessfulLumpsumPayAddLC -->
        <test-method status="PASS" signature="afterMethod()[pri:0, instance:com.test1.tests.AddLumpsumPaymentLC@71e7a66b]" name="afterMethod" is-config="true" duration-ms="1656" started-at="2016-05-26T14:09:05Z" finished-at="2016-05-26T14:09:07Z">
          <reporter-output>
          </reporter-output>
        </test-method> <!-- afterMethod -->
        <test-method status="PASS" signature="beforeMethod()[pri:0, instance:com.test1.tests.AddLumpsumPaymentLC@71e7a66b]" name="beforeMethod" is-config="true" duration-ms="11322" started-at="2016-05-26T14:09:07Z" finished-at="2016-05-26T14:09:18Z">
          <reporter-output>
          </reporter-output>
        </test-method> <!-- beforeMethod -->
        <test-method status="PASS" signature="testSuccessfulLumpsumPayAddLC(java.lang.String, java.lang.String, java.lang.String, java.lang.String, java.lang.String)[pri:0, instance:com.test1.tests.AddLumpsumPaymentLC@71e7a66b]" name="testSuccessfulLumpsumPayAddLC" duration-ms="60462" started-at="2016-05-26T14:09:18Z" data-provider="dataProvider" finished-at="2016-05-26T14:10:19Z">
          <params>
            <param index="0">
              <value>
                <![CDATA[GTO12]]>
              </value>
            </param>
            <param index="1">
              <value>
                <![CDATA[11]]>
              </value>
            </param>
            <param index="2">
              <value>
                <![CDATA[07]]>
              </value>
            </param>
            <param index="3">
              <value>
                <![CDATA[2016]]>
              </value>
            </param>
            <param index="4">
              <value>
                <![CDATA[12000]]>
              </value>
            </param>
          </params>
          <reporter-output>
          </reporter-output>
        </test-method> <!-- testSuccessfulLumpsumPayAddLC -->
        <test-method status="PASS" signature="afterMethod()[pri:0, instance:com.test1.tests.AddLumpsumPaymentLC@71e7a66b]" name="afterMethod" is-config="true" duration-ms="1445" started-at="2016-05-26T14:10:19Z" finished-at="2016-05-26T14:10:20Z">
          <reporter-output>
          </reporter-output>
        </test-method> <!-- afterMethod -->
        <test-method status="PASS" signature="beforeMethod()[pri:0, instance:com.test1.tests.AddLumpsumPaymentLC@71e7a66b]" name="beforeMethod" is-config="true" duration-ms="8200" started-at="2016-05-26T14:10:20Z" finished-at="2016-05-26T14:10:28Z">
          <reporter-output>
          </reporter-output>
        </test-method> <!-- beforeMethod -->
        <test-method status="PASS" signature="testSuccessfulLumpsumPayAddLC(java.lang.String, java.lang.String, java.lang.String, java.lang.String, java.lang.String)[pri:0, instance:com.test1.tests.AddLumpsumPaymentLC@71e7a66b]" name="testSuccessfulLumpsumPayAddLC" duration-ms="66522" started-at="2016-05-26T14:10:28Z" data-provider="dataProvider" finished-at="2016-05-26T14:11:35Z">
          <params>
            <param index="0">
              <value>
                <![CDATA[GTO13]]>
              </value>
            </param>
            <param index="1">
              <value>
                <![CDATA[15]]>
              </value>
            </param>
            <param index="2">
              <value>
                <![CDATA[10]]>
              </value>
            </param>
            <param index="3">
              <value>
                <![CDATA[2016]]>
              </value>
            </param>
            <param index="4">
              <value>
                <![CDATA[250]]>
              </value>
            </param>
          </params>
          <reporter-output>
          </reporter-output>
        </test-method> <!-- testSuccessfulLumpsumPayAddLC -->
        <test-method status="PASS" signature="afterMethod()[pri:0, instance:com.test1.tests.AddLumpsumPaymentLC@71e7a66b]" name="afterMethod" is-config="true" duration-ms="1453" started-at="2016-05-26T14:11:35Z" finished-at="2016-05-26T14:11:36Z">
          <reporter-output>
          </reporter-output>
        </test-method> <!-- afterMethod -->
        <test-method status="PASS" signature="beforeMethod()[pri:0, instance:com.test1.tests.AddLumpsumPaymentLC@71e7a66b]" name="beforeMethod" is-config="true" duration-ms="8639" started-at="2016-05-26T14:11:36Z" finished-at="2016-05-26T14:11:45Z">
          <reporter-output>
          </reporter-output>
        </test-method> <!-- beforeMethod -->
        <test-method status="PASS" signature="testSuccessfulLumpsumPayAddLC(java.lang.String, java.lang.String, java.lang.String, java.lang.String, java.lang.String)[pri:0, instance:com.test1.tests.AddLumpsumPaymentLC@71e7a66b]" name="testSuccessfulLumpsumPayAddLC" duration-ms="56460" started-at="2016-05-26T14:11:45Z" data-provider="dataProvider" finished-at="2016-05-26T14:12:41Z">
          <params>
            <param index="0">
              <value>
                <![CDATA[GTO14]]>
              </value>
            </param>
            <param index="1">
              <value>
                <![CDATA[20]]>
              </value>
            </param>
            <param index="2">
              <value>
                <![CDATA[05]]>
              </value>
            </param>
            <param index="3">
              <value>
                <![CDATA[2016]]>
              </value>
            </param>
            <param index="4">
              <value>
                <![CDATA[100]]>
              </value>
            </param>
          </params>
          <reporter-output>
          </reporter-output>
        </test-method> <!-- testSuccessfulLumpsumPayAddLC -->
        <test-method status="PASS" signature="afterMethod()[pri:0, instance:com.test1.tests.AddLumpsumPaymentLC@71e7a66b]" name="afterMethod" is-config="true" duration-ms="1535" started-at="2016-05-26T14:12:41Z" finished-at="2016-05-26T14:12:43Z">
          <reporter-output>
          </reporter-output>
        </test-method> <!-- afterMethod -->
        <test-method status="PASS" signature="beforeMethod()[pri:0, instance:com.test1.tests.AddLumpsumPaymentLC@71e7a66b]" name="beforeMethod" is-config="true" duration-ms="8144" started-at="2016-05-26T14:12:43Z" finished-at="2016-05-26T14:12:51Z">
          <reporter-output>
          </reporter-output>
        </test-method> <!-- beforeMethod -->
        <test-method status="PASS" signature="testSuccessfulLumpsumPayAddLC(java.lang.String, java.lang.String, java.lang.String, java.lang.String, java.lang.String)[pri:0, instance:com.test1.tests.AddLumpsumPaymentLC@71e7a66b]" name="testSuccessfulLumpsumPayAddLC" duration-ms="60592" started-at="2016-05-26T14:12:51Z" data-provider="dataProvider" finished-at="2016-05-26T14:13:52Z">
          <params>
            <param index="0">
              <value>
                <![CDATA[Trueno86]]>
              </value>
            </param>
            <param index="1">
              <value>
                <![CDATA[25]]>
              </value>
            </param>
            <param index="2">
              <value>
                <![CDATA[03]]>
              </value>
            </param>
            <param index="3">
              <value>
                <![CDATA[2016]]>
              </value>
            </param>
            <param index="4">
              <value>
                <![CDATA[5]]>
              </value>
            </param>
          </params>
          <reporter-output>
          </reporter-output>
        </test-method> <!-- testSuccessfulLumpsumPayAddLC -->
        <test-method status="PASS" signature="afterMethod()[pri:0, instance:com.test1.tests.AddLumpsumPaymentLC@71e7a66b]" name="afterMethod" is-config="true" duration-ms="1438" started-at="2016-05-26T14:13:52Z" finished-at="2016-05-26T14:13:53Z">
          <reporter-output>
          </reporter-output>
        </test-method> <!-- afterMethod -->
        <test-method status="PASS" signature="beforeMethod()[pri:0, instance:com.test1.tests.AddLumpsumPaymentLC@71e7a66b]" name="beforeMethod" is-config="true" duration-ms="7377" started-at="2016-05-26T14:13:53Z" finished-at="2016-05-26T14:14:00Z">
          <reporter-output>
          </reporter-output>
        </test-method> <!-- beforeMethod -->
        <test-method status="PASS" signature="testSuccessfulLumpsumPayAddLC(java.lang.String, java.lang.String, java.lang.String, java.lang.String, java.lang.String)[pri:0, instance:com.test1.tests.AddLumpsumPaymentLC@71e7a66b]" name="testSuccessfulLumpsumPayAddLC" duration-ms="58430" started-at="2016-05-26T14:14:00Z" data-provider="dataProvider" finished-at="2016-05-26T14:14:59Z">
          <params>
            <param index="0">
              <value>
                <![CDATA[SUBWRX]]>
              </value>
            </param>
            <param index="1">
              <value>
                <![CDATA[26]]>
              </value>
            </param>
            <param index="2">
              <value>
                <![CDATA[06]]>
              </value>
            </param>
            <param index="3">
              <value>
                <![CDATA[2017]]>
              </value>
            </param>
            <param index="4">
              <value>
                <![CDATA[1]]>
              </value>
            </param>
          </params>
          <reporter-output>
          </reporter-output>
        </test-method> <!-- testSuccessfulLumpsumPayAddLC -->
        <test-method status="PASS" signature="afterMethod()[pri:0, instance:com.test1.tests.AddLumpsumPaymentLC@71e7a66b]" name="afterMethod" is-config="true" duration-ms="1431" started-at="2016-05-26T14:14:59Z" finished-at="2016-05-26T14:15:00Z">
          <reporter-output>
          </reporter-output>
        </test-method> <!-- afterMethod -->
        <test-method status="PASS" signature="beforeMethod()[pri:0, instance:com.test1.tests.AddLumpsumPaymentLC@71e7a66b]" name="beforeMethod" is-config="true" duration-ms="13254" started-at="2016-05-26T14:15:00Z" finished-at="2016-05-26T14:15:13Z">
          <reporter-output>
          </reporter-output>
        </test-method> <!-- beforeMethod -->
        <test-method status="PASS" signature="testSuccessfulLumpsumPayAddLC(java.lang.String, java.lang.String, java.lang.String, java.lang.String, java.lang.String)[pri:0, instance:com.test1.tests.AddLumpsumPaymentLC@71e7a66b]" name="testSuccessfulLumpsumPayAddLC" duration-ms="60647" started-at="2016-05-26T14:15:13Z" data-provider="dataProvider" finished-at="2016-05-26T14:16:14Z">
          <params>
            <param index="0">
              <value>
                <![CDATA[SILKS13]]>
              </value>
            </param>
            <param index="1">
              <value>
                <![CDATA[12]]>
              </value>
            </param>
            <param index="2">
              <value>
                <![CDATA[07]]>
              </value>
            </param>
            <param index="3">
              <value>
                <![CDATA[2018]]>
              </value>
            </param>
            <param index="4">
              <value>
                <![CDATA[25]]>
              </value>
            </param>
          </params>
          <reporter-output>
          </reporter-output>
        </test-method> <!-- testSuccessfulLumpsumPayAddLC -->
        <test-method status="PASS" signature="afterMethod()[pri:0, instance:com.test1.tests.AddLumpsumPaymentLC@71e7a66b]" name="afterMethod" is-config="true" duration-ms="1506" started-at="2016-05-26T14:16:14Z" finished-at="2016-05-26T14:16:16Z">
          <reporter-output>
          </reporter-output>
        </test-method> <!-- afterMethod -->
        <test-method status="PASS" signature="beforeMethod()[pri:0, instance:com.test1.tests.AddLumpsumPaymentLC@71e7a66b]" name="beforeMethod" is-config="true" duration-ms="10368" started-at="2016-05-26T14:16:16Z" finished-at="2016-05-26T14:16:26Z">
          <reporter-output>
          </reporter-output>
        </test-method> <!-- beforeMethod -->
        <test-method status="FAIL" signature="testSuccessfulLumpsumPayAddLC(java.lang.String, java.lang.String, java.lang.String, java.lang.String, java.lang.String)[pri:0, instance:com.test1.tests.AddLumpsumPaymentLC@71e7a66b]" name="testSuccessfulLumpsumPayAddLC" duration-ms="1138" started-at="2016-05-26T14:16:26Z" data-provider="dataProvider" finished-at="2016-05-26T14:16:27Z">
          <params>
            <param index="0">
              <value>
                <![CDATA[AE85]]>
              </value>
            </param>
            <param index="1">
              <value>
                <![CDATA[02]]>
              </value>
            </param>
            <param index="2">
              <value>
                <![CDATA[09]]>
              </value>
            </param>
            <param index="3">
              <value>
                <![CDATA[2017]]>
              </value>
            </param>
            <param index="4">
              <value>
                <![CDATA[250000]]>
              </value>
            </param>
          </params>
          <exception class="org.openqa.selenium.ElementNotVisibleException">
            <message>
              <![CDATA[element not visible
  (Session info: chrome=50.0.2661.102)
  (Driver info: chromedriver=2.20.353145 (343b531d31eeb933ec778dbcf7081628a1396067),platform=Windows NT 6.1 SP1 x86_64) (WARNING: The server did not provide any stacktrace information)
Command duration or timeout: 19 milliseconds
Build info: version: '2.48.2', revision: '41bccdd', time: '2015-10-09 19:59:12'
System info: host: 'E5530-2340', ip: '10.0.0.73', os.name: 'Windows 7', os.arch: 'amd64', os.version: '6.1', java.version: '1.8.0_91'
Driver info: org.openqa.selenium.chrome.ChromeDriver
Capabilities [{applicationCacheEnabled=false, rotatable=false, mobileEmulationEnabled=false, chrome={userDataDir=C:\Users\jslee\AppData\Local\Temp\scoped_dir6716_9268}, takesHeapSnapshot=true, databaseEnabled=false, handlesAlerts=true, hasTouchScreen=false, version=50.0.2661.102, platform=XP, browserConnectionEnabled=false, nativeEvents=true, acceptSslCerts=true, locationContextEnabled=true, webStorageEnabled=true, browserName=chrome, takesScreenshot=true, javascriptEnabled=true, cssSelectorsEnabled=true}]
Session ID: 1f75d2d80da9d7783aa03b5dcc846e49]]>
            </message>
            <full-stacktrace>
              <![CDATA[org.openqa.selenium.ElementNotVisibleException: element not visible
  (Session info: chrome=50.0.2661.102)
  (Driver info: chromedriver=2.20.353145 (343b531d31eeb933ec778dbcf7081628a1396067),platform=Windows NT 6.1 SP1 x86_64) (WARNING: The server did not provide any stacktrace information)
Command duration or timeout: 19 milliseconds
Build info: version: '2.48.2', revision: '41bccdd', time: '2015-10-09 19:59:12'
System info: host: 'E5530-2340', ip: '10.0.0.73', os.name: 'Windows 7', os.arch: 'amd64', os.version: '6.1', java.version: '1.8.0_91'
Driver info: org.openqa.selenium.chrome.ChromeDriver
Capabilities [{applicationCacheEnabled=false, rotatable=false, mobileEmulationEnabled=false, chrome={userDataDir=C:\Users\jslee\AppData\Local\Temp\scoped_dir6716_9268}, takesHeapSnapshot=true, databaseEnabled=false, handlesAlerts=true, hasTouchScreen=false, version=50.0.2661.102, platform=XP, browserConnectionEnabled=false, nativeEvents=true, acceptSslCerts=true, locationContextEnabled=true, webStorageEnabled=true, browserName=chrome, takesScreenshot=true, javascriptEnabled=true, cssSelectorsEnabled=true}]
Session ID: 1f75d2d80da9d7783aa03b5dcc846e49
	at sun.reflect.NativeConstructorAccessorImpl.newInstance0(Native Method)
	at sun.reflect.NativeConstructorAccessorImpl.newInstance(Unknown Source)
	at sun.reflect.DelegatingConstructorAccessorImpl.newInstance(Unknown Source)
	at java.lang.reflect.Constructor.newInstance(Unknown Source)
	at org.openqa.selenium.remote.ErrorHandler.createThrowable(ErrorHandler.java:206)
	at org.openqa.selenium.remote.ErrorHandler.throwIfResponseFailed(ErrorHandler.java:158)
	at org.openqa.selenium.remote.RemoteWebDriver.execute(RemoteWebDriver.java:647)
	at org.openqa.selenium.remote.RemoteWebElement.execute(RemoteWebElement.java:326)
	at org.openqa.selenium.remote.RemoteWebElement.click(RemoteWebElement.java:84)
	at com.test1.pages.PageBase.ClickResearchCasesLink(PageBase.java:35)
	at com.test1.tests.AddLumpsumPaymentLC.testSuccessfulLumpsumPayAddLC(AddLumpsumPaymentLC.java:37)
	at sun.reflect.NativeMethodAccessorImpl.invoke0(Native Method)
	at sun.reflect.NativeMethodAccessorImpl.invoke(Unknown Source)
	at sun.reflect.DelegatingMethodAccessorImpl.invoke(Unknown Source)
	at java.lang.reflect.Method.invoke(Unknown Source)
	at org.testng.internal.MethodInvocationHelper.invokeMethod(MethodInvocationHelper.java:85)
	at org.testng.internal.Invoker.invokeMethod(Invoker.java:639)
	at org.testng.internal.Invoker.invokeTestMethod(Invoker.java:821)
	at org.testng.internal.Invoker.invokeTestMethods(Invoker.java:1131)
	at org.testng.internal.TestMethodWorker.invokeTestMethods(TestMethodWorker.java:124)
	at org.testng.internal.TestMethodWorker.run(TestMethodWorker.java:108)
	at org.testng.TestRunner.privateRun(TestRunner.java:773)
	at org.testng.TestRunner.run(TestRunner.java:623)
	at org.testng.SuiteRunner.runTest(SuiteRunner.java:357)
	at org.testng.SuiteRunner.runSequentially(SuiteRunner.java:352)
	at org.testng.SuiteRunner.privateRun(SuiteRunner.java:310)
	at org.testng.SuiteRunner.run(SuiteRunner.java:259)
	at org.testng.SuiteRunnerWorker.runSuite(SuiteRunnerWorker.java:52)
	at org.testng.SuiteRunnerWorker.run(SuiteRunnerWorker.java:86)
	at org.testng.TestNG.runSuitesSequentially(TestNG.java:1185)
	at org.testng.TestNG.runSuitesLocally(TestNG.java:1110)
	at org.testng.TestNG.run(TestNG.java:1018)
	at org.testng.remote.RemoteTestNG.run(RemoteTestNG.java:111)
	at org.testng.remote.RemoteTestNG.initAndRun(RemoteTestNG.java:204)
	at org.testng.remote.RemoteTestNG.main(RemoteTestNG.java:175)
]]>
            </full-stacktrace>
          </exception> <!-- org.openqa.selenium.ElementNotVisibleException -->
          <reporter-output>
          </reporter-output>
        </test-method> <!-- testSuccessfulLumpsumPayAddLC -->
        <test-method status="PASS" signature="afterMethod()[pri:0, instance:com.test1.tests.AddLumpsumPaymentLC@71e7a66b]" name="afterMethod" is-config="true" duration-ms="1394" started-at="2016-05-26T14:16:27Z" finished-at="2016-05-26T14:16:28Z">
          <reporter-output>
          </reporter-output>
        </test-method> <!-- afterMethod -->
        <test-method status="PASS" signature="beforeMethod()[pri:0, instance:com.test1.tests.AddLumpsumPaymentLC@71e7a66b]" name="beforeMethod" is-config="true" duration-ms="11135" started-at="2016-05-26T14:16:28Z" finished-at="2016-05-26T14:16:40Z">
          <reporter-output>
          </reporter-output>
        </test-method> <!-- beforeMethod -->
        <test-method status="PASS" signature="testSuccessfulLumpsumPayAddLC(java.lang.String, java.lang.String, java.lang.String, java.lang.String, java.lang.String)[pri:0, instance:com.test1.tests.AddLumpsumPaymentLC@71e7a66b]" name="testSuccessfulLumpsumPayAddLC" duration-ms="69161" started-at="2016-05-26T14:16:40Z" data-provider="dataProvider" finished-at="2016-05-26T14:17:49Z">
          <params>
            <param index="0">
              <value>
                <![CDATA[GTO18]]>
              </value>
            </param>
            <param index="1">
              <value>
                <![CDATA[01]]>
              </value>
            </param>
            <param index="2">
              <value>
                <![CDATA[11]]>
              </value>
            </param>
            <param index="3">
              <value>
                <![CDATA[2016]]>
              </value>
            </param>
            <param index="4">
              <value>
                <![CDATA[80000]]>
              </value>
            </param>
          </params>
          <reporter-output>
          </reporter-output>
        </test-method> <!-- testSuccessfulLumpsumPayAddLC -->
        <test-method status="PASS" signature="afterMethod()[pri:0, instance:com.test1.tests.AddLumpsumPaymentLC@71e7a66b]" name="afterMethod" is-config="true" duration-ms="1445" started-at="2016-05-26T14:17:49Z" finished-at="2016-05-26T14:17:50Z">
          <reporter-output>
          </reporter-output>
        </test-method> <!-- afterMethod -->
      </class> <!-- com.test1.tests.AddLumpsumPaymentLC -->
    </test> <!-- Default test -->
  </suite> <!-- Default suite -->
</testng-results>
