<?xml version="1.0" encoding="UTF-8"?>
<testng-results skipped="0" failed="12" total="70" passed="58">
  <reporter-output>
  </reporter-output>
  <suite name="Ant suite" duration-ms="4540654" started-at="2016-05-26T15:26:56Z" finished-at="2016-05-26T16:42:36Z">
    <groups>
    </groups>
    <test name="Ant test" duration-ms="4540654" started-at="2016-05-26T15:26:56Z" finished-at="2016-05-26T16:42:36Z">
      <class name="com.test1.tests.RTest">
        <test-method status="PASS" signature="beforSuite()[pri:0, instance:com.test1.tests.RTest@7d4793a8]" name="beforSuite" is-config="true" duration-ms="12" started-at="2016-05-26T11:26:56Z" finished-at="2016-05-26T11:26:56Z">
          <reporter-output>
          </reporter-output>
        </test-method> <!-- beforSuite -->
        <test-method status="PASS" signature="beforeMethod()[pri:0, instance:com.test1.tests.RTest@7d4793a8]" name="beforeMethod" is-config="true" duration-ms="6772" started-at="2016-05-26T11:26:57Z" finished-at="2016-05-26T11:27:03Z">
          <reporter-output>
          </reporter-output>
        </test-method> <!-- beforeMethod -->
        <test-method status="PASS" signature="testSuccessfulAddNewCase(java.lang.String, java.lang.String, java.lang.String)[pri:0, instance:com.test1.tests.RTest@7d4793a8]" name="testSuccessfulAddNewCase" duration-ms="30159" started-at="2016-05-26T11:27:03Z" data-provider="dataProvider" finished-at="2016-05-26T11:27:34Z">
          <params>
            <param index="0">
              <value>
                <![CDATA[GTO11]]>
              </value>
            </param>
            <param index="1">
              <value>
                <![CDATA[Eikichi]]>
              </value>
            </param>
            <param index="2">
              <value>
                <![CDATA[Onizuka]]>
              </value>
            </param>
          </params>
          <reporter-output>
          </reporter-output>
        </test-method> <!-- testSuccessfulAddNewCase -->
        <test-method status="PASS" signature="afterMethod()[pri:0, instance:com.test1.tests.RTest@7d4793a8]" name="afterMethod" is-config="true" duration-ms="1546" started-at="2016-05-26T11:27:34Z" finished-at="2016-05-26T11:27:35Z">
          <reporter-output>
          </reporter-output>
        </test-method> <!-- afterMethod -->
        <test-method status="PASS" signature="beforeMethod()[pri:0, instance:com.test1.tests.RTest@7d4793a8]" name="beforeMethod" is-config="true" duration-ms="7874" started-at="2016-05-26T11:27:35Z" finished-at="2016-05-26T11:27:43Z">
          <reporter-output>
          </reporter-output>
        </test-method> <!-- beforeMethod -->
        <test-method status="PASS" signature="testSuccessfulAddNewCase(java.lang.String, java.lang.String, java.lang.String)[pri:0, instance:com.test1.tests.RTest@7d4793a8]" name="testSuccessfulAddNewCase" duration-ms="29692" started-at="2016-05-26T11:27:43Z" data-provider="dataProvider" finished-at="2016-05-26T11:28:13Z">
          <params>
            <param index="0">
              <value>
                <![CDATA[GTO12]]>
              </value>
            </param>
            <param index="1">
              <value>
                <![CDATA[Urummi]]>
              </value>
            </param>
            <param index="2">
              <value>
                <![CDATA[Kanzaki]]>
              </value>
            </param>
          </params>
          <reporter-output>
          </reporter-output>
        </test-method> <!-- testSuccessfulAddNewCase -->
        <test-method status="PASS" signature="afterMethod()[pri:0, instance:com.test1.tests.RTest@7d4793a8]" name="afterMethod" is-config="true" duration-ms="1410" started-at="2016-05-26T11:28:13Z" finished-at="2016-05-26T11:28:14Z">
          <reporter-output>
          </reporter-output>
        </test-method> <!-- afterMethod -->
        <test-method status="PASS" signature="beforeMethod()[pri:0, instance:com.test1.tests.RTest@7d4793a8]" name="beforeMethod" is-config="true" duration-ms="6033" started-at="2016-05-26T11:28:14Z" finished-at="2016-05-26T11:28:20Z">
          <reporter-output>
          </reporter-output>
        </test-method> <!-- beforeMethod -->
        <test-method status="PASS" signature="testSuccessfulAddNewCase(java.lang.String, java.lang.String, java.lang.String)[pri:0, instance:com.test1.tests.RTest@7d4793a8]" name="testSuccessfulAddNewCase" duration-ms="29762" started-at="2016-05-26T11:28:20Z" data-provider="dataProvider" finished-at="2016-05-26T11:28:50Z">
          <params>
            <param index="0">
              <value>
                <![CDATA[GTO13]]>
              </value>
            </param>
            <param index="1">
              <value>
                <![CDATA[Miyabi]]>
              </value>
            </param>
            <param index="2">
              <value>
                <![CDATA[Aizawa]]>
              </value>
            </param>
          </params>
          <reporter-output>
          </reporter-output>
        </test-method> <!-- testSuccessfulAddNewCase -->
        <test-method status="PASS" signature="afterMethod()[pri:0, instance:com.test1.tests.RTest@7d4793a8]" name="afterMethod" is-config="true" duration-ms="1392" started-at="2016-05-26T11:28:50Z" finished-at="2016-05-26T11:28:51Z">
          <reporter-output>
          </reporter-output>
        </test-method> <!-- afterMethod -->
        <test-method status="PASS" signature="beforeMethod()[pri:0, instance:com.test1.tests.RTest@7d4793a8]" name="beforeMethod" is-config="true" duration-ms="6997" started-at="2016-05-26T11:28:51Z" finished-at="2016-05-26T11:28:58Z">
          <reporter-output>
          </reporter-output>
        </test-method> <!-- beforeMethod -->
        <test-method status="PASS" signature="testSuccessfulAddNewCase(java.lang.String, java.lang.String, java.lang.String)[pri:0, instance:com.test1.tests.RTest@7d4793a8]" name="testSuccessfulAddNewCase" duration-ms="32031" started-at="2016-05-26T11:28:58Z" data-provider="dataProvider" finished-at="2016-05-26T11:29:30Z">
          <params>
            <param index="0">
              <value>
                <![CDATA[GTO14]]>
              </value>
            </param>
            <param index="1">
              <value>
                <![CDATA[Azusa]]>
              </value>
            </param>
            <param index="2">
              <value>
                <![CDATA[Fuyutsuki]]>
              </value>
            </param>
          </params>
          <reporter-output>
          </reporter-output>
        </test-method> <!-- testSuccessfulAddNewCase -->
        <test-method status="PASS" signature="afterMethod()[pri:0, instance:com.test1.tests.RTest@7d4793a8]" name="afterMethod" is-config="true" duration-ms="1345" started-at="2016-05-26T11:29:30Z" finished-at="2016-05-26T11:29:32Z">
          <reporter-output>
          </reporter-output>
        </test-method> <!-- afterMethod -->
        <test-method status="PASS" signature="beforeMethod()[pri:0, instance:com.test1.tests.RTest@7d4793a8]" name="beforeMethod" is-config="true" duration-ms="5849" started-at="2016-05-26T11:29:32Z" finished-at="2016-05-26T11:29:38Z">
          <reporter-output>
          </reporter-output>
        </test-method> <!-- beforeMethod -->
        <test-method status="PASS" signature="testSuccessfulAddNewCase(java.lang.String, java.lang.String, java.lang.String)[pri:0, instance:com.test1.tests.RTest@7d4793a8]" name="testSuccessfulAddNewCase" duration-ms="29723" started-at="2016-05-26T11:29:38Z" data-provider="dataProvider" finished-at="2016-05-26T11:30:07Z">
          <params>
            <param index="0">
              <value>
                <![CDATA[GTO15]]>
              </value>
            </param>
            <param index="1">
              <value>
                <![CDATA[Anko]]>
              </value>
            </param>
            <param index="2">
              <value>
                <![CDATA[Uehara]]>
              </value>
            </param>
          </params>
          <reporter-output>
          </reporter-output>
        </test-method> <!-- testSuccessfulAddNewCase -->
        <test-method status="PASS" signature="afterMethod()[pri:0, instance:com.test1.tests.RTest@7d4793a8]" name="afterMethod" is-config="true" duration-ms="1567" started-at="2016-05-26T11:30:07Z" finished-at="2016-05-26T11:30:09Z">
          <reporter-output>
          </reporter-output>
        </test-method> <!-- afterMethod -->
        <test-method status="PASS" signature="beforeMethod()[pri:0, instance:com.test1.tests.RTest@7d4793a8]" name="beforeMethod" is-config="true" duration-ms="7251" started-at="2016-05-26T11:30:09Z" finished-at="2016-05-26T11:30:16Z">
          <reporter-output>
          </reporter-output>
        </test-method> <!-- beforeMethod -->
        <test-method status="PASS" signature="testSuccessfulAddNewCase(java.lang.String, java.lang.String, java.lang.String)[pri:0, instance:com.test1.tests.RTest@7d4793a8]" name="testSuccessfulAddNewCase" duration-ms="30008" started-at="2016-05-26T11:30:16Z" data-provider="dataProvider" finished-at="2016-05-26T11:30:46Z">
          <params>
            <param index="0">
              <value>
                <![CDATA[GTO16]]>
              </value>
            </param>
            <param index="1">
              <value>
                <![CDATA[Ryuji]]>
              </value>
            </param>
            <param index="2">
              <value>
                <![CDATA[Danma]]>
              </value>
            </param>
          </params>
          <reporter-output>
          </reporter-output>
        </test-method> <!-- testSuccessfulAddNewCase -->
        <test-method status="PASS" signature="afterMethod()[pri:0, instance:com.test1.tests.RTest@7d4793a8]" name="afterMethod" is-config="true" duration-ms="1414" started-at="2016-05-26T11:30:46Z" finished-at="2016-05-26T11:30:47Z">
          <reporter-output>
          </reporter-output>
        </test-method> <!-- afterMethod -->
        <test-method status="PASS" signature="beforeMethod()[pri:0, instance:com.test1.tests.RTest@7d4793a8]" name="beforeMethod" is-config="true" duration-ms="6917" started-at="2016-05-26T11:30:47Z" finished-at="2016-05-26T11:30:54Z">
          <reporter-output>
          </reporter-output>
        </test-method> <!-- beforeMethod -->
        <test-method status="PASS" signature="testSuccessfulAddNewCase(java.lang.String, java.lang.String, java.lang.String)[pri:0, instance:com.test1.tests.RTest@7d4793a8]" name="testSuccessfulAddNewCase" duration-ms="31945" started-at="2016-05-26T11:30:54Z" data-provider="dataProvider" finished-at="2016-05-26T11:31:26Z">
          <params>
            <param index="0">
              <value>
                <![CDATA[GTO17]]>
              </value>
            </param>
            <param index="1">
              <value>
                <![CDATA[Noboru]]>
              </value>
            </param>
            <param index="2">
              <value>
                <![CDATA[Yoshikawa]]>
              </value>
            </param>
          </params>
          <reporter-output>
          </reporter-output>
        </test-method> <!-- testSuccessfulAddNewCase -->
        <test-method status="PASS" signature="afterMethod()[pri:0, instance:com.test1.tests.RTest@7d4793a8]" name="afterMethod" is-config="true" duration-ms="1357" started-at="2016-05-26T11:31:26Z" finished-at="2016-05-26T11:31:28Z">
          <reporter-output>
          </reporter-output>
        </test-method> <!-- afterMethod -->
        <test-method status="PASS" signature="beforeMethod()[pri:0, instance:com.test1.tests.RTest@7d4793a8]" name="beforeMethod" is-config="true" duration-ms="6558" started-at="2016-05-26T11:31:28Z" finished-at="2016-05-26T11:31:34Z">
          <reporter-output>
          </reporter-output>
        </test-method> <!-- beforeMethod -->
        <test-method status="PASS" signature="testSuccessfulAddNewCase(java.lang.String, java.lang.String, java.lang.String)[pri:0, instance:com.test1.tests.RTest@7d4793a8]" name="testSuccessfulAddNewCase" duration-ms="32021" started-at="2016-05-26T11:31:34Z" data-provider="dataProvider" finished-at="2016-05-26T11:32:06Z">
          <params>
            <param index="0">
              <value>
                <![CDATA[GTO18]]>
              </value>
            </param>
            <param index="1">
              <value>
                <![CDATA[Nanako]]>
              </value>
            </param>
            <param index="2">
              <value>
                <![CDATA[Mizuki]]>
              </value>
            </param>
          </params>
          <reporter-output>
          </reporter-output>
        </test-method> <!-- testSuccessfulAddNewCase -->
        <test-method status="PASS" signature="afterMethod()[pri:0, instance:com.test1.tests.RTest@7d4793a8]" name="afterMethod" is-config="true" duration-ms="1406" started-at="2016-05-26T11:32:06Z" finished-at="2016-05-26T11:32:08Z">
          <reporter-output>
          </reporter-output>
        </test-method> <!-- afterMethod -->
        <test-method status="PASS" signature="beforeMethod()[pri:0, instance:com.test1.tests.RTest@7d4793a8]" name="beforeMethod" is-config="true" duration-ms="9490" started-at="2016-05-26T11:32:08Z" finished-at="2016-05-26T11:32:17Z">
          <reporter-output>
          </reporter-output>
        </test-method> <!-- beforeMethod -->
        <test-method status="PASS" signature="testSuccessfulAddNewPriorDealCase(java.lang.String, java.lang.String, java.lang.String)[pri:0, instance:com.test1.tests.RTest@7d4793a8]" name="testSuccessfulAddNewPriorDealCase" duration-ms="32240" started-at="2016-05-26T11:32:17Z" data-provider="dataProvider" finished-at="2016-05-26T11:32:50Z">
          <params>
            <param index="0">
              <value>
                <![CDATA[Trueno86]]>
              </value>
            </param>
            <param index="1">
              <value>
                <![CDATA[Takumi]]>
              </value>
            </param>
            <param index="2">
              <value>
                <![CDATA[Fujiwara]]>
              </value>
            </param>
          </params>
          <reporter-output>
          </reporter-output>
        </test-method> <!-- testSuccessfulAddNewPriorDealCase -->
        <test-method status="PASS" signature="afterMethod()[pri:0, instance:com.test1.tests.RTest@7d4793a8]" name="afterMethod" is-config="true" duration-ms="1383" started-at="2016-05-26T11:32:50Z" finished-at="2016-05-26T11:32:51Z">
          <reporter-output>
          </reporter-output>
        </test-method> <!-- afterMethod -->
        <test-method status="PASS" signature="beforeMethod()[pri:0, instance:com.test1.tests.RTest@7d4793a8]" name="beforeMethod" is-config="true" duration-ms="7366" started-at="2016-05-26T11:32:51Z" finished-at="2016-05-26T11:32:58Z">
          <reporter-output>
          </reporter-output>
        </test-method> <!-- beforeMethod -->
        <test-method status="PASS" signature="testSuccessfulAddNewPriorDealCase(java.lang.String, java.lang.String, java.lang.String)[pri:0, instance:com.test1.tests.RTest@7d4793a8]" name="testSuccessfulAddNewPriorDealCase" duration-ms="31830" started-at="2016-05-26T11:32:58Z" data-provider="dataProvider" finished-at="2016-05-26T11:33:30Z">
          <params>
            <param index="0">
              <value>
                <![CDATA[SUBWRX]]>
              </value>
            </param>
            <param index="1">
              <value>
                <![CDATA[Bunta]]>
              </value>
            </param>
            <param index="2">
              <value>
                <![CDATA[Fujiwara]]>
              </value>
            </param>
          </params>
          <reporter-output>
          </reporter-output>
        </test-method> <!-- testSuccessfulAddNewPriorDealCase -->
        <test-method status="PASS" signature="afterMethod()[pri:0, instance:com.test1.tests.RTest@7d4793a8]" name="afterMethod" is-config="true" duration-ms="1644" started-at="2016-05-26T11:33:30Z" finished-at="2016-05-26T11:33:32Z">
          <reporter-output>
          </reporter-output>
        </test-method> <!-- afterMethod -->
        <test-method status="PASS" signature="beforeMethod()[pri:0, instance:com.test1.tests.RTest@7d4793a8]" name="beforeMethod" is-config="true" duration-ms="6845" started-at="2016-05-26T11:33:32Z" finished-at="2016-05-26T11:33:39Z">
          <reporter-output>
          </reporter-output>
        </test-method> <!-- beforeMethod -->
        <test-method status="PASS" signature="testSuccessfulAddNewPriorDealCase(java.lang.String, java.lang.String, java.lang.String)[pri:0, instance:com.test1.tests.RTest@7d4793a8]" name="testSuccessfulAddNewPriorDealCase" duration-ms="31814" started-at="2016-05-26T11:33:39Z" data-provider="dataProvider" finished-at="2016-05-26T11:34:10Z">
          <params>
            <param index="0">
              <value>
                <![CDATA[SILKS13]]>
              </value>
            </param>
            <param index="1">
              <value>
                <![CDATA[Koichiro]]>
              </value>
            </param>
            <param index="2">
              <value>
                <![CDATA[Iketani]]>
              </value>
            </param>
          </params>
          <reporter-output>
          </reporter-output>
        </test-method> <!-- testSuccessfulAddNewPriorDealCase -->
        <test-method status="PASS" signature="afterMethod()[pri:0, instance:com.test1.tests.RTest@7d4793a8]" name="afterMethod" is-config="true" duration-ms="1352" started-at="2016-05-26T11:34:10Z" finished-at="2016-05-26T11:34:12Z">
          <reporter-output>
          </reporter-output>
        </test-method> <!-- afterMethod -->
        <test-method status="PASS" signature="beforeMethod()[pri:0, instance:com.test1.tests.RTest@7d4793a8]" name="beforeMethod" is-config="true" duration-ms="7413" started-at="2016-05-26T11:34:12Z" finished-at="2016-05-26T11:34:19Z">
          <reporter-output>
          </reporter-output>
        </test-method> <!-- beforeMethod -->
        <test-method status="PASS" signature="testSuccessfulAddNewPriorDealCase(java.lang.String, java.lang.String, java.lang.String)[pri:0, instance:com.test1.tests.RTest@7d4793a8]" name="testSuccessfulAddNewPriorDealCase" duration-ms="32004" started-at="2016-05-26T11:34:19Z" data-provider="dataProvider" finished-at="2016-05-26T11:34:51Z">
          <params>
            <param index="0">
              <value>
                <![CDATA[AE85]]>
              </value>
            </param>
            <param index="1">
              <value>
                <![CDATA[Itsuki]]>
              </value>
            </param>
            <param index="2">
              <value>
                <![CDATA[Takeuchi]]>
              </value>
            </param>
          </params>
          <reporter-output>
          </reporter-output>
        </test-method> <!-- testSuccessfulAddNewPriorDealCase -->
        <test-method status="PASS" signature="afterMethod()[pri:0, instance:com.test1.tests.RTest@7d4793a8]" name="afterMethod" is-config="true" duration-ms="1413" started-at="2016-05-26T11:34:51Z" finished-at="2016-05-26T11:34:53Z">
          <reporter-output>
          </reporter-output>
        </test-method> <!-- afterMethod -->
        <test-method status="PASS" signature="beforeMethod()[pri:0, instance:com.test1.tests.RTest@7d4793a8]" name="beforeMethod" is-config="true" duration-ms="7204" started-at="2016-05-26T11:34:53Z" finished-at="2016-05-26T11:35:00Z">
          <reporter-output>
          </reporter-output>
        </test-method> <!-- beforeMethod -->
        <test-method status="PASS" signature="testSuccessfulAddNewPriorDealCase(java.lang.String, java.lang.String, java.lang.String)[pri:0, instance:com.test1.tests.RTest@7d4793a8]" name="testSuccessfulAddNewPriorDealCase" duration-ms="31552" started-at="2016-05-26T11:35:00Z" data-provider="dataProvider" finished-at="2016-05-26T11:35:31Z">
          <params>
            <param index="0">
              <value>
                <![CDATA[RPS13]]>
              </value>
            </param>
            <param index="1">
              <value>
                <![CDATA[Kenji]]>
              </value>
            </param>
            <param index="2">
              <value>
                <![CDATA[Kenji]]>
              </value>
            </param>
          </params>
          <reporter-output>
          </reporter-output>
        </test-method> <!-- testSuccessfulAddNewPriorDealCase -->
        <test-method status="PASS" signature="afterMethod()[pri:0, instance:com.test1.tests.RTest@7d4793a8]" name="afterMethod" is-config="true" duration-ms="1358" started-at="2016-05-26T11:35:31Z" finished-at="2016-05-26T11:35:33Z">
          <reporter-output>
          </reporter-output>
        </test-method> <!-- afterMethod -->
        <test-method status="PASS" signature="beforeMethod()[pri:0, instance:com.test1.tests.RTest@7d4793a8]" name="beforeMethod" is-config="true" duration-ms="6617" started-at="2016-05-26T11:35:33Z" finished-at="2016-05-26T11:35:39Z">
          <reporter-output>
          </reporter-output>
        </test-method> <!-- beforeMethod -->
        <test-method status="PASS" signature="testSuccessfulAddNewPriorDealCase(java.lang.String, java.lang.String, java.lang.String)[pri:0, instance:com.test1.tests.RTest@7d4793a8]" name="testSuccessfulAddNewPriorDealCase" duration-ms="31608" started-at="2016-05-26T11:35:39Z" data-provider="dataProvider" finished-at="2016-05-26T11:36:11Z">
          <params>
            <param index="0">
              <value>
                <![CDATA[CE9A]]>
              </value>
            </param>
            <param index="1">
              <value>
                <![CDATA[Kyoichi]]>
              </value>
            </param>
            <param index="2">
              <value>
                <![CDATA[Sudo]]>
              </value>
            </param>
          </params>
          <reporter-output>
          </reporter-output>
        </test-method> <!-- testSuccessfulAddNewPriorDealCase -->
        <test-method status="PASS" signature="afterMethod()[pri:0, instance:com.test1.tests.RTest@7d4793a8]" name="afterMethod" is-config="true" duration-ms="1355" started-at="2016-05-26T11:36:11Z" finished-at="2016-05-26T11:36:12Z">
          <reporter-output>
          </reporter-output>
        </test-method> <!-- afterMethod -->
        <test-method status="PASS" signature="beforeMethod()[pri:0, instance:com.test1.tests.RTest@7d4793a8]" name="beforeMethod" is-config="true" duration-ms="7129" started-at="2016-05-26T11:36:12Z" finished-at="2016-05-26T11:36:19Z">
          <reporter-output>
          </reporter-output>
        </test-method> <!-- beforeMethod -->
        <test-method status="PASS" signature="testSuccessfulAddNewPriorDealCase(java.lang.String, java.lang.String, java.lang.String)[pri:0, instance:com.test1.tests.RTest@7d4793a8]" name="testSuccessfulAddNewPriorDealCase" duration-ms="34078" started-at="2016-05-26T11:36:19Z" data-provider="dataProvider" finished-at="2016-05-26T11:36:54Z">
          <params>
            <param index="0">
              <value>
                <![CDATA[CN9A]]>
              </value>
            </param>
            <param index="1">
              <value>
                <![CDATA[Seiji]]>
              </value>
            </param>
            <param index="2">
              <value>
                <![CDATA[Iwaki]]>
              </value>
            </param>
          </params>
          <reporter-output>
          </reporter-output>
        </test-method> <!-- testSuccessfulAddNewPriorDealCase -->
        <test-method status="PASS" signature="afterMethod()[pri:0, instance:com.test1.tests.RTest@7d4793a8]" name="afterMethod" is-config="true" duration-ms="1480" started-at="2016-05-26T11:36:54Z" finished-at="2016-05-26T11:36:55Z">
          <reporter-output>
          </reporter-output>
        </test-method> <!-- afterMethod -->
        <test-method status="PASS" signature="beforeMethod()[pri:0, instance:com.test1.tests.RTest@7d4793a8]" name="beforeMethod" is-config="true" duration-ms="8384" started-at="2016-05-26T11:36:55Z" finished-at="2016-05-26T11:37:03Z">
          <reporter-output>
          </reporter-output>
        </test-method> <!-- beforeMethod -->
        <test-method status="PASS" signature="testSuccessfulAddNewPriorDealCase(java.lang.String, java.lang.String, java.lang.String)[pri:0, instance:com.test1.tests.RTest@7d4793a8]" name="testSuccessfulAddNewPriorDealCase" duration-ms="32032" started-at="2016-05-26T11:37:03Z" data-provider="dataProvider" finished-at="2016-05-26T11:37:35Z">
          <params>
            <param index="0">
              <value>
                <![CDATA[EK9]]>
              </value>
            </param>
            <param index="1">
              <value>
                <![CDATA[Daiki]]>
              </value>
            </param>
            <param index="2">
              <value>
                <![CDATA[Ninomiya]]>
              </value>
            </param>
          </params>
          <reporter-output>
          </reporter-output>
        </test-method> <!-- testSuccessfulAddNewPriorDealCase -->
        <test-method status="PASS" signature="afterMethod()[pri:0, instance:com.test1.tests.RTest@7d4793a8]" name="afterMethod" is-config="true" duration-ms="1376" started-at="2016-05-26T11:37:35Z" finished-at="2016-05-26T11:37:37Z">
          <reporter-output>
          </reporter-output>
        </test-method> <!-- afterMethod -->
        <test-method status="PASS" signature="beforeMethod()[pri:0, instance:com.test1.tests.RTest@7d4793a8]" name="beforeMethod" is-config="true" duration-ms="5783" started-at="2016-05-26T11:37:37Z" finished-at="2016-05-26T11:37:43Z">
          <reporter-output>
          </reporter-output>
        </test-method> <!-- beforeMethod -->
        <test-method status="PASS" signature="testSuccessfulCaseSummaryInfo(java.lang.String, java.lang.String, java.lang.String, java.lang.String, java.lang.String, java.lang.String, java.lang.String, java.lang.String, java.lang.String, java.lang.String)[pri:0, instance:com.test1.tests.RTest@7d4793a8]" name="testSuccessfulCaseSummaryInfo" duration-ms="59860" started-at="2016-05-26T11:37:43Z" data-provider="dataProvider" finished-at="2016-05-26T11:38:43Z">
          <params>
            <param index="0">
              <value>
                <![CDATA[GTO11]]>
              </value>
            </param>
            <param index="1">
              <value>
                <![CDATA[HI]]>
              </value>
            </param>
            <param index="2">
              <value>
                <![CDATA[Maui]]>
              </value>
            </param>
            <param index="3">
              <value>
                <![CDATA[quit smoking]]>
              </value>
            </param>
            <param index="4">
              <value>
                <![CDATA[Ready]]>
              </value>
            </param>
            <param index="5">
              <value>
                <![CDATA[04]]>
              </value>
            </param>
            <param index="6">
              <value>
                <![CDATA[26.0]]>
              </value>
            </param>
            <param index="7">
              <value>
                <![CDATA[2016]]>
              </value>
            </param>
            <param index="8">
              <value>
                <![CDATA[Eikichi]]>
              </value>
            </param>
            <param index="9">
              <value>
                <![CDATA[Onizuka]]>
              </value>
            </param>
          </params>
          <reporter-output>
          </reporter-output>
        </test-method> <!-- testSuccessfulCaseSummaryInfo -->
        <test-method status="PASS" signature="afterMethod()[pri:0, instance:com.test1.tests.RTest@7d4793a8]" name="afterMethod" is-config="true" duration-ms="1432" started-at="2016-05-26T11:38:43Z" finished-at="2016-05-26T11:38:44Z">
          <reporter-output>
          </reporter-output>
        </test-method> <!-- afterMethod -->
        <test-method status="PASS" signature="beforeMethod()[pri:0, instance:com.test1.tests.RTest@7d4793a8]" name="beforeMethod" is-config="true" duration-ms="6786" started-at="2016-05-26T11:38:44Z" finished-at="2016-05-26T11:38:51Z">
          <reporter-output>
          </reporter-output>
        </test-method> <!-- beforeMethod -->
        <test-method status="PASS" signature="testSuccessfulCaseSummaryInfo(java.lang.String, java.lang.String, java.lang.String, java.lang.String, java.lang.String, java.lang.String, java.lang.String, java.lang.String, java.lang.String, java.lang.String)[pri:0, instance:com.test1.tests.RTest@7d4793a8]" name="testSuccessfulCaseSummaryInfo" duration-ms="59785" started-at="2016-05-26T11:38:51Z" data-provider="dataProvider" finished-at="2016-05-26T11:39:51Z">
          <params>
            <param index="0">
              <value>
                <![CDATA[GTO12]]>
              </value>
            </param>
            <param index="1">
              <value>
                <![CDATA[IL]]>
              </value>
            </param>
            <param index="2">
              <value>
                <![CDATA[Cook County]]>
              </value>
            </param>
            <param index="3">
              <value>
                <![CDATA[Be cool]]>
              </value>
            </param>
            <param index="4">
              <value>
                <![CDATA[New]]>
              </value>
            </param>
            <param index="5">
              <value>
                <![CDATA[04]]>
              </value>
            </param>
            <param index="6">
              <value>
                <![CDATA[25.0]]>
              </value>
            </param>
            <param index="7">
              <value>
                <![CDATA[2016]]>
              </value>
            </param>
            <param index="8">
              <value>
                <![CDATA[Urummi]]>
              </value>
            </param>
            <param index="9">
              <value>
                <![CDATA[Kanzaki]]>
              </value>
            </param>
          </params>
          <reporter-output>
          </reporter-output>
        </test-method> <!-- testSuccessfulCaseSummaryInfo -->
        <test-method status="PASS" signature="afterMethod()[pri:0, instance:com.test1.tests.RTest@7d4793a8]" name="afterMethod" is-config="true" duration-ms="1414" started-at="2016-05-26T11:39:51Z" finished-at="2016-05-26T11:39:52Z">
          <reporter-output>
          </reporter-output>
        </test-method> <!-- afterMethod -->
        <test-method status="PASS" signature="beforeMethod()[pri:0, instance:com.test1.tests.RTest@7d4793a8]" name="beforeMethod" is-config="true" duration-ms="7248" started-at="2016-05-26T11:39:52Z" finished-at="2016-05-26T11:39:59Z">
          <reporter-output>
          </reporter-output>
        </test-method> <!-- beforeMethod -->
        <test-method status="PASS" signature="testSuccessfulCaseSummaryInfo(java.lang.String, java.lang.String, java.lang.String, java.lang.String, java.lang.String, java.lang.String, java.lang.String, java.lang.String, java.lang.String, java.lang.String)[pri:0, instance:com.test1.tests.RTest@7d4793a8]" name="testSuccessfulCaseSummaryInfo" duration-ms="65063" started-at="2016-05-26T11:39:59Z" data-provider="dataProvider" finished-at="2016-05-26T11:41:04Z">
          <params>
            <param index="0">
              <value>
                <![CDATA[GTO13]]>
              </value>
            </param>
            <param index="1">
              <value>
                <![CDATA[CA]]>
              </value>
            </param>
            <param index="2">
              <value>
                <![CDATA[Santa Cruz County]]>
              </value>
            </param>
            <param index="3">
              <value>
                <![CDATA[Whats the 5th general order]]>
              </value>
            </param>
            <param index="4">
              <value>
                <![CDATA[Do Not Research]]>
              </value>
            </param>
            <param index="5">
              <value>
                <![CDATA[04]]>
              </value>
            </param>
            <param index="6">
              <value>
                <![CDATA[09]]>
              </value>
            </param>
            <param index="7">
              <value>
                <![CDATA[1970]]>
              </value>
            </param>
            <param index="8">
              <value>
                <![CDATA[Miyabi]]>
              </value>
            </param>
            <param index="9">
              <value>
                <![CDATA[Aizawa]]>
              </value>
            </param>
          </params>
          <reporter-output>
          </reporter-output>
        </test-method> <!-- testSuccessfulCaseSummaryInfo -->
        <test-method status="PASS" signature="afterMethod()[pri:0, instance:com.test1.tests.RTest@7d4793a8]" name="afterMethod" is-config="true" duration-ms="1405" started-at="2016-05-26T11:41:04Z" finished-at="2016-05-26T11:41:06Z">
          <reporter-output>
          </reporter-output>
        </test-method> <!-- afterMethod -->
        <test-method status="PASS" signature="beforeMethod()[pri:0, instance:com.test1.tests.RTest@7d4793a8]" name="beforeMethod" is-config="true" duration-ms="7114" started-at="2016-05-26T11:41:06Z" finished-at="2016-05-26T11:41:13Z">
          <reporter-output>
          </reporter-output>
        </test-method> <!-- beforeMethod -->
        <test-method status="PASS" signature="testSuccessfulCaseSummaryInfo(java.lang.String, java.lang.String, java.lang.String, java.lang.String, java.lang.String, java.lang.String, java.lang.String, java.lang.String, java.lang.String, java.lang.String)[pri:0, instance:com.test1.tests.RTest@7d4793a8]" name="testSuccessfulCaseSummaryInfo" duration-ms="57873" started-at="2016-05-26T11:41:13Z" data-provider="dataProvider" finished-at="2016-05-26T11:42:11Z">
          <params>
            <param index="0">
              <value>
                <![CDATA[GTO14]]>
              </value>
            </param>
            <param index="1">
              <value>
                <![CDATA[IL]]>
              </value>
            </param>
            <param index="2">
              <value>
                <![CDATA[Cook County]]>
              </value>
            </param>
            <param index="3">
              <value>
                <![CDATA[get on your face and give me 25]]>
              </value>
            </param>
            <param index="4">
              <value>
                <![CDATA[Ready]]>
              </value>
            </param>
            <param index="5">
              <value>
                <![CDATA[05]]>
              </value>
            </param>
            <param index="6">
              <value>
                <![CDATA[20]]>
              </value>
            </param>
            <param index="7">
              <value>
                <![CDATA[2017]]>
              </value>
            </param>
            <param index="8">
              <value>
                <![CDATA[Azusa]]>
              </value>
            </param>
            <param index="9">
              <value>
                <![CDATA[Fuyutsuki]]>
              </value>
            </param>
          </params>
          <reporter-output>
          </reporter-output>
        </test-method> <!-- testSuccessfulCaseSummaryInfo -->
        <test-method status="PASS" signature="afterMethod()[pri:0, instance:com.test1.tests.RTest@7d4793a8]" name="afterMethod" is-config="true" duration-ms="1446" started-at="2016-05-26T11:42:11Z" finished-at="2016-05-26T11:42:12Z">
          <reporter-output>
          </reporter-output>
        </test-method> <!-- afterMethod -->
        <test-method status="PASS" signature="beforeMethod()[pri:0, instance:com.test1.tests.RTest@7d4793a8]" name="beforeMethod" is-config="true" duration-ms="6555" started-at="2016-05-26T11:42:12Z" finished-at="2016-05-26T11:42:19Z">
          <reporter-output>
          </reporter-output>
        </test-method> <!-- beforeMethod -->
        <test-method status="PASS" signature="testSuccessfulCaseSummaryInfo(java.lang.String, java.lang.String, java.lang.String, java.lang.String, java.lang.String, java.lang.String, java.lang.String, java.lang.String, java.lang.String, java.lang.String)[pri:0, instance:com.test1.tests.RTest@7d4793a8]" name="testSuccessfulCaseSummaryInfo" duration-ms="68379" started-at="2016-05-26T11:42:19Z" data-provider="dataProvider" finished-at="2016-05-26T11:43:27Z">
          <params>
            <param index="0">
              <value>
                <![CDATA[GTO15]]>
              </value>
            </param>
            <param index="1">
              <value>
                <![CDATA[ID]]>
              </value>
            </param>
            <param index="2">
              <value>
                <![CDATA[Bear Lake County]]>
              </value>
            </param>
            <param index="3">
              <value>
                <![CDATA[How many counts are in that action you've executed?]]>
              </value>
            </param>
            <param index="4">
              <value>
                <![CDATA[Do Not Research]]>
              </value>
            </param>
            <param index="5">
              <value>
                <![CDATA[10]]>
              </value>
            </param>
            <param index="6">
              <value>
                <![CDATA[31]]>
              </value>
            </param>
            <param index="7">
              <value>
                <![CDATA[2018]]>
              </value>
            </param>
            <param index="8">
              <value>
                <![CDATA[Anko]]>
              </value>
            </param>
            <param index="9">
              <value>
                <![CDATA[Uehara]]>
              </value>
            </param>
          </params>
          <reporter-output>
          </reporter-output>
        </test-method> <!-- testSuccessfulCaseSummaryInfo -->
        <test-method status="PASS" signature="afterMethod()[pri:0, instance:com.test1.tests.RTest@7d4793a8]" name="afterMethod" is-config="true" duration-ms="1437" started-at="2016-05-26T11:43:27Z" finished-at="2016-05-26T11:43:28Z">
          <reporter-output>
          </reporter-output>
        </test-method> <!-- afterMethod -->
        <test-method status="PASS" signature="beforeMethod()[pri:0, instance:com.test1.tests.RTest@7d4793a8]" name="beforeMethod" is-config="true" duration-ms="6610" started-at="2016-05-26T11:43:28Z" finished-at="2016-05-26T11:43:35Z">
          <reporter-output>
          </reporter-output>
        </test-method> <!-- beforeMethod -->
        <test-method status="PASS" signature="testSuccessfulCaseSummaryInfo(java.lang.String, java.lang.String, java.lang.String, java.lang.String, java.lang.String, java.lang.String, java.lang.String, java.lang.String, java.lang.String, java.lang.String)[pri:0, instance:com.test1.tests.RTest@7d4793a8]" name="testSuccessfulCaseSummaryInfo" duration-ms="57864" started-at="2016-05-26T11:43:35Z" data-provider="dataProvider" finished-at="2016-05-26T11:44:33Z">
          <params>
            <param index="0">
              <value>
                <![CDATA[GTO16]]>
              </value>
            </param>
            <param index="1">
              <value>
                <![CDATA[TN]]>
              </value>
            </param>
            <param index="2">
              <value>
                <![CDATA[Coffee County]]>
              </value>
            </param>
            <param index="3">
              <value>
                <![CDATA[Whats the 4th general order?]]>
              </value>
            </param>
            <param index="4">
              <value>
                <![CDATA[Ready]]>
              </value>
            </param>
            <param index="5">
              <value>
                <![CDATA[05]]>
              </value>
            </param>
            <param index="6">
              <value>
                <![CDATA[06]]>
              </value>
            </param>
            <param index="7">
              <value>
                <![CDATA[2016]]>
              </value>
            </param>
            <param index="8">
              <value>
                <![CDATA[Ryuji]]>
              </value>
            </param>
            <param index="9">
              <value>
                <![CDATA[Danma]]>
              </value>
            </param>
          </params>
          <reporter-output>
          </reporter-output>
        </test-method> <!-- testSuccessfulCaseSummaryInfo -->
        <test-method status="PASS" signature="afterMethod()[pri:0, instance:com.test1.tests.RTest@7d4793a8]" name="afterMethod" is-config="true" duration-ms="1415" started-at="2016-05-26T11:44:33Z" finished-at="2016-05-26T11:44:34Z">
          <reporter-output>
          </reporter-output>
        </test-method> <!-- afterMethod -->
        <test-method status="PASS" signature="beforeMethod()[pri:0, instance:com.test1.tests.RTest@7d4793a8]" name="beforeMethod" is-config="true" duration-ms="7626" started-at="2016-05-26T11:44:34Z" finished-at="2016-05-26T11:44:42Z">
          <reporter-output>
          </reporter-output>
        </test-method> <!-- beforeMethod -->
        <test-method status="PASS" signature="testSuccessfulCaseSummaryInfo(java.lang.String, java.lang.String, java.lang.String, java.lang.String, java.lang.String, java.lang.String, java.lang.String, java.lang.String, java.lang.String, java.lang.String)[pri:0, instance:com.test1.tests.RTest@7d4793a8]" name="testSuccessfulCaseSummaryInfo" duration-ms="63763" started-at="2016-05-26T11:44:42Z" data-provider="dataProvider" finished-at="2016-05-26T11:45:46Z">
          <params>
            <param index="0">
              <value>
                <![CDATA[Trueno86]]>
              </value>
            </param>
            <param index="1">
              <value>
                <![CDATA[CO]]>
              </value>
            </param>
            <param index="2">
              <value>
                <![CDATA[Adams County]]>
              </value>
            </param>
            <param index="3">
              <value>
                <![CDATA[Private Pyle ]]>
              </value>
            </param>
            <param index="4">
              <value>
                <![CDATA[New]]>
              </value>
            </param>
            <param index="5">
              <value>
                <![CDATA[03]]>
              </value>
            </param>
            <param index="6">
              <value>
                <![CDATA[12]]>
              </value>
            </param>
            <param index="7">
              <value>
                <![CDATA[2015]]>
              </value>
            </param>
            <param index="8">
              <value>
                <![CDATA[Takumi]]>
              </value>
            </param>
            <param index="9">
              <value>
                <![CDATA[Fujiwara]]>
              </value>
            </param>
          </params>
          <reporter-output>
          </reporter-output>
        </test-method> <!-- testSuccessfulCaseSummaryInfo -->
        <test-method status="PASS" signature="afterMethod()[pri:0, instance:com.test1.tests.RTest@7d4793a8]" name="afterMethod" is-config="true" duration-ms="1398" started-at="2016-05-26T11:45:46Z" finished-at="2016-05-26T11:45:47Z">
          <reporter-output>
          </reporter-output>
        </test-method> <!-- afterMethod -->
        <test-method status="PASS" signature="beforeMethod()[pri:0, instance:com.test1.tests.RTest@7d4793a8]" name="beforeMethod" is-config="true" duration-ms="7570" started-at="2016-05-26T11:45:47Z" finished-at="2016-05-26T11:45:55Z">
          <reporter-output>
          </reporter-output>
        </test-method> <!-- beforeMethod -->
        <test-method status="PASS" signature="testSuccessfulCaseSummaryInfo(java.lang.String, java.lang.String, java.lang.String, java.lang.String, java.lang.String, java.lang.String, java.lang.String, java.lang.String, java.lang.String, java.lang.String)[pri:0, instance:com.test1.tests.RTest@7d4793a8]" name="testSuccessfulCaseSummaryInfo" duration-ms="71501" started-at="2016-05-26T11:45:55Z" data-provider="dataProvider" finished-at="2016-05-26T11:47:06Z">
          <params>
            <param index="0">
              <value>
                <![CDATA[SUBWRX]]>
              </value>
            </param>
            <param index="1">
              <value>
                <![CDATA[GA]]>
              </value>
            </param>
            <param index="2">
              <value>
                <![CDATA[Gwinnett County]]>
              </value>
            </param>
            <param index="3">
              <value>
                <![CDATA[Private Joker, I admire your honesty. Hell, I like you.]]>
              </value>
            </param>
            <param index="4">
              <value>
                <![CDATA[Ready]]>
              </value>
            </param>
            <param index="5">
              <value>
                <![CDATA[10.0]]>
              </value>
            </param>
            <param index="6">
              <value>
                <![CDATA[24]]>
              </value>
            </param>
            <param index="7">
              <value>
                <![CDATA[1988]]>
              </value>
            </param>
            <param index="8">
              <value>
                <![CDATA[Bunta]]>
              </value>
            </param>
            <param index="9">
              <value>
                <![CDATA[Fujiwara]]>
              </value>
            </param>
          </params>
          <reporter-output>
          </reporter-output>
        </test-method> <!-- testSuccessfulCaseSummaryInfo -->
        <test-method status="PASS" signature="afterMethod()[pri:0, instance:com.test1.tests.RTest@7d4793a8]" name="afterMethod" is-config="true" duration-ms="1426" started-at="2016-05-26T11:47:06Z" finished-at="2016-05-26T11:47:08Z">
          <reporter-output>
          </reporter-output>
        </test-method> <!-- afterMethod -->
        <test-method status="PASS" signature="beforeMethod()[pri:0, instance:com.test1.tests.RTest@7d4793a8]" name="beforeMethod" is-config="true" duration-ms="8527" started-at="2016-05-26T11:47:08Z" finished-at="2016-05-26T11:47:16Z">
          <reporter-output>
          </reporter-output>
        </test-method> <!-- beforeMethod -->
        <test-method status="PASS" signature="testSuccessfulCaseSummaryInfo(java.lang.String, java.lang.String, java.lang.String, java.lang.String, java.lang.String, java.lang.String, java.lang.String, java.lang.String, java.lang.String, java.lang.String)[pri:0, instance:com.test1.tests.RTest@7d4793a8]" name="testSuccessfulCaseSummaryInfo" duration-ms="60071" started-at="2016-05-26T11:47:16Z" data-provider="dataProvider" finished-at="2016-05-26T11:48:16Z">
          <params>
            <param index="0">
              <value>
                <![CDATA[SILKS13]]>
              </value>
            </param>
            <param index="1">
              <value>
                <![CDATA[CA]]>
              </value>
            </param>
            <param index="2">
              <value>
                <![CDATA[San Diego County]]>
              </value>
            </param>
            <param index="3">
              <value>
                <![CDATA[You will learn by the numbers! I will teach you! Now get up!]]>
              </value>
            </param>
            <param index="4">
              <value>
                <![CDATA[New]]>
              </value>
            </param>
            <param index="5">
              <value>
                <![CDATA[04]]>
              </value>
            </param>
            <param index="6">
              <value>
                <![CDATA[25]]>
              </value>
            </param>
            <param index="7">
              <value>
                <![CDATA[2016]]>
              </value>
            </param>
            <param index="8">
              <value>
                <![CDATA[Koichiro]]>
              </value>
            </param>
            <param index="9">
              <value>
                <![CDATA[Iketani]]>
              </value>
            </param>
          </params>
          <reporter-output>
          </reporter-output>
        </test-method> <!-- testSuccessfulCaseSummaryInfo -->
        <test-method status="PASS" signature="afterMethod()[pri:0, instance:com.test1.tests.RTest@7d4793a8]" name="afterMethod" is-config="true" duration-ms="1438" started-at="2016-05-26T11:48:16Z" finished-at="2016-05-26T11:48:18Z">
          <reporter-output>
          </reporter-output>
        </test-method> <!-- afterMethod -->
        <test-method status="PASS" signature="beforeMethod()[pri:0, instance:com.test1.tests.RTest@7d4793a8]" name="beforeMethod" is-config="true" duration-ms="7617" started-at="2016-05-26T11:48:18Z" finished-at="2016-05-26T11:48:25Z">
          <reporter-output>
          </reporter-output>
        </test-method> <!-- beforeMethod -->
        <test-method status="PASS" signature="testSuccessfulCaseSummaryInfo(java.lang.String, java.lang.String, java.lang.String, java.lang.String, java.lang.String, java.lang.String, java.lang.String, java.lang.String, java.lang.String, java.lang.String)[pri:0, instance:com.test1.tests.RTest@7d4793a8]" name="testSuccessfulCaseSummaryInfo" duration-ms="61079" started-at="2016-05-26T11:48:25Z" data-provider="dataProvider" finished-at="2016-05-26T11:49:26Z">
          <params>
            <param index="0">
              <value>
                <![CDATA[AE85]]>
              </value>
            </param>
            <param index="1">
              <value>
                <![CDATA[GA]]>
              </value>
            </param>
            <param index="2">
              <value>
                <![CDATA[Gwinnett County]]>
              </value>
            </param>
            <param index="3">
              <value>
                <![CDATA[Today, you people are no longer pukes. Today, you are Marines!]]>
              </value>
            </param>
            <param index="4">
              <value>
                <![CDATA[Ready]]>
              </value>
            </param>
            <param index="5">
              <value>
                <![CDATA[03]]>
              </value>
            </param>
            <param index="6">
              <value>
                <![CDATA[11.0]]>
              </value>
            </param>
            <param index="7">
              <value>
                <![CDATA[2016]]>
              </value>
            </param>
            <param index="8">
              <value>
                <![CDATA[Itsuki]]>
              </value>
            </param>
            <param index="9">
              <value>
                <![CDATA[Takeuchi]]>
              </value>
            </param>
          </params>
          <reporter-output>
          </reporter-output>
        </test-method> <!-- testSuccessfulCaseSummaryInfo -->
        <test-method status="PASS" signature="afterMethod()[pri:0, instance:com.test1.tests.RTest@7d4793a8]" name="afterMethod" is-config="true" duration-ms="1408" started-at="2016-05-26T11:49:26Z" finished-at="2016-05-26T11:49:28Z">
          <reporter-output>
          </reporter-output>
        </test-method> <!-- afterMethod -->
        <test-method status="PASS" signature="beforeMethod()[pri:0, instance:com.test1.tests.RTest@7d4793a8]" name="beforeMethod" is-config="true" duration-ms="7706" started-at="2016-05-26T11:49:28Z" finished-at="2016-05-26T11:49:35Z">
          <reporter-output>
          </reporter-output>
        </test-method> <!-- beforeMethod -->
        <test-method status="PASS" signature="testSuccessfulCaseSummaryInfo(java.lang.String, java.lang.String, java.lang.String, java.lang.String, java.lang.String, java.lang.String, java.lang.String, java.lang.String, java.lang.String, java.lang.String)[pri:0, instance:com.test1.tests.RTest@7d4793a8]" name="testSuccessfulCaseSummaryInfo" duration-ms="72477" started-at="2016-05-26T11:49:35Z" data-provider="dataProvider" finished-at="2016-05-26T11:50:48Z">
          <params>
            <param index="0">
              <value>
                <![CDATA[RPS13]]>
              </value>
            </param>
            <param index="1">
              <value>
                <![CDATA[CA]]>
              </value>
            </param>
            <param index="2">
              <value>
                <![CDATA[San Diego County]]>
              </value>
            </param>
            <param index="3">
              <value>
                <![CDATA[adding instructions 3]]>
              </value>
            </param>
            <param index="4">
              <value>
                <![CDATA[Ready]]>
              </value>
            </param>
            <param index="5">
              <value>
                <![CDATA[12.0]]>
              </value>
            </param>
            <param index="6">
              <value>
                <![CDATA[14.0]]>
              </value>
            </param>
            <param index="7">
              <value>
                <![CDATA[2016]]>
              </value>
            </param>
            <param index="8">
              <value>
                <![CDATA[Kenji]]>
              </value>
            </param>
            <param index="9">
              <value>
                <![CDATA[Kenji]]>
              </value>
            </param>
          </params>
          <reporter-output>
          </reporter-output>
        </test-method> <!-- testSuccessfulCaseSummaryInfo -->
        <test-method status="PASS" signature="afterMethod()[pri:0, instance:com.test1.tests.RTest@7d4793a8]" name="afterMethod" is-config="true" duration-ms="1430" started-at="2016-05-26T11:50:48Z" finished-at="2016-05-26T11:50:49Z">
          <reporter-output>
          </reporter-output>
        </test-method> <!-- afterMethod -->
        <test-method status="PASS" signature="beforeMethod()[pri:0, instance:com.test1.tests.RTest@7d4793a8]" name="beforeMethod" is-config="true" duration-ms="6233" started-at="2016-05-26T11:50:49Z" finished-at="2016-05-26T11:50:56Z">
          <reporter-output>
          </reporter-output>
        </test-method> <!-- beforeMethod -->
        <test-method status="PASS" signature="testSuccessfulCaseSummaryInfo(java.lang.String, java.lang.String, java.lang.String, java.lang.String, java.lang.String, java.lang.String, java.lang.String, java.lang.String, java.lang.String, java.lang.String)[pri:0, instance:com.test1.tests.RTest@7d4793a8]" name="testSuccessfulCaseSummaryInfo" duration-ms="70602" started-at="2016-05-26T11:50:56Z" data-provider="dataProvider" finished-at="2016-05-26T11:52:06Z">
          <params>
            <param index="0">
              <value>
                <![CDATA[CE9A]]>
              </value>
            </param>
            <param index="1">
              <value>
                <![CDATA[FL]]>
              </value>
            </param>
            <param index="2">
              <value>
                <![CDATA[Miami-Dade County]]>
              </value>
            </param>
            <param index="3">
              <value>
                <![CDATA[From now, until the day you die, every Marine is your brother!]]>
              </value>
            </param>
            <param index="4">
              <value>
                <![CDATA[New]]>
              </value>
            </param>
            <param index="5">
              <value>
                <![CDATA[11.0]]>
              </value>
            </param>
            <param index="6">
              <value>
                <![CDATA[19.0]]>
              </value>
            </param>
            <param index="7">
              <value>
                <![CDATA[2016]]>
              </value>
            </param>
            <param index="8">
              <value>
                <![CDATA[Kyoichi]]>
              </value>
            </param>
            <param index="9">
              <value>
                <![CDATA[Sudo]]>
              </value>
            </param>
          </params>
          <reporter-output>
          </reporter-output>
        </test-method> <!-- testSuccessfulCaseSummaryInfo -->
        <test-method status="PASS" signature="afterMethod()[pri:0, instance:com.test1.tests.RTest@7d4793a8]" name="afterMethod" is-config="true" duration-ms="1417" started-at="2016-05-26T11:52:06Z" finished-at="2016-05-26T11:52:08Z">
          <reporter-output>
          </reporter-output>
        </test-method> <!-- afterMethod -->
        <test-method status="PASS" signature="beforeMethod()[pri:0, instance:com.test1.tests.RTest@7d4793a8]" name="beforeMethod" is-config="true" duration-ms="7397" started-at="2016-05-26T11:52:08Z" finished-at="2016-05-26T11:52:15Z">
          <reporter-output>
          </reporter-output>
        </test-method> <!-- beforeMethod -->
        <test-method status="PASS" signature="testSuccessfulCreateNewClaimant(java.lang.String, java.lang.String, java.lang.String, java.lang.String, java.lang.String, java.lang.String, java.lang.String, java.lang.String, java.lang.String, java.lang.String, java.lang.String)[pri:0, instance:com.test1.tests.RTest@7d4793a8]" name="testSuccessfulCreateNewClaimant" duration-ms="90122" started-at="2016-05-26T11:52:15Z" data-provider="dataProvider" finished-at="2016-05-26T11:53:45Z">
          <params>
            <param index="0">
              <value>
                <![CDATA[GTO11]]>
              </value>
            </param>
            <param index="1">
              <value>
                <![CDATA[HI]]>
              </value>
            </param>
            <param index="2">
              <value>
                <![CDATA[Maui]]>
              </value>
            </param>
            <param index="3">
              <value>
                <![CDATA[Eikichi]]>
              </value>
            </param>
            <param index="4">
              <value>
                <![CDATA[Onizuka]]>
              </value>
            </param>
            <param index="5">
              <value>
                <![CDATA[111-11-1111]]>
              </value>
            </param>
            <param index="6">
              <value>
                <![CDATA[Male]]>
              </value>
            </param>
            <param index="7">
              <value>
                <![CDATA[Single]]>
              </value>
            </param>
            <param index="8">
              <value>
                <![CDATA[07]]>
              </value>
            </param>
            <param index="9">
              <value>
                <![CDATA[04]]>
              </value>
            </param>
            <param index="10">
              <value>
                <![CDATA[1987]]>
              </value>
            </param>
          </params>
          <reporter-output>
          </reporter-output>
        </test-method> <!-- testSuccessfulCreateNewClaimant -->
        <test-method status="PASS" signature="afterMethod()[pri:0, instance:com.test1.tests.RTest@7d4793a8]" name="afterMethod" is-config="true" duration-ms="1415" started-at="2016-05-26T11:53:45Z" finished-at="2016-05-26T11:53:47Z">
          <reporter-output>
          </reporter-output>
        </test-method> <!-- afterMethod -->
        <test-method status="PASS" signature="beforeMethod()[pri:0, instance:com.test1.tests.RTest@7d4793a8]" name="beforeMethod" is-config="true" duration-ms="5997" started-at="2016-05-26T11:53:47Z" finished-at="2016-05-26T11:53:53Z">
          <reporter-output>
          </reporter-output>
        </test-method> <!-- beforeMethod -->
        <test-method status="PASS" signature="testSuccessfulCreateNewClaimant(java.lang.String, java.lang.String, java.lang.String, java.lang.String, java.lang.String, java.lang.String, java.lang.String, java.lang.String, java.lang.String, java.lang.String, java.lang.String)[pri:0, instance:com.test1.tests.RTest@7d4793a8]" name="testSuccessfulCreateNewClaimant" duration-ms="92247" started-at="2016-05-26T11:53:53Z" data-provider="dataProvider" finished-at="2016-05-26T11:55:25Z">
          <params>
            <param index="0">
              <value>
                <![CDATA[GTO12]]>
              </value>
            </param>
            <param index="1">
              <value>
                <![CDATA[IL]]>
              </value>
            </param>
            <param index="2">
              <value>
                <![CDATA[Cook County]]>
              </value>
            </param>
            <param index="3">
              <value>
                <![CDATA[Urummi]]>
              </value>
            </param>
            <param index="4">
              <value>
                <![CDATA[Kanzaki]]>
              </value>
            </param>
            <param index="5">
              <value>
                <![CDATA[111-22-3344]]>
              </value>
            </param>
            <param index="6">
              <value>
                <![CDATA[Male]]>
              </value>
            </param>
            <param index="7">
              <value>
                <![CDATA[Married]]>
              </value>
            </param>
            <param index="8">
              <value>
                <![CDATA[09]]>
              </value>
            </param>
            <param index="9">
              <value>
                <![CDATA[12]]>
              </value>
            </param>
            <param index="10">
              <value>
                <![CDATA[1988]]>
              </value>
            </param>
          </params>
          <reporter-output>
          </reporter-output>
        </test-method> <!-- testSuccessfulCreateNewClaimant -->
        <test-method status="PASS" signature="afterMethod()[pri:0, instance:com.test1.tests.RTest@7d4793a8]" name="afterMethod" is-config="true" duration-ms="1474" started-at="2016-05-26T11:55:25Z" finished-at="2016-05-26T11:55:26Z">
          <reporter-output>
          </reporter-output>
        </test-method> <!-- afterMethod -->
        <test-method status="PASS" signature="beforeMethod()[pri:0, instance:com.test1.tests.RTest@7d4793a8]" name="beforeMethod" is-config="true" duration-ms="7452" started-at="2016-05-26T11:55:26Z" finished-at="2016-05-26T11:55:34Z">
          <reporter-output>
          </reporter-output>
        </test-method> <!-- beforeMethod -->
        <test-method status="PASS" signature="testSuccessfulCreateNewClaimant(java.lang.String, java.lang.String, java.lang.String, java.lang.String, java.lang.String, java.lang.String, java.lang.String, java.lang.String, java.lang.String, java.lang.String, java.lang.String)[pri:0, instance:com.test1.tests.RTest@7d4793a8]" name="testSuccessfulCreateNewClaimant" duration-ms="86534" started-at="2016-05-26T11:55:34Z" data-provider="dataProvider" finished-at="2016-05-26T11:57:00Z">
          <params>
            <param index="0">
              <value>
                <![CDATA[GTO13]]>
              </value>
            </param>
            <param index="1">
              <value>
                <![CDATA[CA]]>
              </value>
            </param>
            <param index="2">
              <value>
                <![CDATA[Santa Cruz County]]>
              </value>
            </param>
            <param index="3">
              <value>
                <![CDATA[Miyabi]]>
              </value>
            </param>
            <param index="4">
              <value>
                <![CDATA[Aizawa]]>
              </value>
            </param>
            <param index="5">
              <value>
                <![CDATA[555-55-5555]]>
              </value>
            </param>
            <param index="6">
              <value>
                <![CDATA[Male]]>
              </value>
            </param>
            <param index="7">
              <value>
                <![CDATA[Single]]>
              </value>
            </param>
            <param index="8">
              <value>
                <![CDATA[06]]>
              </value>
            </param>
            <param index="9">
              <value>
                <![CDATA[16]]>
              </value>
            </param>
            <param index="10">
              <value>
                <![CDATA[1990]]>
              </value>
            </param>
          </params>
          <reporter-output>
          </reporter-output>
        </test-method> <!-- testSuccessfulCreateNewClaimant -->
        <test-method status="PASS" signature="afterMethod()[pri:0, instance:com.test1.tests.RTest@7d4793a8]" name="afterMethod" is-config="true" duration-ms="1413" started-at="2016-05-26T11:57:00Z" finished-at="2016-05-26T11:57:02Z">
          <reporter-output>
          </reporter-output>
        </test-method> <!-- afterMethod -->
        <test-method status="PASS" signature="beforeMethod()[pri:0, instance:com.test1.tests.RTest@7d4793a8]" name="beforeMethod" is-config="true" duration-ms="8002" started-at="2016-05-26T11:57:02Z" finished-at="2016-05-26T11:57:10Z">
          <reporter-output>
          </reporter-output>
        </test-method> <!-- beforeMethod -->
        <test-method status="PASS" signature="testSuccessfulCreateNewClaimant(java.lang.String, java.lang.String, java.lang.String, java.lang.String, java.lang.String, java.lang.String, java.lang.String, java.lang.String, java.lang.String, java.lang.String, java.lang.String)[pri:0, instance:com.test1.tests.RTest@7d4793a8]" name="testSuccessfulCreateNewClaimant" duration-ms="91569" started-at="2016-05-26T11:57:10Z" data-provider="dataProvider" finished-at="2016-05-26T11:58:41Z">
          <params>
            <param index="0">
              <value>
                <![CDATA[GTO14]]>
              </value>
            </param>
            <param index="1">
              <value>
                <![CDATA[IL]]>
              </value>
            </param>
            <param index="2">
              <value>
                <![CDATA[Cook County]]>
              </value>
            </param>
            <param index="3">
              <value>
                <![CDATA[Azusa]]>
              </value>
            </param>
            <param index="4">
              <value>
                <![CDATA[Fuyutsuki]]>
              </value>
            </param>
            <param index="5">
              <value>
                <![CDATA[111-11-6666]]>
              </value>
            </param>
            <param index="6">
              <value>
                <![CDATA[Male]]>
              </value>
            </param>
            <param index="7">
              <value>
                <![CDATA[Married]]>
              </value>
            </param>
            <param index="8">
              <value>
                <![CDATA[03]]>
              </value>
            </param>
            <param index="9">
              <value>
                <![CDATA[18]]>
              </value>
            </param>
            <param index="10">
              <value>
                <![CDATA[1960]]>
              </value>
            </param>
          </params>
          <reporter-output>
          </reporter-output>
        </test-method> <!-- testSuccessfulCreateNewClaimant -->
        <test-method status="PASS" signature="afterMethod()[pri:0, instance:com.test1.tests.RTest@7d4793a8]" name="afterMethod" is-config="true" duration-ms="1468" started-at="2016-05-26T11:58:41Z" finished-at="2016-05-26T11:58:43Z">
          <reporter-output>
          </reporter-output>
        </test-method> <!-- afterMethod -->
        <test-method status="PASS" signature="beforeMethod()[pri:0, instance:com.test1.tests.RTest@7d4793a8]" name="beforeMethod" is-config="true" duration-ms="7442" started-at="2016-05-26T11:58:43Z" finished-at="2016-05-26T11:58:50Z">
          <reporter-output>
          </reporter-output>
        </test-method> <!-- beforeMethod -->
        <test-method status="PASS" signature="testSuccessfulCreateNewClaimant(java.lang.String, java.lang.String, java.lang.String, java.lang.String, java.lang.String, java.lang.String, java.lang.String, java.lang.String, java.lang.String, java.lang.String, java.lang.String)[pri:0, instance:com.test1.tests.RTest@7d4793a8]" name="testSuccessfulCreateNewClaimant" duration-ms="87370" started-at="2016-05-26T11:58:50Z" data-provider="dataProvider" finished-at="2016-05-26T12:00:18Z">
          <params>
            <param index="0">
              <value>
                <![CDATA[Trueno86]]>
              </value>
            </param>
            <param index="1">
              <value>
                <![CDATA[CO]]>
              </value>
            </param>
            <param index="2">
              <value>
                <![CDATA[Adams County]]>
              </value>
            </param>
            <param index="3">
              <value>
                <![CDATA[Takumi]]>
              </value>
            </param>
            <param index="4">
              <value>
                <![CDATA[Fujiwara]]>
              </value>
            </param>
            <param index="5">
              <value>
                <![CDATA[123-45-7777]]>
              </value>
            </param>
            <param index="6">
              <value>
                <![CDATA[Female]]>
              </value>
            </param>
            <param index="7">
              <value>
                <![CDATA[Single]]>
              </value>
            </param>
            <param index="8">
              <value>
                <![CDATA[04]]>
              </value>
            </param>
            <param index="9">
              <value>
                <![CDATA[12]]>
              </value>
            </param>
            <param index="10">
              <value>
                <![CDATA[1985]]>
              </value>
            </param>
          </params>
          <reporter-output>
          </reporter-output>
        </test-method> <!-- testSuccessfulCreateNewClaimant -->
        <test-method status="PASS" signature="afterMethod()[pri:0, instance:com.test1.tests.RTest@7d4793a8]" name="afterMethod" is-config="true" duration-ms="1415" started-at="2016-05-26T12:00:18Z" finished-at="2016-05-26T12:00:19Z">
          <reporter-output>
          </reporter-output>
        </test-method> <!-- afterMethod -->
        <test-method status="PASS" signature="beforeMethod()[pri:0, instance:com.test1.tests.RTest@7d4793a8]" name="beforeMethod" is-config="true" duration-ms="8949" started-at="2016-05-26T12:00:19Z" finished-at="2016-05-26T12:00:28Z">
          <reporter-output>
          </reporter-output>
        </test-method> <!-- beforeMethod -->
        <test-method status="PASS" signature="testSuccessfulCreateNewClaimant(java.lang.String, java.lang.String, java.lang.String, java.lang.String, java.lang.String, java.lang.String, java.lang.String, java.lang.String, java.lang.String, java.lang.String, java.lang.String)[pri:0, instance:com.test1.tests.RTest@7d4793a8]" name="testSuccessfulCreateNewClaimant" duration-ms="96834" started-at="2016-05-26T12:00:28Z" data-provider="dataProvider" finished-at="2016-05-26T12:02:05Z">
          <params>
            <param index="0">
              <value>
                <![CDATA[SUBWRX]]>
              </value>
            </param>
            <param index="1">
              <value>
                <![CDATA[GA]]>
              </value>
            </param>
            <param index="2">
              <value>
                <![CDATA[Gwinnett County]]>
              </value>
            </param>
            <param index="3">
              <value>
                <![CDATA[Bunta]]>
              </value>
            </param>
            <param index="4">
              <value>
                <![CDATA[Fujiwara]]>
              </value>
            </param>
            <param index="5">
              <value>
                <![CDATA[666-77-8888]]>
              </value>
            </param>
            <param index="6">
              <value>
                <![CDATA[Male]]>
              </value>
            </param>
            <param index="7">
              <value>
                <![CDATA[Single]]>
              </value>
            </param>
            <param index="8">
              <value>
                <![CDATA[10]]>
              </value>
            </param>
            <param index="9">
              <value>
                <![CDATA[15]]>
              </value>
            </param>
            <param index="10">
              <value>
                <![CDATA[1970]]>
              </value>
            </param>
          </params>
          <reporter-output>
          </reporter-output>
        </test-method> <!-- testSuccessfulCreateNewClaimant -->
        <test-method status="PASS" signature="afterMethod()[pri:0, instance:com.test1.tests.RTest@7d4793a8]" name="afterMethod" is-config="true" duration-ms="1427" started-at="2016-05-26T12:02:05Z" finished-at="2016-05-26T12:02:06Z">
          <reporter-output>
          </reporter-output>
        </test-method> <!-- afterMethod -->
        <test-method status="PASS" signature="beforeMethod()[pri:0, instance:com.test1.tests.RTest@7d4793a8]" name="beforeMethod" is-config="true" duration-ms="6360" started-at="2016-05-26T12:02:06Z" finished-at="2016-05-26T12:02:13Z">
          <reporter-output>
          </reporter-output>
        </test-method> <!-- beforeMethod -->
        <test-method status="PASS" signature="testSuccessfulCreateNewClaimant(java.lang.String, java.lang.String, java.lang.String, java.lang.String, java.lang.String, java.lang.String, java.lang.String, java.lang.String, java.lang.String, java.lang.String, java.lang.String)[pri:0, instance:com.test1.tests.RTest@7d4793a8]" name="testSuccessfulCreateNewClaimant" duration-ms="94939" started-at="2016-05-26T12:02:13Z" data-provider="dataProvider" finished-at="2016-05-26T12:03:48Z">
          <params>
            <param index="0">
              <value>
                <![CDATA[SILKS13]]>
              </value>
            </param>
            <param index="1">
              <value>
                <![CDATA[CA]]>
              </value>
            </param>
            <param index="2">
              <value>
                <![CDATA[San Diego County]]>
              </value>
            </param>
            <param index="3">
              <value>
                <![CDATA[Koichiro]]>
              </value>
            </param>
            <param index="4">
              <value>
                <![CDATA[Iketani]]>
              </value>
            </param>
            <param index="5">
              <value>
                <![CDATA[321-54-9876]]>
              </value>
            </param>
            <param index="6">
              <value>
                <![CDATA[Male]]>
              </value>
            </param>
            <param index="7">
              <value>
                <![CDATA[Single]]>
              </value>
            </param>
            <param index="8">
              <value>
                <![CDATA[07]]>
              </value>
            </param>
            <param index="9">
              <value>
                <![CDATA[12]]>
              </value>
            </param>
            <param index="10">
              <value>
                <![CDATA[1955]]>
              </value>
            </param>
          </params>
          <reporter-output>
          </reporter-output>
        </test-method> <!-- testSuccessfulCreateNewClaimant -->
        <test-method status="PASS" signature="afterMethod()[pri:0, instance:com.test1.tests.RTest@7d4793a8]" name="afterMethod" is-config="true" duration-ms="1413" started-at="2016-05-26T12:03:48Z" finished-at="2016-05-26T12:03:49Z">
          <reporter-output>
          </reporter-output>
        </test-method> <!-- afterMethod -->
        <test-method status="PASS" signature="beforeMethod()[pri:0, instance:com.test1.tests.RTest@7d4793a8]" name="beforeMethod" is-config="true" duration-ms="7925" started-at="2016-05-26T12:03:49Z" finished-at="2016-05-26T12:03:57Z">
          <reporter-output>
          </reporter-output>
        </test-method> <!-- beforeMethod -->
        <test-method status="PASS" signature="testSuccessfulCreateNewClaimant(java.lang.String, java.lang.String, java.lang.String, java.lang.String, java.lang.String, java.lang.String, java.lang.String, java.lang.String, java.lang.String, java.lang.String, java.lang.String)[pri:0, instance:com.test1.tests.RTest@7d4793a8]" name="testSuccessfulCreateNewClaimant" duration-ms="99764" started-at="2016-05-26T12:03:57Z" data-provider="dataProvider" finished-at="2016-05-26T12:05:37Z">
          <params>
            <param index="0">
              <value>
                <![CDATA[AE85]]>
              </value>
            </param>
            <param index="1">
              <value>
                <![CDATA[GA]]>
              </value>
            </param>
            <param index="2">
              <value>
                <![CDATA[Gwinnett County]]>
              </value>
            </param>
            <param index="3">
              <value>
                <![CDATA[Itsuki]]>
              </value>
            </param>
            <param index="4">
              <value>
                <![CDATA[Takeuchi]]>
              </value>
            </param>
            <param index="5">
              <value>
                <![CDATA[123-45-6789]]>
              </value>
            </param>
            <param index="6">
              <value>
                <![CDATA[Male]]>
              </value>
            </param>
            <param index="7">
              <value>
                <![CDATA[Married]]>
              </value>
            </param>
            <param index="8">
              <value>
                <![CDATA[11]]>
              </value>
            </param>
            <param index="9">
              <value>
                <![CDATA[23]]>
              </value>
            </param>
            <param index="10">
              <value>
                <![CDATA[1965]]>
              </value>
            </param>
          </params>
          <reporter-output>
          </reporter-output>
        </test-method> <!-- testSuccessfulCreateNewClaimant -->
        <test-method status="PASS" signature="afterMethod()[pri:0, instance:com.test1.tests.RTest@7d4793a8]" name="afterMethod" is-config="true" duration-ms="1432" started-at="2016-05-26T12:05:37Z" finished-at="2016-05-26T12:05:38Z">
          <reporter-output>
          </reporter-output>
        </test-method> <!-- afterMethod -->
        <test-method status="PASS" signature="beforeMethod()[pri:0, instance:com.test1.tests.RTest@7d4793a8]" name="beforeMethod" is-config="true" duration-ms="7617" started-at="2016-05-26T12:05:38Z" finished-at="2016-05-26T12:05:46Z">
          <reporter-output>
          </reporter-output>
        </test-method> <!-- beforeMethod -->
        <test-method status="FAIL" signature="testSuccessfulLumpsumPayAddLC(java.lang.String, java.lang.String, java.lang.String, java.lang.String, java.lang.String)[pri:0, instance:com.test1.tests.RTest@7d4793a8]" name="testSuccessfulLumpsumPayAddLC" duration-ms="64379" started-at="2016-05-26T12:05:46Z" data-provider="dataProvider" finished-at="2016-05-26T12:06:50Z">
          <params>
[...]
          <reporter-output>
          </reporter-output>
        </test-method> <!-- afterMethod -->
        <test-method status="PASS" signature="beforeMethod()[pri:0, instance:com.test1.tests.RTest@7d4793a8]" name="beforeMethod" is-config="true" duration-ms="8868" started-at="2016-05-26T12:37:17Z" finished-at="2016-05-26T12:37:26Z">
          <reporter-output>
          </reporter-output>
        </test-method> <!-- beforeMethod -->
        <test-method status="PASS" signature="testSuccessfulPurchaseLumpsumPayAdd(java.lang.String, java.lang.String, java.lang.String, java.lang.String, java.lang.String)[pri:0, instance:com.test1.tests.RTest@7d4793a8]" name="testSuccessfulPurchaseLumpsumPayAdd" duration-ms="90363" started-at="2016-05-26T12:37:26Z" data-provider="dataProvider" finished-at="2016-05-26T12:38:56Z">
          <params>
            <param index="0">
              <value>
                <![CDATA[GTO18]]>
              </value>
            </param>
            <param index="1">
              <value>
                <![CDATA[26]]>
              </value>
            </param>
            <param index="2">
              <value>
                <![CDATA[06]]>
              </value>
            </param>
            <param index="3">
              <value>
                <![CDATA[2017]]>
              </value>
            </param>
            <param index="4">
              <value>
                <![CDATA[1]]>
              </value>
            </param>
          </params>
          <reporter-output>
          </reporter-output>
        </test-method> <!-- testSuccessfulPurchaseLumpsumPayAdd -->
        <test-method status="PASS" signature="afterMethod()[pri:0, instance:com.test1.tests.RTest@7d4793a8]" name="afterMethod" is-config="true" duration-ms="1522" started-at="2016-05-26T12:38:56Z" finished-at="2016-05-26T12:38:58Z">
          <reporter-output>
          </reporter-output>
        </test-method> <!-- afterMethod -->
        <test-method status="PASS" signature="beforeMethod()[pri:0, instance:com.test1.tests.RTest@7d4793a8]" name="beforeMethod" is-config="true" duration-ms="8128" started-at="2016-05-26T12:38:58Z" finished-at="2016-05-26T12:39:06Z">
          <reporter-output>
          </reporter-output>
        </test-method> <!-- beforeMethod -->
        <test-method status="PASS" signature="testSuccessfulPurchaseLumpsumPayAdd(java.lang.String, java.lang.String, java.lang.String, java.lang.String, java.lang.String)[pri:0, instance:com.test1.tests.RTest@7d4793a8]" name="testSuccessfulPurchaseLumpsumPayAdd" duration-ms="91992" started-at="2016-05-26T12:39:06Z" data-provider="dataProvider" finished-at="2016-05-26T12:40:38Z">
          <params>
            <param index="0">
              <value>
                <![CDATA[EK9]]>
              </value>
            </param>
            <param index="1">
              <value>
                <![CDATA[12]]>
              </value>
            </param>
            <param index="2">
              <value>
                <![CDATA[07]]>
              </value>
            </param>
            <param index="3">
              <value>
                <![CDATA[2018]]>
              </value>
            </param>
            <param index="4">
              <value>
                <![CDATA[25]]>
              </value>
            </param>
          </params>
          <reporter-output>
          </reporter-output>
        </test-method> <!-- testSuccessfulPurchaseLumpsumPayAdd -->
        <test-method status="PASS" signature="afterMethod()[pri:0, instance:com.test1.tests.RTest@7d4793a8]" name="afterMethod" is-config="true" duration-ms="1423" started-at="2016-05-26T12:40:38Z" finished-at="2016-05-26T12:40:39Z">
          <reporter-output>
          </reporter-output>
        </test-method> <!-- afterMethod -->
        <test-method status="PASS" signature="beforeMethod()[pri:0, instance:com.test1.tests.RTest@7d4793a8]" name="beforeMethod" is-config="true" duration-ms="7104" started-at="2016-05-26T12:40:39Z" finished-at="2016-05-26T12:40:47Z">
          <reporter-output>
          </reporter-output>
        </test-method> <!-- beforeMethod -->
        <test-method status="FAIL" signature="testSuccessfulMonthlyPurchasePeriodicPayAdd(java.lang.String, java.lang.String, java.lang.String, java.lang.String, java.lang.String, java.lang.String, java.lang.String)[pri:0, instance:com.test1.tests.RTest@7d4793a8]" name="testSuccessfulMonthlyPurchasePeriodicPayAdd" duration-ms="47752" started-at="2016-05-26T12:40:47Z" data-provider="dataProvider" finished-at="2016-05-26T12:41:34Z">
          <params>
            <param index="0">
              <value>
                <![CDATA[Trueno86]]>
              </value>
            </param>
            <param index="1">
              <value>
                <![CDATA[01]]>
              </value>
            </param>
            <param index="2">
              <value>
                <![CDATA[07]]>
              </value>
            </param>
            <param index="3">
              <value>
                <![CDATA[2016]]>
              </value>
            </param>
            <param index="4">
              <value>
                <![CDATA[120000]]>
              </value>
            </param>
            <param index="5">
              <value>
                <![CDATA[8.0]]>
              </value>
            </param>
            <param index="6">
              <value>
                <![CDATA[Monthly]]>
              </value>
            </param>
          </params>
          <exception class="org.openqa.selenium.WebDriverException">
            <message>
              <![CDATA[unknown error: Element is not clickable at point (1091, 124). Other element would receive the click: <div class="dx-overlay-wrapper dx-dialog dx-popup-wrapper dx-dialog-wrapper dx-dialog-root dx-overlay-modal dx-overlay-shader" data-bind="dxControlsDescendantBindings: true" style="z-index: 1001; position: fixed; width: 100%; height: 100%; left: 0px; top: 0px; transform: translate(0px, 0px);">...</div>
  (Session info: chrome=50.0.2661.102)
  (Driver info: chromedriver=2.20.353145 (343b531d31eeb933ec778dbcf7081628a1396067),platform=Windows NT 6.1 SP1 x86_64) (WARNING: The server did not provide any stacktrace information)
Command duration or timeout: 34 milliseconds
Build info: version: '2.48.2', revision: '41bccdd', time: '2015-10-09 19:59:12'
System info: host: 'E5530-2340', ip: '10.0.0.73', os.name: 'Windows 7', os.arch: 'amd64', os.version: '6.1', java.version: '1.8.0_66'
Driver info: org.openqa.selenium.chrome.ChromeDriver
Capabilities [{applicationCacheEnabled=false, rotatable=false, mobileEmulationEnabled=false, chrome={userDataDir=C:\Users\jslee\AppData\Local\Temp\scoped_dir7536_15234}, takesHeapSnapshot=true, databaseEnabled=false, handlesAlerts=true, hasTouchScreen=false, version=50.0.2661.102, platform=XP, browserConnectionEnabled=false, nativeEvents=true, acceptSslCerts=true, locationContextEnabled=true, webStorageEnabled=true, browserName=chrome, takesScreenshot=true, javascriptEnabled=true, cssSelectorsEnabled=true}]
Session ID: 30cf07f4131bb83d9b51d2263265b23c]]>
            </message>
            <full-stacktrace>
              <![CDATA[org.openqa.selenium.WebDriverException: unknown error: Element is not clickable at point (1091, 124). Other element would receive the click: <div class="dx-overlay-wrapper dx-dialog dx-popup-wrapper dx-dialog-wrapper dx-dialog-root dx-overlay-modal dx-overlay-shader" data-bind="dxControlsDescendantBindings: true" style="z-index: 1001; position: fixed; width: 100%; height: 100%; left: 0px; top: 0px; transform: translate(0px, 0px);">...</div>
  (Session info: chrome=50.0.2661.102)
  (Driver info: chromedriver=2.20.353145 (343b531d31eeb933ec778dbcf7081628a1396067),platform=Windows NT 6.1 SP1 x86_64) (WARNING: The server did not provide any stacktrace information)
Command duration or timeout: 34 milliseconds
Build info: version: '2.48.2', revision: '41bccdd', time: '2015-10-09 19:59:12'
System info: host: 'E5530-2340', ip: '10.0.0.73', os.name: 'Windows 7', os.arch: 'amd64', os.version: '6.1', java.version: '1.8.0_66'
Driver info: org.openqa.selenium.chrome.ChromeDriver
Capabilities [{applicationCacheEnabled=false, rotatable=false, mobileEmulationEnabled=false, chrome={userDataDir=C:\Users\jslee\AppData\Local\Temp\scoped_dir7536_15234}, takesHeapSnapshot=true, databaseEnabled=false, handlesAlerts=true, hasTouchScreen=false, version=50.0.2661.102, platform=XP, browserConnectionEnabled=false, nativeEvents=true, acceptSslCerts=true, locationContextEnabled=true, webStorageEnabled=true, browserName=chrome, takesScreenshot=true, javascriptEnabled=true, cssSelectorsEnabled=true}]
Session ID: 30cf07f4131bb83d9b51d2263265b23c
	at sun.reflect.NativeConstructorAccessorImpl.newInstance0(Native Method)
	at sun.reflect.NativeConstructorAccessorImpl.newInstance(NativeConstructorAccessorImpl.java:62)
	at sun.reflect.DelegatingConstructorAccessorImpl.newInstance(DelegatingConstructorAccessorImpl.java:45)
	at java.lang.reflect.Constructor.newInstance(Constructor.java:422)
	at org.openqa.selenium.remote.ErrorHandler.createThrowable(ErrorHandler.java:206)
	at org.openqa.selenium.remote.ErrorHandler.throwIfResponseFailed(ErrorHandler.java:158)
	at org.openqa.selenium.remote.RemoteWebDriver.execute(RemoteWebDriver.java:647)
	at org.openqa.selenium.remote.RemoteWebElement.execute(RemoteWebElement.java:326)
	at org.openqa.selenium.remote.RemoteWebElement.click(RemoteWebElement.java:84)
	at com.test1.pages.AnnuityDetailsTab.ClickContinueToPurchDetailsLink(AnnuityDetailsTab.java:36)
	at com.test1.tests.RTest.testSuccessfulMonthlyPurchasePeriodicPayAdd(RTest.java:264)
	at sun.reflect.NativeMethodAccessorImpl.invoke0(Native Method)
	at sun.reflect.NativeMethodAccessorImpl.invoke(NativeMethodAccessorImpl.java:62)
	at sun.reflect.DelegatingMethodAccessorImpl.invoke(DelegatingMethodAccessorImpl.java:43)
	at java.lang.reflect.Method.invoke(Method.java:497)
	at org.testng.internal.MethodInvocationHelper.invokeMethod(MethodInvocationHelper.java:85)
	at org.testng.internal.Invoker.invokeMethod(Invoker.java:639)
	at org.testng.internal.Invoker.invokeTestMethod(Invoker.java:821)
	at org.testng.internal.Invoker.invokeTestMethods(Invoker.java:1131)
	at org.testng.internal.TestMethodWorker.invokeTestMethods(TestMethodWorker.java:124)
	at org.testng.internal.TestMethodWorker.run(TestMethodWorker.java:108)
	at org.testng.TestRunner.privateRun(TestRunner.java:773)
	at org.testng.TestRunner.run(TestRunner.java:623)
	at org.testng.SuiteRunner.runTest(SuiteRunner.java:357)
	at org.testng.SuiteRunner.runSequentially(SuiteRunner.java:352)
	at org.testng.SuiteRunner.privateRun(SuiteRunner.java:310)
	at org.testng.SuiteRunner.run(SuiteRunner.java:259)
	at org.testng.SuiteRunnerWorker.runSuite(SuiteRunnerWorker.java:52)
	at org.testng.SuiteRunnerWorker.run(SuiteRunnerWorker.java:86)
	at org.testng.TestNG.runSuitesSequentially(TestNG.java:1185)
	at org.testng.TestNG.runSuitesLocally(TestNG.java:1110)
	at org.testng.TestNG.run(TestNG.java:1018)
	at org.testng.TestNG.privateMain(TestNG.java:1325)
	at org.testng.TestNG.main(TestNG.java:1294)
]]>
            </full-stacktrace>
          </exception> <!-- org.openqa.selenium.WebDriverException -->
          <reporter-output>
          </reporter-output>
        </test-method> <!-- testSuccessfulMonthlyPurchasePeriodicPayAdd -->
        <test-method status="PASS" signature="afterMethod()[pri:0, instance:com.test1.tests.RTest@7d4793a8]" name="afterMethod" is-config="true" duration-ms="1406" started-at="2016-05-26T12:41:34Z" finished-at="2016-05-26T12:41:36Z">
          <reporter-output>
          </reporter-output>
        </test-method> <!-- afterMethod -->
        <test-method status="PASS" signature="beforeMethod()[pri:0, instance:com.test1.tests.RTest@7d4793a8]" name="beforeMethod" is-config="true" duration-ms="9263" started-at="2016-05-26T12:41:36Z" finished-at="2016-05-26T12:41:45Z">
          <reporter-output>
          </reporter-output>
        </test-method> <!-- beforeMethod -->
        <test-method status="FAIL" signature="testSuccessfulMonthlyPurchasePeriodicPayAdd(java.lang.String, java.lang.String, java.lang.String, java.lang.String, java.lang.String, java.lang.String, java.lang.String)[pri:0, instance:com.test1.tests.RTest@7d4793a8]" name="testSuccessfulMonthlyPurchasePeriodicPayAdd" duration-ms="50027" started-at="2016-05-26T12:41:45Z" data-provider="dataProvider" finished-at="2016-05-26T12:42:35Z">
          <params>
            <param index="0">
              <value>
                <![CDATA[SUBWRX]]>
              </value>
            </param>
            <param index="1">
              <value>
                <![CDATA[05]]>
              </value>
            </param>
            <param index="2">
              <value>
                <![CDATA[08]]>
              </value>
            </param>
            <param index="3">
              <value>
                <![CDATA[2016]]>
              </value>
            </param>
            <param index="4">
              <value>
                <![CDATA[75000]]>
              </value>
            </param>
            <param index="5">
              <value>
                <![CDATA[11.0]]>
              </value>
            </param>
            <param index="6">
              <value>
                <![CDATA[Monthly]]>
              </value>
            </param>
          </params>
          <exception class="org.openqa.selenium.WebDriverException">
            <message>
              <![CDATA[unknown error: Element is not clickable at point (1091, 124). Other element would receive the click: <div class="dx-overlay-wrapper dx-dialog dx-popup-wrapper dx-dialog-wrapper dx-dialog-root dx-overlay-modal dx-overlay-shader" data-bind="dxControlsDescendantBindings: true" style="z-index: 1001; position: fixed; width: 100%; height: 100%; left: 0px; top: 0px; transform: translate(0px, 0px);">...</div>
  (Session info: chrome=50.0.2661.102)
  (Driver info: chromedriver=2.20.353145 (343b531d31eeb933ec778dbcf7081628a1396067),platform=Windows NT 6.1 SP1 x86_64) (WARNING: The server did not provide any stacktrace information)
Command duration or timeout: 38 milliseconds
Build info: version: '2.48.2', revision: '41bccdd', time: '2015-10-09 19:59:12'
System info: host: 'E5530-2340', ip: '10.0.0.73', os.name: 'Windows 7', os.arch: 'amd64', os.version: '6.1', java.version: '1.8.0_66'
Driver info: org.openqa.selenium.chrome.ChromeDriver
Capabilities [{applicationCacheEnabled=false, rotatable=false, mobileEmulationEnabled=false, chrome={userDataDir=C:\Users\jslee\AppData\Local\Temp\scoped_dir2568_22734}, takesHeapSnapshot=true, databaseEnabled=false, handlesAlerts=true, hasTouchScreen=false, version=50.0.2661.102, platform=XP, browserConnectionEnabled=false, nativeEvents=true, acceptSslCerts=true, locationContextEnabled=true, webStorageEnabled=true, browserName=chrome, takesScreenshot=true, javascriptEnabled=true, cssSelectorsEnabled=true}]
Session ID: 38f560e3e15fcb7e81e79063dd3bd16b]]>
            </message>
            <full-stacktrace>
              <![CDATA[org.openqa.selenium.WebDriverException: unknown error: Element is not clickable at point (1091, 124). Other element would receive the click: <div class="dx-overlay-wrapper dx-dialog dx-popup-wrapper dx-dialog-wrapper dx-dialog-root dx-overlay-modal dx-overlay-shader" data-bind="dxControlsDescendantBindings: true" style="z-index: 1001; position: fixed; width: 100%; height: 100%; left: 0px; top: 0px; transform: translate(0px, 0px);">...</div>
  (Session info: chrome=50.0.2661.102)
  (Driver info: chromedriver=2.20.353145 (343b531d31eeb933ec778dbcf7081628a1396067),platform=Windows NT 6.1 SP1 x86_64) (WARNING: The server did not provide any stacktrace information)
Command duration or timeout: 38 milliseconds
Build info: version: '2.48.2', revision: '41bccdd', time: '2015-10-09 19:59:12'
System info: host: 'E5530-2340', ip: '10.0.0.73', os.name: 'Windows 7', os.arch: 'amd64', os.version: '6.1', java.version: '1.8.0_66'
Driver info: org.openqa.selenium.chrome.ChromeDriver
Capabilities [{applicationCacheEnabled=false, rotatable=false, mobileEmulationEnabled=false, chrome={userDataDir=C:\Users\jslee\AppData\Local\Temp\scoped_dir2568_22734}, takesHeapSnapshot=true, databaseEnabled=false, handlesAlerts=true, hasTouchScreen=false, version=50.0.2661.102, platform=XP, browserConnectionEnabled=false, nativeEvents=true, acceptSslCerts=true, locationContextEnabled=true, webStorageEnabled=true, browserName=chrome, takesScreenshot=true, javascriptEnabled=true, cssSelectorsEnabled=true}]
Session ID: 38f560e3e15fcb7e81e79063dd3bd16b
	at sun.reflect.NativeConstructorAccessorImpl.newInstance0(Native Method)
	at sun.reflect.NativeConstructorAccessorImpl.newInstance(NativeConstructorAccessorImpl.java:62)
	at sun.reflect.DelegatingConstructorAccessorImpl.newInstance(DelegatingConstructorAccessorImpl.java:45)
	at java.lang.reflect.Constructor.newInstance(Constructor.java:422)
	at org.openqa.selenium.remote.ErrorHandler.createThrowable(ErrorHandler.java:206)
	at org.openqa.selenium.remote.ErrorHandler.throwIfResponseFailed(ErrorHandler.java:158)
	at org.openqa.selenium.remote.RemoteWebDriver.execute(RemoteWebDriver.java:647)
	at org.openqa.selenium.remote.RemoteWebElement.execute(RemoteWebElement.java:326)
	at org.openqa.selenium.remote.RemoteWebElement.click(RemoteWebElement.java:84)
	at com.test1.pages.AnnuityDetailsTab.ClickContinueToPurchDetailsLink(AnnuityDetailsTab.java:36)
	at com.test1.tests.RTest.testSuccessfulMonthlyPurchasePeriodicPayAdd(RTest.java:264)
	at sun.reflect.NativeMethodAccessorImpl.invoke0(Native Method)
	at sun.reflect.NativeMethodAccessorImpl.invoke(NativeMethodAccessorImpl.java:62)
	at sun.reflect.DelegatingMethodAccessorImpl.invoke(DelegatingMethodAccessorImpl.java:43)
	at java.lang.reflect.Method.invoke(Method.java:497)
	at org.testng.internal.MethodInvocationHelper.invokeMethod(MethodInvocationHelper.java:85)
	at org.testng.internal.Invoker.invokeMethod(Invoker.java:639)
	at org.testng.internal.Invoker.invokeTestMethod(Invoker.java:821)
	at org.testng.internal.Invoker.invokeTestMethods(Invoker.java:1131)
	at org.testng.internal.TestMethodWorker.invokeTestMethods(TestMethodWorker.java:124)
	at org.testng.internal.TestMethodWorker.run(TestMethodWorker.java:108)
	at org.testng.TestRunner.privateRun(TestRunner.java:773)
	at org.testng.TestRunner.run(TestRunner.java:623)
	at org.testng.SuiteRunner.runTest(SuiteRunner.java:357)
	at org.testng.SuiteRunner.runSequentially(SuiteRunner.java:352)
	at org.testng.SuiteRunner.privateRun(SuiteRunner.java:310)
	at org.testng.SuiteRunner.run(SuiteRunner.java:259)
	at org.testng.SuiteRunnerWorker.runSuite(SuiteRunnerWorker.java:52)
	at org.testng.SuiteRunnerWorker.run(SuiteRunnerWorker.java:86)
	at org.testng.TestNG.runSuitesSequentially(TestNG.java:1185)
	at org.testng.TestNG.runSuitesLocally(TestNG.java:1110)
	at org.testng.TestNG.run(TestNG.java:1018)
	at org.testng.TestNG.privateMain(TestNG.java:1325)
	at org.testng.TestNG.main(TestNG.java:1294)
]]>
            </full-stacktrace>
          </exception> <!-- org.openqa.selenium.WebDriverException -->
          <reporter-output>
          </reporter-output>
        </test-method> <!-- testSuccessfulMonthlyPurchasePeriodicPayAdd -->
        <test-method status="PASS" signature="afterMethod()[pri:0, instance:com.test1.tests.RTest@7d4793a8]" name="afterMethod" is-config="true" duration-ms="1425" started-at="2016-05-26T12:42:35Z" finished-at="2016-05-26T12:42:36Z">
          <reporter-output>
          </reporter-output>
        </test-method> <!-- afterMethod -->
      </class> <!-- com.test1.tests.RTest -->
    </test> <!-- Ant test -->
  </suite> <!-- Ant suite -->
</testng-results>
