<?xml version="1.0" encoding="UTF-8"?>
<testng-results skipped="35" failed="2" total="70" passed="33">
  <reporter-output>
  </reporter-output>
  <suite name="Ant suite" duration-ms="2682495" started-at="2016-06-10T10:51:45Z" finished-at="2016-06-10T11:36:28Z">
    <groups>
    </groups>
    <test name="Ant test" duration-ms="2682495" started-at="2016-06-10T10:51:45Z" finished-at="2016-06-10T11:36:28Z">
      <class name="com.test1.tests.RTest">
        <test-method status="PASS" signature="beforSuite()[pri:0, instance:com.test1.tests.RTest@7d4793a8]" name="beforSuite" is-config="true" duration-ms="15" started-at="2016-06-10T06:51:45Z" finished-at="2016-06-10T06:51:45Z">
          <reporter-output>
          </reporter-output>
        </test-method> <!-- beforSuite -->
        <test-method status="PASS" signature="beforeMethod()[pri:0, instance:com.test1.tests.RTest@7d4793a8]" name="beforeMethod" is-config="true" duration-ms="10590" started-at="2016-06-10T06:51:46Z" finished-at="2016-06-10T06:51:57Z">
          <reporter-output>
          </reporter-output>
        </test-method> <!-- beforeMethod -->
        <test-method status="PASS" signature="testSuccessfulAddNewCase(java.lang.String, java.lang.String, java.lang.String)[pri:0, instance:com.test1.tests.RTest@7d4793a8]" name="testSuccessfulAddNewCase" duration-ms="39916" started-at="2016-06-10T06:51:57Z" data-provider="dataProvider" finished-at="2016-06-10T06:52:37Z">
          <params>
            <param index="0">
              <value>
                <![CDATA[GTO11]]>
              </value>
            </param>
            <param index="1">
              <value>
                <![CDATA[Eikichi]]>
              </value>
            </param>
            <param index="2">
              <value>
                <![CDATA[Onizuka]]>
              </value>
            </param>
          </params>
          <reporter-output>
          </reporter-output>
        </test-method> <!-- testSuccessfulAddNewCase -->
        <test-method status="PASS" signature="afterMethod()[pri:0, instance:com.test1.tests.RTest@7d4793a8]" name="afterMethod" is-config="true" duration-ms="2380" started-at="2016-06-10T06:52:37Z" finished-at="2016-06-10T06:52:39Z">
          <reporter-output>
          </reporter-output>
        </test-method> <!-- afterMethod -->
        <test-method status="PASS" signature="beforeMethod()[pri:0, instance:com.test1.tests.RTest@7d4793a8]" name="beforeMethod" is-config="true" duration-ms="8712" started-at="2016-06-10T06:52:39Z" finished-at="2016-06-10T06:52:48Z">
          <reporter-output>
          </reporter-output>
        </test-method> <!-- beforeMethod -->
        <test-method status="PASS" signature="testSuccessfulAddNewCase(java.lang.String, java.lang.String, java.lang.String)[pri:0, instance:com.test1.tests.RTest@7d4793a8]" name="testSuccessfulAddNewCase" duration-ms="40296" started-at="2016-06-10T06:52:48Z" data-provider="dataProvider" finished-at="2016-06-10T06:53:28Z">
          <params>
            <param index="0">
              <value>
                <![CDATA[GTO12]]>
              </value>
            </param>
            <param index="1">
              <value>
                <![CDATA[Urummi]]>
              </value>
            </param>
            <param index="2">
              <value>
                <![CDATA[Kanzaki]]>
              </value>
            </param>
          </params>
          <reporter-output>
          </reporter-output>
        </test-method> <!-- testSuccessfulAddNewCase -->
        <test-method status="PASS" signature="afterMethod()[pri:0, instance:com.test1.tests.RTest@7d4793a8]" name="afterMethod" is-config="true" duration-ms="1384" started-at="2016-06-10T06:53:28Z" finished-at="2016-06-10T06:53:29Z">
          <reporter-output>
          </reporter-output>
        </test-method> <!-- afterMethod -->
        <test-method status="PASS" signature="beforeMethod()[pri:0, instance:com.test1.tests.RTest@7d4793a8]" name="beforeMethod" is-config="true" duration-ms="6925" started-at="2016-06-10T06:53:29Z" finished-at="2016-06-10T06:53:36Z">
          <reporter-output>
          </reporter-output>
        </test-method> <!-- beforeMethod -->
        <test-method status="PASS" signature="testSuccessfulAddNewCase(java.lang.String, java.lang.String, java.lang.String)[pri:0, instance:com.test1.tests.RTest@7d4793a8]" name="testSuccessfulAddNewCase" duration-ms="38783" started-at="2016-06-10T06:53:36Z" data-provider="dataProvider" finished-at="2016-06-10T06:54:15Z">
          <params>
            <param index="0">
              <value>
                <![CDATA[GTO13]]>
              </value>
            </param>
            <param index="1">
              <value>
                <![CDATA[Miyabi]]>
              </value>
            </param>
            <param index="2">
              <value>
                <![CDATA[Aizawa]]>
              </value>
            </param>
          </params>
          <reporter-output>
          </reporter-output>
        </test-method> <!-- testSuccessfulAddNewCase -->
        <test-method status="PASS" signature="afterMethod()[pri:0, instance:com.test1.tests.RTest@7d4793a8]" name="afterMethod" is-config="true" duration-ms="1406" started-at="2016-06-10T06:54:15Z" finished-at="2016-06-10T06:54:16Z">
          <reporter-output>
          </reporter-output>
        </test-method> <!-- afterMethod -->
        <test-method status="PASS" signature="beforeMethod()[pri:0, instance:com.test1.tests.RTest@7d4793a8]" name="beforeMethod" is-config="true" duration-ms="7351" started-at="2016-06-10T06:54:16Z" finished-at="2016-06-10T06:54:24Z">
          <reporter-output>
          </reporter-output>
        </test-method> <!-- beforeMethod -->
        <test-method status="PASS" signature="testSuccessfulAddNewCase(java.lang.String, java.lang.String, java.lang.String)[pri:0, instance:com.test1.tests.RTest@7d4793a8]" name="testSuccessfulAddNewCase" duration-ms="38573" started-at="2016-06-10T06:54:24Z" data-provider="dataProvider" finished-at="2016-06-10T06:55:02Z">
          <params>
            <param index="0">
              <value>
                <![CDATA[GTO14]]>
              </value>
            </param>
            <param index="1">
              <value>
                <![CDATA[Azusa]]>
              </value>
            </param>
            <param index="2">
              <value>
                <![CDATA[Fuyutsuki]]>
              </value>
            </param>
          </params>
          <reporter-output>
          </reporter-output>
        </test-method> <!-- testSuccessfulAddNewCase -->
        <test-method status="PASS" signature="afterMethod()[pri:0, instance:com.test1.tests.RTest@7d4793a8]" name="afterMethod" is-config="true" duration-ms="1385" started-at="2016-06-10T06:55:02Z" finished-at="2016-06-10T06:55:04Z">
          <reporter-output>
          </reporter-output>
        </test-method> <!-- afterMethod -->
        <test-method status="PASS" signature="beforeMethod()[pri:0, instance:com.test1.tests.RTest@7d4793a8]" name="beforeMethod" is-config="true" duration-ms="6724" started-at="2016-06-10T06:55:04Z" finished-at="2016-06-10T06:55:10Z">
          <reporter-output>
          </reporter-output>
        </test-method> <!-- beforeMethod -->
        <test-method status="PASS" signature="testSuccessfulAddNewCase(java.lang.String, java.lang.String, java.lang.String)[pri:0, instance:com.test1.tests.RTest@7d4793a8]" name="testSuccessfulAddNewCase" duration-ms="39471" started-at="2016-06-10T06:55:10Z" data-provider="dataProvider" finished-at="2016-06-10T06:55:50Z">
          <params>
            <param index="0">
              <value>
                <![CDATA[GTO15]]>
              </value>
            </param>
            <param index="1">
              <value>
                <![CDATA[Anko]]>
              </value>
            </param>
            <param index="2">
              <value>
                <![CDATA[Uehara]]>
              </value>
            </param>
          </params>
          <reporter-output>
          </reporter-output>
        </test-method> <!-- testSuccessfulAddNewCase -->
        <test-method status="PASS" signature="afterMethod()[pri:0, instance:com.test1.tests.RTest@7d4793a8]" name="afterMethod" is-config="true" duration-ms="1438" started-at="2016-06-10T06:55:50Z" finished-at="2016-06-10T06:55:51Z">
          <reporter-output>
          </reporter-output>
        </test-method> <!-- afterMethod -->
        <test-method status="PASS" signature="beforeMethod()[pri:0, instance:com.test1.tests.RTest@7d4793a8]" name="beforeMethod" is-config="true" duration-ms="8794" started-at="2016-06-10T06:55:51Z" finished-at="2016-06-10T06:56:00Z">
          <reporter-output>
          </reporter-output>
        </test-method> <!-- beforeMethod -->
        <test-method status="PASS" signature="testSuccessfulAddNewCase(java.lang.String, java.lang.String, java.lang.String)[pri:0, instance:com.test1.tests.RTest@7d4793a8]" name="testSuccessfulAddNewCase" duration-ms="38059" started-at="2016-06-10T06:56:00Z" data-provider="dataProvider" finished-at="2016-06-10T06:56:38Z">
          <params>
            <param index="0">
              <value>
                <![CDATA[GTO16]]>
              </value>
            </param>
            <param index="1">
              <value>
                <![CDATA[Ryuji]]>
              </value>
            </param>
            <param index="2">
              <value>
                <![CDATA[Danma]]>
              </value>
            </param>
          </params>
          <reporter-output>
          </reporter-output>
        </test-method> <!-- testSuccessfulAddNewCase -->
        <test-method status="PASS" signature="afterMethod()[pri:0, instance:com.test1.tests.RTest@7d4793a8]" name="afterMethod" is-config="true" duration-ms="1383" started-at="2016-06-10T06:56:38Z" finished-at="2016-06-10T06:56:40Z">
          <reporter-output>
          </reporter-output>
        </test-method> <!-- afterMethod -->
        <test-method status="PASS" signature="beforeMethod()[pri:0, instance:com.test1.tests.RTest@7d4793a8]" name="beforeMethod" is-config="true" duration-ms="7995" started-at="2016-06-10T06:56:40Z" finished-at="2016-06-10T06:56:48Z">
          <reporter-output>
          </reporter-output>
        </test-method> <!-- beforeMethod -->
        <test-method status="PASS" signature="testSuccessfulAddNewCase(java.lang.String, java.lang.String, java.lang.String)[pri:0, instance:com.test1.tests.RTest@7d4793a8]" name="testSuccessfulAddNewCase" duration-ms="40120" started-at="2016-06-10T06:56:48Z" data-provider="dataProvider" finished-at="2016-06-10T06:57:28Z">
          <params>
            <param index="0">
              <value>
                <![CDATA[GTO17]]>
              </value>
            </param>
            <param index="1">
              <value>
                <![CDATA[Noboru]]>
              </value>
            </param>
            <param index="2">
              <value>
                <![CDATA[Yoshikawa]]>
              </value>
            </param>
          </params>
          <reporter-output>
          </reporter-output>
        </test-method> <!-- testSuccessfulAddNewCase -->
        <test-method status="PASS" signature="afterMethod()[pri:0, instance:com.test1.tests.RTest@7d4793a8]" name="afterMethod" is-config="true" duration-ms="1422" started-at="2016-06-10T06:57:28Z" finished-at="2016-06-10T06:57:29Z">
          <reporter-output>
          </reporter-output>
        </test-method> <!-- afterMethod -->
        <test-method status="PASS" signature="beforeMethod()[pri:0, instance:com.test1.tests.RTest@7d4793a8]" name="beforeMethod" is-config="true" duration-ms="7934" started-at="2016-06-10T06:57:29Z" finished-at="2016-06-10T06:57:37Z">
          <reporter-output>
          </reporter-output>
        </test-method> <!-- beforeMethod -->
        <test-method status="PASS" signature="testSuccessfulAddNewCase(java.lang.String, java.lang.String, java.lang.String)[pri:0, instance:com.test1.tests.RTest@7d4793a8]" name="testSuccessfulAddNewCase" duration-ms="38620" started-at="2016-06-10T06:57:37Z" data-provider="dataProvider" finished-at="2016-06-10T06:58:16Z">
          <params>
            <param index="0">
              <value>
                <![CDATA[GTO18]]>
              </value>
            </param>
            <param index="1">
              <value>
                <![CDATA[Nanako]]>
              </value>
            </param>
            <param index="2">
              <value>
                <![CDATA[Mizuki]]>
              </value>
            </param>
          </params>
          <reporter-output>
          </reporter-output>
        </test-method> <!-- testSuccessfulAddNewCase -->
        <test-method status="PASS" signature="afterMethod()[pri:0, instance:com.test1.tests.RTest@7d4793a8]" name="afterMethod" is-config="true" duration-ms="1571" started-at="2016-06-10T06:58:16Z" finished-at="2016-06-10T06:58:17Z">
          <reporter-output>
          </reporter-output>
        </test-method> <!-- afterMethod -->
        <test-method status="PASS" signature="beforeMethod()[pri:0, instance:com.test1.tests.RTest@7d4793a8]" name="beforeMethod" is-config="true" duration-ms="8466" started-at="2016-06-10T06:58:17Z" finished-at="2016-06-10T06:58:26Z">
          <reporter-output>
          </reporter-output>
        </test-method> <!-- beforeMethod -->
        <test-method status="PASS" signature="testSuccessfulAddNewPriorDealCase(java.lang.String, java.lang.String, java.lang.String)[pri:0, instance:com.test1.tests.RTest@7d4793a8]" name="testSuccessfulAddNewPriorDealCase" duration-ms="41088" started-at="2016-06-10T06:58:26Z" data-provider="dataProvider" finished-at="2016-06-10T06:59:07Z">
          <params>
            <param index="0">
              <value>
                <![CDATA[Trueno86]]>
              </value>
            </param>
            <param index="1">
              <value>
                <![CDATA[Takumi]]>
              </value>
            </param>
            <param index="2">
              <value>
                <![CDATA[Fujiwara]]>
              </value>
            </param>
          </params>
          <reporter-output>
          </reporter-output>
        </test-method> <!-- testSuccessfulAddNewPriorDealCase -->
        <test-method status="PASS" signature="afterMethod()[pri:0, instance:com.test1.tests.RTest@7d4793a8]" name="afterMethod" is-config="true" duration-ms="1420" started-at="2016-06-10T06:59:07Z" finished-at="2016-06-10T06:59:08Z">
          <reporter-output>
          </reporter-output>
        </test-method> <!-- afterMethod -->
        <test-method status="PASS" signature="beforeMethod()[pri:0, instance:com.test1.tests.RTest@7d4793a8]" name="beforeMethod" is-config="true" duration-ms="8224" started-at="2016-06-10T06:59:08Z" finished-at="2016-06-10T06:59:17Z">
          <reporter-output>
          </reporter-output>
        </test-method> <!-- beforeMethod -->
        <test-method status="PASS" signature="testSuccessfulAddNewPriorDealCase(java.lang.String, java.lang.String, java.lang.String)[pri:0, instance:com.test1.tests.RTest@7d4793a8]" name="testSuccessfulAddNewPriorDealCase" duration-ms="41002" started-at="2016-06-10T06:59:17Z" data-provider="dataProvider" finished-at="2016-06-10T06:59:58Z">
          <params>
            <param index="0">
              <value>
                <![CDATA[SUBWRX]]>
              </value>
            </param>
            <param index="1">
              <value>
                <![CDATA[Bunta]]>
              </value>
            </param>
            <param index="2">
              <value>
                <![CDATA[Fujiwara]]>
              </value>
            </param>
          </params>
          <reporter-output>
          </reporter-output>
        </test-method> <!-- testSuccessfulAddNewPriorDealCase -->
        <test-method status="PASS" signature="afterMethod()[pri:0, instance:com.test1.tests.RTest@7d4793a8]" name="afterMethod" is-config="true" duration-ms="1413" started-at="2016-06-10T06:59:58Z" finished-at="2016-06-10T06:59:59Z">
          <reporter-output>
          </reporter-output>
        </test-method> <!-- afterMethod -->
        <test-method status="PASS" signature="beforeMethod()[pri:0, instance:com.test1.tests.RTest@7d4793a8]" name="beforeMethod" is-config="true" duration-ms="6701" started-at="2016-06-10T06:59:59Z" finished-at="2016-06-10T07:00:06Z">
          <reporter-output>
          </reporter-output>
        </test-method> <!-- beforeMethod -->
        <test-method status="PASS" signature="testSuccessfulAddNewPriorDealCase(java.lang.String, java.lang.String, java.lang.String)[pri:0, instance:com.test1.tests.RTest@7d4793a8]" name="testSuccessfulAddNewPriorDealCase" duration-ms="40879" started-at="2016-06-10T07:00:06Z" data-provider="dataProvider" finished-at="2016-06-10T07:00:47Z">
          <params>
            <param index="0">
              <value>
                <![CDATA[SILKS13]]>
              </value>
            </param>
            <param index="1">
              <value>
                <![CDATA[Koichiro]]>
              </value>
            </param>
            <param index="2">
              <value>
                <![CDATA[Iketani]]>
              </value>
            </param>
          </params>
          <reporter-output>
          </reporter-output>
        </test-method> <!-- testSuccessfulAddNewPriorDealCase -->
        <test-method status="PASS" signature="afterMethod()[pri:0, instance:com.test1.tests.RTest@7d4793a8]" name="afterMethod" is-config="true" duration-ms="1423" started-at="2016-06-10T07:00:47Z" finished-at="2016-06-10T07:00:48Z">
          <reporter-output>
          </reporter-output>
        </test-method> <!-- afterMethod -->
        <test-method status="PASS" signature="beforeMethod()[pri:0, instance:com.test1.tests.RTest@7d4793a8]" name="beforeMethod" is-config="true" duration-ms="9145" started-at="2016-06-10T07:00:48Z" finished-at="2016-06-10T07:00:57Z">
          <reporter-output>
          </reporter-output>
        </test-method> <!-- beforeMethod -->
        <test-method status="PASS" signature="testSuccessfulAddNewPriorDealCase(java.lang.String, java.lang.String, java.lang.String)[pri:0, instance:com.test1.tests.RTest@7d4793a8]" name="testSuccessfulAddNewPriorDealCase" duration-ms="42075" started-at="2016-06-10T07:00:57Z" data-provider="dataProvider" finished-at="2016-06-10T07:01:39Z">
          <params>
            <param index="0">
              <value>
                <![CDATA[AE85]]>
              </value>
            </param>
            <param index="1">
              <value>
                <![CDATA[Itsuki]]>
              </value>
            </param>
            <param index="2">
              <value>
                <![CDATA[Takeuchi]]>
              </value>
            </param>
          </params>
          <reporter-output>
          </reporter-output>
        </test-method> <!-- testSuccessfulAddNewPriorDealCase -->
        <test-method status="PASS" signature="afterMethod()[pri:0, instance:com.test1.tests.RTest@7d4793a8]" name="afterMethod" is-config="true" duration-ms="1381" started-at="2016-06-10T07:01:39Z" finished-at="2016-06-10T07:01:41Z">
          <reporter-output>
          </reporter-output>
        </test-method> <!-- afterMethod -->
        <test-method status="PASS" signature="beforeMethod()[pri:0, instance:com.test1.tests.RTest@7d4793a8]" name="beforeMethod" is-config="true" duration-ms="7409" started-at="2016-06-10T07:01:41Z" finished-at="2016-06-10T07:01:48Z">
          <reporter-output>
          </reporter-output>
        </test-method> <!-- beforeMethod -->
        <test-method status="PASS" signature="testSuccessfulAddNewPriorDealCase(java.lang.String, java.lang.String, java.lang.String)[pri:0, instance:com.test1.tests.RTest@7d4793a8]" name="testSuccessfulAddNewPriorDealCase" duration-ms="40545" started-at="2016-06-10T07:01:48Z" data-provider="dataProvider" finished-at="2016-06-10T07:02:29Z">
          <params>
            <param index="0">
              <value>
                <![CDATA[RPS13]]>
              </value>
            </param>
            <param index="1">
              <value>
                <![CDATA[Kenji]]>
              </value>
            </param>
            <param index="2">
              <value>
                <![CDATA[Kenji]]>
              </value>
            </param>
          </params>
          <reporter-output>
          </reporter-output>
        </test-method> <!-- testSuccessfulAddNewPriorDealCase -->
        <test-method status="PASS" signature="afterMethod()[pri:0, instance:com.test1.tests.RTest@7d4793a8]" name="afterMethod" is-config="true" duration-ms="1426" started-at="2016-06-10T07:02:29Z" finished-at="2016-06-10T07:02:30Z">
          <reporter-output>
          </reporter-output>
        </test-method> <!-- afterMethod -->
        <test-method status="PASS" signature="beforeMethod()[pri:0, instance:com.test1.tests.RTest@7d4793a8]" name="beforeMethod" is-config="true" duration-ms="7545" started-at="2016-06-10T07:02:30Z" finished-at="2016-06-10T07:02:38Z">
          <reporter-output>
          </reporter-output>
        </test-method> <!-- beforeMethod -->
        <test-method status="FAIL" signature="testSuccessfulAddNewPriorDealCase(java.lang.String, java.lang.String, java.lang.String)[pri:0, instance:com.test1.tests.RTest@7d4793a8]" name="testSuccessfulAddNewPriorDealCase" duration-ms="4784" started-at="2016-06-10T07:02:38Z" data-provider="dataProvider" finished-at="2016-06-10T07:02:42Z">
          <params>
            <param index="0">
              <value>
                <![CDATA[CE9A]]>
              </value>
            </param>
            <param index="1">
              <value>
                <![CDATA[Kyoichi]]>
              </value>
            </param>
            <param index="2">
              <value>
                <![CDATA[Sudo]]>
              </value>
            </param>
          </params>
          <exception class="org.openqa.selenium.ElementNotVisibleException">
            <message>
              <![CDATA[element not visible
  (Session info: chrome=51.0.2704.84)
  (Driver info: chromedriver=2.20.353145 (343b531d31eeb933ec778dbcf7081628a1396067),platform=Windows NT 6.1 SP1 x86_64) (WARNING: The server did not provide any stacktrace information)
Command duration or timeout: 62 milliseconds
Build info: version: '2.48.2', revision: '41bccdd', time: '2015-10-09 19:59:12'
System info: host: 'E5530-2340', ip: '10.0.0.178', os.name: 'Windows 7', os.arch: 'amd64', os.version: '6.1', java.version: '1.8.0_66'
Driver info: org.openqa.selenium.chrome.ChromeDriver
Capabilities [{applicationCacheEnabled=false, rotatable=false, mobileEmulationEnabled=false, chrome={userDataDir=C:\Users\jslee\AppData\Local\Temp\scoped_dir5836_25778}, takesHeapSnapshot=true, databaseEnabled=false, handlesAlerts=true, hasTouchScreen=false, version=51.0.2704.84, platform=XP, browserConnectionEnabled=false, nativeEvents=true, acceptSslCerts=true, locationContextEnabled=true, webStorageEnabled=true, browserName=chrome, takesScreenshot=true, javascriptEnabled=true, cssSelectorsEnabled=true}]
Session ID: 22c9d484ae0b9bd4c541bcaab3bb70bb]]>
            </message>
            <full-stacktrace>
              <![CDATA[org.openqa.selenium.ElementNotVisibleException: element not visible
  (Session info: chrome=51.0.2704.84)
  (Driver info: chromedriver=2.20.353145 (343b531d31eeb933ec778dbcf7081628a1396067),platform=Windows NT 6.1 SP1 x86_64) (WARNING: The server did not provide any stacktrace information)
Command duration or timeout: 62 milliseconds
Build info: version: '2.48.2', revision: '41bccdd', time: '2015-10-09 19:59:12'
System info: host: 'E5530-2340', ip: '10.0.0.178', os.name: 'Windows 7', os.arch: 'amd64', os.version: '6.1', java.version: '1.8.0_66'
Driver info: org.openqa.selenium.chrome.ChromeDriver
Capabilities [{applicationCacheEnabled=false, rotatable=false, mobileEmulationEnabled=false, chrome={userDataDir=C:\Users\jslee\AppData\Local\Temp\scoped_dir5836_25778}, takesHeapSnapshot=true, databaseEnabled=false, handlesAlerts=true, hasTouchScreen=false, version=51.0.2704.84, platform=XP, browserConnectionEnabled=false, nativeEvents=true, acceptSslCerts=true, locationContextEnabled=true, webStorageEnabled=true, browserName=chrome, takesScreenshot=true, javascriptEnabled=true, cssSelectorsEnabled=true}]
Session ID: 22c9d484ae0b9bd4c541bcaab3bb70bb
	at sun.reflect.NativeConstructorAccessorImpl.newInstance0(Native Method)
	at sun.reflect.NativeConstructorAccessorImpl.newInstance(NativeConstructorAccessorImpl.java:62)
	at sun.reflect.DelegatingConstructorAccessorImpl.newInstance(DelegatingConstructorAccessorImpl.java:45)
	at java.lang.reflect.Constructor.newInstance(Constructor.java:422)
	at org.openqa.selenium.remote.ErrorHandler.createThrowable(ErrorHandler.java:206)
	at org.openqa.selenium.remote.ErrorHandler.throwIfResponseFailed(ErrorHandler.java:158)
	at org.openqa.selenium.remote.RemoteWebDriver.execute(RemoteWebDriver.java:647)
	at org.openqa.selenium.remote.RemoteWebElement.execute(RemoteWebElement.java:326)
	at org.openqa.selenium.remote.RemoteWebElement.click(RemoteWebElement.java:84)
	at com.test1.pages.PageBase.ClickResearchCasesLink(PageBase.java:35)
	at com.test1.tests.RTest.testSuccessfulAddNewPriorDealCase(RTest.java:56)
	at sun.reflect.NativeMethodAccessorImpl.invoke0(Native Method)
	at sun.reflect.NativeMethodAccessorImpl.invoke(NativeMethodAccessorImpl.java:62)
	at sun.reflect.DelegatingMethodAccessorImpl.invoke(DelegatingMethodAccessorImpl.java:43)
	at java.lang.reflect.Method.invoke(Method.java:497)
	at org.testng.internal.MethodInvocationHelper.invokeMethod(MethodInvocationHelper.java:85)
	at org.testng.internal.Invoker.invokeMethod(Invoker.java:639)
	at org.testng.internal.Invoker.invokeTestMethod(Invoker.java:821)
	at org.testng.internal.Invoker.invokeTestMethods(Invoker.java:1131)
	at org.testng.internal.TestMethodWorker.invokeTestMethods(TestMethodWorker.java:124)
	at org.testng.internal.TestMethodWorker.run(TestMethodWorker.java:108)
	at org.testng.TestRunner.privateRun(TestRunner.java:773)
	at org.testng.TestRunner.run(TestRunner.java:623)
	at org.testng.SuiteRunner.runTest(SuiteRunner.java:357)
	at org.testng.SuiteRunner.runSequentially(SuiteRunner.java:352)
	at org.testng.SuiteRunner.privateRun(SuiteRunner.java:310)
	at org.testng.SuiteRunner.run(SuiteRunner.java:259)
	at org.testng.SuiteRunnerWorker.runSuite(SuiteRunnerWorker.java:52)
	at org.testng.SuiteRunnerWorker.run(SuiteRunnerWorker.java:86)
	at org.testng.TestNG.runSuitesSequentially(TestNG.java:1185)
	at org.testng.TestNG.runSuitesLocally(TestNG.java:1110)
	at org.testng.TestNG.run(TestNG.java:1018)
	at org.testng.TestNG.privateMain(TestNG.java:1325)
	at org.testng.TestNG.main(TestNG.java:1294)
]]>
            </full-stacktrace>
          </exception> <!-- org.openqa.selenium.ElementNotVisibleException -->
          <reporter-output>
          </reporter-output>
        </test-method> <!-- testSuccessfulAddNewPriorDealCase -->
        <test-method status="PASS" signature="afterMethod()[pri:0, instance:com.test1.tests.RTest@7d4793a8]" name="afterMethod" is-config="true" duration-ms="1372" started-at="2016-06-10T07:02:42Z" finished-at="2016-06-10T07:02:44Z">
          <reporter-output>
          </reporter-output>
        </test-method> <!-- afterMethod -->
        <test-method status="PASS" signature="beforeMethod()[pri:0, instance:com.test1.tests.RTest@7d4793a8]" name="beforeMethod" is-config="true" duration-ms="8096" started-at="2016-06-10T07:02:44Z" finished-at="2016-06-10T07:02:52Z">
          <reporter-output>
          </reporter-output>
        </test-method> <!-- beforeMethod -->
        <test-method status="PASS" signature="testSuccessfulAddNewPriorDealCase(java.lang.String, java.lang.String, java.lang.String)[pri:0, instance:com.test1.tests.RTest@7d4793a8]" name="testSuccessfulAddNewPriorDealCase" duration-ms="42018" started-at="2016-06-10T07:02:52Z" data-provider="dataProvider" finished-at="2016-06-10T07:03:34Z">
          <params>
            <param index="0">
              <value>
                <![CDATA[CN9A]]>
              </value>
            </param>
            <param index="1">
              <value>
                <![CDATA[Seiji]]>
              </value>
            </param>
            <param index="2">
              <value>
                <![CDATA[Iwaki]]>
              </value>
            </param>
          </params>
          <reporter-output>
          </reporter-output>
        </test-method> <!-- testSuccessfulAddNewPriorDealCase -->
        <test-method status="PASS" signature="afterMethod()[pri:0, instance:com.test1.tests.RTest@7d4793a8]" name="afterMethod" is-config="true" duration-ms="1452" started-at="2016-06-10T07:03:34Z" finished-at="2016-06-10T07:03:35Z">
          <reporter-output>
          </reporter-output>
        </test-method> <!-- afterMethod -->
        <test-method status="PASS" signature="beforeMethod()[pri:0, instance:com.test1.tests.RTest@7d4793a8]" name="beforeMethod" is-config="true" duration-ms="9420" started-at="2016-06-10T07:03:35Z" finished-at="2016-06-10T07:03:45Z">
          <reporter-output>
          </reporter-output>
        </test-method> <!-- beforeMethod -->
        <test-method status="PASS" signature="testSuccessfulAddNewPriorDealCase(java.lang.String, java.lang.String, java.lang.String)[pri:0, instance:com.test1.tests.RTest@7d4793a8]" name="testSuccessfulAddNewPriorDealCase" duration-ms="40835" started-at="2016-06-10T07:03:45Z" data-provider="dataProvider" finished-at="2016-06-10T07:04:26Z">
          <params>
            <param index="0">
              <value>
                <![CDATA[EK9]]>
              </value>
            </param>
            <param index="1">
              <value>
                <![CDATA[Daiki]]>
              </value>
            </param>
            <param index="2">
              <value>
                <![CDATA[Ninomiya]]>
              </value>
            </param>
          </params>
          <reporter-output>
          </reporter-output>
        </test-method> <!-- testSuccessfulAddNewPriorDealCase -->
        <test-method status="PASS" signature="afterMethod()[pri:0, instance:com.test1.tests.RTest@7d4793a8]" name="afterMethod" is-config="true" duration-ms="1363" started-at="2016-06-10T07:04:26Z" finished-at="2016-06-10T07:04:27Z">
          <reporter-output>
          </reporter-output>
        </test-method> <!-- afterMethod -->
        <test-method status="PASS" signature="beforeMethod()[pri:0, instance:com.test1.tests.RTest@7d4793a8]" name="beforeMethod" is-config="true" duration-ms="8128" started-at="2016-06-10T07:04:27Z" finished-at="2016-06-10T07:04:35Z">
          <reporter-output>
          </reporter-output>
        </test-method> <!-- beforeMethod -->
        <test-method status="PASS" signature="testSuccessfulCaseSummaryInfo(java.lang.String, java.lang.String, java.lang.String, java.lang.String, java.lang.String, java.lang.String, java.lang.String, java.lang.String, java.lang.String, java.lang.String)[pri:0, instance:com.test1.tests.RTest@7d4793a8]" name="testSuccessfulCaseSummaryInfo" duration-ms="66019" started-at="2016-06-10T07:04:35Z" data-provider="dataProvider" finished-at="2016-06-10T07:05:41Z">
          <params>
            <param index="0">
              <value>
                <![CDATA[GTO11]]>
              </value>
            </param>
            <param index="1">
              <value>
                <![CDATA[HI]]>
              </value>
            </param>
            <param index="2">
              <value>
                <![CDATA[Maui]]>
              </value>
            </param>
            <param index="3">
              <value>
                <![CDATA[quit smoking]]>
              </value>
            </param>
            <param index="4">
              <value>
                <![CDATA[Ready]]>
              </value>
            </param>
            <param index="5">
              <value>
                <![CDATA[04]]>
              </value>
            </param>
            <param index="6">
              <value>
                <![CDATA[26.0]]>
              </value>
            </param>
            <param index="7">
              <value>
                <![CDATA[2016]]>
              </value>
            </param>
            <param index="8">
              <value>
                <![CDATA[Eikichi]]>
              </value>
            </param>
            <param index="9">
              <value>
                <![CDATA[Onizuka]]>
              </value>
            </param>
          </params>
          <reporter-output>
          </reporter-output>
        </test-method> <!-- testSuccessfulCaseSummaryInfo -->
        <test-method status="PASS" signature="afterMethod()[pri:0, instance:com.test1.tests.RTest@7d4793a8]" name="afterMethod" is-config="true" duration-ms="1434" started-at="2016-06-10T07:05:41Z" finished-at="2016-06-10T07:05:43Z">
          <reporter-output>
          </reporter-output>
        </test-method> <!-- afterMethod -->
        <test-method status="PASS" signature="beforeMethod()[pri:0, instance:com.test1.tests.RTest@7d4793a8]" name="beforeMethod" is-config="true" duration-ms="17911" started-at="2016-06-10T07:05:43Z" finished-at="2016-06-10T07:06:01Z">
          <reporter-output>
          </reporter-output>
        </test-method> <!-- beforeMethod -->
        <test-method status="PASS" signature="testSuccessfulCaseSummaryInfo(java.lang.String, java.lang.String, java.lang.String, java.lang.String, java.lang.String, java.lang.String, java.lang.String, java.lang.String, java.lang.String, java.lang.String)[pri:0, instance:com.test1.tests.RTest@7d4793a8]" name="testSuccessfulCaseSummaryInfo" duration-ms="65757" started-at="2016-06-10T07:06:01Z" data-provider="dataProvider" finished-at="2016-06-10T07:07:06Z">
          <params>
            <param index="0">
              <value>
                <![CDATA[GTO12]]>
              </value>
            </param>
            <param index="1">
              <value>
                <![CDATA[IL]]>
              </value>
            </param>
            <param index="2">
              <value>
                <![CDATA[Cook County]]>
              </value>
            </param>
            <param index="3">
              <value>
                <![CDATA[Be cool]]>
              </value>
            </param>
            <param index="4">
              <value>
                <![CDATA[New]]>
              </value>
            </param>
            <param index="5">
              <value>
                <![CDATA[04]]>
              </value>
            </param>
            <param index="6">
              <value>
                <![CDATA[25.0]]>
              </value>
            </param>
            <param index="7">
              <value>
                <![CDATA[2016]]>
              </value>
            </param>
            <param index="8">
              <value>
                <![CDATA[Urummi]]>
              </value>
            </param>
            <param index="9">
              <value>
                <![CDATA[Kanzaki]]>
              </value>
            </param>
          </params>
          <reporter-output>
          </reporter-output>
        </test-method> <!-- testSuccessfulCaseSummaryInfo -->
        <test-method status="PASS" signature="afterMethod()[pri:0, instance:com.test1.tests.RTest@7d4793a8]" name="afterMethod" is-config="true" duration-ms="1432" started-at="2016-06-10T07:07:06Z" finished-at="2016-06-10T07:07:08Z">
          <reporter-output>
          </reporter-output>
        </test-method> <!-- afterMethod -->
        <test-method status="PASS" signature="beforeMethod()[pri:0, instance:com.test1.tests.RTest@7d4793a8]" name="beforeMethod" is-config="true" duration-ms="10781" started-at="2016-06-10T07:07:08Z" finished-at="2016-06-10T07:07:18Z">
          <reporter-output>
          </reporter-output>
        </test-method> <!-- beforeMethod -->
        <test-method status="PASS" signature="testSuccessfulCaseSummaryInfo(java.lang.String, java.lang.String, java.lang.String, java.lang.String, java.lang.String, java.lang.String, java.lang.String, java.lang.String, java.lang.String, java.lang.String)[pri:0, instance:com.test1.tests.RTest@7d4793a8]" name="testSuccessfulCaseSummaryInfo" duration-ms="71495" started-at="2016-06-10T07:07:18Z" data-provider="dataProvider" finished-at="2016-06-10T07:08:30Z">
          <params>
            <param index="0">
              <value>
                <![CDATA[GTO13]]>
              </value>
            </param>
            <param index="1">
              <value>
                <![CDATA[CA]]>
              </value>
            </param>
            <param index="2">
              <value>
                <![CDATA[Santa Cruz County]]>
              </value>
            </param>
            <param index="3">
              <value>
                <![CDATA[Whats the 5th general order]]>
              </value>
            </param>
            <param index="4">
              <value>
                <![CDATA[Do Not Research]]>
              </value>
            </param>
            <param index="5">
              <value>
                <![CDATA[04]]>
              </value>
            </param>
            <param index="6">
              <value>
                <![CDATA[09]]>
              </value>
            </param>
            <param index="7">
              <value>
                <![CDATA[1970]]>
              </value>
            </param>
            <param index="8">
              <value>
                <![CDATA[Miyabi]]>
              </value>
            </param>
            <param index="9">
              <value>
                <![CDATA[Aizawa]]>
              </value>
            </param>
          </params>
          <reporter-output>
          </reporter-output>
        </test-method> <!-- testSuccessfulCaseSummaryInfo -->
        <test-method status="PASS" signature="afterMethod()[pri:0, instance:com.test1.tests.RTest@7d4793a8]" name="afterMethod" is-config="true" duration-ms="1423" started-at="2016-06-10T07:08:30Z" finished-at="2016-06-10T07:08:31Z">
          <reporter-output>
          </reporter-output>
        </test-method> <!-- afterMethod -->
        <test-method status="PASS" signature="beforeMethod()[pri:0, instance:com.test1.tests.RTest@7d4793a8]" name="beforeMethod" is-config="true" duration-ms="7952" started-at="2016-06-10T07:08:31Z" finished-at="2016-06-10T07:08:39Z">
          <reporter-output>
          </reporter-output>
        </test-method> <!-- beforeMethod -->
        <test-method status="PASS" signature="testSuccessfulCaseSummaryInfo(java.lang.String, java.lang.String, java.lang.String, java.lang.String, java.lang.String, java.lang.String, java.lang.String, java.lang.String, java.lang.String, java.lang.String)[pri:0, instance:com.test1.tests.RTest@7d4793a8]" name="testSuccessfulCaseSummaryInfo" duration-ms="63953" started-at="2016-06-10T07:08:39Z" data-provider="dataProvider" finished-at="2016-06-10T07:09:43Z">
          <params>
            <param index="0">
              <value>
                <![CDATA[GTO14]]>
              </value>
            </param>
            <param index="1">
              <value>
                <![CDATA[IL]]>
              </value>
            </param>
            <param index="2">
              <value>
                <![CDATA[Cook County]]>
              </value>
            </param>
            <param index="3">
              <value>
                <![CDATA[get on your face and give me 25]]>
              </value>
            </param>
            <param index="4">
              <value>
                <![CDATA[Ready]]>
              </value>
            </param>
            <param index="5">
              <value>
                <![CDATA[05]]>
              </value>
            </param>
            <param index="6">
              <value>
                <![CDATA[20]]>
              </value>
            </param>
            <param index="7">
              <value>
                <![CDATA[2017]]>
              </value>
            </param>
            <param index="8">
              <value>
                <![CDATA[Azusa]]>
              </value>
            </param>
            <param index="9">
              <value>
                <![CDATA[Fuyutsuki]]>
              </value>
            </param>
          </params>
          <reporter-output>
          </reporter-output>
        </test-method> <!-- testSuccessfulCaseSummaryInfo -->
        <test-method status="PASS" signature="afterMethod()[pri:0, instance:com.test1.tests.RTest@7d4793a8]" name="afterMethod" is-config="true" duration-ms="1387" started-at="2016-06-10T07:09:43Z" finished-at="2016-06-10T07:09:45Z">
          <reporter-output>
          </reporter-output>
        </test-method> <!-- afterMethod -->
        <test-method status="PASS" signature="beforeMethod()[pri:0, instance:com.test1.tests.RTest@7d4793a8]" name="beforeMethod" is-config="true" duration-ms="9703" started-at="2016-06-10T07:09:45Z" finished-at="2016-06-10T07:09:54Z">
          <reporter-output>
          </reporter-output>
        </test-method> <!-- beforeMethod -->
        <test-method status="PASS" signature="testSuccessfulCaseSummaryInfo(java.lang.String, java.lang.String, java.lang.String, java.lang.String, java.lang.String, java.lang.String, java.lang.String, java.lang.String, java.lang.String, java.lang.String)[pri:0, instance:com.test1.tests.RTest@7d4793a8]" name="testSuccessfulCaseSummaryInfo" duration-ms="70345" started-at="2016-06-10T07:09:54Z" data-provider="dataProvider" finished-at="2016-06-10T07:11:05Z">
          <params>
            <param index="0">
              <value>
                <![CDATA[GTO15]]>
              </value>
            </param>
            <param index="1">
              <value>
                <![CDATA[ID]]>
              </value>
            </param>
            <param index="2">
              <value>
                <![CDATA[Bear Lake County]]>
              </value>
            </param>
            <param index="3">
              <value>
                <![CDATA[How many counts are in that action you've executed?]]>
              </value>
            </param>
            <param index="4">
              <value>
                <![CDATA[Do Not Research]]>
              </value>
            </param>
            <param index="5">
              <value>
                <![CDATA[10]]>
              </value>
            </param>
            <param index="6">
              <value>
                <![CDATA[31]]>
              </value>
            </param>
            <param index="7">
              <value>
                <![CDATA[2018]]>
              </value>
            </param>
            <param index="8">
              <value>
                <![CDATA[Anko]]>
              </value>
            </param>
            <param index="9">
              <value>
                <![CDATA[Uehara]]>
              </value>
            </param>
          </params>
          <reporter-output>
          </reporter-output>
        </test-method> <!-- testSuccessfulCaseSummaryInfo -->
        <test-method status="PASS" signature="afterMethod()[pri:0, instance:com.test1.tests.RTest@7d4793a8]" name="afterMethod" is-config="true" duration-ms="1482" started-at="2016-06-10T07:11:05Z" finished-at="2016-06-10T07:11:06Z">
          <reporter-output>
          </reporter-output>
        </test-method> <!-- afterMethod -->
        <test-method status="PASS" signature="beforeMethod()[pri:0, instance:com.test1.tests.RTest@7d4793a8]" name="beforeMethod" is-config="true" duration-ms="12183" started-at="2016-06-10T07:11:06Z" finished-at="2016-06-10T07:11:18Z">
          <reporter-output>
          </reporter-output>
        </test-method> <!-- beforeMethod -->
        <test-method status="PASS" signature="testSuccessfulCaseSummaryInfo(java.lang.String, java.lang.String, java.lang.String, java.lang.String, java.lang.String, java.lang.String, java.lang.String, java.lang.String, java.lang.String, java.lang.String)[pri:0, instance:com.test1.tests.RTest@7d4793a8]" name="testSuccessfulCaseSummaryInfo" duration-ms="64126" started-at="2016-06-10T07:11:18Z" data-provider="dataProvider" finished-at="2016-06-10T07:12:23Z">
          <params>
            <param index="0">
              <value>
                <![CDATA[GTO16]]>
              </value>
            </param>
            <param index="1">
              <value>
                <![CDATA[TN]]>
              </value>
            </param>
            <param index="2">
              <value>
                <![CDATA[Coffee County]]>
              </value>
            </param>
            <param index="3">
              <value>
                <![CDATA[Whats the 4th general order?]]>
              </value>
            </param>
            <param index="4">
              <value>
                <![CDATA[Ready]]>
              </value>
            </param>
            <param index="5">
              <value>
                <![CDATA[05]]>
              </value>
            </param>
            <param index="6">
              <value>
                <![CDATA[06]]>
              </value>
            </param>
            <param index="7">
              <value>
                <![CDATA[2016]]>
              </value>
            </param>
            <param index="8">
              <value>
                <![CDATA[Ryuji]]>
              </value>
            </param>
            <param index="9">
              <value>
                <![CDATA[Danma]]>
              </value>
            </param>
          </params>
          <reporter-output>
          </reporter-output>
        </test-method> <!-- testSuccessfulCaseSummaryInfo -->
        <test-method status="PASS" signature="afterMethod()[pri:0, instance:com.test1.tests.RTest@7d4793a8]" name="afterMethod" is-config="true" duration-ms="1477" started-at="2016-06-10T07:12:23Z" finished-at="2016-06-10T07:12:24Z">
          <reporter-output>
          </reporter-output>
        </test-method> <!-- afterMethod -->
        <test-method status="PASS" signature="beforeMethod()[pri:0, instance:com.test1.tests.RTest@7d4793a8]" name="beforeMethod" is-config="true" duration-ms="7717" started-at="2016-06-10T07:12:24Z" finished-at="2016-06-10T07:12:32Z">
          <reporter-output>
          </reporter-output>
        </test-method> <!-- beforeMethod -->
        <test-method status="PASS" signature="testSuccessfulCaseSummaryInfo(java.lang.String, java.lang.String, java.lang.String, java.lang.String, java.lang.String, java.lang.String, java.lang.String, java.lang.String, java.lang.String, java.lang.String)[pri:0, instance:com.test1.tests.RTest@7d4793a8]" name="testSuccessfulCaseSummaryInfo" duration-ms="70696" started-at="2016-06-10T07:12:32Z" data-provider="dataProvider" finished-at="2016-06-10T07:13:42Z">
          <params>
            <param index="0">
              <value>
                <![CDATA[Trueno86]]>
              </value>
            </param>
            <param index="1">
              <value>
                <![CDATA[CO]]>
              </value>
            </param>
            <param index="2">
              <value>
                <![CDATA[Adams County]]>
              </value>
            </param>
            <param index="3">
              <value>
                <![CDATA[Private Pyle ]]>
              </value>
            </param>
            <param index="4">
              <value>
                <![CDATA[New]]>
              </value>
            </param>
            <param index="5">
              <value>
                <![CDATA[03]]>
              </value>
            </param>
            <param index="6">
              <value>
                <![CDATA[12]]>
              </value>
            </param>
            <param index="7">
              <value>
                <![CDATA[2015]]>
              </value>
            </param>
            <param index="8">
              <value>
                <![CDATA[Takumi]]>
              </value>
            </param>
            <param index="9">
              <value>
                <![CDATA[Fujiwara]]>
              </value>
            </param>
          </params>
          <reporter-output>
          </reporter-output>
        </test-method> <!-- testSuccessfulCaseSummaryInfo -->
        <test-method status="PASS" signature="afterMethod()[pri:0, instance:com.test1.tests.RTest@7d4793a8]" name="afterMethod" is-config="true" duration-ms="1525" started-at="2016-06-10T07:13:42Z" finished-at="2016-06-10T07:13:44Z">
          <reporter-output>
          </reporter-output>
        </test-method> <!-- afterMethod -->
        <test-method status="PASS" signature="beforeMethod()[pri:0, instance:com.test1.tests.RTest@7d4793a8]" name="beforeMethod" is-config="true" duration-ms="7688" started-at="2016-06-10T07:13:44Z" finished-at="2016-06-10T07:13:52Z">
          <reporter-output>
          </reporter-output>
        </test-method> <!-- beforeMethod -->
        <test-method status="PASS" signature="testSuccessfulCaseSummaryInfo(java.lang.String, java.lang.String, java.lang.String, java.lang.String, java.lang.String, java.lang.String, java.lang.String, java.lang.String, java.lang.String, java.lang.String)[pri:0, instance:com.test1.tests.RTest@7d4793a8]" name="testSuccessfulCaseSummaryInfo" duration-ms="74188" started-at="2016-06-10T07:13:52Z" data-provider="dataProvider" finished-at="2016-06-10T07:15:06Z">
          <params>
            <param index="0">
              <value>
                <![CDATA[SUBWRX]]>
              </value>
            </param>
            <param index="1">
              <value>
                <![CDATA[GA]]>
              </value>
            </param>
            <param index="2">
              <value>
                <![CDATA[Gwinnett County]]>
              </value>
            </param>
            <param index="3">
              <value>
                <![CDATA[Private Joker, I admire your honesty. Hell, I like you.]]>
              </value>
            </param>
            <param index="4">
              <value>
                <![CDATA[Ready]]>
              </value>
            </param>
            <param index="5">
              <value>
                <![CDATA[10.0]]>
              </value>
            </param>
            <param index="6">
              <value>
                <![CDATA[24]]>
              </value>
            </param>
            <param index="7">
              <value>
                <![CDATA[1988]]>
              </value>
            </param>
            <param index="8">
              <value>
                <![CDATA[Bunta]]>
              </value>
            </param>
            <param index="9">
              <value>
                <![CDATA[Fujiwara]]>
              </value>
            </param>
          </params>
          <reporter-output>
          </reporter-output>
        </test-method> <!-- testSuccessfulCaseSummaryInfo -->
        <test-method status="PASS" signature="afterMethod()[pri:0, instance:com.test1.tests.RTest@7d4793a8]" name="afterMethod" is-config="true" duration-ms="1447" started-at="2016-06-10T07:15:06Z" finished-at="2016-06-10T07:15:07Z">
          <reporter-output>
          </reporter-output>
        </test-method> <!-- afterMethod -->
        <test-method status="PASS" signature="beforeMethod()[pri:0, instance:com.test1.tests.RTest@7d4793a8]" name="beforeMethod" is-config="true" duration-ms="9692" started-at="2016-06-10T07:15:07Z" finished-at="2016-06-10T07:15:17Z">
          <reporter-output>
          </reporter-output>
        </test-method> <!-- beforeMethod -->
        <test-method status="PASS" signature="testSuccessfulCaseSummaryInfo(java.lang.String, java.lang.String, java.lang.String, java.lang.String, java.lang.String, java.lang.String, java.lang.String, java.lang.String, java.lang.String, java.lang.String)[pri:0, instance:com.test1.tests.RTest@7d4793a8]" name="testSuccessfulCaseSummaryInfo" duration-ms="66436" started-at="2016-06-10T07:15:17Z" data-provider="dataProvider" finished-at="2016-06-10T07:16:23Z">
          <params>
            <param index="0">
              <value>
                <![CDATA[SILKS13]]>
              </value>
            </param>
            <param index="1">
              <value>
                <![CDATA[CA]]>
              </value>
            </param>
            <param index="2">
              <value>
                <![CDATA[San Diego County]]>
              </value>
            </param>
            <param index="3">
              <value>
                <![CDATA[You will learn by the numbers! I will teach you! Now get up!]]>
              </value>
            </param>
            <param index="4">
              <value>
                <![CDATA[New]]>
              </value>
            </param>
            <param index="5">
              <value>
                <![CDATA[04]]>
              </value>
            </param>
            <param index="6">
              <value>
                <![CDATA[25]]>
              </value>
            </param>
            <param index="7">
              <value>
                <![CDATA[2016]]>
              </value>
            </param>
            <param index="8">
              <value>
                <![CDATA[Koichiro]]>
              </value>
            </param>
            <param index="9">
              <value>
                <![CDATA[Iketani]]>
              </value>
            </param>
          </params>
          <reporter-output>
          </reporter-output>
        </test-method> <!-- testSuccessfulCaseSummaryInfo -->
        <test-method status="PASS" signature="afterMethod()[pri:0, instance:com.test1.tests.RTest@7d4793a8]" name="afterMethod" is-config="true" duration-ms="1488" started-at="2016-06-10T07:16:23Z" finished-at="2016-06-10T07:16:25Z">
          <reporter-output>
          </reporter-output>
        </test-method> <!-- afterMethod -->
        <test-method status="PASS" signature="beforeMethod()[pri:0, instance:com.test1.tests.RTest@7d4793a8]" name="beforeMethod" is-config="true" duration-ms="9681" started-at="2016-06-10T07:16:25Z" finished-at="2016-06-10T07:16:35Z">
          <reporter-output>
          </reporter-output>
        </test-method> <!-- beforeMethod -->
        <test-method status="PASS" signature="testSuccessfulCaseSummaryInfo(java.lang.String, java.lang.String, java.lang.String, java.lang.String, java.lang.String, java.lang.String, java.lang.String, java.lang.String, java.lang.String, java.lang.String)[pri:0, instance:com.test1.tests.RTest@7d4793a8]" name="testSuccessfulCaseSummaryInfo" duration-ms="68427" started-at="2016-06-10T07:16:35Z" data-provider="dataProvider" finished-at="2016-06-10T07:17:43Z">
          <params>
            <param index="0">
              <value>
                <![CDATA[AE85]]>
              </value>
            </param>
            <param index="1">
              <value>
                <![CDATA[GA]]>
              </value>
            </param>
            <param index="2">
              <value>
                <![CDATA[Gwinnett County]]>
              </value>
            </param>
            <param index="3">
              <value>
                <![CDATA[Today, you people are no longer pukes. Today, you are Marines!]]>
              </value>
            </param>
            <param index="4">
              <value>
                <![CDATA[Ready]]>
              </value>
            </param>
            <param index="5">
              <value>
                <![CDATA[03]]>
              </value>
            </param>
            <param index="6">
              <value>
                <![CDATA[11.0]]>
              </value>
            </param>
            <param index="7">
              <value>
                <![CDATA[2016]]>
              </value>
            </param>
            <param index="8">
              <value>
                <![CDATA[Itsuki]]>
              </value>
            </param>
            <param index="9">
              <value>
                <![CDATA[Takeuchi]]>
              </value>
            </param>
          </params>
          <reporter-output>
          </reporter-output>
        </test-method> <!-- testSuccessfulCaseSummaryInfo -->
        <test-method status="PASS" signature="afterMethod()[pri:0, instance:com.test1.tests.RTest@7d4793a8]" name="afterMethod" is-config="true" duration-ms="1498" started-at="2016-06-10T07:17:43Z" finished-at="2016-06-10T07:17:44Z">
          <reporter-output>
          </reporter-output>
        </test-method> <!-- afterMethod -->
        <test-method status="PASS" signature="beforeMethod()[pri:0, instance:com.test1.tests.RTest@7d4793a8]" name="beforeMethod" is-config="true" duration-ms="8655" started-at="2016-06-10T07:17:44Z" finished-at="2016-06-10T07:17:53Z">
          <reporter-output>
          </reporter-output>
        </test-method> <!-- beforeMethod -->
        <test-method status="PASS" signature="testSuccessfulCaseSummaryInfo(java.lang.String, java.lang.String, java.lang.String, java.lang.String, java.lang.String, java.lang.String, java.lang.String, java.lang.String, java.lang.String, java.lang.String)[pri:0, instance:com.test1.tests.RTest@7d4793a8]" name="testSuccessfulCaseSummaryInfo" duration-ms="75165" started-at="2016-06-10T07:17:53Z" data-provider="dataProvider" finished-at="2016-06-10T07:19:08Z">
          <params>
            <param index="0">
              <value>
                <![CDATA[RPS13]]>
              </value>
            </param>
            <param index="1">
              <value>
                <![CDATA[CA]]>
              </value>
            </param>
            <param index="2">
              <value>
                <![CDATA[San Diego County]]>
              </value>
            </param>
            <param index="3">
              <value>
                <![CDATA[adding instructions 3]]>
              </value>
            </param>
            <param index="4">
              <value>
                <![CDATA[Ready]]>
              </value>
            </param>
            <param index="5">
              <value>
                <![CDATA[12.0]]>
              </value>
            </param>
            <param index="6">
              <value>
                <![CDATA[14.0]]>
              </value>
            </param>
            <param index="7">
              <value>
                <![CDATA[2016]]>
              </value>
            </param>
            <param index="8">
              <value>
                <![CDATA[Kenji]]>
              </value>
            </param>
            <param index="9">
              <value>
                <![CDATA[Kenji]]>
              </value>
            </param>
          </params>
          <reporter-output>
          </reporter-output>
        </test-method> <!-- testSuccessfulCaseSummaryInfo -->
        <test-method status="PASS" signature="afterMethod()[pri:0, instance:com.test1.tests.RTest@7d4793a8]" name="afterMethod" is-config="true" duration-ms="1474" started-at="2016-06-10T07:19:08Z" finished-at="2016-06-10T07:19:10Z">
          <reporter-output>
          </reporter-output>
        </test-method> <!-- afterMethod -->
        <test-method status="PASS" signature="beforeMethod()[pri:0, instance:com.test1.tests.RTest@7d4793a8]" name="beforeMethod" is-config="true" duration-ms="9130" started-at="2016-06-10T07:19:10Z" finished-at="2016-06-10T07:19:19Z">
          <reporter-output>
          </reporter-output>
        </test-method> <!-- beforeMethod -->
        <test-method status="FAIL" signature="testSuccessfulCaseSummaryInfo(java.lang.String, java.lang.String, java.lang.String, java.lang.String, java.lang.String, java.lang.String, java.lang.String, java.lang.String, java.lang.String, java.lang.String)[pri:0, instance:com.test1.tests.RTest@7d4793a8]" name="testSuccessfulCaseSummaryInfo" duration-ms="23064" started-at="2016-06-10T07:19:19Z" data-provider="dataProvider" finished-at="2016-06-10T07:19:42Z">
          <params>
            <param index="0">
              <value>
                <![CDATA[CE9A]]>
              </value>
            </param>
            <param index="1">
              <value>
                <![CDATA[FL]]>
              </value>
            </param>
            <param index="2">
              <value>
                <![CDATA[Miami-Dade County]]>
              </value>
            </param>
            <param index="3">
              <value>
                <![CDATA[From now, until the day you die, every Marine is your brother!]]>
              </value>
            </param>
            <param index="4">
              <value>
                <![CDATA[New]]>
              </value>
            </param>
            <param index="5">
              <value>
                <![CDATA[11.0]]>
              </value>
            </param>
            <param index="6">
              <value>
                <![CDATA[19.0]]>
              </value>
            </param>
            <param index="7">
              <value>
                <![CDATA[2016]]>
              </value>
            </param>
            <param index="8">
              <value>
                <![CDATA[Kyoichi]]>
              </value>
            </param>
            <param index="9">
              <value>
                <![CDATA[Sudo]]>
              </value>
            </param>
          </params>
          <exception class="org.openqa.selenium.NoSuchElementException">
            <message>
              <![CDATA[no such element: Unable to locate element: {"method":"xpath","selector":"tbody/tr[contains(.,'CE9A')]"}
  (Session info: chrome=51.0.2704.84)
  (Driver info: chromedriver=2.20.353145 (343b531d31eeb933ec778dbcf7081628a1396067),platform=Windows NT 6.1 SP1 x86_64) (WARNING: The server did not provide any stacktrace information)
Command duration or timeout: 14.04 seconds
For documentation on this error, please visit: http://seleniumhq.org/exceptions/no_such_element.html
Build info: version: '2.48.2', revision: '41bccdd', time: '2015-10-09 19:59:12'
System info: host: 'E5530-2340', ip: '10.0.0.178', os.name: 'Windows 7', os.arch: 'amd64', os.version: '6.1', java.version: '1.8.0_66'
Driver info: org.openqa.selenium.chrome.ChromeDriver
Capabilities [{applicationCacheEnabled=false, rotatable=false, mobileEmulationEnabled=false, chrome={userDataDir=C:\Users\jslee\AppData\Local\Temp\scoped_dir1552_30361}, takesHeapSnapshot=true, databaseEnabled=false, handlesAlerts=true, hasTouchScreen=false, version=51.0.2704.84, platform=XP, browserConnectionEnabled=false, nativeEvents=true, acceptSslCerts=true, locationContextEnabled=true, webStorageEnabled=true, browserName=chrome, takesScreenshot=true, javascriptEnabled=true, cssSelectorsEnabled=true}]
Session ID: 1bd2da0ae5a7b4c2c84717b796732fbd
*** Element info: {Using=xpath, value=tbody/tr[contains(.,'CE9A')]}]]>
            </message>
            <full-stacktrace>
              <![CDATA[org.openqa.selenium.NoSuchElementException: no such element: Unable to locate element: {"method":"xpath","selector":"tbody/tr[contains(.,'CE9A')]"}
  (Session info: chrome=51.0.2704.84)
  (Driver info: chromedriver=2.20.353145 (343b531d31eeb933ec778dbcf7081628a1396067),platform=Windows NT 6.1 SP1 x86_64) (WARNING: The server did not provide any stacktrace information)
Command duration or timeout: 14.04 seconds
For documentation on this error, please visit: http://seleniumhq.org/exceptions/no_such_element.html
Build info: version: '2.48.2', revision: '41bccdd', time: '2015-10-09 19:59:12'
System info: host: 'E5530-2340', ip: '10.0.0.178', os.name: 'Windows 7', os.arch: 'amd64', os.version: '6.1', java.version: '1.8.0_66'
Driver info: org.openqa.selenium.chrome.ChromeDriver
Capabilities [{applicationCacheEnabled=false, rotatable=false, mobileEmulationEnabled=false, chrome={userDataDir=C:\Users\jslee\AppData\Local\Temp\scoped_dir1552_30361}, takesHeapSnapshot=true, databaseEnabled=false, handlesAlerts=true, hasTouchScreen=false, version=51.0.2704.84, platform=XP, browserConnectionEnabled=false, nativeEvents=true, acceptSslCerts=true, locationContextEnabled=true, webStorageEnabled=true, browserName=chrome, takesScreenshot=true, javascriptEnabled=true, cssSelectorsEnabled=true}]
Session ID: 1bd2da0ae5a7b4c2c84717b796732fbd
*** Element info: {Using=xpath, value=tbody/tr[contains(.,'CE9A')]}
	at sun.reflect.NativeConstructorAccessorImpl.newInstance0(Native Method)
	at sun.reflect.NativeConstructorAccessorImpl.newInstance(NativeConstructorAccessorImpl.java:62)
	at sun.reflect.DelegatingConstructorAccessorImpl.newInstance(DelegatingConstructorAccessorImpl.java:45)
	at java.lang.reflect.Constructor.newInstance(Constructor.java:422)
	at org.openqa.selenium.remote.ErrorHandler.createThrowable(ErrorHandler.java:206)
	at org.openqa.selenium.remote.ErrorHandler.throwIfResponseFailed(ErrorHandler.java:158)
	at org.openqa.selenium.remote.RemoteWebDriver.execute(RemoteWebDriver.java:647)
	at org.openqa.selenium.remote.RemoteWebElement.execute(RemoteWebElement.java:326)
	at org.openqa.selenium.remote.RemoteWebElement.findElement(RemoteWebElement.java:197)
	at org.openqa.selenium.remote.RemoteWebElement.findElementByXPath(RemoteWebElement.java:294)
	at org.openqa.selenium.By$ByXPath.findElement(By.java:361)
	at org.openqa.selenium.remote.RemoteWebElement.findElement(RemoteWebElement.java:193)
	at com.test1.pages.WebTable.getRowElement(WebTable.java:116)
	at com.test1.pages.DefaultLandingPage.clickCaseNumbertLink(DefaultLandingPage.java:498)
	at com.test1.tests.RTest.testSuccessfulCaseSummaryInfo(RTest.java:79)
	at sun.reflect.NativeMethodAccessorImpl.invoke0(Native Method)
	at sun.reflect.NativeMethodAccessorImpl.invoke(NativeMethodAccessorImpl.java:62)
	at sun.reflect.DelegatingMethodAccessorImpl.invoke(DelegatingMethodAccessorImpl.java:43)
	at java.lang.reflect.Method.invoke(Method.java:497)
	at org.testng.internal.MethodInvocationHelper.invokeMethod(MethodInvocationHelper.java:85)
	at org.testng.internal.Invoker.invokeMethod(Invoker.java:639)
	at org.testng.internal.Invoker.invokeTestMethod(Invoker.java:821)
	at org.testng.internal.Invoker.invokeTestMethods(Invoker.java:1131)
	at org.testng.internal.TestMethodWorker.invokeTestMethods(TestMethodWorker.java:124)
	at org.testng.internal.TestMethodWorker.run(TestMethodWorker.java:108)
	at org.testng.TestRunner.privateRun(TestRunner.java:773)
	at org.testng.TestRunner.run(TestRunner.java:623)
	at org.testng.SuiteRunner.runTest(SuiteRunner.java:357)
	at org.testng.SuiteRunner.runSequentially(SuiteRunner.java:352)
	at org.testng.SuiteRunner.privateRun(SuiteRunner.java:310)
	at org.testng.SuiteRunner.run(SuiteRunner.java:259)
	at org.testng.SuiteRunnerWorker.runSuite(SuiteRunnerWorker.java:52)
	at org.testng.SuiteRunnerWorker.run(SuiteRunnerWorker.java:86)
	at org.testng.TestNG.runSuitesSequentially(TestNG.java:1185)
	at org.testng.TestNG.runSuitesLocally(TestNG.java:1110)
	at org.testng.TestNG.run(TestNG.java:1018)
	at org.testng.TestNG.privateMain(TestNG.java:1325)
	at org.testng.TestNG.main(TestNG.java:1294)
]]>
            </full-stacktrace>
          </exception> <!-- org.openqa.selenium.NoSuchElementException -->
          <reporter-output>
          </reporter-output>
        </test-method> <!-- testSuccessfulCaseSummaryInfo -->
        <test-method status="PASS" signature="afterMethod()[pri:0, instance:com.test1.tests.RTest@7d4793a8]" name="afterMethod" is-config="true" duration-ms="1376" started-at="2016-06-10T07:19:42Z" finished-at="2016-06-10T07:19:43Z">
          <reporter-output>
          </reporter-output>
        </test-method> <!-- afterMethod -->
        <test-method status="PASS" signature="beforeMethod()[pri:0, instance:com.test1.tests.RTest@7d4793a8]" name="beforeMethod" is-config="true" duration-ms="8184" started-at="2016-06-10T07:19:43Z" finished-at="2016-06-10T07:19:52Z">
          <reporter-output>
          </reporter-output>
        </test-method> <!-- beforeMethod -->
        <test-method status="PASS" signature="testSuccessfulCreateNewClaimant(java.lang.String, java.lang.String, java.lang.String, java.lang.String, java.lang.String, java.lang.String, java.lang.String, java.lang.String, java.lang.String, java.lang.String, java.lang.String)[pri:0, instance:com.test1.tests.RTest@7d4793a8]" name="testSuccessfulCreateNewClaimant" duration-ms="92762" started-at="2016-06-10T07:19:52Z" data-provider="dataProvider" finished-at="2016-06-10T07:21:24Z">
          <params>
            <param index="0">
              <value>
                <![CDATA[GTO11]]>
              </value>
            </param>
            <param index="1">
              <value>
                <![CDATA[HI]]>
              </value>
            </param>
            <param index="2">
              <value>
                <![CDATA[Maui]]>
              </value>
            </param>
            <param index="3">
              <value>
                <![CDATA[Eikichi]]>
              </value>
            </param>
            <param index="4">
              <value>
                <![CDATA[Onizuka]]>
              </value>
            </param>
            <param index="5">
              <value>
                <![CDATA[111-11-1111]]>
              </value>
            </param>
            <param index="6">
              <value>
                <![CDATA[Male]]>
              </value>
            </param>
            <param index="7">
              <value>
                <![CDATA[Single]]>
              </value>
            </param>
            <param index="8">
              <value>
                <![CDATA[07]]>
              </value>
            </param>
            <param index="9">
              <value>
                <![CDATA[04]]>
              </value>
            </param>
            <param index="10">
              <value>
                <![CDATA[1987]]>
              </value>
            </param>
          </params>
          <reporter-output>
          </reporter-output>
        </test-method> <!-- testSuccessfulCreateNewClaimant -->
        <test-method status="PASS" signature="afterMethod()[pri:0, instance:com.test1.tests.RTest@7d4793a8]" name="afterMethod" is-config="true" duration-ms="1449" started-at="2016-06-10T07:21:24Z" finished-at="2016-06-10T07:21:26Z">
          <reporter-output>
          </reporter-output>
        </test-method> <!-- afterMethod -->
        <test-method status="PASS" signature="beforeMethod()[pri:0, instance:com.test1.tests.RTest@7d4793a8]" name="beforeMethod" is-config="true" duration-ms="9066" started-at="2016-06-10T07:21:26Z" finished-at="2016-06-10T07:21:35Z">
          <reporter-output>
          </reporter-output>
        </test-method> <!-- beforeMethod -->
        <test-method status="PASS" signature="testSuccessfulCreateNewClaimant(java.lang.String, java.lang.String, java.lang.String, java.lang.String, java.lang.String, java.lang.String, java.lang.String, java.lang.String, java.lang.String, java.lang.String, java.lang.String)[pri:0, instance:com.test1.tests.RTest@7d4793a8]" name="testSuccessfulCreateNewClaimant" duration-ms="95378" started-at="2016-06-10T07:21:35Z" data-provider="dataProvider" finished-at="2016-06-10T07:23:10Z">
          <params>
            <param index="0">
              <value>
                <![CDATA[GTO12]]>
              </value>
            </param>
            <param index="1">
              <value>
                <![CDATA[IL]]>
              </value>
            </param>
            <param index="2">
              <value>
                <![CDATA[Cook County]]>
              </value>
            </param>
            <param index="3">
              <value>
                <![CDATA[Urummi]]>
              </value>
            </param>
            <param index="4">
              <value>
                <![CDATA[Kanzaki]]>
              </value>
            </param>
            <param index="5">
              <value>
                <![CDATA[111-22-3344]]>
              </value>
            </param>
            <param index="6">
              <value>
                <![CDATA[Male]]>
              </value>
            </param>
            <param index="7">
              <value>
                <![CDATA[Married]]>
              </value>
            </param>
            <param index="8">
              <value>
                <![CDATA[09]]>
              </value>
            </param>
            <param index="9">
              <value>
                <![CDATA[12]]>
              </value>
            </param>
            <param index="10">
              <value>
                <![CDATA[1988]]>
              </value>
            </param>
          </params>
          <reporter-output>
          </reporter-output>
        </test-method> <!-- testSuccessfulCreateNewClaimant -->
        <test-method status="PASS" signature="afterMethod()[pri:0, instance:com.test1.tests.RTest@7d4793a8]" name="afterMethod" is-config="true" duration-ms="1475" started-at="2016-06-10T07:23:10Z" finished-at="2016-06-10T07:23:12Z">
          <reporter-output>
          </reporter-output>
        </test-method> <!-- afterMethod -->
        <test-method status="PASS" signature="beforeMethod()[pri:0, instance:com.test1.tests.RTest@7d4793a8]" name="beforeMethod" is-config="true" duration-ms="13410" started-at="2016-06-10T07:23:12Z" finished-at="2016-06-10T07:23:25Z">
          <reporter-output>
          </reporter-output>
        </test-method> <!-- beforeMethod -->
        <test-method status="PASS" signature="testSuccessfulCreateNewClaimant(java.lang.String, java.lang.String, java.lang.String, java.lang.String, java.lang.String, java.lang.String, java.lang.String, java.lang.String, java.lang.String, java.lang.String, java.lang.String)[pri:0, instance:com.test1.tests.RTest@7d4793a8]" name="testSuccessfulCreateNewClaimant" duration-ms="90264" started-at="2016-06-10T07:23:25Z" data-provider="dataProvider" finished-at="2016-06-10T07:24:55Z">
          <params>
            <param index="0">
              <value>
                <![CDATA[GTO13]]>
              </value>
            </param>
            <param index="1">
              <value>
                <![CDATA[CA]]>
              </value>
            </param>
            <param index="2">
              <value>
                <![CDATA[Santa Cruz County]]>
              </value>
            </param>
            <param index="3">
              <value>
                <![CDATA[Miyabi]]>
              </value>
            </param>
            <param index="4">
              <value>
                <![CDATA[Aizawa]]>
              </value>
            </param>
            <param index="5">
              <value>
                <![CDATA[555-55-5555]]>
              </value>
            </param>
            <param index="6">
              <value>
                <![CDATA[Male]]>
              </value>
            </param>
            <param index="7">
              <value>
                <![CDATA[Single]]>
              </value>
            </param>
            <param index="8">
              <value>
                <![CDATA[06]]>
              </value>
            </param>
            <param index="9">
              <value>
                <![CDATA[16]]>
              </value>
            </param>
            <param index="10">
              <value>
                <![CDATA[1990]]>
              </value>
            </param>
          </params>
          <reporter-output>
          </reporter-output>
        </test-method> <!-- testSuccessfulCreateNewClaimant -->
        <test-method status="PASS" signature="afterMethod()[pri:0, instance:com.test1.tests.RTest@7d4793a8]" name="afterMethod" is-config="true" duration-ms="1461" started-at="2016-06-10T07:24:55Z" finished-at="2016-06-10T07:24:57Z">
          <reporter-output>
          </reporter-output>
        </test-method> <!-- afterMethod -->
        <test-method status="PASS" signature="beforeMethod()[pri:0, instance:com.test1.tests.RTest@7d4793a8]" name="beforeMethod" is-config="true" duration-ms="8785" started-at="2016-06-10T07:24:57Z" finished-at="2016-06-10T07:25:06Z">
          <reporter-output>
          </reporter-output>
        </test-method> <!-- beforeMethod -->
        <test-method status="PASS" signature="testSuccessfulCreateNewClaimant(java.lang.String, java.lang.String, java.lang.String, java.lang.String, java.lang.String, java.lang.String, java.lang.String, java.lang.String, java.lang.String, java.lang.String, java.lang.String)[pri:0, instance:com.test1.tests.RTest@7d4793a8]" name="testSuccessfulCreateNewClaimant" duration-ms="99798" started-at="2016-06-10T07:25:06Z" data-provider="dataProvider" finished-at="2016-06-10T07:26:45Z">
          <params>
            <param index="0">
              <value>
                <![CDATA[GTO14]]>
              </value>
            </param>
            <param index="1">
              <value>
                <![CDATA[IL]]>
              </value>
            </param>
            <param index="2">
              <value>
                <![CDATA[Cook County]]>
              </value>
            </param>
            <param index="3">
              <value>
                <![CDATA[Azusa]]>
              </value>
            </param>
            <param index="4">
              <value>
                <![CDATA[Fuyutsuki]]>
              </value>
            </param>
            <param index="5">
              <value>
                <![CDATA[111-11-6666]]>
              </value>
            </param>
            <param index="6">
              <value>
                <![CDATA[Male]]>
              </value>
            </param>
            <param index="7">
              <value>
                <![CDATA[Married]]>
              </value>
            </param>
            <param index="8">
              <value>
                <![CDATA[03]]>
              </value>
            </param>
            <param index="9">
              <value>
                <![CDATA[18]]>
              </value>
            </param>
            <param index="10">
              <value>
                <![CDATA[1960]]>
              </value>
            </param>
          </params>
          <reporter-output>
          </reporter-output>
        </test-method> <!-- testSuccessfulCreateNewClaimant -->
        <test-method status="PASS" signature="afterMethod()[pri:0, instance:com.test1.tests.RTest@7d4793a8]" name="afterMethod" is-config="true" duration-ms="1384" started-at="2016-06-10T07:26:45Z" finished-at="2016-06-10T07:26:47Z">
          <reporter-output>
          </reporter-output>
        </test-method> <!-- afterMethod -->
        <test-method status="PASS" signature="beforeMethod()[pri:0, instance:com.test1.tests.RTest@7d4793a8]" name="beforeMethod" is-config="true" duration-ms="8494" started-at="2016-06-10T07:26:47Z" finished-at="2016-06-10T07:26:55Z">
          <reporter-output>
          </reporter-output>
        </test-method> <!-- beforeMethod -->
        <test-method status="PASS" signature="testSuccessfulCreateNewClaimant(java.lang.String, java.lang.String, java.lang.String, java.lang.String, java.lang.String, java.lang.String, java.lang.String, java.lang.String, java.lang.String, java.lang.String, java.lang.String)[pri:0, instance:com.test1.tests.RTest@7d4793a8]" name="testSuccessfulCreateNewClaimant" duration-ms="94878" started-at="2016-06-10T07:26:55Z" data-provider="dataProvider" finished-at="2016-06-10T07:28:30Z">
          <params>
            <param index="0">
              <value>
                <![CDATA[Trueno86]]>
              </value>
            </param>
            <param index="1">
[...]
          <reporter-output>
          </reporter-output>
        </test-method> <!-- beforeMethod -->
        <test-method status="SKIP" signature="afterMethod()[pri:0, instance:com.test1.tests.RTest@7d4793a8]" name="afterMethod" is-config="true" duration-ms="0" started-at="2016-06-10T07:36:28Z" finished-at="2016-06-10T07:36:28Z">
          <reporter-output>
          </reporter-output>
        </test-method> <!-- afterMethod -->
        <test-method status="SKIP" signature="afterMethod()[pri:0, instance:com.test1.tests.RTest@7d4793a8]" name="afterMethod" is-config="true" duration-ms="0" started-at="2016-06-10T07:36:28Z" finished-at="2016-06-10T07:36:28Z">
          <reporter-output>
          </reporter-output>
        </test-method> <!-- afterMethod -->
        <test-method status="SKIP" signature="testSuccessfulNotesAdd(java.lang.String, java.lang.String)[pri:0, instance:com.test1.tests.RTest@7d4793a8]" name="testSuccessfulNotesAdd" duration-ms="0" started-at="2016-06-10T07:36:28Z" data-provider="dataProvider" finished-at="2016-06-10T07:36:28Z">
          <params>
            <param index="0">
              <value>
                <![CDATA[GTO12]]>
              </value>
            </param>
            <param index="1">
              <value>
                <![CDATA[Urummi]]>
              </value>
            </param>
          </params>
          <reporter-output>
          </reporter-output>
        </test-method> <!-- testSuccessfulNotesAdd -->
        <test-method status="SKIP" signature="beforeMethod()[pri:0, instance:com.test1.tests.RTest@7d4793a8]" name="beforeMethod" is-config="true" duration-ms="0" started-at="2016-06-10T07:36:28Z" finished-at="2016-06-10T07:36:28Z">
          <reporter-output>
          </reporter-output>
        </test-method> <!-- beforeMethod -->
        <test-method status="SKIP" signature="beforeMethod()[pri:0, instance:com.test1.tests.RTest@7d4793a8]" name="beforeMethod" is-config="true" duration-ms="0" started-at="2016-06-10T07:36:28Z" finished-at="2016-06-10T07:36:28Z">
          <reporter-output>
          </reporter-output>
        </test-method> <!-- beforeMethod -->
        <test-method status="SKIP" signature="beforeMethod()[pri:0, instance:com.test1.tests.RTest@7d4793a8]" name="beforeMethod" is-config="true" duration-ms="0" started-at="2016-06-10T07:36:28Z" finished-at="2016-06-10T07:36:28Z">
          <reporter-output>
          </reporter-output>
        </test-method> <!-- beforeMethod -->
        <test-method status="SKIP" signature="testSuccessfulNotesAdd(java.lang.String, java.lang.String)[pri:0, instance:com.test1.tests.RTest@7d4793a8]" name="testSuccessfulNotesAdd" duration-ms="0" started-at="2016-06-10T07:36:28Z" data-provider="dataProvider" finished-at="2016-06-10T07:36:28Z">
          <params>
            <param index="0">
              <value>
                <![CDATA[GTO14]]>
              </value>
            </param>
            <param index="1">
              <value>
                <![CDATA[Today, you people are no longer maggots. Today, you are Marines. You're part of a brotherhood. ]]>
              </value>
            </param>
          </params>
          <reporter-output>
          </reporter-output>
        </test-method> <!-- testSuccessfulNotesAdd -->
        <test-method status="SKIP" signature="beforeMethod()[pri:0, instance:com.test1.tests.RTest@7d4793a8]" name="beforeMethod" is-config="true" duration-ms="0" started-at="2016-06-10T07:36:28Z" finished-at="2016-06-10T07:36:28Z">
          <reporter-output>
          </reporter-output>
        </test-method> <!-- beforeMethod -->
        <test-method status="SKIP" signature="afterMethod()[pri:0, instance:com.test1.tests.RTest@7d4793a8]" name="afterMethod" is-config="true" duration-ms="0" started-at="2016-06-10T07:36:28Z" finished-at="2016-06-10T07:36:28Z">
          <reporter-output>
          </reporter-output>
        </test-method> <!-- afterMethod -->
        <test-method status="SKIP" signature="testSuccessfulNotesAdd(java.lang.String, java.lang.String)[pri:0, instance:com.test1.tests.RTest@7d4793a8]" name="testSuccessfulNotesAdd" duration-ms="0" started-at="2016-06-10T07:36:28Z" data-provider="dataProvider" finished-at="2016-06-10T07:36:28Z">
          <params>
            <param index="0">
              <value>
                <![CDATA[AE85]]>
              </value>
            </param>
            <param index="1">
              <value>
                <![CDATA[LLLLL:::::!!!!!! 1234567]]>
              </value>
            </param>
          </params>
          <reporter-output>
          </reporter-output>
        </test-method> <!-- testSuccessfulNotesAdd -->
        <test-method status="SKIP" signature="testSuccessfulNotesAdd(java.lang.String, java.lang.String)[pri:0, instance:com.test1.tests.RTest@7d4793a8]" name="testSuccessfulNotesAdd" duration-ms="0" started-at="2016-06-10T07:36:28Z" data-provider="dataProvider" finished-at="2016-06-10T07:36:28Z">
          <params>
            <param index="0">
              <value>
                <![CDATA[RPS13]]>
              </value>
            </param>
            <param index="1">
              <value>
                <![CDATA[&&&&&777777777777777777777]]>
              </value>
            </param>
          </params>
          <reporter-output>
          </reporter-output>
        </test-method> <!-- testSuccessfulNotesAdd -->
        <test-method status="SKIP" signature="afterMethod()[pri:0, instance:com.test1.tests.RTest@7d4793a8]" name="afterMethod" is-config="true" duration-ms="0" started-at="2016-06-10T07:36:28Z" finished-at="2016-06-10T07:36:28Z">
          <reporter-output>
          </reporter-output>
        </test-method> <!-- afterMethod -->
        <test-method status="SKIP" signature="afterMethod()[pri:0, instance:com.test1.tests.RTest@7d4793a8]" name="afterMethod" is-config="true" duration-ms="0" started-at="2016-06-10T07:36:28Z" finished-at="2016-06-10T07:36:28Z">
          <reporter-output>
          </reporter-output>
        </test-method> <!-- afterMethod -->
        <test-method status="SKIP" signature="beforeMethod()[pri:0, instance:com.test1.tests.RTest@7d4793a8]" name="beforeMethod" is-config="true" duration-ms="0" started-at="2016-06-10T07:36:28Z" finished-at="2016-06-10T07:36:28Z">
          <reporter-output>
          </reporter-output>
        </test-method> <!-- beforeMethod -->
        <test-method status="SKIP" signature="testSuccessfulPurchaseLumpsumPayAdd(java.lang.String, java.lang.String, java.lang.String, java.lang.String, java.lang.String)[pri:0, instance:com.test1.tests.RTest@7d4793a8]" name="testSuccessfulPurchaseLumpsumPayAdd" duration-ms="1" started-at="2016-06-10T07:36:28Z" data-provider="dataProvider" finished-at="2016-06-10T07:36:28Z">
          <params>
            <param index="0">
              <value>
                <![CDATA[GTO15]]>
              </value>
            </param>
            <param index="1">
              <value>
                <![CDATA[15]]>
              </value>
            </param>
            <param index="2">
              <value>
                <![CDATA[10]]>
              </value>
            </param>
            <param index="3">
              <value>
                <![CDATA[2016]]>
              </value>
            </param>
            <param index="4">
              <value>
                <![CDATA[250]]>
              </value>
            </param>
          </params>
          <reporter-output>
          </reporter-output>
        </test-method> <!-- testSuccessfulPurchaseLumpsumPayAdd -->
        <test-method status="SKIP" signature="testSuccessfulPurchaseLumpsumPayAdd(java.lang.String, java.lang.String, java.lang.String, java.lang.String, java.lang.String)[pri:0, instance:com.test1.tests.RTest@7d4793a8]" name="testSuccessfulPurchaseLumpsumPayAdd" duration-ms="0" started-at="2016-06-10T07:36:28Z" data-provider="dataProvider" finished-at="2016-06-10T07:36:28Z">
          <params>
            <param index="0">
              <value>
                <![CDATA[GTO17]]>
              </value>
            </param>
            <param index="1">
              <value>
                <![CDATA[25]]>
              </value>
            </param>
            <param index="2">
              <value>
                <![CDATA[03]]>
              </value>
            </param>
            <param index="3">
              <value>
                <![CDATA[2016]]>
              </value>
            </param>
            <param index="4">
              <value>
                <![CDATA[5]]>
              </value>
            </param>
          </params>
          <reporter-output>
          </reporter-output>
        </test-method> <!-- testSuccessfulPurchaseLumpsumPayAdd -->
        <test-method status="SKIP" signature="afterMethod()[pri:0, instance:com.test1.tests.RTest@7d4793a8]" name="afterMethod" is-config="true" duration-ms="0" started-at="2016-06-10T07:36:28Z" finished-at="2016-06-10T07:36:28Z">
          <reporter-output>
          </reporter-output>
        </test-method> <!-- afterMethod -->
        <test-method status="SKIP" signature="testSuccessfulPurchaseLumpsumPayAdd(java.lang.String, java.lang.String, java.lang.String, java.lang.String, java.lang.String)[pri:0, instance:com.test1.tests.RTest@7d4793a8]" name="testSuccessfulPurchaseLumpsumPayAdd" duration-ms="0" started-at="2016-06-10T07:36:28Z" data-provider="dataProvider" finished-at="2016-06-10T07:36:28Z">
          <params>
            <param index="0">
              <value>
                <![CDATA[GTO16]]>
              </value>
            </param>
            <param index="1">
              <value>
                <![CDATA[20]]>
              </value>
            </param>
            <param index="2">
              <value>
                <![CDATA[05]]>
              </value>
            </param>
            <param index="3">
              <value>
                <![CDATA[2016]]>
              </value>
            </param>
            <param index="4">
              <value>
                <![CDATA[100]]>
              </value>
            </param>
          </params>
          <reporter-output>
          </reporter-output>
        </test-method> <!-- testSuccessfulPurchaseLumpsumPayAdd -->
        <test-method status="SKIP" signature="beforeMethod()[pri:0, instance:com.test1.tests.RTest@7d4793a8]" name="beforeMethod" is-config="true" duration-ms="0" started-at="2016-06-10T07:36:28Z" finished-at="2016-06-10T07:36:28Z">
          <reporter-output>
          </reporter-output>
        </test-method> <!-- beforeMethod -->
        <test-method status="SKIP" signature="afterMethod()[pri:0, instance:com.test1.tests.RTest@7d4793a8]" name="afterMethod" is-config="true" duration-ms="0" started-at="2016-06-10T07:36:28Z" finished-at="2016-06-10T07:36:28Z">
          <reporter-output>
          </reporter-output>
        </test-method> <!-- afterMethod -->
        <test-method status="SKIP" signature="afterMethod()[pri:0, instance:com.test1.tests.RTest@7d4793a8]" name="afterMethod" is-config="true" duration-ms="0" started-at="2016-06-10T07:36:28Z" finished-at="2016-06-10T07:36:28Z">
          <reporter-output>
          </reporter-output>
        </test-method> <!-- afterMethod -->
        <test-method status="SKIP" signature="beforeMethod()[pri:0, instance:com.test1.tests.RTest@7d4793a8]" name="beforeMethod" is-config="true" duration-ms="0" started-at="2016-06-10T07:36:28Z" finished-at="2016-06-10T07:36:28Z">
          <reporter-output>
          </reporter-output>
        </test-method> <!-- beforeMethod -->
        <test-method status="SKIP" signature="beforeMethod()[pri:0, instance:com.test1.tests.RTest@7d4793a8]" name="beforeMethod" is-config="true" duration-ms="0" started-at="2016-06-10T07:36:28Z" finished-at="2016-06-10T07:36:28Z">
          <reporter-output>
          </reporter-output>
        </test-method> <!-- beforeMethod -->
        <test-method status="SKIP" signature="testSuccessfulPurchaseLumpsumPayAdd(java.lang.String, java.lang.String, java.lang.String, java.lang.String, java.lang.String)[pri:0, instance:com.test1.tests.RTest@7d4793a8]" name="testSuccessfulPurchaseLumpsumPayAdd" duration-ms="0" started-at="2016-06-10T07:36:28Z" data-provider="dataProvider" finished-at="2016-06-10T07:36:28Z">
          <params>
            <param index="0">
              <value>
                <![CDATA[GTO18]]>
              </value>
            </param>
            <param index="1">
              <value>
                <![CDATA[26]]>
              </value>
            </param>
            <param index="2">
              <value>
                <![CDATA[06]]>
              </value>
            </param>
            <param index="3">
              <value>
                <![CDATA[2017]]>
              </value>
            </param>
            <param index="4">
              <value>
                <![CDATA[1]]>
              </value>
            </param>
          </params>
          <reporter-output>
          </reporter-output>
        </test-method> <!-- testSuccessfulPurchaseLumpsumPayAdd -->
        <test-method status="SKIP" signature="afterMethod()[pri:0, instance:com.test1.tests.RTest@7d4793a8]" name="afterMethod" is-config="true" duration-ms="0" started-at="2016-06-10T07:36:28Z" finished-at="2016-06-10T07:36:28Z">
          <reporter-output>
          </reporter-output>
        </test-method> <!-- afterMethod -->
        <test-method status="SKIP" signature="testSuccessfulPurchaseLumpsumPayAdd(java.lang.String, java.lang.String, java.lang.String, java.lang.String, java.lang.String)[pri:0, instance:com.test1.tests.RTest@7d4793a8]" name="testSuccessfulPurchaseLumpsumPayAdd" duration-ms="0" started-at="2016-06-10T07:36:28Z" data-provider="dataProvider" finished-at="2016-06-10T07:36:28Z">
          <params>
            <param index="0">
              <value>
                <![CDATA[EK9]]>
              </value>
            </param>
            <param index="1">
              <value>
                <![CDATA[12]]>
              </value>
            </param>
            <param index="2">
              <value>
                <![CDATA[07]]>
              </value>
            </param>
            <param index="3">
              <value>
                <![CDATA[2018]]>
              </value>
            </param>
            <param index="4">
              <value>
                <![CDATA[25]]>
              </value>
            </param>
          </params>
          <reporter-output>
          </reporter-output>
        </test-method> <!-- testSuccessfulPurchaseLumpsumPayAdd -->
        <test-method status="SKIP" signature="afterMethod()[pri:0, instance:com.test1.tests.RTest@7d4793a8]" name="afterMethod" is-config="true" duration-ms="0" started-at="2016-06-10T07:36:28Z" finished-at="2016-06-10T07:36:28Z">
          <reporter-output>
          </reporter-output>
        </test-method> <!-- afterMethod -->
        <test-method status="SKIP" signature="beforeMethod()[pri:0, instance:com.test1.tests.RTest@7d4793a8]" name="beforeMethod" is-config="true" duration-ms="0" started-at="2016-06-10T07:36:28Z" finished-at="2016-06-10T07:36:28Z">
          <reporter-output>
          </reporter-output>
        </test-method> <!-- beforeMethod -->
        <test-method status="SKIP" signature="beforeMethod()[pri:0, instance:com.test1.tests.RTest@7d4793a8]" name="beforeMethod" is-config="true" duration-ms="0" started-at="2016-06-10T07:36:28Z" finished-at="2016-06-10T07:36:28Z">
          <reporter-output>
          </reporter-output>
        </test-method> <!-- beforeMethod -->
        <test-method status="SKIP" signature="testSuccessfulMonthlyPurchasePeriodicPayAdd(java.lang.String, java.lang.String, java.lang.String, java.lang.String, java.lang.String, java.lang.String, java.lang.String)[pri:0, instance:com.test1.tests.RTest@7d4793a8]" name="testSuccessfulMonthlyPurchasePeriodicPayAdd" duration-ms="0" started-at="2016-06-10T07:36:28Z" data-provider="dataProvider" finished-at="2016-06-10T07:36:28Z">
          <params>
            <param index="0">
              <value>
                <![CDATA[Trueno86]]>
              </value>
            </param>
            <param index="1">
              <value>
                <![CDATA[01]]>
              </value>
            </param>
            <param index="2">
              <value>
                <![CDATA[07]]>
              </value>
            </param>
            <param index="3">
              <value>
                <![CDATA[2016]]>
              </value>
            </param>
            <param index="4">
              <value>
                <![CDATA[120000]]>
              </value>
            </param>
            <param index="5">
              <value>
                <![CDATA[8.0]]>
              </value>
            </param>
            <param index="6">
              <value>
                <![CDATA[Monthly]]>
              </value>
            </param>
          </params>
          <reporter-output>
          </reporter-output>
        </test-method> <!-- testSuccessfulMonthlyPurchasePeriodicPayAdd -->
        <test-method status="SKIP" signature="beforeMethod()[pri:0, instance:com.test1.tests.RTest@7d4793a8]" name="beforeMethod" is-config="true" duration-ms="0" started-at="2016-06-10T07:36:28Z" finished-at="2016-06-10T07:36:28Z">
          <reporter-output>
          </reporter-output>
        </test-method> <!-- beforeMethod -->
        <test-method status="SKIP" signature="afterMethod()[pri:0, instance:com.test1.tests.RTest@7d4793a8]" name="afterMethod" is-config="true" duration-ms="0" started-at="2016-06-10T07:36:28Z" finished-at="2016-06-10T07:36:28Z">
          <reporter-output>
          </reporter-output>
        </test-method> <!-- afterMethod -->
        <test-method status="SKIP" signature="testSuccessfulMonthlyPurchasePeriodicPayAdd(java.lang.String, java.lang.String, java.lang.String, java.lang.String, java.lang.String, java.lang.String, java.lang.String)[pri:0, instance:com.test1.tests.RTest@7d4793a8]" name="testSuccessfulMonthlyPurchasePeriodicPayAdd" duration-ms="0" started-at="2016-06-10T07:36:28Z" data-provider="dataProvider" finished-at="2016-06-10T07:36:28Z">
          <params>
            <param index="0">
              <value>
                <![CDATA[SUBWRX]]>
              </value>
            </param>
            <param index="1">
              <value>
                <![CDATA[05]]>
              </value>
            </param>
            <param index="2">
              <value>
                <![CDATA[08]]>
              </value>
            </param>
            <param index="3">
              <value>
                <![CDATA[2016]]>
              </value>
            </param>
            <param index="4">
              <value>
                <![CDATA[75000]]>
              </value>
            </param>
            <param index="5">
              <value>
                <![CDATA[11.0]]>
              </value>
            </param>
            <param index="6">
              <value>
                <![CDATA[Monthly]]>
              </value>
            </param>
          </params>
          <reporter-output>
          </reporter-output>
        </test-method> <!-- testSuccessfulMonthlyPurchasePeriodicPayAdd -->
        <test-method status="SKIP" signature="afterMethod()[pri:0, instance:com.test1.tests.RTest@7d4793a8]" name="afterMethod" is-config="true" duration-ms="0" started-at="2016-06-10T07:36:28Z" finished-at="2016-06-10T07:36:28Z">
          <reporter-output>
          </reporter-output>
        </test-method> <!-- afterMethod -->
      </class> <!-- com.test1.tests.RTest -->
    </test> <!-- Ant test -->
  </suite> <!-- Ant suite -->
</testng-results>
