<?xml version="1.0" encoding="UTF-8"?>
<testng-results skipped="0" failed="1" total="66" passed="65">
  <reporter-output>
  </reporter-output>
  <suite name="Ant suite" duration-ms="4179937" started-at="2016-05-19T15:30:16Z" finished-at="2016-05-19T16:39:56Z">
    <groups>
    </groups>
    <test name="Ant test" duration-ms="4179937" started-at="2016-05-19T15:30:16Z" finished-at="2016-05-19T16:39:56Z">
      <class name="com.test1.tests.RTest">
        <test-method status="PASS" signature="beforSuite()[pri:0, instance:com.test1.tests.RTest@490d6c15]" name="beforSuite" is-config="true" duration-ms="20" started-at="2016-05-19T11:30:16Z" finished-at="2016-05-19T11:30:16Z">
          <reporter-output>
          </reporter-output>
        </test-method> <!-- beforSuite -->
        <test-method status="PASS" signature="beforeMethod()[pri:0, instance:com.test1.tests.RTest@490d6c15]" name="beforeMethod" is-config="true" duration-ms="7324" started-at="2016-05-19T11:30:17Z" finished-at="2016-05-19T11:30:24Z">
          <reporter-output>
          </reporter-output>
        </test-method> <!-- beforeMethod -->
        <test-method status="PASS" signature="testSuccessfulAddNewCase(java.lang.String, java.lang.String, java.lang.String)[pri:0, instance:com.test1.tests.RTest@490d6c15]" name="testSuccessfulAddNewCase" duration-ms="29992" started-at="2016-05-19T11:30:24Z" data-provider="dataProvider" finished-at="2016-05-19T11:30:54Z">
          <params>
            <param index="0">
              <value>
                <![CDATA[FC3S13BT12]]>
              </value>
            </param>
            <param index="1">
              <value>
                <![CDATA[Ryosuke]]>
              </value>
            </param>
            <param index="2">
              <value>
                <![CDATA[Takahashi]]>
              </value>
            </param>
          </params>
          <reporter-output>
          </reporter-output>
        </test-method> <!-- testSuccessfulAddNewCase -->
        <test-method status="PASS" signature="afterMethod()[pri:0, instance:com.test1.tests.RTest@490d6c15]" name="afterMethod" is-config="true" duration-ms="1579" started-at="2016-05-19T11:30:54Z" finished-at="2016-05-19T11:30:56Z">
          <reporter-output>
          </reporter-output>
        </test-method> <!-- afterMethod -->
        <test-method status="PASS" signature="beforeMethod()[pri:0, instance:com.test1.tests.RTest@490d6c15]" name="beforeMethod" is-config="true" duration-ms="5854" started-at="2016-05-19T11:30:56Z" finished-at="2016-05-19T11:31:02Z">
          <reporter-output>
          </reporter-output>
        </test-method> <!-- beforeMethod -->
        <test-method status="PASS" signature="testSuccessfulAddNewCase(java.lang.String, java.lang.String, java.lang.String)[pri:0, instance:com.test1.tests.RTest@490d6c15]" name="testSuccessfulAddNewCase" duration-ms="30556" started-at="2016-05-19T11:31:02Z" data-provider="dataProvider" finished-at="2016-05-19T11:31:32Z">
          <params>
            <param index="0">
              <value>
                <![CDATA[AE863SGTE12]]>
              </value>
            </param>
            <param index="1">
              <value>
                <![CDATA[Paul]]>
              </value>
            </param>
            <param index="2">
              <value>
                <![CDATA[Phoenix]]>
              </value>
            </param>
          </params>
          <reporter-output>
          </reporter-output>
        </test-method> <!-- testSuccessfulAddNewCase -->
        <test-method status="PASS" signature="afterMethod()[pri:0, instance:com.test1.tests.RTest@490d6c15]" name="afterMethod" is-config="true" duration-ms="1352" started-at="2016-05-19T11:31:32Z" finished-at="2016-05-19T11:31:34Z">
          <reporter-output>
          </reporter-output>
        </test-method> <!-- afterMethod -->
        <test-method status="PASS" signature="beforeMethod()[pri:0, instance:com.test1.tests.RTest@490d6c15]" name="beforeMethod" is-config="true" duration-ms="5687" started-at="2016-05-19T11:31:34Z" finished-at="2016-05-19T11:31:39Z">
          <reporter-output>
          </reporter-output>
        </test-method> <!-- beforeMethod -->
        <test-method status="PASS" signature="testSuccessfulAddNewCase(java.lang.String, java.lang.String, java.lang.String)[pri:0, instance:com.test1.tests.RTest@490d6c15]" name="testSuccessfulAddNewCase" duration-ms="29531" started-at="2016-05-19T11:31:39Z" data-provider="dataProvider" finished-at="2016-05-19T11:32:09Z">
          <params>
            <param index="0">
              <value>
                <![CDATA[EA21R12]]>
              </value>
            </param>
            <param index="1">
              <value>
                <![CDATA[Sid]]>
              </value>
            </param>
            <param index="2">
              <value>
                <![CDATA[Sakamoto]]>
              </value>
            </param>
          </params>
          <reporter-output>
          </reporter-output>
        </test-method> <!-- testSuccessfulAddNewCase -->
        <test-method status="PASS" signature="afterMethod()[pri:0, instance:com.test1.tests.RTest@490d6c15]" name="afterMethod" is-config="true" duration-ms="1365" started-at="2016-05-19T11:32:09Z" finished-at="2016-05-19T11:32:10Z">
          <reporter-output>
          </reporter-output>
        </test-method> <!-- afterMethod -->
        <test-method status="PASS" signature="beforeMethod()[pri:0, instance:com.test1.tests.RTest@490d6c15]" name="beforeMethod" is-config="true" duration-ms="5848" started-at="2016-05-19T11:32:10Z" finished-at="2016-05-19T11:32:16Z">
          <reporter-output>
          </reporter-output>
        </test-method> <!-- beforeMethod -->
        <test-method status="PASS" signature="testSuccessfulAddNewCase(java.lang.String, java.lang.String, java.lang.String)[pri:0, instance:com.test1.tests.RTest@490d6c15]" name="testSuccessfulAddNewCase" duration-ms="32542" started-at="2016-05-19T11:32:16Z" data-provider="dataProvider" finished-at="2016-05-19T11:32:49Z">
          <params>
            <param index="0">
              <value>
                <![CDATA[EF9SIR12]]>
              </value>
            </param>
            <param index="1">
              <value>
                <![CDATA[Buck]]>
              </value>
            </param>
            <param index="2">
              <value>
                <![CDATA[Rogers]]>
              </value>
            </param>
          </params>
          <reporter-output>
          </reporter-output>
        </test-method> <!-- testSuccessfulAddNewCase -->
        <test-method status="PASS" signature="afterMethod()[pri:0, instance:com.test1.tests.RTest@490d6c15]" name="afterMethod" is-config="true" duration-ms="1510" started-at="2016-05-19T11:32:49Z" finished-at="2016-05-19T11:32:50Z">
          <reporter-output>
          </reporter-output>
        </test-method> <!-- afterMethod -->
        <test-method status="PASS" signature="beforeMethod()[pri:0, instance:com.test1.tests.RTest@490d6c15]" name="beforeMethod" is-config="true" duration-ms="7831" started-at="2016-05-19T11:32:50Z" finished-at="2016-05-19T11:32:58Z">
          <reporter-output>
          </reporter-output>
        </test-method> <!-- beforeMethod -->
        <test-method status="PASS" signature="testSuccessfulAddNewCase(java.lang.String, java.lang.String, java.lang.String)[pri:0, instance:com.test1.tests.RTest@490d6c15]" name="testSuccessfulAddNewCase" duration-ms="29777" started-at="2016-05-19T11:32:58Z" data-provider="dataProvider" finished-at="2016-05-19T11:33:28Z">
          <params>
            <param index="0">
              <value>
                <![CDATA[S14RB25DET12]]>
              </value>
            </param>
            <param index="1">
              <value>
                <![CDATA[Dux]]>
              </value>
            </param>
            <param index="2">
              <value>
                <![CDATA[Frank]]>
              </value>
            </param>
          </params>
          <reporter-output>
          </reporter-output>
        </test-method> <!-- testSuccessfulAddNewCase -->
        <test-method status="PASS" signature="afterMethod()[pri:0, instance:com.test1.tests.RTest@490d6c15]" name="afterMethod" is-config="true" duration-ms="1339" started-at="2016-05-19T11:33:28Z" finished-at="2016-05-19T11:33:29Z">
          <reporter-output>
          </reporter-output>
        </test-method> <!-- afterMethod -->
        <test-method status="PASS" signature="beforeMethod()[pri:0, instance:com.test1.tests.RTest@490d6c15]" name="beforeMethod" is-config="true" duration-ms="5557" started-at="2016-05-19T11:33:29Z" finished-at="2016-05-19T11:33:35Z">
          <reporter-output>
          </reporter-output>
        </test-method> <!-- beforeMethod -->
        <test-method status="PASS" signature="testSuccessfulAddNewCase(java.lang.String, java.lang.String, java.lang.String)[pri:0, instance:com.test1.tests.RTest@490d6c15]" name="testSuccessfulAddNewCase" duration-ms="30018" started-at="2016-05-19T11:33:35Z" data-provider="dataProvider" finished-at="2016-05-19T11:34:05Z">
          <params>
            <param index="0">
              <value>
                <![CDATA[EG6R12]]>
              </value>
            </param>
            <param index="1">
              <value>
                <![CDATA[Hei]]>
              </value>
            </param>
            <param index="2">
              <value>
                <![CDATA[Mishima]]>
              </value>
            </param>
          </params>
          <reporter-output>
          </reporter-output>
        </test-method> <!-- testSuccessfulAddNewCase -->
        <test-method status="PASS" signature="afterMethod()[pri:0, instance:com.test1.tests.RTest@490d6c15]" name="afterMethod" is-config="true" duration-ms="1384" started-at="2016-05-19T11:34:05Z" finished-at="2016-05-19T11:34:06Z">
          <reporter-output>
          </reporter-output>
        </test-method> <!-- afterMethod -->
        <test-method status="PASS" signature="beforeMethod()[pri:0, instance:com.test1.tests.RTest@490d6c15]" name="beforeMethod" is-config="true" duration-ms="6065" started-at="2016-05-19T11:34:06Z" finished-at="2016-05-19T11:34:12Z">
          <reporter-output>
          </reporter-output>
        </test-method> <!-- beforeMethod -->
        <test-method status="PASS" signature="testSuccessfulAddNewCase(java.lang.String, java.lang.String, java.lang.String)[pri:0, instance:com.test1.tests.RTest@490d6c15]" name="testSuccessfulAddNewCase" duration-ms="30175" started-at="2016-05-19T11:34:12Z" data-provider="dataProvider" finished-at="2016-05-19T11:34:42Z">
          <params>
            <param index="0">
              <value>
                <![CDATA[S15RB25DET12]]>
              </value>
            </param>
            <param index="1">
              <value>
                <![CDATA[AR]]>
              </value>
            </param>
            <param index="2">
              <value>
                <![CDATA[King]]>
              </value>
            </param>
          </params>
          <reporter-output>
          </reporter-output>
        </test-method> <!-- testSuccessfulAddNewCase -->
        <test-method status="PASS" signature="afterMethod()[pri:0, instance:com.test1.tests.RTest@490d6c15]" name="afterMethod" is-config="true" duration-ms="1393" started-at="2016-05-19T11:34:42Z" finished-at="2016-05-19T11:34:44Z">
          <reporter-output>
          </reporter-output>
        </test-method> <!-- afterMethod -->
        <test-method status="PASS" signature="beforeMethod()[pri:0, instance:com.test1.tests.RTest@490d6c15]" name="beforeMethod" is-config="true" duration-ms="6241" started-at="2016-05-19T11:34:44Z" finished-at="2016-05-19T11:34:50Z">
          <reporter-output>
          </reporter-output>
        </test-method> <!-- beforeMethod -->
        <test-method status="PASS" signature="testSuccessfulAddNewCase(java.lang.String, java.lang.String, java.lang.String)[pri:0, instance:com.test1.tests.RTest@490d6c15]" name="testSuccessfulAddNewCase" duration-ms="30377" started-at="2016-05-19T11:34:50Z" data-provider="dataProvider" finished-at="2016-05-19T11:35:20Z">
          <params>
            <param index="0">
              <value>
                <![CDATA[TE1212]]>
              </value>
            </param>
            <param index="1">
              <value>
                <![CDATA[Nina]]>
              </value>
            </param>
            <param index="2">
              <value>
                <![CDATA[Williams]]>
              </value>
            </param>
          </params>
          <reporter-output>
          </reporter-output>
        </test-method> <!-- testSuccessfulAddNewCase -->
        <test-method status="PASS" signature="afterMethod()[pri:0, instance:com.test1.tests.RTest@490d6c15]" name="afterMethod" is-config="true" duration-ms="1376" started-at="2016-05-19T11:35:20Z" finished-at="2016-05-19T11:35:22Z">
          <reporter-output>
          </reporter-output>
        </test-method> <!-- afterMethod -->
        <test-method status="PASS" signature="beforeMethod()[pri:0, instance:com.test1.tests.RTest@490d6c15]" name="beforeMethod" is-config="true" duration-ms="6440" started-at="2016-05-19T11:35:22Z" finished-at="2016-05-19T11:35:28Z">
          <reporter-output>
          </reporter-output>
        </test-method> <!-- beforeMethod -->
        <test-method status="PASS" signature="testSuccessfulAddNewCase(java.lang.String, java.lang.String, java.lang.String)[pri:0, instance:com.test1.tests.RTest@490d6c15]" name="testSuccessfulAddNewCase" duration-ms="32255" started-at="2016-05-19T11:35:28Z" data-provider="dataProvider" finished-at="2016-05-19T11:36:00Z">
          <params>
            <param index="0">
              <value>
                <![CDATA[TE4512]]>
              </value>
            </param>
            <param index="1">
              <value>
                <![CDATA[Anna]]>
              </value>
            </param>
            <param index="2">
              <value>
                <![CDATA[Williams]]>
              </value>
            </param>
          </params>
          <reporter-output>
          </reporter-output>
        </test-method> <!-- testSuccessfulAddNewCase -->
        <test-method status="PASS" signature="afterMethod()[pri:0, instance:com.test1.tests.RTest@490d6c15]" name="afterMethod" is-config="true" duration-ms="1553" started-at="2016-05-19T11:36:00Z" finished-at="2016-05-19T11:36:02Z">
          <reporter-output>
          </reporter-output>
        </test-method> <!-- afterMethod -->
        <test-method status="PASS" signature="beforeMethod()[pri:0, instance:com.test1.tests.RTest@490d6c15]" name="beforeMethod" is-config="true" duration-ms="5517" started-at="2016-05-19T11:36:02Z" finished-at="2016-05-19T11:36:08Z">
          <reporter-output>
          </reporter-output>
        </test-method> <!-- beforeMethod -->
        <test-method status="PASS" signature="testSuccessfulAddNewCase(java.lang.String, java.lang.String, java.lang.String)[pri:0, instance:com.test1.tests.RTest@490d6c15]" name="testSuccessfulAddNewCase" duration-ms="29986" started-at="2016-05-19T11:36:08Z" data-provider="dataProvider" finished-at="2016-05-19T11:36:38Z">
          <params>
            <param index="0">
              <value>
                <![CDATA[TE1112]]>
              </value>
            </param>
            <param index="1">
              <value>
                <![CDATA[Kazuya]]>
              </value>
            </param>
            <param index="2">
              <value>
                <![CDATA[Mishima]]>
              </value>
            </param>
          </params>
          <reporter-output>
          </reporter-output>
        </test-method> <!-- testSuccessfulAddNewCase -->
        <test-method status="PASS" signature="afterMethod()[pri:0, instance:com.test1.tests.RTest@490d6c15]" name="afterMethod" is-config="true" duration-ms="1427" started-at="2016-05-19T11:36:38Z" finished-at="2016-05-19T11:36:39Z">
          <reporter-output>
          </reporter-output>
        </test-method> <!-- afterMethod -->
        <test-method status="PASS" signature="beforeMethod()[pri:0, instance:com.test1.tests.RTest@490d6c15]" name="beforeMethod" is-config="true" duration-ms="5985" started-at="2016-05-19T11:36:39Z" finished-at="2016-05-19T11:36:45Z">
          <reporter-output>
          </reporter-output>
        </test-method> <!-- beforeMethod -->
        <test-method status="PASS" signature="testSuccessfulAddNewCase(java.lang.String, java.lang.String, java.lang.String)[pri:0, instance:com.test1.tests.RTest@490d6c15]" name="testSuccessfulAddNewCase" duration-ms="29947" started-at="2016-05-19T11:36:45Z" data-provider="dataProvider" finished-at="2016-05-19T11:37:15Z">
          <params>
            <param index="0">
              <value>
                <![CDATA[TE2212]]>
              </value>
            </param>
            <param index="1">
              <value>
                <![CDATA[Jun]]>
              </value>
            </param>
            <param index="2">
              <value>
                <![CDATA[Kazama]]>
              </value>
            </param>
          </params>
          <reporter-output>
          </reporter-output>
        </test-method> <!-- testSuccessfulAddNewCase -->
        <test-method status="PASS" signature="afterMethod()[pri:0, instance:com.test1.tests.RTest@490d6c15]" name="afterMethod" is-config="true" duration-ms="1350" started-at="2016-05-19T11:37:15Z" finished-at="2016-05-19T11:37:16Z">
          <reporter-output>
          </reporter-output>
        </test-method> <!-- afterMethod -->
        <test-method status="PASS" signature="beforeMethod()[pri:0, instance:com.test1.tests.RTest@490d6c15]" name="beforeMethod" is-config="true" duration-ms="5773" started-at="2016-05-19T11:37:16Z" finished-at="2016-05-19T11:37:22Z">
          <reporter-output>
          </reporter-output>
        </test-method> <!-- beforeMethod -->
        <test-method status="PASS" signature="testSuccessfulAddNewPriorDealCase(java.lang.String, java.lang.String, java.lang.String)[pri:0, instance:com.test1.tests.RTest@490d6c15]" name="testSuccessfulAddNewPriorDealCase" duration-ms="31658" started-at="2016-05-19T11:37:22Z" data-provider="dataProvider" finished-at="2016-05-19T11:37:54Z">
          <params>
            <param index="0">
              <value>
                <![CDATA[AP1TypeR12]]>
              </value>
            </param>
            <param index="1">
              <value>
                <![CDATA[Toshiya]]>
              </value>
            </param>
            <param index="2">
              <value>
                <![CDATA[Joshima]]>
              </value>
            </param>
          </params>
          <reporter-output>
          </reporter-output>
        </test-method> <!-- testSuccessfulAddNewPriorDealCase -->
        <test-method status="PASS" signature="afterMethod()[pri:0, instance:com.test1.tests.RTest@490d6c15]" name="afterMethod" is-config="true" duration-ms="1342" started-at="2016-05-19T11:37:54Z" finished-at="2016-05-19T11:37:55Z">
          <reporter-output>
          </reporter-output>
        </test-method> <!-- afterMethod -->
        <test-method status="PASS" signature="beforeMethod()[pri:0, instance:com.test1.tests.RTest@490d6c15]" name="beforeMethod" is-config="true" duration-ms="5670" started-at="2016-05-19T11:37:55Z" finished-at="2016-05-19T11:38:01Z">
          <reporter-output>
          </reporter-output>
        </test-method> <!-- beforeMethod -->
        <test-method status="PASS" signature="testSuccessfulAddNewPriorDealCase(java.lang.String, java.lang.String, java.lang.String)[pri:0, instance:com.test1.tests.RTest@490d6c15]" name="testSuccessfulAddNewPriorDealCase" duration-ms="32007" started-at="2016-05-19T11:38:01Z" data-provider="dataProvider" finished-at="2016-05-19T11:38:33Z">
          <params>
            <param index="0">
              <value>
                <![CDATA[FD3S12]]>
              </value>
            </param>
            <param index="1">
              <value>
                <![CDATA[Keisuke]]>
              </value>
            </param>
            <param index="2">
              <value>
                <![CDATA[Takahashi]]>
              </value>
            </param>
          </params>
          <reporter-output>
          </reporter-output>
        </test-method> <!-- testSuccessfulAddNewPriorDealCase -->
        <test-method status="PASS" signature="afterMethod()[pri:0, instance:com.test1.tests.RTest@490d6c15]" name="afterMethod" is-config="true" duration-ms="1334" started-at="2016-05-19T11:38:33Z" finished-at="2016-05-19T11:38:34Z">
          <reporter-output>
          </reporter-output>
        </test-method> <!-- afterMethod -->
        <test-method status="PASS" signature="beforeMethod()[pri:0, instance:com.test1.tests.RTest@490d6c15]" name="beforeMethod" is-config="true" duration-ms="6046" started-at="2016-05-19T11:38:34Z" finished-at="2016-05-19T11:38:40Z">
          <reporter-output>
          </reporter-output>
        </test-method> <!-- beforeMethod -->
        <test-method status="PASS" signature="testSuccessfulAddNewPriorDealCase(java.lang.String, java.lang.String, java.lang.String)[pri:0, instance:com.test1.tests.RTest@490d6c15]" name="testSuccessfulAddNewPriorDealCase" duration-ms="31958" started-at="2016-05-19T11:38:40Z" data-provider="dataProvider" finished-at="2016-05-19T11:39:12Z">
          <params>
            <param index="0">
              <value>
                <![CDATA[S13RB25DET12]]>
              </value>
            </param>
            <param index="1">
              <value>
                <![CDATA[Tak]]>
              </value>
            </param>
            <param index="2">
              <value>
                <![CDATA[Gomi]]>
              </value>
            </param>
          </params>
          <reporter-output>
          </reporter-output>
        </test-method> <!-- testSuccessfulAddNewPriorDealCase -->
        <test-method status="PASS" signature="afterMethod()[pri:0, instance:com.test1.tests.RTest@490d6c15]" name="afterMethod" is-config="true" duration-ms="1356" started-at="2016-05-19T11:39:12Z" finished-at="2016-05-19T11:39:14Z">
          <reporter-output>
          </reporter-output>
        </test-method> <!-- afterMethod -->
        <test-method status="PASS" signature="beforeMethod()[pri:0, instance:com.test1.tests.RTest@490d6c15]" name="beforeMethod" is-config="true" duration-ms="5503" started-at="2016-05-19T11:39:14Z" finished-at="2016-05-19T11:39:19Z">
          <reporter-output>
          </reporter-output>
        </test-method> <!-- beforeMethod -->
        <test-method status="PASS" signature="testSuccessfulAddNewPriorDealCase(java.lang.String, java.lang.String, java.lang.String)[pri:0, instance:com.test1.tests.RTest@490d6c15]" name="testSuccessfulAddNewPriorDealCase" duration-ms="31896" started-at="2016-05-19T11:39:19Z" data-provider="dataProvider" finished-at="2016-05-19T11:39:51Z">
          <params>
            <param index="0">
              <value>
                <![CDATA[180sxRB25DET12]]>
              </value>
            </param>
            <param index="1">
              <value>
                <![CDATA[Drifter]]>
              </value>
            </param>
            <param index="2">
              <value>
                <![CDATA[X]]>
              </value>
            </param>
          </params>
          <reporter-output>
          </reporter-output>
        </test-method> <!-- testSuccessfulAddNewPriorDealCase -->
        <test-method status="PASS" signature="afterMethod()[pri:0, instance:com.test1.tests.RTest@490d6c15]" name="afterMethod" is-config="true" duration-ms="1391" started-at="2016-05-19T11:39:51Z" finished-at="2016-05-19T11:39:52Z">
          <reporter-output>
          </reporter-output>
        </test-method> <!-- afterMethod -->
        <test-method status="PASS" signature="beforeMethod()[pri:0, instance:com.test1.tests.RTest@490d6c15]" name="beforeMethod" is-config="true" duration-ms="5249" started-at="2016-05-19T11:39:52Z" finished-at="2016-05-19T11:39:58Z">
          <reporter-output>
          </reporter-output>
        </test-method> <!-- beforeMethod -->
        <test-method status="PASS" signature="testSuccessfulAddNewPriorDealCase(java.lang.String, java.lang.String, java.lang.String)[pri:0, instance:com.test1.tests.RTest@490d6c15]" name="testSuccessfulAddNewPriorDealCase" duration-ms="34587" started-at="2016-05-19T11:39:58Z" data-provider="dataProvider" finished-at="2016-05-19T11:40:32Z">
          <params>
            <param index="0">
              <value>
                <![CDATA[NA6CTypeR12]]>
              </value>
            </param>
            <param index="1">
              <value>
                <![CDATA[Hiro]]>
              </value>
            </param>
            <param index="2">
              <value>
                <![CDATA[Fumihiro]]>
              </value>
            </param>
          </params>
          <reporter-output>
          </reporter-output>
        </test-method> <!-- testSuccessfulAddNewPriorDealCase -->
        <test-method status="PASS" signature="afterMethod()[pri:0, instance:com.test1.tests.RTest@490d6c15]" name="afterMethod" is-config="true" duration-ms="1408" started-at="2016-05-19T11:40:32Z" finished-at="2016-05-19T11:40:34Z">
          <reporter-output>
          </reporter-output>
        </test-method> <!-- afterMethod -->
        <test-method status="PASS" signature="beforeMethod()[pri:0, instance:com.test1.tests.RTest@490d6c15]" name="beforeMethod" is-config="true" duration-ms="6446" started-at="2016-05-19T11:40:34Z" finished-at="2016-05-19T11:40:40Z">
          <reporter-output>
          </reporter-output>
        </test-method> <!-- beforeMethod -->
        <test-method status="PASS" signature="testSuccessfulAddNewPriorDealCase(java.lang.String, java.lang.String, java.lang.String)[pri:0, instance:com.test1.tests.RTest@490d6c15]" name="testSuccessfulAddNewPriorDealCase" duration-ms="31979" started-at="2016-05-19T11:40:40Z" data-provider="dataProvider" finished-at="2016-05-19T11:41:12Z">
          <params>
            <param index="0">
              <value>
                <![CDATA[NA1TypeR12]]>
              </value>
            </param>
            <param index="1">
              <value>
                <![CDATA[Go]]>
              </value>
            </param>
            <param index="2">
              <value>
                <![CDATA[Hojo]]>
              </value>
            </param>
          </params>
          <reporter-output>
          </reporter-output>
        </test-method> <!-- testSuccessfulAddNewPriorDealCase -->
        <test-method status="PASS" signature="afterMethod()[pri:0, instance:com.test1.tests.RTest@490d6c15]" name="afterMethod" is-config="true" duration-ms="1426" started-at="2016-05-19T11:41:12Z" finished-at="2016-05-19T11:41:13Z">
          <reporter-output>
          </reporter-output>
        </test-method> <!-- afterMethod -->
        <test-method status="PASS" signature="beforeMethod()[pri:0, instance:com.test1.tests.RTest@490d6c15]" name="beforeMethod" is-config="true" duration-ms="5586" started-at="2016-05-19T11:41:13Z" finished-at="2016-05-19T11:41:19Z">
          <reporter-output>
          </reporter-output>
        </test-method> <!-- beforeMethod -->
        <test-method status="PASS" signature="testSuccessfulAddNewPriorDealCase(java.lang.String, java.lang.String, java.lang.String)[pri:0, instance:com.test1.tests.RTest@490d6c15]" name="testSuccessfulAddNewPriorDealCase" duration-ms="31892" started-at="2016-05-19T11:41:19Z" data-provider="dataProvider" finished-at="2016-05-19T11:41:51Z">
          <params>
            <param index="0">
              <value>
                <![CDATA[TE3312]]>
              </value>
            </param>
            <param index="1">
              <value>
                <![CDATA[Steve]]>
              </value>
            </param>
            <param index="2">
              <value>
                <![CDATA[Fox]]>
              </value>
            </param>
          </params>
          <reporter-output>
          </reporter-output>
        </test-method> <!-- testSuccessfulAddNewPriorDealCase -->
        <test-method status="PASS" signature="afterMethod()[pri:0, instance:com.test1.tests.RTest@490d6c15]" name="afterMethod" is-config="true" duration-ms="1357" started-at="2016-05-19T11:41:51Z" finished-at="2016-05-19T11:41:52Z">
          <reporter-output>
          </reporter-output>
        </test-method> <!-- afterMethod -->
        <test-method status="PASS" signature="beforeMethod()[pri:0, instance:com.test1.tests.RTest@490d6c15]" name="beforeMethod" is-config="true" duration-ms="6205" started-at="2016-05-19T11:41:52Z" finished-at="2016-05-19T11:41:58Z">
          <reporter-output>
          </reporter-output>
        </test-method> <!-- beforeMethod -->
        <test-method status="PASS" signature="testSuccessfulAddNewPriorDealCase(java.lang.String, java.lang.String, java.lang.String)[pri:0, instance:com.test1.tests.RTest@490d6c15]" name="testSuccessfulAddNewPriorDealCase" duration-ms="32051" started-at="2016-05-19T11:41:58Z" data-provider="dataProvider" finished-at="2016-05-19T11:42:31Z">
          <params>
            <param index="0">
              <value>
                <![CDATA[KP111112]]>
              </value>
            </param>
            <param index="1">
              <value>
                <![CDATA[Nancy]]>
              </value>
            </param>
            <param index="2">
              <value>
                <![CDATA[Lang]]>
              </value>
            </param>
          </params>
          <reporter-output>
          </reporter-output>
        </test-method> <!-- testSuccessfulAddNewPriorDealCase -->
        <test-method status="PASS" signature="afterMethod()[pri:0, instance:com.test1.tests.RTest@490d6c15]" name="afterMethod" is-config="true" duration-ms="1320" started-at="2016-05-19T11:42:31Z" finished-at="2016-05-19T11:42:32Z">
          <reporter-output>
          </reporter-output>
        </test-method> <!-- afterMethod -->
        <test-method status="PASS" signature="beforeMethod()[pri:0, instance:com.test1.tests.RTest@490d6c15]" name="beforeMethod" is-config="true" duration-ms="5982" started-at="2016-05-19T11:42:32Z" finished-at="2016-05-19T11:42:38Z">
          <reporter-output>
          </reporter-output>
        </test-method> <!-- beforeMethod -->
        <test-method status="PASS" signature="testSuccessfulCaseSummaryInfo(java.lang.String, java.lang.String, java.lang.String, java.lang.String, java.lang.String, java.lang.String, java.lang.String, java.lang.String, java.lang.String, java.lang.String)[pri:0, instance:com.test1.tests.RTest@490d6c15]" name="testSuccessfulCaseSummaryInfo" duration-ms="59959" started-at="2016-05-19T11:42:38Z" data-provider="dataProvider" finished-at="2016-05-19T11:43:38Z">
          <params>
            <param index="0">
              <value>
                <![CDATA[AP1TypeR12]]>
              </value>
            </param>
            <param index="1">
              <value>
                <![CDATA[HI]]>
              </value>
            </param>
            <param index="2">
              <value>
                <![CDATA[Maui]]>
              </value>
            </param>
            <param index="3">
              <value>
                <![CDATA[God hand 2000]]>
              </value>
            </param>
            <param index="4">
              <value>
                <![CDATA[Ready]]>
              </value>
            </param>
            <param index="5">
              <value>
                <![CDATA[04]]>
              </value>
            </param>
            <param index="6">
              <value>
                <![CDATA[26.0]]>
              </value>
            </param>
            <param index="7">
              <value>
                <![CDATA[2016]]>
              </value>
            </param>
            <param index="8">
              <value>
                <![CDATA[Toshiya]]>
              </value>
            </param>
            <param index="9">
              <value>
                <![CDATA[Joshima]]>
              </value>
            </param>
          </params>
          <reporter-output>
          </reporter-output>
        </test-method> <!-- testSuccessfulCaseSummaryInfo -->
        <test-method status="PASS" signature="afterMethod()[pri:0, instance:com.test1.tests.RTest@490d6c15]" name="afterMethod" is-config="true" duration-ms="1393" started-at="2016-05-19T11:43:38Z" finished-at="2016-05-19T11:43:39Z">
          <reporter-output>
          </reporter-output>
        </test-method> <!-- afterMethod -->
        <test-method status="PASS" signature="beforeMethod()[pri:0, instance:com.test1.tests.RTest@490d6c15]" name="beforeMethod" is-config="true" duration-ms="6381" started-at="2016-05-19T11:43:39Z" finished-at="2016-05-19T11:43:46Z">
          <reporter-output>
          </reporter-output>
        </test-method> <!-- beforeMethod -->
        <test-method status="PASS" signature="testSuccessfulCaseSummaryInfo(java.lang.String, java.lang.String, java.lang.String, java.lang.String, java.lang.String, java.lang.String, java.lang.String, java.lang.String, java.lang.String, java.lang.String)[pri:0, instance:com.test1.tests.RTest@490d6c15]" name="testSuccessfulCaseSummaryInfo" duration-ms="60047" started-at="2016-05-19T11:43:46Z" data-provider="dataProvider" finished-at="2016-05-19T11:44:46Z">
          <params>
            <param index="0">
              <value>
                <![CDATA[AE863SGTE12]]>
              </value>
            </param>
            <param index="1">
              <value>
                <![CDATA[IL]]>
              </value>
            </param>
            <param index="2">
              <value>
                <![CDATA[Cook County]]>
              </value>
            </param>
            <param index="3">
              <value>
                <![CDATA[Phoenix Smasher]]>
              </value>
            </param>
            <param index="4">
              <value>
                <![CDATA[New]]>
              </value>
            </param>
            <param index="5">
              <value>
                <![CDATA[04]]>
              </value>
            </param>
            <param index="6">
              <value>
                <![CDATA[25.0]]>
              </value>
            </param>
            <param index="7">
              <value>
                <![CDATA[2016]]>
              </value>
            </param>
            <param index="8">
              <value>
                <![CDATA[Paul]]>
              </value>
            </param>
            <param index="9">
              <value>
                <![CDATA[Phoenix]]>
              </value>
            </param>
          </params>
          <reporter-output>
          </reporter-output>
        </test-method> <!-- testSuccessfulCaseSummaryInfo -->
        <test-method status="PASS" signature="afterMethod()[pri:0, instance:com.test1.tests.RTest@490d6c15]" name="afterMethod" is-config="true" duration-ms="1421" started-at="2016-05-19T11:44:46Z" finished-at="2016-05-19T11:44:47Z">
          <reporter-output>
          </reporter-output>
        </test-method> <!-- afterMethod -->
        <test-method status="PASS" signature="beforeMethod()[pri:0, instance:com.test1.tests.RTest@490d6c15]" name="beforeMethod" is-config="true" duration-ms="5845" started-at="2016-05-19T11:44:47Z" finished-at="2016-05-19T11:44:53Z">
          <reporter-output>
          </reporter-output>
        </test-method> <!-- beforeMethod -->
        <test-method status="PASS" signature="testSuccessfulCaseSummaryInfo(java.lang.String, java.lang.String, java.lang.String, java.lang.String, java.lang.String, java.lang.String, java.lang.String, java.lang.String, java.lang.String, java.lang.String)[pri:0, instance:com.test1.tests.RTest@490d6c15]" name="testSuccessfulCaseSummaryInfo" duration-ms="65589" started-at="2016-05-19T11:44:53Z" data-provider="dataProvider" finished-at="2016-05-19T11:45:59Z">
          <params>
            <param index="0">
              <value>
                <![CDATA[EG6R12]]>
              </value>
            </param>
            <param index="1">
              <value>
                <![CDATA[CA]]>
              </value>
            </param>
            <param index="2">
              <value>
                <![CDATA[Santa Cruz County]]>
              </value>
            </param>
            <param index="3">
              <value>
                <![CDATA[adding instructions 2]]>
              </value>
            </param>
            <param index="4">
              <value>
                <![CDATA[Do Not Research]]>
              </value>
            </param>
            <param index="5">
              <value>
                <![CDATA[04]]>
              </value>
            </param>
            <param index="6">
              <value>
                <![CDATA[09]]>
              </value>
            </param>
            <param index="7">
              <value>
                <![CDATA[1970]]>
              </value>
            </param>
            <param index="8">
              <value>
                <![CDATA[Hei]]>
              </value>
            </param>
            <param index="9">
              <value>
                <![CDATA[Mishima]]>
              </value>
            </param>
          </params>
          <reporter-output>
          </reporter-output>
        </test-method> <!-- testSuccessfulCaseSummaryInfo -->
        <test-method status="PASS" signature="afterMethod()[pri:0, instance:com.test1.tests.RTest@490d6c15]" name="afterMethod" is-config="true" duration-ms="1481" started-at="2016-05-19T11:45:59Z" finished-at="2016-05-19T11:46:00Z">
          <reporter-output>
          </reporter-output>
        </test-method> <!-- afterMethod -->
        <test-method status="PASS" signature="beforeMethod()[pri:0, instance:com.test1.tests.RTest@490d6c15]" name="beforeMethod" is-config="true" duration-ms="6666" started-at="2016-05-19T11:46:00Z" finished-at="2016-05-19T11:46:07Z">
          <reporter-output>
          </reporter-output>
        </test-method> <!-- beforeMethod -->
        <test-method status="PASS" signature="testSuccessfulCaseSummaryInfo(java.lang.String, java.lang.String, java.lang.String, java.lang.String, java.lang.String, java.lang.String, java.lang.String, java.lang.String, java.lang.String, java.lang.String)[pri:0, instance:com.test1.tests.RTest@490d6c15]" name="testSuccessfulCaseSummaryInfo" duration-ms="57904" started-at="2016-05-19T11:46:07Z" data-provider="dataProvider" finished-at="2016-05-19T11:47:05Z">
          <params>
            <param index="0">
              <value>
                <![CDATA[TE1112]]>
              </value>
            </param>
            <param index="1">
              <value>
                <![CDATA[IL]]>
              </value>
            </param>
            <param index="2">
              <value>
                <![CDATA[Cook County]]>
              </value>
            </param>
            <param index="3">
              <value>
                <![CDATA[yes sir]]>
              </value>
            </param>
            <param index="4">
              <value>
                <![CDATA[Ready]]>
              </value>
            </param>
            <param index="5">
              <value>
                <![CDATA[05]]>
              </value>
            </param>
            <param index="6">
              <value>
                <![CDATA[20]]>
              </value>
            </param>
            <param index="7">
              <value>
                <![CDATA[2017]]>
              </value>
            </param>
            <param index="8">
              <value>
                <![CDATA[Kazuya]]>
              </value>
            </param>
            <param index="9">
              <value>
                <![CDATA[Mishima]]>
              </value>
            </param>
          </params>
          <reporter-output>
          </reporter-output>
        </test-method> <!-- testSuccessfulCaseSummaryInfo -->
        <test-method status="PASS" signature="afterMethod()[pri:0, instance:com.test1.tests.RTest@490d6c15]" name="afterMethod" is-config="true" duration-ms="1420" started-at="2016-05-19T11:47:05Z" finished-at="2016-05-19T11:47:06Z">
          <reporter-output>
          </reporter-output>
        </test-method> <!-- afterMethod -->
        <test-method status="PASS" signature="beforeMethod()[pri:0, instance:com.test1.tests.RTest@490d6c15]" name="beforeMethod" is-config="true" duration-ms="6353" started-at="2016-05-19T11:47:06Z" finished-at="2016-05-19T11:47:12Z">
          <reporter-output>
          </reporter-output>
        </test-method> <!-- beforeMethod -->
        <test-method status="PASS" signature="testSuccessfulCaseSummaryInfo(java.lang.String, java.lang.String, java.lang.String, java.lang.String, java.lang.String, java.lang.String, java.lang.String, java.lang.String, java.lang.String, java.lang.String)[pri:0, instance:com.test1.tests.RTest@490d6c15]" name="testSuccessfulCaseSummaryInfo" duration-ms="68811" started-at="2016-05-19T11:47:12Z" data-provider="dataProvider" finished-at="2016-05-19T11:48:21Z">
          <params>
            <param index="0">
              <value>
                <![CDATA[S15RB25DET12]]>
              </value>
            </param>
            <param index="1">
              <value>
                <![CDATA[ID]]>
              </value>
            </param>
            <param index="2">
              <value>
                <![CDATA[Bear Lake County]]>
              </value>
            </param>
            <param index="3">
              <value>
                <![CDATA[yeahhh 1234]]>
              </value>
            </param>
            <param index="4">
              <value>
                <![CDATA[Do Not Research]]>
              </value>
            </param>
            <param index="5">
              <value>
                <![CDATA[10]]>
              </value>
            </param>
            <param index="6">
              <value>
                <![CDATA[31]]>
              </value>
            </param>
            <param index="7">
              <value>
                <![CDATA[2018]]>
              </value>
            </param>
            <param index="8">
              <value>
                <![CDATA[AR]]>
              </value>
            </param>
            <param index="9">
              <value>
                <![CDATA[King]]>
              </value>
            </param>
          </params>
          <reporter-output>
          </reporter-output>
        </test-method> <!-- testSuccessfulCaseSummaryInfo -->
        <test-method status="PASS" signature="afterMethod()[pri:0, instance:com.test1.tests.RTest@490d6c15]" name="afterMethod" is-config="true" duration-ms="1465" started-at="2016-05-19T11:48:21Z" finished-at="2016-05-19T11:48:23Z">
          <reporter-output>
          </reporter-output>
        </test-method> <!-- afterMethod -->
        <test-method status="PASS" signature="beforeMethod()[pri:0, instance:com.test1.tests.RTest@490d6c15]" name="beforeMethod" is-config="true" duration-ms="6289" started-at="2016-05-19T11:48:23Z" finished-at="2016-05-19T11:48:29Z">
          <reporter-output>
          </reporter-output>
        </test-method> <!-- beforeMethod -->
        <test-method status="PASS" signature="testSuccessfulCaseSummaryInfo(java.lang.String, java.lang.String, java.lang.String, java.lang.String, java.lang.String, java.lang.String, java.lang.String, java.lang.String, java.lang.String, java.lang.String)[pri:0, instance:com.test1.tests.RTest@490d6c15]" name="testSuccessfulCaseSummaryInfo" duration-ms="57966" started-at="2016-05-19T11:48:29Z" data-provider="dataProvider" finished-at="2016-05-19T11:49:27Z">
          <params>
            <param index="0">
              <value>
                <![CDATA[NA6CTypeR12]]>
              </value>
            </param>
            <param index="1">
              <value>
                <![CDATA[TN]]>
              </value>
            </param>
            <param index="2">
              <value>
                <![CDATA[Coffee County]]>
              </value>
            </param>
            <param index="3">
              <value>
                <![CDATA[AAAABBBBB 12345]]>
              </value>
            </param>
            <param index="4">
              <value>
                <![CDATA[Ready]]>
              </value>
            </param>
            <param index="5">
              <value>
                <![CDATA[05]]>
              </value>
            </param>
            <param index="6">
              <value>
                <![CDATA[06]]>
              </value>
            </param>
            <param index="7">
              <value>
                <![CDATA[2016]]>
              </value>
            </param>
            <param index="8">
              <value>
                <![CDATA[Hiro]]>
              </value>
            </param>
            <param index="9">
              <value>
                <![CDATA[Fumihiro]]>
              </value>
            </param>
          </params>
          <reporter-output>
          </reporter-output>
        </test-method> <!-- testSuccessfulCaseSummaryInfo -->
        <test-method status="PASS" signature="afterMethod()[pri:0, instance:com.test1.tests.RTest@490d6c15]" name="afterMethod" is-config="true" duration-ms="1395" started-at="2016-05-19T11:49:27Z" finished-at="2016-05-19T11:49:28Z">
          <reporter-output>
          </reporter-output>
        </test-method> <!-- afterMethod -->
        <test-method status="PASS" signature="beforeMethod()[pri:0, instance:com.test1.tests.RTest@490d6c15]" name="beforeMethod" is-config="true" duration-ms="6199" started-at="2016-05-19T11:49:28Z" finished-at="2016-05-19T11:49:35Z">
          <reporter-output>
          </reporter-output>
        </test-method> <!-- beforeMethod -->
        <test-method status="PASS" signature="testSuccessfulCaseSummaryInfo(java.lang.String, java.lang.String, java.lang.String, java.lang.String, java.lang.String, java.lang.String, java.lang.String, java.lang.String, java.lang.String, java.lang.String)[pri:0, instance:com.test1.tests.RTest@490d6c15]" name="testSuccessfulCaseSummaryInfo" duration-ms="64341" started-at="2016-05-19T11:49:35Z" data-provider="dataProvider" finished-at="2016-05-19T11:50:39Z">
          <params>
            <param index="0">
              <value>
                <![CDATA[EF9SIR12]]>
              </value>
            </param>
            <param index="1">
              <value>
                <![CDATA[CO]]>
              </value>
            </param>
            <param index="2">
              <value>
                <![CDATA[Adams County]]>
              </value>
            </param>
            <param index="3">
              <value>
                <![CDATA[adding instructionsB]]>
              </value>
            </param>
            <param index="4">
              <value>
                <![CDATA[New]]>
              </value>
            </param>
            <param index="5">
              <value>
                <![CDATA[03]]>
              </value>
            </param>
            <param index="6">
              <value>
                <![CDATA[12]]>
              </value>
            </param>
            <param index="7">
              <value>
                <![CDATA[2015]]>
              </value>
            </param>
            <param index="8">
              <value>
                <![CDATA[Buck]]>
              </value>
            </param>
            <param index="9">
              <value>
                <![CDATA[Rogers]]>
              </value>
            </param>
          </params>
          <reporter-output>
          </reporter-output>
        </test-method> <!-- testSuccessfulCaseSummaryInfo -->
        <test-method status="PASS" signature="afterMethod()[pri:0, instance:com.test1.tests.RTest@490d6c15]" name="afterMethod" is-config="true" duration-ms="1474" started-at="2016-05-19T11:50:39Z" finished-at="2016-05-19T11:50:40Z">
          <reporter-output>
          </reporter-output>
        </test-method> <!-- afterMethod -->
        <test-method status="PASS" signature="beforeMethod()[pri:0, instance:com.test1.tests.RTest@490d6c15]" name="beforeMethod" is-config="true" duration-ms="6284" started-at="2016-05-19T11:50:40Z" finished-at="2016-05-19T11:50:47Z">
          <reporter-output>
          </reporter-output>
        </test-method> <!-- beforeMethod -->
        <test-method status="PASS" signature="testSuccessfulCaseSummaryInfo(java.lang.String, java.lang.String, java.lang.String, java.lang.String, java.lang.String, java.lang.String, java.lang.String, java.lang.String, java.lang.String, java.lang.String)[pri:0, instance:com.test1.tests.RTest@490d6c15]" name="testSuccessfulCaseSummaryInfo" duration-ms="71596" started-at="2016-05-19T11:50:47Z" data-provider="dataProvider" finished-at="2016-05-19T11:51:58Z">
          <params>
            <param index="0">
              <value>
                <![CDATA[KP111112]]>
              </value>
            </param>
            <param index="1">
              <value>
                <![CDATA[GA]]>
              </value>
            </param>
            <param index="2">
              <value>
                <![CDATA[Gwinnett County]]>
              </value>
            </param>
            <param index="3">
              <value>
                <![CDATA[adding instructions 6]]>
              </value>
            </param>
            <param index="4">
              <value>
                <![CDATA[Ready]]>
              </value>
            </param>
            <param index="5">
              <value>
                <![CDATA[10.0]]>
              </value>
            </param>
            <param index="6">
              <value>
                <![CDATA[24]]>
              </value>
            </param>
            <param index="7">
              <value>
                <![CDATA[1988]]>
              </value>
            </param>
            <param index="8">
              <value>
                <![CDATA[Nancy]]>
              </value>
            </param>
            <param index="9">
              <value>
                <![CDATA[Lang]]>
              </value>
            </param>
          </params>
          <reporter-output>
          </reporter-output>
        </test-method> <!-- testSuccessfulCaseSummaryInfo -->
        <test-method status="PASS" signature="afterMethod()[pri:0, instance:com.test1.tests.RTest@490d6c15]" name="afterMethod" is-config="true" duration-ms="1421" started-at="2016-05-19T11:51:58Z" finished-at="2016-05-19T11:52:00Z">
          <reporter-output>
          </reporter-output>
        </test-method> <!-- afterMethod -->
        <test-method status="PASS" signature="beforeMethod()[pri:0, instance:com.test1.tests.RTest@490d6c15]" name="beforeMethod" is-config="true" duration-ms="6293" started-at="2016-05-19T11:52:00Z" finished-at="2016-05-19T11:52:06Z">
          <reporter-output>
          </reporter-output>
        </test-method> <!-- beforeMethod -->
        <test-method status="PASS" signature="testSuccessfulCaseSummaryInfo(java.lang.String, java.lang.String, java.lang.String, java.lang.String, java.lang.String, java.lang.String, java.lang.String, java.lang.String, java.lang.String, java.lang.String)[pri:0, instance:com.test1.tests.RTest@490d6c15]" name="testSuccessfulCaseSummaryInfo" duration-ms="59646" started-at="2016-05-19T11:52:06Z" data-provider="dataProvider" finished-at="2016-05-19T11:53:06Z">
          <params>
            <param index="0">
              <value>
                <![CDATA[TE2212]]>
              </value>
            </param>
            <param index="1">
              <value>
                <![CDATA[CA]]>
              </value>
            </param>
            <param index="2">
              <value>
                <![CDATA[San Diego County]]>
              </value>
            </param>
            <param index="3">
              <value>
                <![CDATA[adding instructionsA]]>
              </value>
            </param>
            <param index="4">
              <value>
                <![CDATA[New]]>
              </value>
            </param>
            <param index="5">
              <value>
                <![CDATA[04]]>
              </value>
            </param>
            <param index="6">
              <value>
                <![CDATA[25]]>
              </value>
            </param>
            <param index="7">
              <value>
                <![CDATA[2016]]>
              </value>
            </param>
            <param index="8">
              <value>
                <![CDATA[Jun]]>
              </value>
            </param>
            <param index="9">
              <value>
                <![CDATA[Kazama]]>
              </value>
            </param>
          </params>
          <reporter-output>
          </reporter-output>
        </test-method> <!-- testSuccessfulCaseSummaryInfo -->
        <test-method status="PASS" signature="afterMethod()[pri:0, instance:com.test1.tests.RTest@490d6c15]" name="afterMethod" is-config="true" duration-ms="1404" started-at="2016-05-19T11:53:06Z" finished-at="2016-05-19T11:53:07Z">
          <reporter-output>
          </reporter-output>
        </test-method> <!-- afterMethod -->
        <test-method status="PASS" signature="beforeMethod()[pri:0, instance:com.test1.tests.RTest@490d6c15]" name="beforeMethod" is-config="true" duration-ms="5701" started-at="2016-05-19T11:53:07Z" finished-at="2016-05-19T11:53:13Z">
          <reporter-output>
          </reporter-output>
        </test-method> <!-- beforeMethod -->
        <test-method status="PASS" signature="testSuccessfulCaseSummaryInfo(java.lang.String, java.lang.String, java.lang.String, java.lang.String, java.lang.String, java.lang.String, java.lang.String, java.lang.String, java.lang.String, java.lang.String)[pri:0, instance:com.test1.tests.RTest@490d6c15]" name="testSuccessfulCaseSummaryInfo" duration-ms="62994" started-at="2016-05-19T11:53:13Z" data-provider="dataProvider" finished-at="2016-05-19T11:54:16Z">
          <params>
            <param index="0">
              <value>
                <![CDATA[S14RB25DET12]]>
              </value>
            </param>
            <param index="1">
              <value>
                <![CDATA[GA]]>
              </value>
            </param>
            <param index="2">
              <value>
                <![CDATA[Gwinnett County]]>
              </value>
            </param>
            <param index="3">
              <value>
                <![CDATA[adding instructions 1]]>
              </value>
            </param>
            <param index="4">
              <value>
                <![CDATA[Ready]]>
              </value>
            </param>
            <param index="5">
              <value>
                <![CDATA[03]]>
              </value>
            </param>
            <param index="6">
              <value>
                <![CDATA[11.0]]>
              </value>
            </param>
            <param index="7">
              <value>
                <![CDATA[2016]]>
              </value>
            </param>
            <param index="8">
              <value>
                <![CDATA[Dux]]>
              </value>
            </param>
            <param index="9">
              <value>
                <![CDATA[Frank]]>
              </value>
            </param>
          </params>
          <reporter-output>
          </reporter-output>
        </test-method> <!-- testSuccessfulCaseSummaryInfo -->
        <test-method status="PASS" signature="afterMethod()[pri:0, instance:com.test1.tests.RTest@490d6c15]" name="afterMethod" is-config="true" duration-ms="1433" started-at="2016-05-19T11:54:16Z" finished-at="2016-05-19T11:54:17Z">
          <reporter-output>
          </reporter-output>
        </test-method> <!-- afterMethod -->
        <test-method status="PASS" signature="beforeMethod()[pri:0, instance:com.test1.tests.RTest@490d6c15]" name="beforeMethod" is-config="true" duration-ms="6978" started-at="2016-05-19T11:54:17Z" finished-at="2016-05-19T11:54:24Z">
          <reporter-output>
          </reporter-output>
        </test-method> <!-- beforeMethod -->
        <test-method status="PASS" signature="testSuccessfulCaseSummaryInfo(java.lang.String, java.lang.String, java.lang.String, java.lang.String, java.lang.String, java.lang.String, java.lang.String, java.lang.String, java.lang.String, java.lang.String)[pri:0, instance:com.test1.tests.RTest@490d6c15]" name="testSuccessfulCaseSummaryInfo" duration-ms="71632" started-at="2016-05-19T11:54:24Z" data-provider="dataProvider" finished-at="2016-05-19T11:55:36Z">
          <params>
            <param index="0">
              <value>
                <![CDATA[NA1TypeR12]]>
              </value>
            </param>
            <param index="1">
              <value>
                <![CDATA[CA]]>
              </value>
            </param>
            <param index="2">
              <value>
                <![CDATA[San Diego County]]>
              </value>
            </param>
            <param index="3">
              <value>
                <![CDATA[adding instructions 3]]>
              </value>
            </param>
            <param index="4">
              <value>
                <![CDATA[Ready]]>
              </value>
            </param>
            <param index="5">
              <value>
                <![CDATA[12.0]]>
              </value>
            </param>
            <param index="6">
              <value>
                <![CDATA[14.0]]>
              </value>
            </param>
            <param index="7">
              <value>
                <![CDATA[2016]]>
              </value>
            </param>
            <param index="8">
              <value>
                <![CDATA[Go]]>
              </value>
            </param>
            <param index="9">
              <value>
                <![CDATA[Hojo]]>
              </value>
            </param>
          </params>
          <reporter-output>
          </reporter-output>
        </test-method> <!-- testSuccessfulCaseSummaryInfo -->
        <test-method status="PASS" signature="afterMethod()[pri:0, instance:com.test1.tests.RTest@490d6c15]" name="afterMethod" is-config="true" duration-ms="1386" started-at="2016-05-19T11:55:36Z" finished-at="2016-05-19T11:55:37Z">
          <reporter-output>
          </reporter-output>
        </test-method> <!-- afterMethod -->
        <test-method status="PASS" signature="beforeMethod()[pri:0, instance:com.test1.tests.RTest@490d6c15]" name="beforeMethod" is-config="true" duration-ms="5580" started-at="2016-05-19T11:55:37Z" finished-at="2016-05-19T11:55:43Z">
          <reporter-output>
          </reporter-output>
        </test-method> <!-- beforeMethod -->
        <test-method status="PASS" signature="testSuccessfulCaseSummaryInfo(java.lang.String, java.lang.String, java.lang.String, java.lang.String, java.lang.String, java.lang.String, java.lang.String, java.lang.String, java.lang.String, java.lang.String)[pri:0, instance:com.test1.tests.RTest@490d6c15]" name="testSuccessfulCaseSummaryInfo" duration-ms="70154" started-at="2016-05-19T11:55:43Z" data-provider="dataProvider" finished-at="2016-05-19T11:56:53Z">
          <params>
            <param index="0">
              <value>
                <![CDATA[TE3312]]>
              </value>
            </param>
            <param index="1">
              <value>
                <![CDATA[FL]]>
              </value>
            </param>
            <param index="2">
              <value>
                <![CDATA[Miami-Dade County]]>
              </value>
            </param>
            <param index="3">
              <value>
                <![CDATA[adding instructions 5]]>
              </value>
            </param>
            <param index="4">
              <value>
                <![CDATA[New]]>
              </value>
            </param>
            <param index="5">
              <value>
                <![CDATA[11.0]]>
              </value>
            </param>
            <param index="6">
              <value>
                <![CDATA[19.0]]>
              </value>
            </param>
            <param index="7">
              <value>
                <![CDATA[2016]]>
              </value>
            </param>
            <param index="8">
              <value>
                <![CDATA[Steve]]>
              </value>
            </param>
            <param index="9">
              <value>
                <![CDATA[Fox]]>
              </value>
            </param>
          </params>
          <reporter-output>
          </reporter-output>
        </test-method> <!-- testSuccessfulCaseSummaryInfo -->
        <test-method status="PASS" signature="afterMethod()[pri:0, instance:com.test1.tests.RTest@490d6c15]" name="afterMethod" is-config="true" duration-ms="1412" started-at="2016-05-19T11:56:53Z" finished-at="2016-05-19T11:56:54Z">
          <reporter-output>
          </reporter-output>
        </test-method> <!-- afterMethod -->
        <test-method status="PASS" signature="beforeMethod()[pri:0, instance:com.test1.tests.RTest@490d6c15]" name="beforeMethod" is-config="true" duration-ms="5518" started-at="2016-05-19T11:56:54Z" finished-at="2016-05-19T11:57:00Z">
          <reporter-output>
          </reporter-output>
        </test-method> <!-- beforeMethod -->
        <test-method status="PASS" signature="testSuccessfulCreateNewClaimant(java.lang.String, java.lang.String, java.lang.String, java.lang.String, java.lang.String, java.lang.String, java.lang.String, java.lang.String, java.lang.String, java.lang.String, java.lang.String)[pri:0, instance:com.test1.tests.RTest@490d6c15]" name="testSuccessfulCreateNewClaimant" duration-ms="85367" started-at="2016-05-19T11:57:00Z" data-provider="dataProvider" finished-at="2016-05-19T11:58:25Z">
          <params>
            <param index="0">
              <value>
                <![CDATA[EG6R12]]>
              </value>
            </param>
            <param index="1">
              <value>
                <![CDATA[CA]]>
              </value>
            </param>
            <param index="2">
              <value>
                <![CDATA[Santa Cruz County]]>
              </value>
            </param>
            <param index="3">
              <value>
                <![CDATA[Hei]]>
              </value>
            </param>
            <param index="4">
              <value>
                <![CDATA[Mishima]]>
              </value>
            </param>
            <param index="5">
              <value>
                <![CDATA[111-11-1111]]>
              </value>
            </param>
            <param index="6">
              <value>
                <![CDATA[Male]]>
              </value>
            </param>
            <param index="7">
              <value>
                <![CDATA[Single]]>
              </value>
            </param>
            <param index="8">
              <value>
                <![CDATA[07]]>
              </value>
            </param>
            <param index="9">
              <value>
                <![CDATA[04]]>
              </value>
            </param>
            <param index="10">
              <value>
                <![CDATA[2016]]>
              </value>
            </param>
          </params>
          <reporter-output>
          </reporter-output>
        </test-method> <!-- testSuccessfulCreateNewClaimant -->
        <test-method status="PASS" signature="afterMethod()[pri:0, instance:com.test1.tests.RTest@490d6c15]" name="afterMethod" is-config="true" duration-ms="1387" started-at="2016-05-19T11:58:25Z" finished-at="2016-05-19T11:58:27Z">
          <reporter-output>
          </reporter-output>
        </test-method> <!-- afterMethod -->
        <test-method status="PASS" signature="beforeMethod()[pri:0, instance:com.test1.tests.RTest@490d6c15]" name="beforeMethod" is-config="true" duration-ms="5764" started-at="2016-05-19T11:58:27Z" finished-at="2016-05-19T11:58:32Z">
          <reporter-output>
          </reporter-output>
        </test-method> <!-- beforeMethod -->
        <test-method status="PASS" signature="testSuccessfulCreateNewClaimant(java.lang.String, java.lang.String, java.lang.String, java.lang.String, java.lang.String, java.lang.String, java.lang.String, java.lang.String, java.lang.String, java.lang.String, java.lang.String)[pri:0, instance:com.test1.tests.RTest@490d6c15]" name="testSuccessfulCreateNewClaimant" duration-ms="93104" started-at="2016-05-19T11:58:32Z" data-provider="dataProvider" finished-at="2016-05-19T12:00:06Z">
          <params>
            <param index="0">
              <value>
                <![CDATA[NA6CTypeR12]]>
              </value>
            </param>
            <param index="1">
              <value>
                <![CDATA[TN]]>
              </value>
            </param>
            <param index="2">
              <value>
                <![CDATA[Coffee County]]>
              </value>
            </param>
            <param index="3">
              <value>
                <![CDATA[Hiro]]>
              </value>
            </param>
            <param index="4">
              <value>
                <![CDATA[Fumihiro]]>
              </value>
            </param>
            <param index="5">
              <value>
                <![CDATA[111-22-3344]]>
              </value>
            </param>
            <param index="6">
              <value>
                <![CDATA[Male]]>
              </value>
            </param>
            <param index="7">
              <value>
                <![CDATA[Married]]>
              </value>
            </param>
            <param index="8">
              <value>
                <![CDATA[09]]>
              </value>
            </param>
            <param index="9">
              <value>
                <![CDATA[12]]>
              </value>
            </param>
            <param index="10">
              <value>
                <![CDATA[1988]]>
              </value>
            </param>
          </params>
          <reporter-output>
          </reporter-output>
        </test-method> <!-- testSuccessfulCreateNewClaimant -->
        <test-method status="PASS" signature="afterMethod()[pri:0, instance:com.test1.tests.RTest@490d6c15]" name="afterMethod" is-config="true" duration-ms="1777" started-at="2016-05-19T12:00:06Z" finished-at="2016-05-19T12:00:07Z">
          <reporter-output>
          </reporter-output>
        </test-method> <!-- afterMethod -->
        <test-method status="PASS" signature="beforeMethod()[pri:0, instance:com.test1.tests.RTest@490d6c15]" name="beforeMethod" is-config="true" duration-ms="6219" started-at="2016-05-19T12:00:07Z" finished-at="2016-05-19T12:00:14Z">
          <reporter-output>
          </reporter-output>
        </test-method> <!-- beforeMethod -->
        <test-method status="PASS" signature="testSuccessfulCreateNewClaimant(java.lang.String, java.lang.String, java.lang.String, java.lang.String, java.lang.String, java.lang.String, java.lang.String, java.lang.String, java.lang.String, java.lang.String, java.lang.String)[pri:0, instance:com.test1.tests.RTest@490d6c15]" name="testSuccessfulCreateNewClaimant" duration-ms="86410" started-at="2016-05-19T12:00:14Z" data-provider="dataProvider" finished-at="2016-05-19T12:01:40Z">
          <params>
            <param index="0">
              <value>
                <![CDATA[NA1TypeR12]]>
              </value>
            </param>
            <param index="1">
              <value>
                <![CDATA[CA]]>
              </value>
            </param>
            <param index="2">
              <value>
                <![CDATA[San Diego County]]>
              </value>
            </param>
            <param index="3">
              <value>
                <![CDATA[Go]]>
              </value>
            </param>
            <param index="4">
              <value>
                <![CDATA[Hojo]]>
              </value>
            </param>
            <param index="5">
              <value>
                <![CDATA[555-55-5555]]>
              </value>
            </param>
            <param index="6">
              <value>
                <![CDATA[Male]]>
              </value>
            </param>
            <param index="7">
              <value>
                <![CDATA[Single]]>
              </value>
            </param>
            <param index="8">
              <value>
                <![CDATA[06]]>
              </value>
            </param>
            <param index="9">
              <value>
                <![CDATA[16]]>
              </value>
            </param>
            <param index="10">
              <value>
                <![CDATA[1990]]>
              </value>
            </param>
          </params>
          <reporter-output>
          </reporter-output>
        </test-method> <!-- testSuccessfulCreateNewClaimant -->
        <test-method status="PASS" signature="afterMethod()[pri:0, instance:com.test1.tests.RTest@490d6c15]" name="afterMethod" is-config="true" duration-ms="1407" started-at="2016-05-19T12:01:40Z" finished-at="2016-05-19T12:01:41Z">
          <reporter-output>
          </reporter-output>
        </test-method> <!-- afterMethod -->
        <test-method status="PASS" signature="beforeMethod()[pri:0, instance:com.test1.tests.RTest@490d6c15]" name="beforeMethod" is-config="true" duration-ms="5675" started-at="2016-05-19T12:01:41Z" finished-at="2016-05-19T12:01:47Z">
          <reporter-output>
          </reporter-output>
        </test-method> <!-- beforeMethod -->
        <test-method status="PASS" signature="testSuccessfulCreateNewClaimant(java.lang.String, java.lang.String, java.lang.String, java.lang.String, java.lang.String, java.lang.String, java.lang.String, java.lang.String, java.lang.String, java.lang.String, java.lang.String)[pri:0, instance:com.test1.tests.RTest@490d6c15]" name="testSuccessfulCreateNewClaimant" duration-ms="91694" started-at="2016-05-19T12:01:47Z" data-provider="dataProvider" finished-at="2016-05-19T12:03:19Z">
          <params>
            <param index="0">
              <value>
                <![CDATA[TE3312]]>
              </value>
            </param>
            <param index="1">
              <value>
                <![CDATA[FL]]>
              </value>
            </param>
            <param index="2">
              <value>
                <![CDATA[Miami-Dade County]]>
              </value>
            </param>
            <param index="3">
              <value>
                <![CDATA[Steve]]>
              </value>
            </param>
            <param index="4">
              <value>
                <![CDATA[Fox]]>
              </value>
            </param>
            <param index="5">
              <value>
                <![CDATA[111-11-6666]]>
              </value>
            </param>
            <param index="6">
              <value>
                <![CDATA[Male]]>
              </value>
            </param>
            <param index="7">
              <value>
                <![CDATA[Married]]>
              </value>
            </param>
            <param index="8">
              <value>
                <![CDATA[03]]>
              </value>
            </param>
            <param index="9">
              <value>
                <![CDATA[18]]>
              </value>
            </param>
            <param index="10">
              <value>
                <![CDATA[1960]]>
              </value>
            </param>
          </params>
          <reporter-output>
          </reporter-output>
        </test-method> <!-- testSuccessfulCreateNewClaimant -->
        <test-method status="PASS" signature="afterMethod()[pri:0, instance:com.test1.tests.RTest@490d6c15]" name="afterMethod" is-config="true" duration-ms="1812" started-at="2016-05-19T12:03:19Z" finished-at="2016-05-19T12:03:21Z">
          <reporter-output>
          </reporter-output>
        </test-method> <!-- afterMethod -->
        <test-method status="PASS" signature="beforeMethod()[pri:0, instance:com.test1.tests.RTest@490d6c15]" name="beforeMethod" is-config="true" duration-ms="5943" started-at="2016-05-19T12:03:21Z" finished-at="2016-05-19T12:03:26Z">
          <reporter-output>
          </reporter-output>
        </test-method> <!-- beforeMethod -->
        <test-method status="PASS" signature="testSuccessfulCreateNewClaimant(java.lang.String, java.lang.String, java.lang.String, java.lang.String, java.lang.String, java.lang.String, java.lang.String, java.lang.String, java.lang.String, java.lang.String, java.lang.String)[pri:0, instance:com.test1.tests.RTest@490d6c15]" name="testSuccessfulCreateNewClaimant" duration-ms="87366" started-at="2016-05-19T12:03:26Z" data-provider="dataProvider" finished-at="2016-05-19T12:04:54Z">
          <params>
            <param index="0">
              <value>
                <![CDATA[KP111112]]>
              </value>
            </param>
            <param index="1">
              <value>
                <![CDATA[GA]]>
              </value>
            </param>
            <param index="2">
              <value>
                <![CDATA[Gwinnett County]]>
              </value>
            </param>
            <param index="3">
              <value>
                <![CDATA[Nancy]]>
              </value>
            </param>
            <param index="4">
              <value>
                <![CDATA[Lang]]>
              </value>
            </param>
            <param index="5">
              <value>
                <![CDATA[123-45-7777]]>
              </value>
            </param>
            <param index="6">
              <value>
                <![CDATA[Female]]>
              </value>
            </param>
            <param index="7">
              <value>
                <![CDATA[Single]]>
              </value>
            </param>
            <param index="8">
              <value>
                <![CDATA[04]]>
              </value>
            </param>
            <param index="9">
              <value>
                <![CDATA[12]]>
              </value>
            </param>
            <param index="10">
              <value>
                <![CDATA[1985]]>
              </value>
            </param>
          </params>
          <reporter-output>
          </reporter-output>
        </test-method> <!-- testSuccessfulCreateNewClaimant -->
        <test-method status="PASS" signature="afterMethod()[pri:0, instance:com.test1.tests.RTest@490d6c15]" name="afterMethod" is-config="true" duration-ms="1424" started-at="2016-05-19T12:04:54Z" finished-at="2016-05-19T12:04:55Z">
          <reporter-output>
          </reporter-output>
        </test-method> <!-- afterMethod -->
        <test-method status="PASS" signature="beforeMethod()[pri:0, instance:com.test1.tests.RTest@490d6c15]" name="beforeMethod" is-config="true" duration-ms="7115" started-at="2016-05-19T12:04:55Z" finished-at="2016-05-19T12:05:02Z">
          <reporter-output>
          </reporter-output>
        </test-method> <!-- beforeMethod -->
        <test-method status="PASS" signature="testSuccessfulCreateNewClaimant(java.lang.String, java.lang.String, java.lang.String, java.lang.String, java.lang.String, java.lang.String, java.lang.String, java.lang.String, java.lang.String, java.lang.String, java.lang.String)[pri:0, instance:com.test1.tests.RTest@490d6c15]" name="testSuccessfulCreateNewClaimant" duration-ms="99528" started-at="2016-05-19T12:05:02Z" data-provider="dataProvider" finished-at="2016-05-19T12:06:42Z">
          <params>
            <param index="0">
              <value>
                <![CDATA[AE863SGTE12]]>
              </value>
            </param>
            <param index="1">
              <value>
                <![CDATA[IL]]>
              </value>
            </param>
            <param index="2">
              <value>
                <![CDATA[Cook County]]>
              </value>
            </param>
            <param index="3">
              <value>
                <![CDATA[Paul]]>
              </value>
            </param>
            <param index="4">
              <value>
                <![CDATA[Phoenix]]>
              </value>
            </param>
            <param index="5">
              <value>
                <![CDATA[666-77-8888]]>
              </value>
            </param>
            <param index="6">
              <value>
                <![CDATA[Male]]>
              </value>
            </param>
            <param index="7">
              <value>
                <![CDATA[Single]]>
              </value>
            </param>
            <param index="8">
              <value>
                <![CDATA[10]]>
              </value>
            </param>
            <param index="9">
              <value>
                <![CDATA[15]]>
              </value>
            </param>
            <param index="10">
              <value>
                <![CDATA[1970]]>
              </value>
            </param>
          </params>
          <reporter-output>
          </reporter-output>
        </test-method> <!-- testSuccessfulCreateNewClaimant -->
        <test-method status="PASS" signature="afterMethod()[pri:0, instance:com.test1.tests.RTest@490d6c15]" name="afterMethod" is-config="true" duration-ms="1410" started-at="2016-05-19T12:06:42Z" finished-at="2016-05-19T12:06:43Z">
          <reporter-output>
          </reporter-output>
        </test-method> <!-- afterMethod -->
        <test-method status="PASS" signature="beforeMethod()[pri:0, instance:com.test1.tests.RTest@490d6c15]" name="beforeMethod" is-config="true" duration-ms="6791" started-at="2016-05-19T12:06:43Z" finished-at="2016-05-19T12:06:50Z">
          <reporter-output>
          </reporter-output>
        </test-method> <!-- beforeMethod -->
        <test-method status="PASS" signature="testSuccessfulCreateNewClaimant(java.lang.String, java.lang.String, java.lang.String, java.lang.String, java.lang.String, java.lang.String, java.lang.String, java.lang.String, java.lang.String, java.lang.String, java.lang.String)[pri:0, instance:com.test1.tests.RTest@490d6c15]" name="testSuccessfulCreateNewClaimant" duration-ms="92515" started-at="2016-05-19T12:06:50Z" data-provider="dataProvider" finished-at="2016-05-19T12:08:23Z">
          <params>
            <param index="0">
              <value>
                <![CDATA[AP1TypeR12]]>
              </value>
            </param>
            <param index="1">
              <value>
                <![CDATA[HI]]>
              </value>
            </param>
            <param index="2">
              <value>
                <![CDATA[Maui]]>
              </value>
            </param>
            <param index="3">
              <value>
                <![CDATA[Toshiya]]>
              </value>
            </param>
            <param index="4">
              <value>
                <![CDATA[Joshima]]>
              </value>
            </param>
            <param index="5">
              <value>
                <![CDATA[321-54-9876]]>
              </value>
            </param>
            <param index="6">
              <value>
                <![CDATA[Male]]>
              </value>
            </param>
            <param index="7">
[...]
        </test-method> <!-- afterMethod -->
        <test-method status="PASS" signature="beforeMethod()[pri:0, instance:com.test1.tests.RTest@490d6c15]" name="beforeMethod" is-config="true" duration-ms="6336" started-at="2016-05-19T12:28:56Z" finished-at="2016-05-19T12:29:03Z">
          <reporter-output>
          </reporter-output>
        </test-method> <!-- beforeMethod -->
        <test-method status="PASS" signature="testSuccessfulLumpsumPayAddLC(java.lang.String, java.lang.String, java.lang.String, java.lang.String, java.lang.String)[pri:0, instance:com.test1.tests.RTest@490d6c15]" name="testSuccessfulLumpsumPayAddLC" duration-ms="60706" started-at="2016-05-19T12:29:03Z" data-provider="dataProvider" finished-at="2016-05-19T12:30:03Z">
          <params>
            <param index="0">
              <value>
                <![CDATA[NA1TypeR12]]>
              </value>
            </param>
            <param index="1">
              <value>
                <![CDATA[12]]>
              </value>
            </param>
            <param index="2">
              <value>
                <![CDATA[07]]>
              </value>
            </param>
            <param index="3">
              <value>
                <![CDATA[2018]]>
              </value>
            </param>
            <param index="4">
              <value>
                <![CDATA[25]]>
              </value>
            </param>
          </params>
          <reporter-output>
          </reporter-output>
        </test-method> <!-- testSuccessfulLumpsumPayAddLC -->
        <test-method status="PASS" signature="afterMethod()[pri:0, instance:com.test1.tests.RTest@490d6c15]" name="afterMethod" is-config="true" duration-ms="1362" started-at="2016-05-19T12:30:03Z" finished-at="2016-05-19T12:30:05Z">
          <reporter-output>
          </reporter-output>
        </test-method> <!-- afterMethod -->
        <test-method status="PASS" signature="beforeMethod()[pri:0, instance:com.test1.tests.RTest@490d6c15]" name="beforeMethod" is-config="true" duration-ms="5966" started-at="2016-05-19T12:30:05Z" finished-at="2016-05-19T12:30:11Z">
          <reporter-output>
          </reporter-output>
        </test-method> <!-- beforeMethod -->
        <test-method status="PASS" signature="testSuccessfulLumpsumPayAddLC(java.lang.String, java.lang.String, java.lang.String, java.lang.String, java.lang.String)[pri:0, instance:com.test1.tests.RTest@490d6c15]" name="testSuccessfulLumpsumPayAddLC" duration-ms="64683" started-at="2016-05-19T12:30:11Z" data-provider="dataProvider" finished-at="2016-05-19T12:31:16Z">
          <params>
            <param index="0">
              <value>
                <![CDATA[TE3312]]>
              </value>
            </param>
            <param index="1">
              <value>
                <![CDATA[02]]>
              </value>
            </param>
            <param index="2">
              <value>
                <![CDATA[09]]>
              </value>
            </param>
            <param index="3">
              <value>
                <![CDATA[2017]]>
              </value>
            </param>
            <param index="4">
              <value>
                <![CDATA[250000]]>
              </value>
            </param>
          </params>
          <reporter-output>
          </reporter-output>
        </test-method> <!-- testSuccessfulLumpsumPayAddLC -->
        <test-method status="PASS" signature="afterMethod()[pri:0, instance:com.test1.tests.RTest@490d6c15]" name="afterMethod" is-config="true" duration-ms="1501" started-at="2016-05-19T12:31:16Z" finished-at="2016-05-19T12:31:17Z">
          <reporter-output>
          </reporter-output>
        </test-method> <!-- afterMethod -->
        <test-method status="PASS" signature="beforeMethod()[pri:0, instance:com.test1.tests.RTest@490d6c15]" name="beforeMethod" is-config="true" duration-ms="6000" started-at="2016-05-19T12:31:17Z" finished-at="2016-05-19T12:31:23Z">
          <reporter-output>
          </reporter-output>
        </test-method> <!-- beforeMethod -->
        <test-method status="PASS" signature="testSuccessfulLumpsumPayAddLC(java.lang.String, java.lang.String, java.lang.String, java.lang.String, java.lang.String)[pri:0, instance:com.test1.tests.RTest@490d6c15]" name="testSuccessfulLumpsumPayAddLC" duration-ms="68601" started-at="2016-05-19T12:31:23Z" data-provider="dataProvider" finished-at="2016-05-19T12:32:32Z">
          <params>
            <param index="0">
              <value>
                <![CDATA[KP111112]]>
              </value>
            </param>
            <param index="1">
              <value>
                <![CDATA[01]]>
              </value>
            </param>
            <param index="2">
              <value>
                <![CDATA[11]]>
              </value>
            </param>
            <param index="3">
              <value>
                <![CDATA[2011]]>
              </value>
            </param>
            <param index="4">
              <value>
                <![CDATA[80000]]>
              </value>
            </param>
          </params>
          <reporter-output>
          </reporter-output>
        </test-method> <!-- testSuccessfulLumpsumPayAddLC -->
        <test-method status="PASS" signature="afterMethod()[pri:0, instance:com.test1.tests.RTest@490d6c15]" name="afterMethod" is-config="true" duration-ms="1389" started-at="2016-05-19T12:32:32Z" finished-at="2016-05-19T12:32:33Z">
          <reporter-output>
          </reporter-output>
        </test-method> <!-- afterMethod -->
        <test-method status="PASS" signature="beforeMethod()[pri:0, instance:com.test1.tests.RTest@490d6c15]" name="beforeMethod" is-config="true" duration-ms="6289" started-at="2016-05-19T12:32:33Z" finished-at="2016-05-19T12:32:39Z">
          <reporter-output>
          </reporter-output>
        </test-method> <!-- beforeMethod -->
        <test-method status="PASS" signature="testSuccessfulNotesAdd(java.lang.String, java.lang.String)[pri:0, instance:com.test1.tests.RTest@490d6c15]" name="testSuccessfulNotesAdd" duration-ms="60470" started-at="2016-05-19T12:32:39Z" data-provider="dataProvider" finished-at="2016-05-19T12:33:40Z">
          <params>
            <param index="0">
              <value>
                <![CDATA[AP1TypeR12]]>
              </value>
            </param>
            <param index="1">
              <value>
                <![CDATA[God Hand Joshima's]]>
              </value>
            </param>
          </params>
          <reporter-output>
          </reporter-output>
        </test-method> <!-- testSuccessfulNotesAdd -->
        <test-method status="PASS" signature="afterMethod()[pri:0, instance:com.test1.tests.RTest@490d6c15]" name="afterMethod" is-config="true" duration-ms="1380" started-at="2016-05-19T12:33:40Z" finished-at="2016-05-19T12:33:41Z">
          <reporter-output>
          </reporter-output>
        </test-method> <!-- afterMethod -->
        <test-method status="PASS" signature="beforeMethod()[pri:0, instance:com.test1.tests.RTest@490d6c15]" name="beforeMethod" is-config="true" duration-ms="6692" started-at="2016-05-19T12:33:41Z" finished-at="2016-05-19T12:33:48Z">
          <reporter-output>
          </reporter-output>
        </test-method> <!-- beforeMethod -->
        <test-method status="PASS" signature="testSuccessfulNotesAdd(java.lang.String, java.lang.String)[pri:0, instance:com.test1.tests.RTest@490d6c15]" name="testSuccessfulNotesAdd" duration-ms="57793" started-at="2016-05-19T12:33:48Z" data-provider="dataProvider" finished-at="2016-05-19T12:34:46Z">
          <params>
            <param index="0">
              <value>
                <![CDATA[FC3S13BT12]]>
              </value>
            </param>
            <param index="1">
              <value>
                <![CDATA[Ryosuke's Turbo II Infini with TD06 20G]]>
              </value>
            </param>
          </params>
          <reporter-output>
          </reporter-output>
        </test-method> <!-- testSuccessfulNotesAdd -->
        <test-method status="PASS" signature="afterMethod()[pri:0, instance:com.test1.tests.RTest@490d6c15]" name="afterMethod" is-config="true" duration-ms="1513" started-at="2016-05-19T12:34:46Z" finished-at="2016-05-19T12:34:47Z">
          <reporter-output>
          </reporter-output>
        </test-method> <!-- afterMethod -->
        <test-method status="PASS" signature="beforeMethod()[pri:0, instance:com.test1.tests.RTest@490d6c15]" name="beforeMethod" is-config="true" duration-ms="6282" started-at="2016-05-19T12:34:47Z" finished-at="2016-05-19T12:34:53Z">
          <reporter-output>
          </reporter-output>
        </test-method> <!-- beforeMethod -->
        <test-method status="PASS" signature="testSuccessfulNotesAdd(java.lang.String, java.lang.String)[pri:0, instance:com.test1.tests.RTest@490d6c15]" name="testSuccessfulNotesAdd" duration-ms="58087" started-at="2016-05-19T12:34:53Z" data-provider="dataProvider" finished-at="2016-05-19T12:35:52Z">
          <params>
            <param index="0">
              <value>
                <![CDATA[NA6CTypeR12]]>
              </value>
            </param>
            <param index="1">
              <value>
                <![CDATA[Hiro's NSX Type R]]>
              </value>
            </param>
          </params>
          <reporter-output>
          </reporter-output>
        </test-method> <!-- testSuccessfulNotesAdd -->
        <test-method status="PASS" signature="afterMethod()[pri:0, instance:com.test1.tests.RTest@490d6c15]" name="afterMethod" is-config="true" duration-ms="1382" started-at="2016-05-19T12:35:52Z" finished-at="2016-05-19T12:35:53Z">
          <reporter-output>
          </reporter-output>
        </test-method> <!-- afterMethod -->
        <test-method status="PASS" signature="beforeMethod()[pri:0, instance:com.test1.tests.RTest@490d6c15]" name="beforeMethod" is-config="true" duration-ms="5702" started-at="2016-05-19T12:35:53Z" finished-at="2016-05-19T12:35:59Z">
          <reporter-output>
          </reporter-output>
        </test-method> <!-- beforeMethod -->
        <test-method status="FAIL" signature="testSuccessfulNotesAdd(java.lang.String, java.lang.String)[pri:0, instance:com.test1.tests.RTest@490d6c15]" name="testSuccessfulNotesAdd" duration-ms="101269" started-at="2016-05-19T12:35:59Z" data-provider="dataProvider" finished-at="2016-05-19T12:37:40Z">
          <params>
            <param index="0">
              <value>
                <![CDATA[FD3S12]]>
              </value>
            </param>
            <param index="1">
              <value>
                <![CDATA[Keisuke's FD3S BBBBB]]>
              </value>
            </param>
          </params>
          <exception class="org.openqa.selenium.NoSuchElementException">
            <message>
              <![CDATA[no such element: Unable to locate element: {"method":"xpath","selector":"//*[@id='page-container']/div/div/div[2]/div[7]/div/div/div[2]/ul/li/div[2]/p"}
  (Session info: chrome=50.0.2661.102)
  (Driver info: chromedriver=2.20.353145 (343b531d31eeb933ec778dbcf7081628a1396067),platform=Windows NT 6.1 SP1 x86_64) (WARNING: The server did not provide any stacktrace information)
Command duration or timeout: 45.07 seconds
For documentation on this error, please visit: http://seleniumhq.org/exceptions/no_such_element.html
Build info: version: '2.48.2', revision: '41bccdd', time: '2015-10-09 19:59:12'
System info: host: 'E5530-2340', ip: '10.0.0.103', os.name: 'Windows 7', os.arch: 'amd64', os.version: '6.1', java.version: '1.8.0_66'
Driver info: org.openqa.selenium.chrome.ChromeDriver
Capabilities [{applicationCacheEnabled=false, rotatable=false, mobileEmulationEnabled=false, chrome={userDataDir=C:\Users\jslee\AppData\Local\Temp\scoped_dir1336_22280}, takesHeapSnapshot=true, databaseEnabled=false, handlesAlerts=true, hasTouchScreen=false, version=50.0.2661.102, platform=XP, browserConnectionEnabled=false, nativeEvents=true, acceptSslCerts=true, locationContextEnabled=true, webStorageEnabled=true, browserName=chrome, takesScreenshot=true, javascriptEnabled=true, cssSelectorsEnabled=true}]
Session ID: 1564eb100f267d2acf95e8fe212bd372
*** Element info: {Using=xpath, value=//*[@id='page-container']/div/div/div[2]/div[7]/div/div/div[2]/ul/li/div[2]/p}]]>
            </message>
            <full-stacktrace>
              <![CDATA[org.openqa.selenium.NoSuchElementException: no such element: Unable to locate element: {"method":"xpath","selector":"//*[@id='page-container']/div/div/div[2]/div[7]/div/div/div[2]/ul/li/div[2]/p"}
  (Session info: chrome=50.0.2661.102)
  (Driver info: chromedriver=2.20.353145 (343b531d31eeb933ec778dbcf7081628a1396067),platform=Windows NT 6.1 SP1 x86_64) (WARNING: The server did not provide any stacktrace information)
Command duration or timeout: 45.07 seconds
For documentation on this error, please visit: http://seleniumhq.org/exceptions/no_such_element.html
Build info: version: '2.48.2', revision: '41bccdd', time: '2015-10-09 19:59:12'
System info: host: 'E5530-2340', ip: '10.0.0.103', os.name: 'Windows 7', os.arch: 'amd64', os.version: '6.1', java.version: '1.8.0_66'
Driver info: org.openqa.selenium.chrome.ChromeDriver
Capabilities [{applicationCacheEnabled=false, rotatable=false, mobileEmulationEnabled=false, chrome={userDataDir=C:\Users\jslee\AppData\Local\Temp\scoped_dir1336_22280}, takesHeapSnapshot=true, databaseEnabled=false, handlesAlerts=true, hasTouchScreen=false, version=50.0.2661.102, platform=XP, browserConnectionEnabled=false, nativeEvents=true, acceptSslCerts=true, locationContextEnabled=true, webStorageEnabled=true, browserName=chrome, takesScreenshot=true, javascriptEnabled=true, cssSelectorsEnabled=true}]
Session ID: 1564eb100f267d2acf95e8fe212bd372
*** Element info: {Using=xpath, value=//*[@id='page-container']/div/div/div[2]/div[7]/div/div/div[2]/ul/li/div[2]/p}
	at sun.reflect.NativeConstructorAccessorImpl.newInstance0(Native Method)
	at sun.reflect.NativeConstructorAccessorImpl.newInstance(NativeConstructorAccessorImpl.java:62)
	at sun.reflect.DelegatingConstructorAccessorImpl.newInstance(DelegatingConstructorAccessorImpl.java:45)
	at java.lang.reflect.Constructor.newInstance(Constructor.java:422)
	at org.openqa.selenium.remote.ErrorHandler.createThrowable(ErrorHandler.java:206)
	at org.openqa.selenium.remote.ErrorHandler.throwIfResponseFailed(ErrorHandler.java:158)
	at org.openqa.selenium.remote.RemoteWebDriver.execute(RemoteWebDriver.java:647)
	at org.openqa.selenium.remote.RemoteWebDriver.findElement(RemoteWebDriver.java:353)
	at org.openqa.selenium.remote.RemoteWebDriver.findElementByXPath(RemoteWebDriver.java:490)
	at org.openqa.selenium.By$ByXPath.findElement(By.java:361)
	at org.openqa.selenium.remote.RemoteWebDriver.findElement(RemoteWebDriver.java:345)
	at com.test1.pages.NotesTab.isAddNotesSuccessful(NotesTab.java:83)
	at com.test1.tests.RTest.testSuccessfulNotesAdd(RTest.java:237)
	at sun.reflect.NativeMethodAccessorImpl.invoke0(Native Method)
	at sun.reflect.NativeMethodAccessorImpl.invoke(NativeMethodAccessorImpl.java:62)
	at sun.reflect.DelegatingMethodAccessorImpl.invoke(DelegatingMethodAccessorImpl.java:43)
	at java.lang.reflect.Method.invoke(Method.java:497)
	at org.testng.internal.MethodInvocationHelper.invokeMethod(MethodInvocationHelper.java:85)
	at org.testng.internal.Invoker.invokeMethod(Invoker.java:639)
	at org.testng.internal.Invoker.invokeTestMethod(Invoker.java:821)
	at org.testng.internal.Invoker.invokeTestMethods(Invoker.java:1131)
	at org.testng.internal.TestMethodWorker.invokeTestMethods(TestMethodWorker.java:124)
	at org.testng.internal.TestMethodWorker.run(TestMethodWorker.java:108)
	at org.testng.TestRunner.privateRun(TestRunner.java:773)
	at org.testng.TestRunner.run(TestRunner.java:623)
	at org.testng.SuiteRunner.runTest(SuiteRunner.java:357)
	at org.testng.SuiteRunner.runSequentially(SuiteRunner.java:352)
	at org.testng.SuiteRunner.privateRun(SuiteRunner.java:310)
	at org.testng.SuiteRunner.run(SuiteRunner.java:259)
	at org.testng.SuiteRunnerWorker.runSuite(SuiteRunnerWorker.java:52)
	at org.testng.SuiteRunnerWorker.run(SuiteRunnerWorker.java:86)
	at org.testng.TestNG.runSuitesSequentially(TestNG.java:1185)
	at org.testng.TestNG.runSuitesLocally(TestNG.java:1110)
	at org.testng.TestNG.run(TestNG.java:1018)
	at org.testng.TestNG.privateMain(TestNG.java:1325)
	at org.testng.TestNG.main(TestNG.java:1294)
]]>
            </full-stacktrace>
          </exception> <!-- org.openqa.selenium.NoSuchElementException -->
          <reporter-output>
          </reporter-output>
        </test-method> <!-- testSuccessfulNotesAdd -->
        <test-method status="PASS" signature="afterMethod()[pri:0, instance:com.test1.tests.RTest@490d6c15]" name="afterMethod" is-config="true" duration-ms="1404" started-at="2016-05-19T12:37:40Z" finished-at="2016-05-19T12:37:41Z">
          <reporter-output>
          </reporter-output>
        </test-method> <!-- afterMethod -->
        <test-method status="PASS" signature="beforeMethod()[pri:0, instance:com.test1.tests.RTest@490d6c15]" name="beforeMethod" is-config="true" duration-ms="6833" started-at="2016-05-19T12:37:41Z" finished-at="2016-05-19T12:37:48Z">
          <reporter-output>
          </reporter-output>
        </test-method> <!-- beforeMethod -->
        <test-method status="PASS" signature="testSuccessfulNotesAdd(java.lang.String, java.lang.String)[pri:0, instance:com.test1.tests.RTest@490d6c15]" name="testSuccessfulNotesAdd" duration-ms="60568" started-at="2016-05-19T12:37:48Z" data-provider="dataProvider" finished-at="2016-05-19T12:38:49Z">
          <params>
            <param index="0">
              <value>
                <![CDATA[S15RB25DET12]]>
              </value>
            </param>
            <param index="1">
              <value>
                <![CDATA[S15 Silvia with GT2871R64 Power FC]]>
              </value>
            </param>
          </params>
          <reporter-output>
          </reporter-output>
        </test-method> <!-- testSuccessfulNotesAdd -->
        <test-method status="PASS" signature="afterMethod()[pri:0, instance:com.test1.tests.RTest@490d6c15]" name="afterMethod" is-config="true" duration-ms="1410" started-at="2016-05-19T12:38:49Z" finished-at="2016-05-19T12:38:50Z">
          <reporter-output>
          </reporter-output>
        </test-method> <!-- afterMethod -->
        <test-method status="PASS" signature="beforeMethod()[pri:0, instance:com.test1.tests.RTest@490d6c15]" name="beforeMethod" is-config="true" duration-ms="6398" started-at="2016-05-19T12:38:50Z" finished-at="2016-05-19T12:38:56Z">
          <reporter-output>
          </reporter-output>
        </test-method> <!-- beforeMethod -->
        <test-method status="PASS" signature="testSuccessfulNotesAdd(java.lang.String, java.lang.String)[pri:0, instance:com.test1.tests.RTest@490d6c15]" name="testSuccessfulNotesAdd" duration-ms="58264" started-at="2016-05-19T12:38:56Z" data-provider="dataProvider" finished-at="2016-05-19T12:39:55Z">
          <params>
            <param index="0">
              <value>
                <![CDATA[EG6R12]]>
              </value>
            </param>
            <param index="1">
              <value>
                <![CDATA[Shingo's b16A cam upgrade]]>
              </value>
            </param>
          </params>
          <reporter-output>
          </reporter-output>
        </test-method> <!-- testSuccessfulNotesAdd -->
        <test-method status="PASS" signature="afterMethod()[pri:0, instance:com.test1.tests.RTest@490d6c15]" name="afterMethod" is-config="true" duration-ms="1403" started-at="2016-05-19T12:39:55Z" finished-at="2016-05-19T12:39:56Z">
          <reporter-output>
          </reporter-output>
        </test-method> <!-- afterMethod -->
      </class> <!-- com.test1.tests.RTest -->
    </test> <!-- Ant test -->
  </suite> <!-- Ant suite -->
</testng-results>
