<?xml version="1.0" encoding="UTF-8"?>
<testng-results skipped="0" failed="4" total="66" passed="62">
  <reporter-output>
  </reporter-output>
  <suite name="Ant suite" duration-ms="3942489" started-at="2016-05-20T15:53:19Z" finished-at="2016-05-20T16:59:01Z">
    <groups>
    </groups>
    <test name="Ant test" duration-ms="3942489" started-at="2016-05-20T15:53:19Z" finished-at="2016-05-20T16:59:01Z">
      <class name="com.test1.tests.RTest">
        <test-method status="PASS" signature="beforSuite()[pri:0, instance:com.test1.tests.RTest@490d6c15]" name="beforSuite" is-config="true" duration-ms="56" started-at="2016-05-20T11:53:19Z" finished-at="2016-05-20T11:53:19Z">
          <reporter-output>
          </reporter-output>
        </test-method> <!-- beforSuite -->
        <test-method status="PASS" signature="beforeMethod()[pri:0, instance:com.test1.tests.RTest@490d6c15]" name="beforeMethod" is-config="true" duration-ms="11445" started-at="2016-05-20T11:53:20Z" finished-at="2016-05-20T11:53:31Z">
          <reporter-output>
          </reporter-output>
        </test-method> <!-- beforeMethod -->
        <test-method status="PASS" signature="testSuccessfulAddNewCase(java.lang.String, java.lang.String, java.lang.String)[pri:0, instance:com.test1.tests.RTest@490d6c15]" name="testSuccessfulAddNewCase" duration-ms="30166" started-at="2016-05-20T11:53:31Z" data-provider="dataProvider" finished-at="2016-05-20T11:54:01Z">
          <params>
            <param index="0">
              <value>
                <![CDATA[FC3S13BT12]]>
              </value>
            </param>
            <param index="1">
              <value>
                <![CDATA[Ryosuke]]>
              </value>
            </param>
            <param index="2">
              <value>
                <![CDATA[Takahashi]]>
              </value>
            </param>
          </params>
          <reporter-output>
          </reporter-output>
        </test-method> <!-- testSuccessfulAddNewCase -->
        <test-method status="PASS" signature="afterMethod()[pri:0, instance:com.test1.tests.RTest@490d6c15]" name="afterMethod" is-config="true" duration-ms="2353" started-at="2016-05-20T11:54:01Z" finished-at="2016-05-20T11:54:04Z">
          <reporter-output>
          </reporter-output>
        </test-method> <!-- afterMethod -->
        <test-method status="PASS" signature="beforeMethod()[pri:0, instance:com.test1.tests.RTest@490d6c15]" name="beforeMethod" is-config="true" duration-ms="8825" started-at="2016-05-20T11:54:04Z" finished-at="2016-05-20T11:54:13Z">
          <reporter-output>
          </reporter-output>
        </test-method> <!-- beforeMethod -->
        <test-method status="PASS" signature="testSuccessfulAddNewCase(java.lang.String, java.lang.String, java.lang.String)[pri:0, instance:com.test1.tests.RTest@490d6c15]" name="testSuccessfulAddNewCase" duration-ms="31785" started-at="2016-05-20T11:54:13Z" data-provider="dataProvider" finished-at="2016-05-20T11:54:44Z">
          <params>
            <param index="0">
              <value>
                <![CDATA[AE863SGTE12]]>
              </value>
            </param>
            <param index="1">
              <value>
                <![CDATA[Paul]]>
              </value>
            </param>
            <param index="2">
              <value>
                <![CDATA[Phoenix]]>
              </value>
            </param>
          </params>
          <reporter-output>
          </reporter-output>
        </test-method> <!-- testSuccessfulAddNewCase -->
        <test-method status="PASS" signature="afterMethod()[pri:0, instance:com.test1.tests.RTest@490d6c15]" name="afterMethod" is-config="true" duration-ms="1351" started-at="2016-05-20T11:54:44Z" finished-at="2016-05-20T11:54:46Z">
          <reporter-output>
          </reporter-output>
        </test-method> <!-- afterMethod -->
        <test-method status="PASS" signature="beforeMethod()[pri:0, instance:com.test1.tests.RTest@490d6c15]" name="beforeMethod" is-config="true" duration-ms="5134" started-at="2016-05-20T11:54:46Z" finished-at="2016-05-20T11:54:51Z">
          <reporter-output>
          </reporter-output>
        </test-method> <!-- beforeMethod -->
        <test-method status="PASS" signature="testSuccessfulAddNewCase(java.lang.String, java.lang.String, java.lang.String)[pri:0, instance:com.test1.tests.RTest@490d6c15]" name="testSuccessfulAddNewCase" duration-ms="31851" started-at="2016-05-20T11:54:51Z" data-provider="dataProvider" finished-at="2016-05-20T11:55:23Z">
          <params>
            <param index="0">
              <value>
                <![CDATA[EA21R12]]>
              </value>
            </param>
            <param index="1">
              <value>
                <![CDATA[Sid]]>
              </value>
            </param>
            <param index="2">
              <value>
                <![CDATA[Sakamoto]]>
              </value>
            </param>
          </params>
          <reporter-output>
          </reporter-output>
        </test-method> <!-- testSuccessfulAddNewCase -->
        <test-method status="PASS" signature="afterMethod()[pri:0, instance:com.test1.tests.RTest@490d6c15]" name="afterMethod" is-config="true" duration-ms="1371" started-at="2016-05-20T11:55:23Z" finished-at="2016-05-20T11:55:24Z">
          <reporter-output>
          </reporter-output>
        </test-method> <!-- afterMethod -->
        <test-method status="PASS" signature="beforeMethod()[pri:0, instance:com.test1.tests.RTest@490d6c15]" name="beforeMethod" is-config="true" duration-ms="4652" started-at="2016-05-20T11:55:24Z" finished-at="2016-05-20T11:55:29Z">
          <reporter-output>
          </reporter-output>
        </test-method> <!-- beforeMethod -->
        <test-method status="PASS" signature="testSuccessfulAddNewCase(java.lang.String, java.lang.String, java.lang.String)[pri:0, instance:com.test1.tests.RTest@490d6c15]" name="testSuccessfulAddNewCase" duration-ms="29949" started-at="2016-05-20T11:55:29Z" data-provider="dataProvider" finished-at="2016-05-20T11:55:59Z">
          <params>
            <param index="0">
              <value>
                <![CDATA[EF9SIR12]]>
              </value>
            </param>
            <param index="1">
              <value>
                <![CDATA[Buck]]>
              </value>
            </param>
            <param index="2">
              <value>
                <![CDATA[Rogers]]>
              </value>
            </param>
          </params>
          <reporter-output>
          </reporter-output>
        </test-method> <!-- testSuccessfulAddNewCase -->
        <test-method status="PASS" signature="afterMethod()[pri:0, instance:com.test1.tests.RTest@490d6c15]" name="afterMethod" is-config="true" duration-ms="1353" started-at="2016-05-20T11:55:59Z" finished-at="2016-05-20T11:56:00Z">
          <reporter-output>
          </reporter-output>
        </test-method> <!-- afterMethod -->
        <test-method status="PASS" signature="beforeMethod()[pri:0, instance:com.test1.tests.RTest@490d6c15]" name="beforeMethod" is-config="true" duration-ms="5381" started-at="2016-05-20T11:56:00Z" finished-at="2016-05-20T11:56:05Z">
          <reporter-output>
          </reporter-output>
        </test-method> <!-- beforeMethod -->
        <test-method status="PASS" signature="testSuccessfulAddNewCase(java.lang.String, java.lang.String, java.lang.String)[pri:0, instance:com.test1.tests.RTest@490d6c15]" name="testSuccessfulAddNewCase" duration-ms="30070" started-at="2016-05-20T11:56:05Z" data-provider="dataProvider" finished-at="2016-05-20T11:56:35Z">
          <params>
            <param index="0">
              <value>
                <![CDATA[S14RB25DET12]]>
              </value>
            </param>
            <param index="1">
              <value>
                <![CDATA[Dux]]>
              </value>
            </param>
            <param index="2">
              <value>
                <![CDATA[Frank]]>
              </value>
            </param>
          </params>
          <reporter-output>
          </reporter-output>
        </test-method> <!-- testSuccessfulAddNewCase -->
        <test-method status="PASS" signature="afterMethod()[pri:0, instance:com.test1.tests.RTest@490d6c15]" name="afterMethod" is-config="true" duration-ms="1407" started-at="2016-05-20T11:56:35Z" finished-at="2016-05-20T11:56:37Z">
          <reporter-output>
          </reporter-output>
        </test-method> <!-- afterMethod -->
        <test-method status="PASS" signature="beforeMethod()[pri:0, instance:com.test1.tests.RTest@490d6c15]" name="beforeMethod" is-config="true" duration-ms="5649" started-at="2016-05-20T11:56:37Z" finished-at="2016-05-20T11:56:43Z">
          <reporter-output>
          </reporter-output>
        </test-method> <!-- beforeMethod -->
        <test-method status="PASS" signature="testSuccessfulAddNewCase(java.lang.String, java.lang.String, java.lang.String)[pri:0, instance:com.test1.tests.RTest@490d6c15]" name="testSuccessfulAddNewCase" duration-ms="32566" started-at="2016-05-20T11:56:43Z" data-provider="dataProvider" finished-at="2016-05-20T11:57:15Z">
          <params>
            <param index="0">
              <value>
                <![CDATA[EG6R12]]>
              </value>
            </param>
            <param index="1">
              <value>
                <![CDATA[Hei]]>
              </value>
            </param>
            <param index="2">
              <value>
                <![CDATA[Mishima]]>
              </value>
            </param>
          </params>
          <reporter-output>
          </reporter-output>
        </test-method> <!-- testSuccessfulAddNewCase -->
        <test-method status="PASS" signature="afterMethod()[pri:0, instance:com.test1.tests.RTest@490d6c15]" name="afterMethod" is-config="true" duration-ms="1506" started-at="2016-05-20T11:57:15Z" finished-at="2016-05-20T11:57:17Z">
          <reporter-output>
          </reporter-output>
        </test-method> <!-- afterMethod -->
        <test-method status="PASS" signature="beforeMethod()[pri:0, instance:com.test1.tests.RTest@490d6c15]" name="beforeMethod" is-config="true" duration-ms="5407" started-at="2016-05-20T11:57:17Z" finished-at="2016-05-20T11:57:22Z">
          <reporter-output>
          </reporter-output>
        </test-method> <!-- beforeMethod -->
        <test-method status="PASS" signature="testSuccessfulAddNewCase(java.lang.String, java.lang.String, java.lang.String)[pri:0, instance:com.test1.tests.RTest@490d6c15]" name="testSuccessfulAddNewCase" duration-ms="29845" started-at="2016-05-20T11:57:22Z" data-provider="dataProvider" finished-at="2016-05-20T11:57:52Z">
          <params>
            <param index="0">
              <value>
                <![CDATA[S15RB25DET12]]>
              </value>
            </param>
            <param index="1">
              <value>
                <![CDATA[AR]]>
              </value>
            </param>
            <param index="2">
              <value>
                <![CDATA[King]]>
              </value>
            </param>
          </params>
          <reporter-output>
          </reporter-output>
        </test-method> <!-- testSuccessfulAddNewCase -->
        <test-method status="PASS" signature="afterMethod()[pri:0, instance:com.test1.tests.RTest@490d6c15]" name="afterMethod" is-config="true" duration-ms="1350" started-at="2016-05-20T11:57:52Z" finished-at="2016-05-20T11:57:53Z">
          <reporter-output>
          </reporter-output>
        </test-method> <!-- afterMethod -->
        <test-method status="PASS" signature="beforeMethod()[pri:0, instance:com.test1.tests.RTest@490d6c15]" name="beforeMethod" is-config="true" duration-ms="6219" started-at="2016-05-20T11:57:53Z" finished-at="2016-05-20T11:57:59Z">
          <reporter-output>
          </reporter-output>
        </test-method> <!-- beforeMethod -->
        <test-method status="PASS" signature="testSuccessfulAddNewCase(java.lang.String, java.lang.String, java.lang.String)[pri:0, instance:com.test1.tests.RTest@490d6c15]" name="testSuccessfulAddNewCase" duration-ms="32278" started-at="2016-05-20T11:57:59Z" data-provider="dataProvider" finished-at="2016-05-20T11:58:32Z">
          <params>
            <param index="0">
              <value>
                <![CDATA[TE1212]]>
              </value>
            </param>
            <param index="1">
              <value>
                <![CDATA[Nina]]>
              </value>
            </param>
            <param index="2">
              <value>
                <![CDATA[Williams]]>
              </value>
            </param>
          </params>
          <reporter-output>
          </reporter-output>
        </test-method> <!-- testSuccessfulAddNewCase -->
        <test-method status="PASS" signature="afterMethod()[pri:0, instance:com.test1.tests.RTest@490d6c15]" name="afterMethod" is-config="true" duration-ms="1403" started-at="2016-05-20T11:58:32Z" finished-at="2016-05-20T11:58:33Z">
          <reporter-output>
          </reporter-output>
        </test-method> <!-- afterMethod -->
        <test-method status="PASS" signature="beforeMethod()[pri:0, instance:com.test1.tests.RTest@490d6c15]" name="beforeMethod" is-config="true" duration-ms="5021" started-at="2016-05-20T11:58:33Z" finished-at="2016-05-20T11:58:38Z">
          <reporter-output>
          </reporter-output>
        </test-method> <!-- beforeMethod -->
        <test-method status="PASS" signature="testSuccessfulAddNewCase(java.lang.String, java.lang.String, java.lang.String)[pri:0, instance:com.test1.tests.RTest@490d6c15]" name="testSuccessfulAddNewCase" duration-ms="32243" started-at="2016-05-20T11:58:38Z" data-provider="dataProvider" finished-at="2016-05-20T11:59:10Z">
          <params>
            <param index="0">
              <value>
                <![CDATA[TE4512]]>
              </value>
            </param>
            <param index="1">
              <value>
                <![CDATA[Anna]]>
              </value>
            </param>
            <param index="2">
              <value>
                <![CDATA[Williams]]>
              </value>
            </param>
          </params>
          <reporter-output>
          </reporter-output>
        </test-method> <!-- testSuccessfulAddNewCase -->
        <test-method status="PASS" signature="afterMethod()[pri:0, instance:com.test1.tests.RTest@490d6c15]" name="afterMethod" is-config="true" duration-ms="1466" started-at="2016-05-20T11:59:10Z" finished-at="2016-05-20T11:59:12Z">
          <reporter-output>
          </reporter-output>
        </test-method> <!-- afterMethod -->
        <test-method status="PASS" signature="beforeMethod()[pri:0, instance:com.test1.tests.RTest@490d6c15]" name="beforeMethod" is-config="true" duration-ms="5136" started-at="2016-05-20T11:59:12Z" finished-at="2016-05-20T11:59:17Z">
          <reporter-output>
          </reporter-output>
        </test-method> <!-- beforeMethod -->
        <test-method status="PASS" signature="testSuccessfulAddNewCase(java.lang.String, java.lang.String, java.lang.String)[pri:0, instance:com.test1.tests.RTest@490d6c15]" name="testSuccessfulAddNewCase" duration-ms="32386" started-at="2016-05-20T11:59:17Z" data-provider="dataProvider" finished-at="2016-05-20T11:59:49Z">
          <params>
            <param index="0">
              <value>
                <![CDATA[TE1112]]>
              </value>
            </param>
            <param index="1">
              <value>
                <![CDATA[Kazuya]]>
              </value>
            </param>
            <param index="2">
              <value>
                <![CDATA[Mishima]]>
              </value>
            </param>
          </params>
          <reporter-output>
          </reporter-output>
        </test-method> <!-- testSuccessfulAddNewCase -->
        <test-method status="PASS" signature="afterMethod()[pri:0, instance:com.test1.tests.RTest@490d6c15]" name="afterMethod" is-config="true" duration-ms="1367" started-at="2016-05-20T11:59:49Z" finished-at="2016-05-20T11:59:51Z">
          <reporter-output>
          </reporter-output>
        </test-method> <!-- afterMethod -->
        <test-method status="PASS" signature="beforeMethod()[pri:0, instance:com.test1.tests.RTest@490d6c15]" name="beforeMethod" is-config="true" duration-ms="5228" started-at="2016-05-20T11:59:51Z" finished-at="2016-05-20T11:59:56Z">
          <reporter-output>
          </reporter-output>
        </test-method> <!-- beforeMethod -->
        <test-method status="PASS" signature="testSuccessfulAddNewCase(java.lang.String, java.lang.String, java.lang.String)[pri:0, instance:com.test1.tests.RTest@490d6c15]" name="testSuccessfulAddNewCase" duration-ms="32907" started-at="2016-05-20T11:59:56Z" data-provider="dataProvider" finished-at="2016-05-20T12:00:29Z">
          <params>
            <param index="0">
              <value>
                <![CDATA[TE2212]]>
              </value>
            </param>
            <param index="1">
              <value>
                <![CDATA[Jun]]>
              </value>
            </param>
            <param index="2">
              <value>
                <![CDATA[Kazama]]>
              </value>
            </param>
          </params>
          <reporter-output>
          </reporter-output>
        </test-method> <!-- testSuccessfulAddNewCase -->
        <test-method status="PASS" signature="afterMethod()[pri:0, instance:com.test1.tests.RTest@490d6c15]" name="afterMethod" is-config="true" duration-ms="1351" started-at="2016-05-20T12:00:29Z" finished-at="2016-05-20T12:00:30Z">
          <reporter-output>
          </reporter-output>
        </test-method> <!-- afterMethod -->
        <test-method status="PASS" signature="beforeMethod()[pri:0, instance:com.test1.tests.RTest@490d6c15]" name="beforeMethod" is-config="true" duration-ms="5431" started-at="2016-05-20T12:00:30Z" finished-at="2016-05-20T12:00:36Z">
          <reporter-output>
          </reporter-output>
        </test-method> <!-- beforeMethod -->
        <test-method status="PASS" signature="testSuccessfulAddNewPriorDealCase(java.lang.String, java.lang.String, java.lang.String)[pri:0, instance:com.test1.tests.RTest@490d6c15]" name="testSuccessfulAddNewPriorDealCase" duration-ms="34962" started-at="2016-05-20T12:00:36Z" data-provider="dataProvider" finished-at="2016-05-20T12:01:11Z">
          <params>
            <param index="0">
              <value>
                <![CDATA[AP1TypeR12]]>
              </value>
            </param>
            <param index="1">
              <value>
                <![CDATA[Toshiya]]>
              </value>
            </param>
            <param index="2">
              <value>
                <![CDATA[Joshima]]>
              </value>
            </param>
          </params>
          <reporter-output>
          </reporter-output>
        </test-method> <!-- testSuccessfulAddNewPriorDealCase -->
        <test-method status="PASS" signature="afterMethod()[pri:0, instance:com.test1.tests.RTest@490d6c15]" name="afterMethod" is-config="true" duration-ms="1418" started-at="2016-05-20T12:01:11Z" finished-at="2016-05-20T12:01:12Z">
          <reporter-output>
          </reporter-output>
        </test-method> <!-- afterMethod -->
        <test-method status="PASS" signature="beforeMethod()[pri:0, instance:com.test1.tests.RTest@490d6c15]" name="beforeMethod" is-config="true" duration-ms="5398" started-at="2016-05-20T12:01:12Z" finished-at="2016-05-20T12:01:18Z">
          <reporter-output>
          </reporter-output>
        </test-method> <!-- beforeMethod -->
        <test-method status="PASS" signature="testSuccessfulAddNewPriorDealCase(java.lang.String, java.lang.String, java.lang.String)[pri:0, instance:com.test1.tests.RTest@490d6c15]" name="testSuccessfulAddNewPriorDealCase" duration-ms="34466" started-at="2016-05-20T12:01:18Z" data-provider="dataProvider" finished-at="2016-05-20T12:01:52Z">
          <params>
            <param index="0">
              <value>
                <![CDATA[FD3S12]]>
              </value>
            </param>
            <param index="1">
              <value>
                <![CDATA[Keisuke]]>
              </value>
            </param>
            <param index="2">
              <value>
                <![CDATA[Takahashi]]>
              </value>
            </param>
          </params>
          <reporter-output>
          </reporter-output>
        </test-method> <!-- testSuccessfulAddNewPriorDealCase -->
        <test-method status="PASS" signature="afterMethod()[pri:0, instance:com.test1.tests.RTest@490d6c15]" name="afterMethod" is-config="true" duration-ms="1335" started-at="2016-05-20T12:01:52Z" finished-at="2016-05-20T12:01:53Z">
          <reporter-output>
          </reporter-output>
        </test-method> <!-- afterMethod -->
        <test-method status="PASS" signature="beforeMethod()[pri:0, instance:com.test1.tests.RTest@490d6c15]" name="beforeMethod" is-config="true" duration-ms="5945" started-at="2016-05-20T12:01:53Z" finished-at="2016-05-20T12:01:59Z">
          <reporter-output>
          </reporter-output>
        </test-method> <!-- beforeMethod -->
        <test-method status="PASS" signature="testSuccessfulAddNewPriorDealCase(java.lang.String, java.lang.String, java.lang.String)[pri:0, instance:com.test1.tests.RTest@490d6c15]" name="testSuccessfulAddNewPriorDealCase" duration-ms="34851" started-at="2016-05-20T12:01:59Z" data-provider="dataProvider" finished-at="2016-05-20T12:02:34Z">
          <params>
            <param index="0">
              <value>
                <![CDATA[S13RB25DET12]]>
              </value>
            </param>
            <param index="1">
              <value>
                <![CDATA[Tak]]>
              </value>
            </param>
            <param index="2">
              <value>
                <![CDATA[Gomi]]>
              </value>
            </param>
          </params>
          <reporter-output>
          </reporter-output>
        </test-method> <!-- testSuccessfulAddNewPriorDealCase -->
        <test-method status="PASS" signature="afterMethod()[pri:0, instance:com.test1.tests.RTest@490d6c15]" name="afterMethod" is-config="true" duration-ms="1374" started-at="2016-05-20T12:02:34Z" finished-at="2016-05-20T12:02:36Z">
          <reporter-output>
          </reporter-output>
        </test-method> <!-- afterMethod -->
        <test-method status="PASS" signature="beforeMethod()[pri:0, instance:com.test1.tests.RTest@490d6c15]" name="beforeMethod" is-config="true" duration-ms="5553" started-at="2016-05-20T12:02:36Z" finished-at="2016-05-20T12:02:41Z">
          <reporter-output>
          </reporter-output>
        </test-method> <!-- beforeMethod -->
        <test-method status="PASS" signature="testSuccessfulAddNewPriorDealCase(java.lang.String, java.lang.String, java.lang.String)[pri:0, instance:com.test1.tests.RTest@490d6c15]" name="testSuccessfulAddNewPriorDealCase" duration-ms="34817" started-at="2016-05-20T12:02:41Z" data-provider="dataProvider" finished-at="2016-05-20T12:03:16Z">
          <params>
            <param index="0">
              <value>
                <![CDATA[180sxRB25DET12]]>
              </value>
            </param>
            <param index="1">
              <value>
                <![CDATA[Drifter]]>
              </value>
            </param>
            <param index="2">
              <value>
                <![CDATA[X]]>
              </value>
            </param>
          </params>
          <reporter-output>
          </reporter-output>
        </test-method> <!-- testSuccessfulAddNewPriorDealCase -->
        <test-method status="PASS" signature="afterMethod()[pri:0, instance:com.test1.tests.RTest@490d6c15]" name="afterMethod" is-config="true" duration-ms="1460" started-at="2016-05-20T12:03:16Z" finished-at="2016-05-20T12:03:17Z">
          <reporter-output>
          </reporter-output>
        </test-method> <!-- afterMethod -->
        <test-method status="PASS" signature="beforeMethod()[pri:0, instance:com.test1.tests.RTest@490d6c15]" name="beforeMethod" is-config="true" duration-ms="5362" started-at="2016-05-20T12:03:17Z" finished-at="2016-05-20T12:03:23Z">
          <reporter-output>
          </reporter-output>
        </test-method> <!-- beforeMethod -->
        <test-method status="PASS" signature="testSuccessfulAddNewPriorDealCase(java.lang.String, java.lang.String, java.lang.String)[pri:0, instance:com.test1.tests.RTest@490d6c15]" name="testSuccessfulAddNewPriorDealCase" duration-ms="31955" started-at="2016-05-20T12:03:23Z" data-provider="dataProvider" finished-at="2016-05-20T12:03:55Z">
          <params>
            <param index="0">
              <value>
                <![CDATA[NA6CTypeR12]]>
              </value>
            </param>
            <param index="1">
              <value>
                <![CDATA[Hiro]]>
              </value>
            </param>
            <param index="2">
              <value>
                <![CDATA[Fumihiro]]>
              </value>
            </param>
          </params>
          <reporter-output>
          </reporter-output>
        </test-method> <!-- testSuccessfulAddNewPriorDealCase -->
        <test-method status="PASS" signature="afterMethod()[pri:0, instance:com.test1.tests.RTest@490d6c15]" name="afterMethod" is-config="true" duration-ms="1599" started-at="2016-05-20T12:03:55Z" finished-at="2016-05-20T12:03:56Z">
          <reporter-output>
          </reporter-output>
        </test-method> <!-- afterMethod -->
        <test-method status="PASS" signature="beforeMethod()[pri:0, instance:com.test1.tests.RTest@490d6c15]" name="beforeMethod" is-config="true" duration-ms="5135" started-at="2016-05-20T12:03:56Z" finished-at="2016-05-20T12:04:01Z">
          <reporter-output>
          </reporter-output>
        </test-method> <!-- beforeMethod -->
        <test-method status="PASS" signature="testSuccessfulAddNewPriorDealCase(java.lang.String, java.lang.String, java.lang.String)[pri:0, instance:com.test1.tests.RTest@490d6c15]" name="testSuccessfulAddNewPriorDealCase" duration-ms="31773" started-at="2016-05-20T12:04:01Z" data-provider="dataProvider" finished-at="2016-05-20T12:04:33Z">
          <params>
            <param index="0">
              <value>
                <![CDATA[NA1TypeR12]]>
              </value>
            </param>
            <param index="1">
              <value>
                <![CDATA[Go]]>
              </value>
            </param>
            <param index="2">
              <value>
                <![CDATA[Hojo]]>
              </value>
            </param>
          </params>
          <reporter-output>
          </reporter-output>
        </test-method> <!-- testSuccessfulAddNewPriorDealCase -->
        <test-method status="PASS" signature="afterMethod()[pri:0, instance:com.test1.tests.RTest@490d6c15]" name="afterMethod" is-config="true" duration-ms="1383" started-at="2016-05-20T12:04:33Z" finished-at="2016-05-20T12:04:35Z">
          <reporter-output>
          </reporter-output>
        </test-method> <!-- afterMethod -->
        <test-method status="PASS" signature="beforeMethod()[pri:0, instance:com.test1.tests.RTest@490d6c15]" name="beforeMethod" is-config="true" duration-ms="5618" started-at="2016-05-20T12:04:35Z" finished-at="2016-05-20T12:04:40Z">
          <reporter-output>
          </reporter-output>
        </test-method> <!-- beforeMethod -->
        <test-method status="PASS" signature="testSuccessfulAddNewPriorDealCase(java.lang.String, java.lang.String, java.lang.String)[pri:0, instance:com.test1.tests.RTest@490d6c15]" name="testSuccessfulAddNewPriorDealCase" duration-ms="31973" started-at="2016-05-20T12:04:40Z" data-provider="dataProvider" finished-at="2016-05-20T12:05:12Z">
          <params>
            <param index="0">
              <value>
                <![CDATA[TE3312]]>
              </value>
            </param>
            <param index="1">
              <value>
                <![CDATA[Steve]]>
              </value>
            </param>
            <param index="2">
              <value>
                <![CDATA[Fox]]>
              </value>
            </param>
          </params>
          <reporter-output>
          </reporter-output>
        </test-method> <!-- testSuccessfulAddNewPriorDealCase -->
        <test-method status="PASS" signature="afterMethod()[pri:0, instance:com.test1.tests.RTest@490d6c15]" name="afterMethod" is-config="true" duration-ms="1358" started-at="2016-05-20T12:05:12Z" finished-at="2016-05-20T12:05:13Z">
          <reporter-output>
          </reporter-output>
        </test-method> <!-- afterMethod -->
        <test-method status="PASS" signature="beforeMethod()[pri:0, instance:com.test1.tests.RTest@490d6c15]" name="beforeMethod" is-config="true" duration-ms="5026" started-at="2016-05-20T12:05:13Z" finished-at="2016-05-20T12:05:19Z">
          <reporter-output>
          </reporter-output>
        </test-method> <!-- beforeMethod -->
        <test-method status="PASS" signature="testSuccessfulAddNewPriorDealCase(java.lang.String, java.lang.String, java.lang.String)[pri:0, instance:com.test1.tests.RTest@490d6c15]" name="testSuccessfulAddNewPriorDealCase" duration-ms="34862" started-at="2016-05-20T12:05:19Z" data-provider="dataProvider" finished-at="2016-05-20T12:05:53Z">
          <params>
            <param index="0">
              <value>
                <![CDATA[KP111112]]>
              </value>
            </param>
            <param index="1">
              <value>
                <![CDATA[Nancy]]>
              </value>
            </param>
            <param index="2">
              <value>
                <![CDATA[Lang]]>
              </value>
            </param>
          </params>
          <reporter-output>
          </reporter-output>
        </test-method> <!-- testSuccessfulAddNewPriorDealCase -->
        <test-method status="PASS" signature="afterMethod()[pri:0, instance:com.test1.tests.RTest@490d6c15]" name="afterMethod" is-config="true" duration-ms="1462" started-at="2016-05-20T12:05:53Z" finished-at="2016-05-20T12:05:55Z">
          <reporter-output>
          </reporter-output>
        </test-method> <!-- afterMethod -->
        <test-method status="PASS" signature="beforeMethod()[pri:0, instance:com.test1.tests.RTest@490d6c15]" name="beforeMethod" is-config="true" duration-ms="4954" started-at="2016-05-20T12:05:55Z" finished-at="2016-05-20T12:06:00Z">
          <reporter-output>
          </reporter-output>
        </test-method> <!-- beforeMethod -->
        <test-method status="PASS" signature="testSuccessfulCaseSummaryInfo(java.lang.String, java.lang.String, java.lang.String, java.lang.String, java.lang.String, java.lang.String, java.lang.String, java.lang.String, java.lang.String, java.lang.String)[pri:0, instance:com.test1.tests.RTest@490d6c15]" name="testSuccessfulCaseSummaryInfo" duration-ms="59975" started-at="2016-05-20T12:06:00Z" data-provider="dataProvider" finished-at="2016-05-20T12:07:00Z">
          <params>
            <param index="0">
              <value>
                <![CDATA[AP1TypeR12]]>
              </value>
            </param>
            <param index="1">
              <value>
                <![CDATA[HI]]>
              </value>
            </param>
            <param index="2">
              <value>
                <![CDATA[Maui]]>
              </value>
            </param>
            <param index="3">
              <value>
                <![CDATA[God hand 2000]]>
              </value>
            </param>
            <param index="4">
              <value>
                <![CDATA[Ready]]>
              </value>
            </param>
            <param index="5">
              <value>
                <![CDATA[04]]>
              </value>
            </param>
            <param index="6">
              <value>
                <![CDATA[26.0]]>
              </value>
            </param>
            <param index="7">
              <value>
                <![CDATA[2016]]>
              </value>
            </param>
            <param index="8">
              <value>
                <![CDATA[Toshiya]]>
              </value>
            </param>
            <param index="9">
              <value>
                <![CDATA[Joshima]]>
              </value>
            </param>
          </params>
          <reporter-output>
          </reporter-output>
        </test-method> <!-- testSuccessfulCaseSummaryInfo -->
        <test-method status="PASS" signature="afterMethod()[pri:0, instance:com.test1.tests.RTest@490d6c15]" name="afterMethod" is-config="true" duration-ms="1413" started-at="2016-05-20T12:07:00Z" finished-at="2016-05-20T12:07:01Z">
          <reporter-output>
          </reporter-output>
        </test-method> <!-- afterMethod -->
        <test-method status="PASS" signature="beforeMethod()[pri:0, instance:com.test1.tests.RTest@490d6c15]" name="beforeMethod" is-config="true" duration-ms="6282" started-at="2016-05-20T12:07:01Z" finished-at="2016-05-20T12:07:08Z">
          <reporter-output>
          </reporter-output>
        </test-method> <!-- beforeMethod -->
        <test-method status="PASS" signature="testSuccessfulCaseSummaryInfo(java.lang.String, java.lang.String, java.lang.String, java.lang.String, java.lang.String, java.lang.String, java.lang.String, java.lang.String, java.lang.String, java.lang.String)[pri:0, instance:com.test1.tests.RTest@490d6c15]" name="testSuccessfulCaseSummaryInfo" duration-ms="60664" started-at="2016-05-20T12:07:08Z" data-provider="dataProvider" finished-at="2016-05-20T12:08:08Z">
          <params>
            <param index="0">
              <value>
                <![CDATA[AE863SGTE12]]>
              </value>
            </param>
            <param index="1">
              <value>
                <![CDATA[IL]]>
              </value>
            </param>
            <param index="2">
              <value>
                <![CDATA[Cook County]]>
              </value>
            </param>
            <param index="3">
              <value>
                <![CDATA[Phoenix Smasher]]>
              </value>
            </param>
            <param index="4">
              <value>
                <![CDATA[New]]>
              </value>
            </param>
            <param index="5">
              <value>
                <![CDATA[04]]>
              </value>
            </param>
            <param index="6">
              <value>
                <![CDATA[25.0]]>
              </value>
            </param>
            <param index="7">
              <value>
                <![CDATA[2016]]>
              </value>
            </param>
            <param index="8">
              <value>
                <![CDATA[Paul]]>
              </value>
            </param>
            <param index="9">
              <value>
                <![CDATA[Phoenix]]>
              </value>
            </param>
          </params>
          <reporter-output>
          </reporter-output>
        </test-method> <!-- testSuccessfulCaseSummaryInfo -->
        <test-method status="PASS" signature="afterMethod()[pri:0, instance:com.test1.tests.RTest@490d6c15]" name="afterMethod" is-config="true" duration-ms="1631" started-at="2016-05-20T12:08:08Z" finished-at="2016-05-20T12:08:10Z">
          <reporter-output>
          </reporter-output>
        </test-method> <!-- afterMethod -->
        <test-method status="PASS" signature="beforeMethod()[pri:0, instance:com.test1.tests.RTest@490d6c15]" name="beforeMethod" is-config="true" duration-ms="5830" started-at="2016-05-20T12:08:10Z" finished-at="2016-05-20T12:08:16Z">
          <reporter-output>
          </reporter-output>
        </test-method> <!-- beforeMethod -->
        <test-method status="PASS" signature="testSuccessfulCaseSummaryInfo(java.lang.String, java.lang.String, java.lang.String, java.lang.String, java.lang.String, java.lang.String, java.lang.String, java.lang.String, java.lang.String, java.lang.String)[pri:0, instance:com.test1.tests.RTest@490d6c15]" name="testSuccessfulCaseSummaryInfo" duration-ms="66062" started-at="2016-05-20T12:08:16Z" data-provider="dataProvider" finished-at="2016-05-20T12:09:22Z">
          <params>
            <param index="0">
              <value>
                <![CDATA[EG6R12]]>
              </value>
            </param>
            <param index="1">
              <value>
                <![CDATA[CA]]>
              </value>
            </param>
            <param index="2">
              <value>
                <![CDATA[Santa Cruz County]]>
              </value>
            </param>
            <param index="3">
              <value>
                <![CDATA[adding instructions 2]]>
              </value>
            </param>
            <param index="4">
              <value>
                <![CDATA[Do Not Research]]>
              </value>
            </param>
            <param index="5">
              <value>
                <![CDATA[04]]>
              </value>
            </param>
            <param index="6">
              <value>
                <![CDATA[09]]>
              </value>
            </param>
            <param index="7">
              <value>
                <![CDATA[1970]]>
              </value>
            </param>
            <param index="8">
              <value>
                <![CDATA[Hei]]>
              </value>
            </param>
            <param index="9">
              <value>
                <![CDATA[Mishima]]>
              </value>
            </param>
          </params>
          <reporter-output>
          </reporter-output>
        </test-method> <!-- testSuccessfulCaseSummaryInfo -->
        <test-method status="PASS" signature="afterMethod()[pri:0, instance:com.test1.tests.RTest@490d6c15]" name="afterMethod" is-config="true" duration-ms="1425" started-at="2016-05-20T12:09:22Z" finished-at="2016-05-20T12:09:23Z">
          <reporter-output>
          </reporter-output>
        </test-method> <!-- afterMethod -->
        <test-method status="PASS" signature="beforeMethod()[pri:0, instance:com.test1.tests.RTest@490d6c15]" name="beforeMethod" is-config="true" duration-ms="6781" started-at="2016-05-20T12:09:23Z" finished-at="2016-05-20T12:09:30Z">
          <reporter-output>
          </reporter-output>
        </test-method> <!-- beforeMethod -->
        <test-method status="PASS" signature="testSuccessfulCaseSummaryInfo(java.lang.String, java.lang.String, java.lang.String, java.lang.String, java.lang.String, java.lang.String, java.lang.String, java.lang.String, java.lang.String, java.lang.String)[pri:0, instance:com.test1.tests.RTest@490d6c15]" name="testSuccessfulCaseSummaryInfo" duration-ms="58760" started-at="2016-05-20T12:09:30Z" data-provider="dataProvider" finished-at="2016-05-20T12:10:29Z">
          <params>
            <param index="0">
              <value>
                <![CDATA[TE1112]]>
              </value>
            </param>
            <param index="1">
              <value>
                <![CDATA[IL]]>
              </value>
            </param>
            <param index="2">
              <value>
                <![CDATA[Cook County]]>
              </value>
            </param>
            <param index="3">
              <value>
                <![CDATA[yes sir]]>
              </value>
            </param>
            <param index="4">
              <value>
                <![CDATA[Ready]]>
              </value>
            </param>
            <param index="5">
              <value>
                <![CDATA[05]]>
              </value>
            </param>
            <param index="6">
              <value>
                <![CDATA[20]]>
              </value>
            </param>
            <param index="7">
              <value>
                <![CDATA[2017]]>
              </value>
            </param>
            <param index="8">
              <value>
                <![CDATA[Kazuya]]>
              </value>
            </param>
            <param index="9">
              <value>
                <![CDATA[Mishima]]>
              </value>
            </param>
          </params>
          <reporter-output>
          </reporter-output>
        </test-method> <!-- testSuccessfulCaseSummaryInfo -->
        <test-method status="PASS" signature="afterMethod()[pri:0, instance:com.test1.tests.RTest@490d6c15]" name="afterMethod" is-config="true" duration-ms="1414" started-at="2016-05-20T12:10:29Z" finished-at="2016-05-20T12:10:30Z">
          <reporter-output>
          </reporter-output>
        </test-method> <!-- afterMethod -->
        <test-method status="PASS" signature="beforeMethod()[pri:0, instance:com.test1.tests.RTest@490d6c15]" name="beforeMethod" is-config="true" duration-ms="6225" started-at="2016-05-20T12:10:30Z" finished-at="2016-05-20T12:10:36Z">
          <reporter-output>
          </reporter-output>
        </test-method> <!-- beforeMethod -->
        <test-method status="PASS" signature="testSuccessfulCaseSummaryInfo(java.lang.String, java.lang.String, java.lang.String, java.lang.String, java.lang.String, java.lang.String, java.lang.String, java.lang.String, java.lang.String, java.lang.String)[pri:0, instance:com.test1.tests.RTest@490d6c15]" name="testSuccessfulCaseSummaryInfo" duration-ms="68009" started-at="2016-05-20T12:10:36Z" data-provider="dataProvider" finished-at="2016-05-20T12:11:44Z">
          <params>
            <param index="0">
              <value>
                <![CDATA[S15RB25DET12]]>
              </value>
            </param>
            <param index="1">
              <value>
                <![CDATA[ID]]>
              </value>
            </param>
            <param index="2">
              <value>
                <![CDATA[Bear Lake County]]>
              </value>
            </param>
            <param index="3">
              <value>
                <![CDATA[yeahhh 1234]]>
              </value>
            </param>
            <param index="4">
              <value>
                <![CDATA[Do Not Research]]>
              </value>
            </param>
            <param index="5">
              <value>
                <![CDATA[10]]>
              </value>
            </param>
            <param index="6">
              <value>
                <![CDATA[31]]>
              </value>
            </param>
            <param index="7">
              <value>
                <![CDATA[2018]]>
              </value>
            </param>
            <param index="8">
              <value>
                <![CDATA[AR]]>
              </value>
            </param>
            <param index="9">
              <value>
                <![CDATA[King]]>
              </value>
            </param>
          </params>
          <reporter-output>
          </reporter-output>
        </test-method> <!-- testSuccessfulCaseSummaryInfo -->
        <test-method status="PASS" signature="afterMethod()[pri:0, instance:com.test1.tests.RTest@490d6c15]" name="afterMethod" is-config="true" duration-ms="1423" started-at="2016-05-20T12:11:44Z" finished-at="2016-05-20T12:11:46Z">
          <reporter-output>
          </reporter-output>
        </test-method> <!-- afterMethod -->
        <test-method status="PASS" signature="beforeMethod()[pri:0, instance:com.test1.tests.RTest@490d6c15]" name="beforeMethod" is-config="true" duration-ms="5213" started-at="2016-05-20T12:11:46Z" finished-at="2016-05-20T12:11:51Z">
          <reporter-output>
          </reporter-output>
        </test-method> <!-- beforeMethod -->
        <test-method status="PASS" signature="testSuccessfulCaseSummaryInfo(java.lang.String, java.lang.String, java.lang.String, java.lang.String, java.lang.String, java.lang.String, java.lang.String, java.lang.String, java.lang.String, java.lang.String)[pri:0, instance:com.test1.tests.RTest@490d6c15]" name="testSuccessfulCaseSummaryInfo" duration-ms="57694" started-at="2016-05-20T12:11:51Z" data-provider="dataProvider" finished-at="2016-05-20T12:12:49Z">
          <params>
            <param index="0">
              <value>
                <![CDATA[NA6CTypeR12]]>
              </value>
            </param>
            <param index="1">
              <value>
                <![CDATA[TN]]>
              </value>
            </param>
            <param index="2">
              <value>
                <![CDATA[Coffee County]]>
              </value>
            </param>
            <param index="3">
              <value>
                <![CDATA[AAAABBBBB 12345]]>
              </value>
            </param>
            <param index="4">
              <value>
                <![CDATA[Ready]]>
              </value>
            </param>
            <param index="5">
              <value>
                <![CDATA[05]]>
              </value>
            </param>
            <param index="6">
              <value>
                <![CDATA[06]]>
              </value>
            </param>
            <param index="7">
              <value>
                <![CDATA[2016]]>
              </value>
            </param>
            <param index="8">
              <value>
                <![CDATA[Hiro]]>
              </value>
            </param>
            <param index="9">
              <value>
                <![CDATA[Fumihiro]]>
              </value>
            </param>
          </params>
          <reporter-output>
          </reporter-output>
        </test-method> <!-- testSuccessfulCaseSummaryInfo -->
        <test-method status="PASS" signature="afterMethod()[pri:0, instance:com.test1.tests.RTest@490d6c15]" name="afterMethod" is-config="true" duration-ms="1412" started-at="2016-05-20T12:12:49Z" finished-at="2016-05-20T12:12:50Z">
          <reporter-output>
          </reporter-output>
        </test-method> <!-- afterMethod -->
        <test-method status="PASS" signature="beforeMethod()[pri:0, instance:com.test1.tests.RTest@490d6c15]" name="beforeMethod" is-config="true" duration-ms="5822" started-at="2016-05-20T12:12:50Z" finished-at="2016-05-20T12:12:56Z">
          <reporter-output>
          </reporter-output>
        </test-method> <!-- beforeMethod -->
        <test-method status="PASS" signature="testSuccessfulCaseSummaryInfo(java.lang.String, java.lang.String, java.lang.String, java.lang.String, java.lang.String, java.lang.String, java.lang.String, java.lang.String, java.lang.String, java.lang.String)[pri:0, instance:com.test1.tests.RTest@490d6c15]" name="testSuccessfulCaseSummaryInfo" duration-ms="63865" started-at="2016-05-20T12:12:56Z" data-provider="dataProvider" finished-at="2016-05-20T12:14:00Z">
          <params>
            <param index="0">
              <value>
                <![CDATA[EF9SIR12]]>
              </value>
            </param>
            <param index="1">
              <value>
                <![CDATA[CO]]>
              </value>
            </param>
            <param index="2">
              <value>
                <![CDATA[Adams County]]>
              </value>
            </param>
            <param index="3">
              <value>
                <![CDATA[adding instructionsB]]>
              </value>
            </param>
            <param index="4">
              <value>
                <![CDATA[New]]>
              </value>
            </param>
            <param index="5">
              <value>
                <![CDATA[03]]>
              </value>
            </param>
            <param index="6">
              <value>
                <![CDATA[12]]>
              </value>
            </param>
            <param index="7">
              <value>
                <![CDATA[2015]]>
              </value>
            </param>
            <param index="8">
              <value>
                <![CDATA[Buck]]>
              </value>
            </param>
            <param index="9">
              <value>
                <![CDATA[Rogers]]>
              </value>
            </param>
          </params>
          <reporter-output>
          </reporter-output>
        </test-method> <!-- testSuccessfulCaseSummaryInfo -->
        <test-method status="PASS" signature="afterMethod()[pri:0, instance:com.test1.tests.RTest@490d6c15]" name="afterMethod" is-config="true" duration-ms="1457" started-at="2016-05-20T12:14:00Z" finished-at="2016-05-20T12:14:01Z">
          <reporter-output>
          </reporter-output>
        </test-method> <!-- afterMethod -->
        <test-method status="PASS" signature="beforeMethod()[pri:0, instance:com.test1.tests.RTest@490d6c15]" name="beforeMethod" is-config="true" duration-ms="7138" started-at="2016-05-20T12:14:01Z" finished-at="2016-05-20T12:14:08Z">
          <reporter-output>
          </reporter-output>
        </test-method> <!-- beforeMethod -->
        <test-method status="PASS" signature="testSuccessfulCaseSummaryInfo(java.lang.String, java.lang.String, java.lang.String, java.lang.String, java.lang.String, java.lang.String, java.lang.String, java.lang.String, java.lang.String, java.lang.String)[pri:0, instance:com.test1.tests.RTest@490d6c15]" name="testSuccessfulCaseSummaryInfo" duration-ms="71568" started-at="2016-05-20T12:14:08Z" data-provider="dataProvider" finished-at="2016-05-20T12:15:20Z">
          <params>
            <param index="0">
              <value>
                <![CDATA[KP111112]]>
              </value>
            </param>
            <param index="1">
              <value>
                <![CDATA[GA]]>
              </value>
            </param>
            <param index="2">
              <value>
                <![CDATA[Gwinnett County]]>
              </value>
            </param>
            <param index="3">
              <value>
                <![CDATA[adding instructions 6]]>
              </value>
            </param>
            <param index="4">
              <value>
                <![CDATA[Ready]]>
              </value>
            </param>
            <param index="5">
              <value>
                <![CDATA[10.0]]>
              </value>
            </param>
            <param index="6">
              <value>
                <![CDATA[24]]>
              </value>
            </param>
            <param index="7">
              <value>
                <![CDATA[1988]]>
              </value>
            </param>
            <param index="8">
              <value>
                <![CDATA[Nancy]]>
              </value>
            </param>
            <param index="9">
              <value>
                <![CDATA[Lang]]>
              </value>
            </param>
          </params>
          <reporter-output>
          </reporter-output>
        </test-method> <!-- testSuccessfulCaseSummaryInfo -->
        <test-method status="PASS" signature="afterMethod()[pri:0, instance:com.test1.tests.RTest@490d6c15]" name="afterMethod" is-config="true" duration-ms="1402" started-at="2016-05-20T12:15:20Z" finished-at="2016-05-20T12:15:21Z">
          <reporter-output>
          </reporter-output>
        </test-method> <!-- afterMethod -->
        <test-method status="PASS" signature="beforeMethod()[pri:0, instance:com.test1.tests.RTest@490d6c15]" name="beforeMethod" is-config="true" duration-ms="5797" started-at="2016-05-20T12:15:21Z" finished-at="2016-05-20T12:15:27Z">
          <reporter-output>
          </reporter-output>
        </test-method> <!-- beforeMethod -->
        <test-method status="PASS" signature="testSuccessfulCaseSummaryInfo(java.lang.String, java.lang.String, java.lang.String, java.lang.String, java.lang.String, java.lang.String, java.lang.String, java.lang.String, java.lang.String, java.lang.String)[pri:0, instance:com.test1.tests.RTest@490d6c15]" name="testSuccessfulCaseSummaryInfo" duration-ms="59721" started-at="2016-05-20T12:15:27Z" data-provider="dataProvider" finished-at="2016-05-20T12:16:27Z">
          <params>
            <param index="0">
              <value>
                <![CDATA[TE2212]]>
              </value>
            </param>
            <param index="1">
              <value>
                <![CDATA[CA]]>
              </value>
            </param>
            <param index="2">
              <value>
                <![CDATA[San Diego County]]>
              </value>
            </param>
            <param index="3">
              <value>
                <![CDATA[adding instructionsA]]>
              </value>
            </param>
            <param index="4">
              <value>
                <![CDATA[New]]>
              </value>
            </param>
            <param index="5">
              <value>
                <![CDATA[04]]>
              </value>
            </param>
            <param index="6">
              <value>
                <![CDATA[25]]>
              </value>
            </param>
            <param index="7">
              <value>
                <![CDATA[2016]]>
              </value>
            </param>
            <param index="8">
              <value>
                <![CDATA[Jun]]>
              </value>
            </param>
            <param index="9">
              <value>
                <![CDATA[Kazama]]>
              </value>
            </param>
          </params>
          <reporter-output>
          </reporter-output>
        </test-method> <!-- testSuccessfulCaseSummaryInfo -->
        <test-method status="PASS" signature="afterMethod()[pri:0, instance:com.test1.tests.RTest@490d6c15]" name="afterMethod" is-config="true" duration-ms="1448" started-at="2016-05-20T12:16:27Z" finished-at="2016-05-20T12:16:28Z">
          <reporter-output>
          </reporter-output>
        </test-method> <!-- afterMethod -->
        <test-method status="PASS" signature="beforeMethod()[pri:0, instance:com.test1.tests.RTest@490d6c15]" name="beforeMethod" is-config="true" duration-ms="5253" started-at="2016-05-20T12:16:28Z" finished-at="2016-05-20T12:16:34Z">
          <reporter-output>
          </reporter-output>
        </test-method> <!-- beforeMethod -->
        <test-method status="PASS" signature="testSuccessfulCaseSummaryInfo(java.lang.String, java.lang.String, java.lang.String, java.lang.String, java.lang.String, java.lang.String, java.lang.String, java.lang.String, java.lang.String, java.lang.String)[pri:0, instance:com.test1.tests.RTest@490d6c15]" name="testSuccessfulCaseSummaryInfo" duration-ms="62251" started-at="2016-05-20T12:16:34Z" data-provider="dataProvider" finished-at="2016-05-20T12:17:36Z">
          <params>
            <param index="0">
              <value>
                <![CDATA[S14RB25DET12]]>
              </value>
            </param>
            <param index="1">
              <value>
                <![CDATA[GA]]>
              </value>
            </param>
            <param index="2">
              <value>
                <![CDATA[Gwinnett County]]>
              </value>
            </param>
            <param index="3">
              <value>
                <![CDATA[adding instructions 1]]>
              </value>
            </param>
            <param index="4">
              <value>
                <![CDATA[Ready]]>
              </value>
            </param>
            <param index="5">
              <value>
                <![CDATA[03]]>
              </value>
            </param>
            <param index="6">
              <value>
                <![CDATA[11.0]]>
              </value>
            </param>
            <param index="7">
              <value>
                <![CDATA[2016]]>
              </value>
            </param>
            <param index="8">
              <value>
                <![CDATA[Dux]]>
              </value>
            </param>
            <param index="9">
              <value>
                <![CDATA[Frank]]>
              </value>
            </param>
          </params>
          <reporter-output>
          </reporter-output>
        </test-method> <!-- testSuccessfulCaseSummaryInfo -->
        <test-method status="PASS" signature="afterMethod()[pri:0, instance:com.test1.tests.RTest@490d6c15]" name="afterMethod" is-config="true" duration-ms="1636" started-at="2016-05-20T12:17:36Z" finished-at="2016-05-20T12:17:38Z">
          <reporter-output>
          </reporter-output>
        </test-method> <!-- afterMethod -->
        <test-method status="PASS" signature="beforeMethod()[pri:0, instance:com.test1.tests.RTest@490d6c15]" name="beforeMethod" is-config="true" duration-ms="5608" started-at="2016-05-20T12:17:38Z" finished-at="2016-05-20T12:17:43Z">
          <reporter-output>
          </reporter-output>
        </test-method> <!-- beforeMethod -->
        <test-method status="PASS" signature="testSuccessfulCaseSummaryInfo(java.lang.String, java.lang.String, java.lang.String, java.lang.String, java.lang.String, java.lang.String, java.lang.String, java.lang.String, java.lang.String, java.lang.String)[pri:0, instance:com.test1.tests.RTest@490d6c15]" name="testSuccessfulCaseSummaryInfo" duration-ms="72061" started-at="2016-05-20T12:17:43Z" data-provider="dataProvider" finished-at="2016-05-20T12:18:55Z">
          <params>
            <param index="0">
              <value>
                <![CDATA[NA1TypeR12]]>
              </value>
            </param>
            <param index="1">
              <value>
                <![CDATA[CA]]>
              </value>
            </param>
            <param index="2">
              <value>
                <![CDATA[San Diego County]]>
              </value>
            </param>
            <param index="3">
              <value>
                <![CDATA[adding instructions 3]]>
              </value>
            </param>
            <param index="4">
              <value>
                <![CDATA[Ready]]>
              </value>
            </param>
            <param index="5">
              <value>
                <![CDATA[12.0]]>
              </value>
            </param>
            <param index="6">
              <value>
                <![CDATA[14.0]]>
              </value>
            </param>
            <param index="7">
              <value>
                <![CDATA[2016]]>
              </value>
            </param>
            <param index="8">
              <value>
                <![CDATA[Go]]>
              </value>
            </param>
            <param index="9">
              <value>
                <![CDATA[Hojo]]>
              </value>
            </param>
          </params>
          <reporter-output>
          </reporter-output>
        </test-method> <!-- testSuccessfulCaseSummaryInfo -->
        <test-method status="PASS" signature="afterMethod()[pri:0, instance:com.test1.tests.RTest@490d6c15]" name="afterMethod" is-config="true" duration-ms="1405" started-at="2016-05-20T12:18:55Z" finished-at="2016-05-20T12:18:57Z">
          <reporter-output>
          </reporter-output>
        </test-method> <!-- afterMethod -->
        <test-method status="PASS" signature="beforeMethod()[pri:0, instance:com.test1.tests.RTest@490d6c15]" name="beforeMethod" is-config="true" duration-ms="6805" started-at="2016-05-20T12:18:57Z" finished-at="2016-05-20T12:19:03Z">
          <reporter-output>
          </reporter-output>
        </test-method> <!-- beforeMethod -->
        <test-method status="PASS" signature="testSuccessfulCaseSummaryInfo(java.lang.String, java.lang.String, java.lang.String, java.lang.String, java.lang.String, java.lang.String, java.lang.String, java.lang.String, java.lang.String, java.lang.String)[pri:0, instance:com.test1.tests.RTest@490d6c15]" name="testSuccessfulCaseSummaryInfo" duration-ms="70519" started-at="2016-05-20T12:19:03Z" data-provider="dataProvider" finished-at="2016-05-20T12:20:14Z">
          <params>
            <param index="0">
              <value>
                <![CDATA[TE3312]]>
              </value>
            </param>
            <param index="1">
              <value>
                <![CDATA[FL]]>
              </value>
            </param>
            <param index="2">
              <value>
                <![CDATA[Miami-Dade County]]>
              </value>
            </param>
            <param index="3">
              <value>
                <![CDATA[adding instructions 5]]>
              </value>
            </param>
            <param index="4">
              <value>
                <![CDATA[New]]>
              </value>
            </param>
            <param index="5">
              <value>
                <![CDATA[11.0]]>
              </value>
            </param>
            <param index="6">
              <value>
                <![CDATA[19.0]]>
              </value>
            </param>
            <param index="7">
              <value>
                <![CDATA[2016]]>
              </value>
            </param>
            <param index="8">
              <value>
                <![CDATA[Steve]]>
              </value>
            </param>
            <param index="9">
              <value>
                <![CDATA[Fox]]>
              </value>
            </param>
          </params>
          <reporter-output>
          </reporter-output>
        </test-method> <!-- testSuccessfulCaseSummaryInfo -->
        <test-method status="PASS" signature="afterMethod()[pri:0, instance:com.test1.tests.RTest@490d6c15]" name="afterMethod" is-config="true" duration-ms="1488" started-at="2016-05-20T12:20:14Z" finished-at="2016-05-20T12:20:15Z">
          <reporter-output>
          </reporter-output>
        </test-method> <!-- afterMethod -->
        <test-method status="PASS" signature="beforeMethod()[pri:0, instance:com.test1.tests.RTest@490d6c15]" name="beforeMethod" is-config="true" duration-ms="5740" started-at="2016-05-20T12:20:16Z" finished-at="2016-05-20T12:20:21Z">
          <reporter-output>
          </reporter-output>
        </test-method> <!-- beforeMethod -->
        <test-method status="PASS" signature="testSuccessfulCreateNewClaimant(java.lang.String, java.lang.String, java.lang.String, java.lang.String, java.lang.String, java.lang.String, java.lang.String, java.lang.String, java.lang.String, java.lang.String, java.lang.String)[pri:0, instance:com.test1.tests.RTest@490d6c15]" name="testSuccessfulCreateNewClaimant" duration-ms="85917" started-at="2016-05-20T12:20:21Z" data-provider="dataProvider" finished-at="2016-05-20T12:21:47Z">
          <params>
            <param index="0">
              <value>
                <![CDATA[EG6R12]]>
              </value>
            </param>
            <param index="1">
              <value>
                <![CDATA[CA]]>
              </value>
            </param>
            <param index="2">
              <value>
                <![CDATA[Santa Cruz County]]>
              </value>
            </param>
            <param index="3">
              <value>
                <![CDATA[Hei]]>
              </value>
            </param>
            <param index="4">
              <value>
                <![CDATA[Mishima]]>
              </value>
            </param>
            <param index="5">
              <value>
                <![CDATA[111-11-1111]]>
              </value>
            </param>
            <param index="6">
              <value>
                <![CDATA[Male]]>
              </value>
            </param>
            <param index="7">
              <value>
                <![CDATA[Single]]>
              </value>
            </param>
            <param index="8">
              <value>
                <![CDATA[07]]>
              </value>
            </param>
            <param index="9">
              <value>
                <![CDATA[04]]>
              </value>
            </param>
            <param index="10">
              <value>
                <![CDATA[2016]]>
              </value>
            </param>
          </params>
          <reporter-output>
          </reporter-output>
        </test-method> <!-- testSuccessfulCreateNewClaimant -->
        <test-method status="PASS" signature="afterMethod()[pri:0, instance:com.test1.tests.RTest@490d6c15]" name="afterMethod" is-config="true" duration-ms="1483" started-at="2016-05-20T12:21:47Z" finished-at="2016-05-20T12:21:49Z">
          <reporter-output>
          </reporter-output>
        </test-method> <!-- afterMethod -->
        <test-method status="PASS" signature="beforeMethod()[pri:0, instance:com.test1.tests.RTest@490d6c15]" name="beforeMethod" is-config="true" duration-ms="6135" started-at="2016-05-20T12:21:49Z" finished-at="2016-05-20T12:21:55Z">
          <reporter-output>
          </reporter-output>
        </test-method> <!-- beforeMethod -->
        <test-method status="PASS" signature="testSuccessfulCreateNewClaimant(java.lang.String, java.lang.String, java.lang.String, java.lang.String, java.lang.String, java.lang.String, java.lang.String, java.lang.String, java.lang.String, java.lang.String, java.lang.String)[pri:0, instance:com.test1.tests.RTest@490d6c15]" name="testSuccessfulCreateNewClaimant" duration-ms="96393" started-at="2016-05-20T12:21:55Z" data-provider="dataProvider" finished-at="2016-05-20T12:23:31Z">
          <params>
            <param index="0">
              <value>
                <![CDATA[NA6CTypeR12]]>
              </value>
            </param>
            <param index="1">
              <value>
                <![CDATA[TN]]>
              </value>
            </param>
            <param index="2">
              <value>
                <![CDATA[Coffee County]]>
              </value>
            </param>
            <param index="3">
              <value>
                <![CDATA[Hiro]]>
              </value>
            </param>
            <param index="4">
              <value>
                <![CDATA[Fumihiro]]>
              </value>
            </param>
            <param index="5">
              <value>
                <![CDATA[111-22-3344]]>
              </value>
            </param>
            <param index="6">
              <value>
                <![CDATA[Male]]>
              </value>
            </param>
            <param index="7">
              <value>
                <![CDATA[Married]]>
              </value>
            </param>
            <param index="8">
              <value>
                <![CDATA[09]]>
              </value>
            </param>
            <param index="9">
              <value>
                <![CDATA[12]]>
              </value>
            </param>
            <param index="10">
              <value>
                <![CDATA[1988]]>
              </value>
            </param>
          </params>
          <reporter-output>
          </reporter-output>
        </test-method> <!-- testSuccessfulCreateNewClaimant -->
        <test-method status="PASS" signature="afterMethod()[pri:0, instance:com.test1.tests.RTest@490d6c15]" name="afterMethod" is-config="true" duration-ms="1432" started-at="2016-05-20T12:23:31Z" finished-at="2016-05-20T12:23:33Z">
          <reporter-output>
          </reporter-output>
        </test-method> <!-- afterMethod -->
        <test-method status="PASS" signature="beforeMethod()[pri:0, instance:com.test1.tests.RTest@490d6c15]" name="beforeMethod" is-config="true" duration-ms="5470" started-at="2016-05-20T12:23:33Z" finished-at="2016-05-20T12:23:38Z">
          <reporter-output>
          </reporter-output>
        </test-method> <!-- beforeMethod -->
        <test-method status="PASS" signature="testSuccessfulCreateNewClaimant(java.lang.String, java.lang.String, java.lang.String, java.lang.String, java.lang.String, java.lang.String, java.lang.String, java.lang.String, java.lang.String, java.lang.String, java.lang.String)[pri:0, instance:com.test1.tests.RTest@490d6c15]" name="testSuccessfulCreateNewClaimant" duration-ms="87088" started-at="2016-05-20T12:23:38Z" data-provider="dataProvider" finished-at="2016-05-20T12:25:05Z">
          <params>
            <param index="0">
              <value>
                <![CDATA[NA1TypeR12]]>
              </value>
            </param>
            <param index="1">
              <value>
                <![CDATA[CA]]>
              </value>
            </param>
            <param index="2">
              <value>
                <![CDATA[San Diego County]]>
              </value>
            </param>
            <param index="3">
              <value>
                <![CDATA[Go]]>
              </value>
            </param>
            <param index="4">
              <value>
                <![CDATA[Hojo]]>
              </value>
            </param>
            <param index="5">
              <value>
                <![CDATA[555-55-5555]]>
              </value>
            </param>
            <param index="6">
              <value>
                <![CDATA[Male]]>
              </value>
            </param>
            <param index="7">
              <value>
                <![CDATA[Single]]>
              </value>
            </param>
            <param index="8">
              <value>
                <![CDATA[06]]>
              </value>
            </param>
            <param index="9">
              <value>
                <![CDATA[16]]>
              </value>
            </param>
            <param index="10">
              <value>
                <![CDATA[1990]]>
              </value>
            </param>
          </params>
          <reporter-output>
          </reporter-output>
        </test-method> <!-- testSuccessfulCreateNewClaimant -->
        <test-method status="PASS" signature="afterMethod()[pri:0, instance:com.test1.tests.RTest@490d6c15]" name="afterMethod" is-config="true" duration-ms="1526" started-at="2016-05-20T12:25:05Z" finished-at="2016-05-20T12:25:07Z">
          <reporter-output>
          </reporter-output>
        </test-method> <!-- afterMethod -->
        <test-method status="PASS" signature="beforeMethod()[pri:0, instance:com.test1.tests.RTest@490d6c15]" name="beforeMethod" is-config="true" duration-ms="5204" started-at="2016-05-20T12:25:07Z" finished-at="2016-05-20T12:25:12Z">
          <reporter-output>
          </reporter-output>
        </test-method> <!-- beforeMethod -->
        <test-method status="PASS" signature="testSuccessfulCreateNewClaimant(java.lang.String, java.lang.String, java.lang.String, java.lang.String, java.lang.String, java.lang.String, java.lang.String, java.lang.String, java.lang.String, java.lang.String, java.lang.String)[pri:0, instance:com.test1.tests.RTest@490d6c15]" name="testSuccessfulCreateNewClaimant" duration-ms="94582" started-at="2016-05-20T12:25:12Z" data-provider="dataProvider" finished-at="2016-05-20T12:26:46Z">
          <params>
            <param index="0">
              <value>
                <![CDATA[TE3312]]>
              </value>
            </param>
            <param index="1">
              <value>
                <![CDATA[FL]]>
              </value>
            </param>
            <param index="2">
              <value>
                <![CDATA[Miami-Dade County]]>
              </value>
            </param>
            <param index="3">
              <value>
                <![CDATA[Steve]]>
              </value>
            </param>
            <param index="4">
              <value>
                <![CDATA[Fox]]>
              </value>
            </param>
            <param index="5">
              <value>
                <![CDATA[111-11-6666]]>
              </value>
            </param>
            <param index="6">
              <value>
                <![CDATA[Male]]>
              </value>
            </param>
            <param index="7">
              <value>
                <![CDATA[Married]]>
              </value>
            </param>
            <param index="8">
              <value>
                <![CDATA[03]]>
              </value>
            </param>
            <param index="9">
              <value>
                <![CDATA[18]]>
              </value>
            </param>
            <param index="10">
              <value>
                <![CDATA[1960]]>
              </value>
            </param>
          </params>
          <reporter-output>
          </reporter-output>
        </test-method> <!-- testSuccessfulCreateNewClaimant -->
        <test-method status="PASS" signature="afterMethod()[pri:0, instance:com.test1.tests.RTest@490d6c15]" name="afterMethod" is-config="true" duration-ms="1421" started-at="2016-05-20T12:26:46Z" finished-at="2016-05-20T12:26:48Z">
          <reporter-output>
          </reporter-output>
        </test-method> <!-- afterMethod -->
        <test-method status="PASS" signature="beforeMethod()[pri:0, instance:com.test1.tests.RTest@490d6c15]" name="beforeMethod" is-config="true" duration-ms="5491" started-at="2016-05-20T12:26:48Z" finished-at="2016-05-20T12:26:53Z">
          <reporter-output>
          </reporter-output>
        </test-method> <!-- beforeMethod -->
        <test-method status="PASS" signature="testSuccessfulCreateNewClaimant(java.lang.String, java.lang.String, java.lang.String, java.lang.String, java.lang.String, java.lang.String, java.lang.String, java.lang.String, java.lang.String, java.lang.String, java.lang.String)[pri:0, instance:com.test1.tests.RTest@490d6c15]" name="testSuccessfulCreateNewClaimant" duration-ms="88396" started-at="2016-05-20T12:26:53Z" data-provider="dataProvider" finished-at="2016-05-20T12:28:22Z">
          <params>
            <param index="0">
              <value>
                <![CDATA[KP111112]]>
              </value>
            </param>
            <param index="1">
              <value>
                <![CDATA[GA]]>
              </value>
            </param>
            <param index="2">
              <value>
                <![CDATA[Gwinnett County]]>
              </value>
            </param>
            <param index="3">
              <value>
                <![CDATA[Nancy]]>
              </value>
            </param>
            <param index="4">
              <value>
                <![CDATA[Lang]]>
              </value>
            </param>
            <param index="5">
              <value>
                <![CDATA[123-45-7777]]>
              </value>
            </param>
            <param index="6">
              <value>
                <![CDATA[Female]]>
              </value>
            </param>
            <param index="7">
              <value>
                <![CDATA[Single]]>
              </value>
            </param>
            <param index="8">
              <value>
                <![CDATA[04]]>
              </value>
            </param>
            <param index="9">
              <value>
                <![CDATA[12]]>
              </value>
            </param>
            <param index="10">
              <value>
                <![CDATA[1985]]>
              </value>
            </param>
          </params>
          <reporter-output>
          </reporter-output>
        </test-method> <!-- testSuccessfulCreateNewClaimant -->
        <test-method status="PASS" signature="afterMethod()[pri:0, instance:com.test1.tests.RTest@490d6c15]" name="afterMethod" is-config="true" duration-ms="1458" started-at="2016-05-20T12:28:22Z" finished-at="2016-05-20T12:28:23Z">
          <reporter-output>
          </reporter-output>
        </test-method> <!-- afterMethod -->
        <test-method status="PASS" signature="beforeMethod()[pri:0, instance:com.test1.tests.RTest@490d6c15]" name="beforeMethod" is-config="true" duration-ms="6918" started-at="2016-05-20T12:28:23Z" finished-at="2016-05-20T12:28:30Z">
          <reporter-output>
          </reporter-output>
        </test-method> <!-- beforeMethod -->
        <test-method status="PASS" signature="testSuccessfulCreateNewClaimant(java.lang.String, java.lang.String, java.lang.String, java.lang.String, java.lang.String, java.lang.String, java.lang.String, java.lang.String, java.lang.String, java.lang.String, java.lang.String)[pri:0, instance:com.test1.tests.RTest@490d6c15]" name="testSuccessfulCreateNewClaimant" duration-ms="99815" started-at="2016-05-20T12:28:30Z" data-provider="dataProvider" finished-at="2016-05-20T12:30:10Z">
          <params>
            <param index="0">
              <value>
                <![CDATA[AE863SGTE12]]>
              </value>
            </param>
            <param index="1">
              <value>
                <![CDATA[IL]]>
              </value>
            </param>
            <param index="2">
              <value>
                <![CDATA[Cook County]]>
              </value>
            </param>
            <param index="3">
              <value>
                <![CDATA[Paul]]>
              </value>
            </param>
            <param index="4">
              <value>
                <![CDATA[Phoenix]]>
              </value>
            </param>
            <param index="5">
              <value>
                <![CDATA[666-77-8888]]>
              </value>
            </param>
            <param index="6">
              <value>
                <![CDATA[Male]]>
              </value>
            </param>
            <param index="7">
              <value>
                <![CDATA[Single]]>
              </value>
            </param>
            <param index="8">
              <value>
                <![CDATA[10]]>
              </value>
            </param>
            <param index="9">
              <value>
                <![CDATA[15]]>
              </value>
            </param>
            <param index="10">
              <value>
                <![CDATA[1970]]>
              </value>
            </param>
          </params>
          <reporter-output>
          </reporter-output>
        </test-method> <!-- testSuccessfulCreateNewClaimant -->
        <test-method status="PASS" signature="afterMethod()[pri:0, instance:com.test1.tests.RTest@490d6c15]" name="afterMethod" is-config="true" duration-ms="1468" started-at="2016-05-20T12:30:10Z" finished-at="2016-05-20T12:30:11Z">
          <reporter-output>
          </reporter-output>
        </test-method> <!-- afterMethod -->
        <test-method status="PASS" signature="beforeMethod()[pri:0, instance:com.test1.tests.RTest@490d6c15]" name="beforeMethod" is-config="true" duration-ms="6093" started-at="2016-05-20T12:30:11Z" finished-at="2016-05-20T12:30:18Z">
          <reporter-output>
          </reporter-output>
        </test-method> <!-- beforeMethod -->
        <test-method status="FAIL" signature="testSuccessfulCreateNewClaimant(java.lang.String, java.lang.String, java.lang.String, java.lang.String, java.lang.String, java.lang.String, java.lang.String, java.lang.String, java.lang.String, java.lang.String, java.lang.String)[pri:0, instance:com.test1.tests.RTest@490d6c15]" name="testSuccessfulCreateNewClaimant" duration-ms="1119" started-at="2016-05-20T12:30:18Z" data-provider="dataProvider" finished-at="2016-05-20T12:30:19Z">
          <params>
            <param index="0">
              <value>
                <![CDATA[AP1TypeR12]]>
              </value>
            </param>
            <param index="1">
              <value>
                <![CDATA[HI]]>
              </value>
            </param>
            <param index="2">
              <value>
                <![CDATA[Maui]]>
              </value>
            </param>
            <param index="3">
              <value>
                <![CDATA[Toshiya]]>
              </value>
            </param>
            <param index="4">
              <value>
                <![CDATA[Joshima]]>
              </value>
            </param>
            <param index="5">
              <value>
                <![CDATA[321-54-9876]]>
              </value>
            </param>
            <param index="6">
              <value>
                <![CDATA[Male]]>
              </value>
            </param>
            <param index="7">
[...]
          <params>
            <param index="0">
              <value>
                <![CDATA[KP111112]]>
              </value>
            </param>
            <param index="1">
              <value>
                <![CDATA[01]]>
              </value>
            </param>
            <param index="2">
              <value>
                <![CDATA[11]]>
              </value>
            </param>
            <param index="3">
              <value>
                <![CDATA[2011]]>
              </value>
            </param>
            <param index="4">
              <value>
                <![CDATA[80000]]>
              </value>
            </param>
          </params>
          <reporter-output>
          </reporter-output>
        </test-method> <!-- testSuccessfulLumpsumPayAddLC -->
        <test-method status="PASS" signature="afterMethod()[pri:0, instance:com.test1.tests.RTest@490d6c15]" name="afterMethod" is-config="true" duration-ms="1507" started-at="2016-05-20T12:53:45Z" finished-at="2016-05-20T12:53:46Z">
          <reporter-output>
          </reporter-output>
        </test-method> <!-- afterMethod -->
        <test-method status="PASS" signature="beforeMethod()[pri:0, instance:com.test1.tests.RTest@490d6c15]" name="beforeMethod" is-config="true" duration-ms="5267" started-at="2016-05-20T12:53:46Z" finished-at="2016-05-20T12:53:52Z">
          <reporter-output>
          </reporter-output>
        </test-method> <!-- beforeMethod -->
        <test-method status="PASS" signature="testSuccessfulNotesAdd(java.lang.String, java.lang.String)[pri:0, instance:com.test1.tests.RTest@490d6c15]" name="testSuccessfulNotesAdd" duration-ms="58584" started-at="2016-05-20T12:53:52Z" data-provider="dataProvider" finished-at="2016-05-20T12:54:50Z">
          <params>
            <param index="0">
              <value>
                <![CDATA[AP1TypeR12]]>
              </value>
            </param>
            <param index="1">
              <value>
                <![CDATA[God Hand Joshima's]]>
              </value>
            </param>
          </params>
          <reporter-output>
          </reporter-output>
        </test-method> <!-- testSuccessfulNotesAdd -->
        <test-method status="PASS" signature="afterMethod()[pri:0, instance:com.test1.tests.RTest@490d6c15]" name="afterMethod" is-config="true" duration-ms="1459" started-at="2016-05-20T12:54:50Z" finished-at="2016-05-20T12:54:52Z">
          <reporter-output>
          </reporter-output>
        </test-method> <!-- afterMethod -->
        <test-method status="PASS" signature="beforeMethod()[pri:0, instance:com.test1.tests.RTest@490d6c15]" name="beforeMethod" is-config="true" duration-ms="6347" started-at="2016-05-20T12:54:52Z" finished-at="2016-05-20T12:54:58Z">
          <reporter-output>
          </reporter-output>
        </test-method> <!-- beforeMethod -->
        <test-method status="FAIL" signature="testSuccessfulNotesAdd(java.lang.String, java.lang.String)[pri:0, instance:com.test1.tests.RTest@490d6c15]" name="testSuccessfulNotesAdd" duration-ms="30013" started-at="2016-05-20T12:54:58Z" data-provider="dataProvider" finished-at="2016-05-20T12:55:28Z">
          <params>
            <param index="0">
              <value>
                <![CDATA[FC3S13BT12]]>
              </value>
            </param>
            <param index="1">
              <value>
                <![CDATA[Ryosuke's Turbo II Infini with TD06 20G]]>
              </value>
            </param>
          </params>
          <exception class="org.openqa.selenium.ElementNotVisibleException">
            <message>
              <![CDATA[element not visible
  (Session info: chrome=50.0.2661.102)
  (Driver info: chromedriver=2.20.353145 (343b531d31eeb933ec778dbcf7081628a1396067),platform=Windows NT 6.1 SP1 x86_64) (WARNING: The server did not provide any stacktrace information)
Command duration or timeout: 22 milliseconds
Build info: version: '2.48.2', revision: '41bccdd', time: '2015-10-09 19:59:12'
System info: host: 'E5530-2340', ip: '10.0.0.103', os.name: 'Windows 7', os.arch: 'amd64', os.version: '6.1', java.version: '1.8.0_66'
Driver info: org.openqa.selenium.chrome.ChromeDriver
Capabilities [{applicationCacheEnabled=false, rotatable=false, mobileEmulationEnabled=false, chrome={userDataDir=C:\Users\jslee\AppData\Local\Temp\scoped_dir5620_31359}, takesHeapSnapshot=true, databaseEnabled=false, handlesAlerts=true, hasTouchScreen=false, version=50.0.2661.102, platform=XP, browserConnectionEnabled=false, nativeEvents=true, acceptSslCerts=true, locationContextEnabled=true, webStorageEnabled=true, browserName=chrome, takesScreenshot=true, javascriptEnabled=true, cssSelectorsEnabled=true}]
Session ID: 9638a07ac014dff9a842aee3dd07d733]]>
            </message>
            <full-stacktrace>
              <![CDATA[org.openqa.selenium.ElementNotVisibleException: element not visible
  (Session info: chrome=50.0.2661.102)
  (Driver info: chromedriver=2.20.353145 (343b531d31eeb933ec778dbcf7081628a1396067),platform=Windows NT 6.1 SP1 x86_64) (WARNING: The server did not provide any stacktrace information)
Command duration or timeout: 22 milliseconds
Build info: version: '2.48.2', revision: '41bccdd', time: '2015-10-09 19:59:12'
System info: host: 'E5530-2340', ip: '10.0.0.103', os.name: 'Windows 7', os.arch: 'amd64', os.version: '6.1', java.version: '1.8.0_66'
Driver info: org.openqa.selenium.chrome.ChromeDriver
Capabilities [{applicationCacheEnabled=false, rotatable=false, mobileEmulationEnabled=false, chrome={userDataDir=C:\Users\jslee\AppData\Local\Temp\scoped_dir5620_31359}, takesHeapSnapshot=true, databaseEnabled=false, handlesAlerts=true, hasTouchScreen=false, version=50.0.2661.102, platform=XP, browserConnectionEnabled=false, nativeEvents=true, acceptSslCerts=true, locationContextEnabled=true, webStorageEnabled=true, browserName=chrome, takesScreenshot=true, javascriptEnabled=true, cssSelectorsEnabled=true}]
Session ID: 9638a07ac014dff9a842aee3dd07d733
	at sun.reflect.NativeConstructorAccessorImpl.newInstance0(Native Method)
	at sun.reflect.NativeConstructorAccessorImpl.newInstance(NativeConstructorAccessorImpl.java:62)
	at sun.reflect.DelegatingConstructorAccessorImpl.newInstance(DelegatingConstructorAccessorImpl.java:45)
	at java.lang.reflect.Constructor.newInstance(Constructor.java:422)
	at org.openqa.selenium.remote.ErrorHandler.createThrowable(ErrorHandler.java:206)
	at org.openqa.selenium.remote.ErrorHandler.throwIfResponseFailed(ErrorHandler.java:158)
	at org.openqa.selenium.remote.RemoteWebDriver.execute(RemoteWebDriver.java:647)
	at org.openqa.selenium.remote.RemoteWebElement.execute(RemoteWebElement.java:326)
	at org.openqa.selenium.remote.RemoteWebElement.click(RemoteWebElement.java:84)
	at com.test1.pages.PageBase.ClickResearchCasesLink(PageBase.java:35)
	at com.test1.tests.RTest.testSuccessfulNotesAdd(RTest.java:229)
	at sun.reflect.NativeMethodAccessorImpl.invoke0(Native Method)
	at sun.reflect.NativeMethodAccessorImpl.invoke(NativeMethodAccessorImpl.java:62)
	at sun.reflect.DelegatingMethodAccessorImpl.invoke(DelegatingMethodAccessorImpl.java:43)
	at java.lang.reflect.Method.invoke(Method.java:497)
	at org.testng.internal.MethodInvocationHelper.invokeMethod(MethodInvocationHelper.java:85)
	at org.testng.internal.Invoker.invokeMethod(Invoker.java:639)
	at org.testng.internal.Invoker.invokeTestMethod(Invoker.java:821)
	at org.testng.internal.Invoker.invokeTestMethods(Invoker.java:1131)
	at org.testng.internal.TestMethodWorker.invokeTestMethods(TestMethodWorker.java:124)
	at org.testng.internal.TestMethodWorker.run(TestMethodWorker.java:108)
	at org.testng.TestRunner.privateRun(TestRunner.java:773)
	at org.testng.TestRunner.run(TestRunner.java:623)
	at org.testng.SuiteRunner.runTest(SuiteRunner.java:357)
	at org.testng.SuiteRunner.runSequentially(SuiteRunner.java:352)
	at org.testng.SuiteRunner.privateRun(SuiteRunner.java:310)
	at org.testng.SuiteRunner.run(SuiteRunner.java:259)
	at org.testng.SuiteRunnerWorker.runSuite(SuiteRunnerWorker.java:52)
	at org.testng.SuiteRunnerWorker.run(SuiteRunnerWorker.java:86)
	at org.testng.TestNG.runSuitesSequentially(TestNG.java:1185)
	at org.testng.TestNG.runSuitesLocally(TestNG.java:1110)
	at org.testng.TestNG.run(TestNG.java:1018)
	at org.testng.TestNG.privateMain(TestNG.java:1325)
	at org.testng.TestNG.main(TestNG.java:1294)
]]>
            </full-stacktrace>
          </exception> <!-- org.openqa.selenium.ElementNotVisibleException -->
          <reporter-output>
          </reporter-output>
        </test-method> <!-- testSuccessfulNotesAdd -->
        <test-method status="PASS" signature="afterMethod()[pri:0, instance:com.test1.tests.RTest@490d6c15]" name="afterMethod" is-config="true" duration-ms="1392" started-at="2016-05-20T12:55:28Z" finished-at="2016-05-20T12:55:29Z">
          <reporter-output>
          </reporter-output>
        </test-method> <!-- afterMethod -->
        <test-method status="PASS" signature="beforeMethod()[pri:0, instance:com.test1.tests.RTest@490d6c15]" name="beforeMethod" is-config="true" duration-ms="5538" started-at="2016-05-20T12:55:29Z" finished-at="2016-05-20T12:55:35Z">
          <reporter-output>
          </reporter-output>
        </test-method> <!-- beforeMethod -->
        <test-method status="FAIL" signature="testSuccessfulNotesAdd(java.lang.String, java.lang.String)[pri:0, instance:com.test1.tests.RTest@490d6c15]" name="testSuccessfulNotesAdd" duration-ms="1144" started-at="2016-05-20T12:55:35Z" data-provider="dataProvider" finished-at="2016-05-20T12:55:36Z">
          <params>
            <param index="0">
              <value>
                <![CDATA[NA6CTypeR12]]>
              </value>
            </param>
            <param index="1">
              <value>
                <![CDATA[Hiro's NSX Type R]]>
              </value>
            </param>
          </params>
          <exception class="org.openqa.selenium.ElementNotVisibleException">
            <message>
              <![CDATA[element not visible
  (Session info: chrome=50.0.2661.102)
  (Driver info: chromedriver=2.20.353145 (343b531d31eeb933ec778dbcf7081628a1396067),platform=Windows NT 6.1 SP1 x86_64) (WARNING: The server did not provide any stacktrace information)
Command duration or timeout: 21 milliseconds
Build info: version: '2.48.2', revision: '41bccdd', time: '2015-10-09 19:59:12'
System info: host: 'E5530-2340', ip: '10.0.0.103', os.name: 'Windows 7', os.arch: 'amd64', os.version: '6.1', java.version: '1.8.0_66'
Driver info: org.openqa.selenium.chrome.ChromeDriver
Capabilities [{applicationCacheEnabled=false, rotatable=false, mobileEmulationEnabled=false, chrome={userDataDir=C:\Users\jslee\AppData\Local\Temp\scoped_dir1540_5795}, takesHeapSnapshot=true, databaseEnabled=false, handlesAlerts=true, hasTouchScreen=false, version=50.0.2661.102, platform=XP, browserConnectionEnabled=false, nativeEvents=true, acceptSslCerts=true, locationContextEnabled=true, webStorageEnabled=true, browserName=chrome, takesScreenshot=true, javascriptEnabled=true, cssSelectorsEnabled=true}]
Session ID: fc4761462a79462940914ac43f4ea682]]>
            </message>
            <full-stacktrace>
              <![CDATA[org.openqa.selenium.ElementNotVisibleException: element not visible
  (Session info: chrome=50.0.2661.102)
  (Driver info: chromedriver=2.20.353145 (343b531d31eeb933ec778dbcf7081628a1396067),platform=Windows NT 6.1 SP1 x86_64) (WARNING: The server did not provide any stacktrace information)
Command duration or timeout: 21 milliseconds
Build info: version: '2.48.2', revision: '41bccdd', time: '2015-10-09 19:59:12'
System info: host: 'E5530-2340', ip: '10.0.0.103', os.name: 'Windows 7', os.arch: 'amd64', os.version: '6.1', java.version: '1.8.0_66'
Driver info: org.openqa.selenium.chrome.ChromeDriver
Capabilities [{applicationCacheEnabled=false, rotatable=false, mobileEmulationEnabled=false, chrome={userDataDir=C:\Users\jslee\AppData\Local\Temp\scoped_dir1540_5795}, takesHeapSnapshot=true, databaseEnabled=false, handlesAlerts=true, hasTouchScreen=false, version=50.0.2661.102, platform=XP, browserConnectionEnabled=false, nativeEvents=true, acceptSslCerts=true, locationContextEnabled=true, webStorageEnabled=true, browserName=chrome, takesScreenshot=true, javascriptEnabled=true, cssSelectorsEnabled=true}]
Session ID: fc4761462a79462940914ac43f4ea682
	at sun.reflect.NativeConstructorAccessorImpl.newInstance0(Native Method)
	at sun.reflect.NativeConstructorAccessorImpl.newInstance(NativeConstructorAccessorImpl.java:62)
	at sun.reflect.DelegatingConstructorAccessorImpl.newInstance(DelegatingConstructorAccessorImpl.java:45)
	at java.lang.reflect.Constructor.newInstance(Constructor.java:422)
	at org.openqa.selenium.remote.ErrorHandler.createThrowable(ErrorHandler.java:206)
	at org.openqa.selenium.remote.ErrorHandler.throwIfResponseFailed(ErrorHandler.java:158)
	at org.openqa.selenium.remote.RemoteWebDriver.execute(RemoteWebDriver.java:647)
	at org.openqa.selenium.remote.RemoteWebElement.execute(RemoteWebElement.java:326)
	at org.openqa.selenium.remote.RemoteWebElement.click(RemoteWebElement.java:84)
	at com.test1.pages.PageBase.ClickResearchCasesLink(PageBase.java:35)
	at com.test1.tests.RTest.testSuccessfulNotesAdd(RTest.java:220)
	at sun.reflect.NativeMethodAccessorImpl.invoke0(Native Method)
	at sun.reflect.NativeMethodAccessorImpl.invoke(NativeMethodAccessorImpl.java:62)
	at sun.reflect.DelegatingMethodAccessorImpl.invoke(DelegatingMethodAccessorImpl.java:43)
	at java.lang.reflect.Method.invoke(Method.java:497)
	at org.testng.internal.MethodInvocationHelper.invokeMethod(MethodInvocationHelper.java:85)
	at org.testng.internal.Invoker.invokeMethod(Invoker.java:639)
	at org.testng.internal.Invoker.invokeTestMethod(Invoker.java:821)
	at org.testng.internal.Invoker.invokeTestMethods(Invoker.java:1131)
	at org.testng.internal.TestMethodWorker.invokeTestMethods(TestMethodWorker.java:124)
	at org.testng.internal.TestMethodWorker.run(TestMethodWorker.java:108)
	at org.testng.TestRunner.privateRun(TestRunner.java:773)
	at org.testng.TestRunner.run(TestRunner.java:623)
	at org.testng.SuiteRunner.runTest(SuiteRunner.java:357)
	at org.testng.SuiteRunner.runSequentially(SuiteRunner.java:352)
	at org.testng.SuiteRunner.privateRun(SuiteRunner.java:310)
	at org.testng.SuiteRunner.run(SuiteRunner.java:259)
	at org.testng.SuiteRunnerWorker.runSuite(SuiteRunnerWorker.java:52)
	at org.testng.SuiteRunnerWorker.run(SuiteRunnerWorker.java:86)
	at org.testng.TestNG.runSuitesSequentially(TestNG.java:1185)
	at org.testng.TestNG.runSuitesLocally(TestNG.java:1110)
	at org.testng.TestNG.run(TestNG.java:1018)
	at org.testng.TestNG.privateMain(TestNG.java:1325)
	at org.testng.TestNG.main(TestNG.java:1294)
]]>
            </full-stacktrace>
          </exception> <!-- org.openqa.selenium.ElementNotVisibleException -->
          <reporter-output>
          </reporter-output>
        </test-method> <!-- testSuccessfulNotesAdd -->
        <test-method status="PASS" signature="afterMethod()[pri:0, instance:com.test1.tests.RTest@490d6c15]" name="afterMethod" is-config="true" duration-ms="1335" started-at="2016-05-20T12:55:36Z" finished-at="2016-05-20T12:55:37Z">
          <reporter-output>
          </reporter-output>
        </test-method> <!-- afterMethod -->
        <test-method status="PASS" signature="beforeMethod()[pri:0, instance:com.test1.tests.RTest@490d6c15]" name="beforeMethod" is-config="true" duration-ms="6391" started-at="2016-05-20T12:55:37Z" finished-at="2016-05-20T12:55:44Z">
          <reporter-output>
          </reporter-output>
        </test-method> <!-- beforeMethod -->
        <test-method status="PASS" signature="testSuccessfulNotesAdd(java.lang.String, java.lang.String)[pri:0, instance:com.test1.tests.RTest@490d6c15]" name="testSuccessfulNotesAdd" duration-ms="61239" started-at="2016-05-20T12:55:44Z" data-provider="dataProvider" finished-at="2016-05-20T12:56:45Z">
          <params>
            <param index="0">
              <value>
                <![CDATA[FD3S12]]>
              </value>
            </param>
            <param index="1">
              <value>
                <![CDATA[Keisuke's FD3S BBBBB]]>
              </value>
            </param>
          </params>
          <reporter-output>
          </reporter-output>
        </test-method> <!-- testSuccessfulNotesAdd -->
        <test-method status="PASS" signature="afterMethod()[pri:0, instance:com.test1.tests.RTest@490d6c15]" name="afterMethod" is-config="true" duration-ms="1437" started-at="2016-05-20T12:56:45Z" finished-at="2016-05-20T12:56:47Z">
          <reporter-output>
          </reporter-output>
        </test-method> <!-- afterMethod -->
        <test-method status="PASS" signature="beforeMethod()[pri:0, instance:com.test1.tests.RTest@490d6c15]" name="beforeMethod" is-config="true" duration-ms="5590" started-at="2016-05-20T12:56:47Z" finished-at="2016-05-20T12:56:52Z">
          <reporter-output>
          </reporter-output>
        </test-method> <!-- beforeMethod -->
        <test-method status="PASS" signature="testSuccessfulNotesAdd(java.lang.String, java.lang.String)[pri:0, instance:com.test1.tests.RTest@490d6c15]" name="testSuccessfulNotesAdd" duration-ms="58623" started-at="2016-05-20T12:56:52Z" data-provider="dataProvider" finished-at="2016-05-20T12:57:51Z">
          <params>
            <param index="0">
              <value>
                <![CDATA[S15RB25DET12]]>
              </value>
            </param>
            <param index="1">
              <value>
                <![CDATA[S15 Silvia with GT2871R64 Power FC]]>
              </value>
            </param>
          </params>
          <reporter-output>
          </reporter-output>
        </test-method> <!-- testSuccessfulNotesAdd -->
        <test-method status="PASS" signature="afterMethod()[pri:0, instance:com.test1.tests.RTest@490d6c15]" name="afterMethod" is-config="true" duration-ms="1413" started-at="2016-05-20T12:57:51Z" finished-at="2016-05-20T12:57:52Z">
          <reporter-output>
          </reporter-output>
        </test-method> <!-- afterMethod -->
        <test-method status="PASS" signature="beforeMethod()[pri:0, instance:com.test1.tests.RTest@490d6c15]" name="beforeMethod" is-config="true" duration-ms="7182" started-at="2016-05-20T12:57:52Z" finished-at="2016-05-20T12:57:59Z">
          <reporter-output>
          </reporter-output>
        </test-method> <!-- beforeMethod -->
        <test-method status="PASS" signature="testSuccessfulNotesAdd(java.lang.String, java.lang.String)[pri:0, instance:com.test1.tests.RTest@490d6c15]" name="testSuccessfulNotesAdd" duration-ms="60474" started-at="2016-05-20T12:57:59Z" data-provider="dataProvider" finished-at="2016-05-20T12:59:00Z">
          <params>
            <param index="0">
              <value>
                <![CDATA[EG6R12]]>
              </value>
            </param>
            <param index="1">
              <value>
                <![CDATA[Shingo's b16A cam upgrade]]>
              </value>
            </param>
          </params>
          <reporter-output>
          </reporter-output>
        </test-method> <!-- testSuccessfulNotesAdd -->
        <test-method status="PASS" signature="afterMethod()[pri:0, instance:com.test1.tests.RTest@490d6c15]" name="afterMethod" is-config="true" duration-ms="1441" started-at="2016-05-20T12:59:00Z" finished-at="2016-05-20T12:59:01Z">
          <reporter-output>
          </reporter-output>
        </test-method> <!-- afterMethod -->
      </class> <!-- com.test1.tests.RTest -->
    </test> <!-- Ant test -->
  </suite> <!-- Ant suite -->
</testng-results>
