<?xml version="1.0" encoding="UTF-8"?>
<testng-results skipped="0" failed="4" total="71" passed="67">
  <reporter-output>
  </reporter-output>
  <suite name="Ant suite" duration-ms="4773291" started-at="2016-05-23T14:03:46Z" finished-at="2016-05-23T15:23:19Z">
    <groups>
    </groups>
    <test name="Ant test" duration-ms="4773291" started-at="2016-05-23T14:03:46Z" finished-at="2016-05-23T15:23:19Z">
      <class name="com.test1.tests.RTest">
        <test-method status="PASS" signature="beforSuite()[pri:0, instance:com.test1.tests.RTest@7d4793a8]" name="beforSuite" is-config="true" duration-ms="40" started-at="2016-05-23T10:03:46Z" finished-at="2016-05-23T10:03:46Z">
          <reporter-output>
          </reporter-output>
        </test-method> <!-- beforSuite -->
        <test-method status="PASS" signature="beforeMethod()[pri:0, instance:com.test1.tests.RTest@7d4793a8]" name="beforeMethod" is-config="true" duration-ms="7201" started-at="2016-05-23T10:03:47Z" finished-at="2016-05-23T10:03:54Z">
          <reporter-output>
          </reporter-output>
        </test-method> <!-- beforeMethod -->
        <test-method status="PASS" signature="testSuccessfulAddNewCase(java.lang.String, java.lang.String, java.lang.String)[pri:0, instance:com.test1.tests.RTest@7d4793a8]" name="testSuccessfulAddNewCase" duration-ms="29856" started-at="2016-05-23T10:03:54Z" data-provider="dataProvider" finished-at="2016-05-23T10:04:24Z">
          <params>
            <param index="0">
              <value>
                <![CDATA[FC3STD06G20]]>
              </value>
            </param>
            <param index="1">
              <value>
                <![CDATA[Ryosuke]]>
              </value>
            </param>
            <param index="2">
              <value>
                <![CDATA[Takahashi]]>
              </value>
            </param>
          </params>
          <reporter-output>
          </reporter-output>
        </test-method> <!-- testSuccessfulAddNewCase -->
        <test-method status="PASS" signature="afterMethod()[pri:0, instance:com.test1.tests.RTest@7d4793a8]" name="afterMethod" is-config="true" duration-ms="1602" started-at="2016-05-23T10:04:24Z" finished-at="2016-05-23T10:04:25Z">
          <reporter-output>
          </reporter-output>
        </test-method> <!-- afterMethod -->
        <test-method status="PASS" signature="beforeMethod()[pri:0, instance:com.test1.tests.RTest@7d4793a8]" name="beforeMethod" is-config="true" duration-ms="6962" started-at="2016-05-23T10:04:25Z" finished-at="2016-05-23T10:04:32Z">
          <reporter-output>
          </reporter-output>
        </test-method> <!-- beforeMethod -->
        <test-method status="PASS" signature="testSuccessfulAddNewCase(java.lang.String, java.lang.String, java.lang.String)[pri:0, instance:com.test1.tests.RTest@7d4793a8]" name="testSuccessfulAddNewCase" duration-ms="30222" started-at="2016-05-23T10:04:32Z" data-provider="dataProvider" finished-at="2016-05-23T10:05:03Z">
          <params>
            <param index="0">
              <value>
                <![CDATA[AE864AGTE]]>
              </value>
            </param>
            <param index="1">
              <value>
                <![CDATA[Paul]]>
              </value>
            </param>
            <param index="2">
              <value>
                <![CDATA[Phoenix]]>
              </value>
            </param>
          </params>
          <reporter-output>
          </reporter-output>
        </test-method> <!-- testSuccessfulAddNewCase -->
        <test-method status="PASS" signature="afterMethod()[pri:0, instance:com.test1.tests.RTest@7d4793a8]" name="afterMethod" is-config="true" duration-ms="1350" started-at="2016-05-23T10:05:03Z" finished-at="2016-05-23T10:05:04Z">
          <reporter-output>
          </reporter-output>
        </test-method> <!-- afterMethod -->
        <test-method status="PASS" signature="beforeMethod()[pri:0, instance:com.test1.tests.RTest@7d4793a8]" name="beforeMethod" is-config="true" duration-ms="5715" started-at="2016-05-23T10:05:04Z" finished-at="2016-05-23T10:05:10Z">
          <reporter-output>
          </reporter-output>
        </test-method> <!-- beforeMethod -->
        <test-method status="PASS" signature="testSuccessfulAddNewCase(java.lang.String, java.lang.String, java.lang.String)[pri:0, instance:com.test1.tests.RTest@7d4793a8]" name="testSuccessfulAddNewCase" duration-ms="30182" started-at="2016-05-23T10:05:10Z" data-provider="dataProvider" finished-at="2016-05-23T10:05:40Z">
          <params>
            <param index="0">
              <value>
                <![CDATA[EA21RRR]]>
              </value>
            </param>
            <param index="1">
              <value>
                <![CDATA[Sid]]>
              </value>
            </param>
            <param index="2">
              <value>
                <![CDATA[Sakamoto]]>
              </value>
            </param>
          </params>
          <reporter-output>
          </reporter-output>
        </test-method> <!-- testSuccessfulAddNewCase -->
        <test-method status="PASS" signature="afterMethod()[pri:0, instance:com.test1.tests.RTest@7d4793a8]" name="afterMethod" is-config="true" duration-ms="1500" started-at="2016-05-23T10:05:40Z" finished-at="2016-05-23T10:05:41Z">
          <reporter-output>
          </reporter-output>
        </test-method> <!-- afterMethod -->
        <test-method status="PASS" signature="beforeMethod()[pri:0, instance:com.test1.tests.RTest@7d4793a8]" name="beforeMethod" is-config="true" duration-ms="6561" started-at="2016-05-23T10:05:41Z" finished-at="2016-05-23T10:05:48Z">
          <reporter-output>
          </reporter-output>
        </test-method> <!-- beforeMethod -->
        <test-method status="PASS" signature="testSuccessfulAddNewCase(java.lang.String, java.lang.String, java.lang.String)[pri:0, instance:com.test1.tests.RTest@7d4793a8]" name="testSuccessfulAddNewCase" duration-ms="30100" started-at="2016-05-23T10:05:48Z" data-provider="dataProvider" finished-at="2016-05-23T10:06:18Z">
          <params>
            <param index="0">
              <value>
                <![CDATA[EF9B16A]]>
              </value>
            </param>
            <param index="1">
              <value>
                <![CDATA[Buck]]>
              </value>
            </param>
            <param index="2">
              <value>
                <![CDATA[Rogers]]>
              </value>
            </param>
          </params>
          <reporter-output>
          </reporter-output>
        </test-method> <!-- testSuccessfulAddNewCase -->
        <test-method status="PASS" signature="afterMethod()[pri:0, instance:com.test1.tests.RTest@7d4793a8]" name="afterMethod" is-config="true" duration-ms="1373" started-at="2016-05-23T10:06:18Z" finished-at="2016-05-23T10:06:19Z">
          <reporter-output>
          </reporter-output>
        </test-method> <!-- afterMethod -->
        <test-method status="PASS" signature="beforeMethod()[pri:0, instance:com.test1.tests.RTest@7d4793a8]" name="beforeMethod" is-config="true" duration-ms="6096" started-at="2016-05-23T10:06:19Z" finished-at="2016-05-23T10:06:25Z">
          <reporter-output>
          </reporter-output>
        </test-method> <!-- beforeMethod -->
        <test-method status="PASS" signature="testSuccessfulAddNewCase(java.lang.String, java.lang.String, java.lang.String)[pri:0, instance:com.test1.tests.RTest@7d4793a8]" name="testSuccessfulAddNewCase" duration-ms="30893" started-at="2016-05-23T10:06:25Z" data-provider="dataProvider" finished-at="2016-05-23T10:06:56Z">
          <params>
            <param index="0">
              <value>
                <![CDATA[S14RB26]]>
              </value>
            </param>
            <param index="1">
              <value>
                <![CDATA[Duke]]>
              </value>
            </param>
            <param index="2">
              <value>
                <![CDATA[Togo]]>
              </value>
            </param>
          </params>
          <reporter-output>
          </reporter-output>
        </test-method> <!-- testSuccessfulAddNewCase -->
        <test-method status="PASS" signature="afterMethod()[pri:0, instance:com.test1.tests.RTest@7d4793a8]" name="afterMethod" is-config="true" duration-ms="1352" started-at="2016-05-23T10:06:56Z" finished-at="2016-05-23T10:06:58Z">
          <reporter-output>
          </reporter-output>
        </test-method> <!-- afterMethod -->
        <test-method status="PASS" signature="beforeMethod()[pri:0, instance:com.test1.tests.RTest@7d4793a8]" name="beforeMethod" is-config="true" duration-ms="5994" started-at="2016-05-23T10:06:58Z" finished-at="2016-05-23T10:07:04Z">
          <reporter-output>
          </reporter-output>
        </test-method> <!-- beforeMethod -->
        <test-method status="PASS" signature="testSuccessfulAddNewCase(java.lang.String, java.lang.String, java.lang.String)[pri:0, instance:com.test1.tests.RTest@7d4793a8]" name="testSuccessfulAddNewCase" duration-ms="29906" started-at="2016-05-23T10:07:04Z" data-provider="dataProvider" finished-at="2016-05-23T10:07:34Z">
          <params>
            <param index="0">
              <value>
                <![CDATA[EG6B18C]]>
              </value>
            </param>
            <param index="1">
              <value>
                <![CDATA[Hei]]>
              </value>
            </param>
            <param index="2">
              <value>
                <![CDATA[Mishima]]>
              </value>
            </param>
          </params>
          <reporter-output>
          </reporter-output>
        </test-method> <!-- testSuccessfulAddNewCase -->
        <test-method status="PASS" signature="afterMethod()[pri:0, instance:com.test1.tests.RTest@7d4793a8]" name="afterMethod" is-config="true" duration-ms="1353" started-at="2016-05-23T10:07:34Z" finished-at="2016-05-23T10:07:35Z">
          <reporter-output>
          </reporter-output>
        </test-method> <!-- afterMethod -->
        <test-method status="PASS" signature="beforeMethod()[pri:0, instance:com.test1.tests.RTest@7d4793a8]" name="beforeMethod" is-config="true" duration-ms="5785" started-at="2016-05-23T10:07:35Z" finished-at="2016-05-23T10:07:41Z">
          <reporter-output>
          </reporter-output>
        </test-method> <!-- beforeMethod -->
        <test-method status="PASS" signature="testSuccessfulAddNewCase(java.lang.String, java.lang.String, java.lang.String)[pri:0, instance:com.test1.tests.RTest@7d4793a8]" name="testSuccessfulAddNewCase" duration-ms="30057" started-at="2016-05-23T10:07:41Z" data-provider="dataProvider" finished-at="2016-05-23T10:08:11Z">
          <params>
            <param index="0">
              <value>
                <![CDATA[S15RB26]]>
              </value>
            </param>
            <param index="1">
              <value>
                <![CDATA[AR]]>
              </value>
            </param>
            <param index="2">
              <value>
                <![CDATA[King]]>
              </value>
            </param>
          </params>
          <reporter-output>
          </reporter-output>
        </test-method> <!-- testSuccessfulAddNewCase -->
        <test-method status="PASS" signature="afterMethod()[pri:0, instance:com.test1.tests.RTest@7d4793a8]" name="afterMethod" is-config="true" duration-ms="1421" started-at="2016-05-23T10:08:11Z" finished-at="2016-05-23T10:08:12Z">
          <reporter-output>
          </reporter-output>
        </test-method> <!-- afterMethod -->
        <test-method status="PASS" signature="beforeMethod()[pri:0, instance:com.test1.tests.RTest@7d4793a8]" name="beforeMethod" is-config="true" duration-ms="6692" started-at="2016-05-23T10:08:12Z" finished-at="2016-05-23T10:08:19Z">
          <reporter-output>
          </reporter-output>
        </test-method> <!-- beforeMethod -->
        <test-method status="FAIL" signature="testSuccessfulAddNewCase(java.lang.String, java.lang.String, java.lang.String)[pri:0, instance:com.test1.tests.RTest@7d4793a8]" name="testSuccessfulAddNewCase" duration-ms="71060" started-at="2016-05-23T10:08:19Z" data-provider="dataProvider" finished-at="2016-05-23T10:09:30Z">
          <params>
            <param index="0">
              <value>
                <![CDATA[TE111 ]]>
              </value>
            </param>
            <param index="1">
              <value>
                <![CDATA[Nina]]>
              </value>
            </param>
            <param index="2">
              <value>
                <![CDATA[Williams]]>
              </value>
            </param>
          </params>
          <exception class="org.openqa.selenium.NoSuchElementException">
            <message>
              <![CDATA[no such element: Unable to locate element: {"method":"xpath","selector":"tbody/tr[contains(.,'TE111 ')]"}
  (Session info: chrome=50.0.2661.102)
  (Driver info: chromedriver=2.20.353145 (343b531d31eeb933ec778dbcf7081628a1396067),platform=Windows NT 6.1 SP1 x86_64) (WARNING: The server did not provide any stacktrace information)
Command duration or timeout: 45.00 seconds
For documentation on this error, please visit: http://seleniumhq.org/exceptions/no_such_element.html
Build info: version: '2.48.2', revision: '41bccdd', time: '2015-10-09 19:59:12'
System info: host: 'E5530-2340', ip: '10.0.0.73', os.name: 'Windows 7', os.arch: 'amd64', os.version: '6.1', java.version: '1.8.0_66'
Driver info: org.openqa.selenium.chrome.ChromeDriver
Capabilities [{applicationCacheEnabled=false, rotatable=false, mobileEmulationEnabled=false, chrome={userDataDir=C:\Users\jslee\AppData\Local\Temp\scoped_dir8932_29694}, takesHeapSnapshot=true, databaseEnabled=false, handlesAlerts=true, hasTouchScreen=false, version=50.0.2661.102, platform=XP, browserConnectionEnabled=false, nativeEvents=true, acceptSslCerts=true, locationContextEnabled=true, webStorageEnabled=true, browserName=chrome, takesScreenshot=true, javascriptEnabled=true, cssSelectorsEnabled=true}]
Session ID: 588d3955eb39ceb20c1e1b75f3050f14
*** Element info: {Using=xpath, value=tbody/tr[contains(.,'TE111 ')]}]]>
            </message>
            <full-stacktrace>
              <![CDATA[org.openqa.selenium.NoSuchElementException: no such element: Unable to locate element: {"method":"xpath","selector":"tbody/tr[contains(.,'TE111 ')]"}
  (Session info: chrome=50.0.2661.102)
  (Driver info: chromedriver=2.20.353145 (343b531d31eeb933ec778dbcf7081628a1396067),platform=Windows NT 6.1 SP1 x86_64) (WARNING: The server did not provide any stacktrace information)
Command duration or timeout: 45.00 seconds
For documentation on this error, please visit: http://seleniumhq.org/exceptions/no_such_element.html
Build info: version: '2.48.2', revision: '41bccdd', time: '2015-10-09 19:59:12'
System info: host: 'E5530-2340', ip: '10.0.0.73', os.name: 'Windows 7', os.arch: 'amd64', os.version: '6.1', java.version: '1.8.0_66'
Driver info: org.openqa.selenium.chrome.ChromeDriver
Capabilities [{applicationCacheEnabled=false, rotatable=false, mobileEmulationEnabled=false, chrome={userDataDir=C:\Users\jslee\AppData\Local\Temp\scoped_dir8932_29694}, takesHeapSnapshot=true, databaseEnabled=false, handlesAlerts=true, hasTouchScreen=false, version=50.0.2661.102, platform=XP, browserConnectionEnabled=false, nativeEvents=true, acceptSslCerts=true, locationContextEnabled=true, webStorageEnabled=true, browserName=chrome, takesScreenshot=true, javascriptEnabled=true, cssSelectorsEnabled=true}]
Session ID: 588d3955eb39ceb20c1e1b75f3050f14
*** Element info: {Using=xpath, value=tbody/tr[contains(.,'TE111 ')]}
	at sun.reflect.NativeConstructorAccessorImpl.newInstance0(Native Method)
	at sun.reflect.NativeConstructorAccessorImpl.newInstance(NativeConstructorAccessorImpl.java:62)
	at sun.reflect.DelegatingConstructorAccessorImpl.newInstance(DelegatingConstructorAccessorImpl.java:45)
	at java.lang.reflect.Constructor.newInstance(Constructor.java:422)
	at org.openqa.selenium.remote.ErrorHandler.createThrowable(ErrorHandler.java:206)
	at org.openqa.selenium.remote.ErrorHandler.throwIfResponseFailed(ErrorHandler.java:158)
	at org.openqa.selenium.remote.RemoteWebDriver.execute(RemoteWebDriver.java:647)
	at org.openqa.selenium.remote.RemoteWebElement.execute(RemoteWebElement.java:326)
	at org.openqa.selenium.remote.RemoteWebElement.findElement(RemoteWebElement.java:197)
	at org.openqa.selenium.remote.RemoteWebElement.findElementByXPath(RemoteWebElement.java:294)
	at org.openqa.selenium.By$ByXPath.findElement(By.java:361)
	at org.openqa.selenium.remote.RemoteWebElement.findElement(RemoteWebElement.java:193)
	at com.test1.pages.WebTable.getRowElement(WebTable.java:116)
	at com.test1.pages.DefaultLandingPage.isAddNewCaseSuccessful(DefaultLandingPage.java:169)
	at com.test1.tests.RTest.testSuccessfulAddNewCase(RTest.java:66)
	at sun.reflect.NativeMethodAccessorImpl.invoke0(Native Method)
	at sun.reflect.NativeMethodAccessorImpl.invoke(NativeMethodAccessorImpl.java:62)
	at sun.reflect.DelegatingMethodAccessorImpl.invoke(DelegatingMethodAccessorImpl.java:43)
	at java.lang.reflect.Method.invoke(Method.java:497)
	at org.testng.internal.MethodInvocationHelper.invokeMethod(MethodInvocationHelper.java:85)
	at org.testng.internal.Invoker.invokeMethod(Invoker.java:639)
	at org.testng.internal.Invoker.invokeTestMethod(Invoker.java:821)
	at org.testng.internal.Invoker.invokeTestMethods(Invoker.java:1131)
	at org.testng.internal.TestMethodWorker.invokeTestMethods(TestMethodWorker.java:124)
	at org.testng.internal.TestMethodWorker.run(TestMethodWorker.java:108)
	at org.testng.TestRunner.privateRun(TestRunner.java:773)
	at org.testng.TestRunner.run(TestRunner.java:623)
	at org.testng.SuiteRunner.runTest(SuiteRunner.java:357)
	at org.testng.SuiteRunner.runSequentially(SuiteRunner.java:352)
	at org.testng.SuiteRunner.privateRun(SuiteRunner.java:310)
	at org.testng.SuiteRunner.run(SuiteRunner.java:259)
	at org.testng.SuiteRunnerWorker.runSuite(SuiteRunnerWorker.java:52)
	at org.testng.SuiteRunnerWorker.run(SuiteRunnerWorker.java:86)
	at org.testng.TestNG.runSuitesSequentially(TestNG.java:1185)
	at org.testng.TestNG.runSuitesLocally(TestNG.java:1110)
	at org.testng.TestNG.run(TestNG.java:1018)
	at org.testng.TestNG.privateMain(TestNG.java:1325)
	at org.testng.TestNG.main(TestNG.java:1294)
]]>
            </full-stacktrace>
          </exception> <!-- org.openqa.selenium.NoSuchElementException -->
          <reporter-output>
          </reporter-output>
        </test-method> <!-- testSuccessfulAddNewCase -->
        <test-method status="PASS" signature="afterMethod()[pri:0, instance:com.test1.tests.RTest@7d4793a8]" name="afterMethod" is-config="true" duration-ms="1418" started-at="2016-05-23T10:09:30Z" finished-at="2016-05-23T10:09:31Z">
          <reporter-output>
          </reporter-output>
        </test-method> <!-- afterMethod -->
        <test-method status="PASS" signature="beforeMethod()[pri:0, instance:com.test1.tests.RTest@7d4793a8]" name="beforeMethod" is-config="true" duration-ms="6353" started-at="2016-05-23T10:09:31Z" finished-at="2016-05-23T10:09:38Z">
          <reporter-output>
          </reporter-output>
        </test-method> <!-- beforeMethod -->
        <test-method status="PASS" signature="testSuccessfulAddNewCase(java.lang.String, java.lang.String, java.lang.String)[pri:0, instance:com.test1.tests.RTest@7d4793a8]" name="testSuccessfulAddNewCase" duration-ms="30038" started-at="2016-05-23T10:09:38Z" data-provider="dataProvider" finished-at="2016-05-23T10:10:08Z">
          <params>
            <param index="0">
              <value>
                <![CDATA[TE222]]>
              </value>
            </param>
            <param index="1">
              <value>
                <![CDATA[Anna]]>
              </value>
            </param>
            <param index="2">
              <value>
                <![CDATA[Williams]]>
              </value>
            </param>
          </params>
          <reporter-output>
          </reporter-output>
        </test-method> <!-- testSuccessfulAddNewCase -->
        <test-method status="PASS" signature="afterMethod()[pri:0, instance:com.test1.tests.RTest@7d4793a8]" name="afterMethod" is-config="true" duration-ms="1350" started-at="2016-05-23T10:10:08Z" finished-at="2016-05-23T10:10:09Z">
          <reporter-output>
          </reporter-output>
        </test-method> <!-- afterMethod -->
        <test-method status="PASS" signature="beforeMethod()[pri:0, instance:com.test1.tests.RTest@7d4793a8]" name="beforeMethod" is-config="true" duration-ms="6117" started-at="2016-05-23T10:10:09Z" finished-at="2016-05-23T10:10:15Z">
          <reporter-output>
          </reporter-output>
        </test-method> <!-- beforeMethod -->
        <test-method status="PASS" signature="testSuccessfulAddNewCase(java.lang.String, java.lang.String, java.lang.String)[pri:0, instance:com.test1.tests.RTest@7d4793a8]" name="testSuccessfulAddNewCase" duration-ms="30694" started-at="2016-05-23T10:10:15Z" data-provider="dataProvider" finished-at="2016-05-23T10:10:46Z">
          <params>
            <param index="0">
              <value>
                <![CDATA[TE333]]>
              </value>
            </param>
            <param index="1">
              <value>
                <![CDATA[Kazuya]]>
              </value>
            </param>
            <param index="2">
              <value>
                <![CDATA[Mishima]]>
              </value>
            </param>
          </params>
          <reporter-output>
          </reporter-output>
        </test-method> <!-- testSuccessfulAddNewCase -->
        <test-method status="PASS" signature="afterMethod()[pri:0, instance:com.test1.tests.RTest@7d4793a8]" name="afterMethod" is-config="true" duration-ms="1385" started-at="2016-05-23T10:10:46Z" finished-at="2016-05-23T10:10:47Z">
          <reporter-output>
          </reporter-output>
        </test-method> <!-- afterMethod -->
        <test-method status="PASS" signature="beforeMethod()[pri:0, instance:com.test1.tests.RTest@7d4793a8]" name="beforeMethod" is-config="true" duration-ms="8681" started-at="2016-05-23T10:10:47Z" finished-at="2016-05-23T10:10:56Z">
          <reporter-output>
          </reporter-output>
        </test-method> <!-- beforeMethod -->
        <test-method status="PASS" signature="testSuccessfulAddNewCase(java.lang.String, java.lang.String, java.lang.String)[pri:0, instance:com.test1.tests.RTest@7d4793a8]" name="testSuccessfulAddNewCase" duration-ms="30861" started-at="2016-05-23T10:10:56Z" data-provider="dataProvider" finished-at="2016-05-23T10:11:27Z">
          <params>
            <param index="0">
              <value>
                <![CDATA[TE444]]>
              </value>
            </param>
            <param index="1">
              <value>
                <![CDATA[Jun]]>
              </value>
            </param>
            <param index="2">
              <value>
                <![CDATA[Kazama]]>
              </value>
            </param>
          </params>
          <reporter-output>
          </reporter-output>
        </test-method> <!-- testSuccessfulAddNewCase -->
        <test-method status="PASS" signature="afterMethod()[pri:0, instance:com.test1.tests.RTest@7d4793a8]" name="afterMethod" is-config="true" duration-ms="1383" started-at="2016-05-23T10:11:27Z" finished-at="2016-05-23T10:11:28Z">
          <reporter-output>
          </reporter-output>
        </test-method> <!-- afterMethod -->
        <test-method status="PASS" signature="beforeMethod()[pri:0, instance:com.test1.tests.RTest@7d4793a8]" name="beforeMethod" is-config="true" duration-ms="6016" started-at="2016-05-23T10:11:28Z" finished-at="2016-05-23T10:11:34Z">
          <reporter-output>
          </reporter-output>
        </test-method> <!-- beforeMethod -->
        <test-method status="PASS" signature="testSuccessfulAddNewPriorDealCase(java.lang.String, java.lang.String, java.lang.String)[pri:0, instance:com.test1.tests.RTest@7d4793a8]" name="testSuccessfulAddNewPriorDealCase" duration-ms="33221" started-at="2016-05-23T10:11:34Z" data-provider="dataProvider" finished-at="2016-05-23T10:12:08Z">
          <params>
            <param index="0">
              <value>
                <![CDATA[AP1TypeRR]]>
              </value>
            </param>
            <param index="1">
              <value>
                <![CDATA[Toshiya]]>
              </value>
            </param>
            <param index="2">
              <value>
                <![CDATA[Joshima]]>
              </value>
            </param>
          </params>
          <reporter-output>
          </reporter-output>
        </test-method> <!-- testSuccessfulAddNewPriorDealCase -->
        <test-method status="PASS" signature="afterMethod()[pri:0, instance:com.test1.tests.RTest@7d4793a8]" name="afterMethod" is-config="true" duration-ms="1410" started-at="2016-05-23T10:12:08Z" finished-at="2016-05-23T10:12:09Z">
          <reporter-output>
          </reporter-output>
        </test-method> <!-- afterMethod -->
        <test-method status="PASS" signature="beforeMethod()[pri:0, instance:com.test1.tests.RTest@7d4793a8]" name="beforeMethod" is-config="true" duration-ms="5596" started-at="2016-05-23T10:12:09Z" finished-at="2016-05-23T10:12:15Z">
          <reporter-output>
          </reporter-output>
        </test-method> <!-- beforeMethod -->
        <test-method status="PASS" signature="testSuccessfulAddNewPriorDealCase(java.lang.String, java.lang.String, java.lang.String)[pri:0, instance:com.test1.tests.RTest@7d4793a8]" name="testSuccessfulAddNewPriorDealCase" duration-ms="32392" started-at="2016-05-23T10:12:15Z" data-provider="dataProvider" finished-at="2016-05-23T10:12:47Z">
          <params>
            <param index="0">
              <value>
                <![CDATA[FD3STD06G20]]>
              </value>
            </param>
            <param index="1">
              <value>
                <![CDATA[Keisuke]]>
              </value>
            </param>
            <param index="2">
              <value>
                <![CDATA[Takahashi]]>
              </value>
            </param>
          </params>
          <reporter-output>
          </reporter-output>
        </test-method> <!-- testSuccessfulAddNewPriorDealCase -->
        <test-method status="PASS" signature="afterMethod()[pri:0, instance:com.test1.tests.RTest@7d4793a8]" name="afterMethod" is-config="true" duration-ms="1362" started-at="2016-05-23T10:12:47Z" finished-at="2016-05-23T10:12:48Z">
          <reporter-output>
          </reporter-output>
        </test-method> <!-- afterMethod -->
        <test-method status="PASS" signature="beforeMethod()[pri:0, instance:com.test1.tests.RTest@7d4793a8]" name="beforeMethod" is-config="true" duration-ms="5428" started-at="2016-05-23T10:12:48Z" finished-at="2016-05-23T10:12:54Z">
          <reporter-output>
          </reporter-output>
        </test-method> <!-- beforeMethod -->
        <test-method status="PASS" signature="testSuccessfulAddNewPriorDealCase(java.lang.String, java.lang.String, java.lang.String)[pri:0, instance:com.test1.tests.RTest@7d4793a8]" name="testSuccessfulAddNewPriorDealCase" duration-ms="32122" started-at="2016-05-23T10:12:54Z" data-provider="dataProvider" finished-at="2016-05-23T10:13:26Z">
          <params>
            <param index="0">
              <value>
                <![CDATA[S13RB26]]>
              </value>
            </param>
            <param index="1">
              <value>
                <![CDATA[Tak]]>
              </value>
            </param>
            <param index="2">
              <value>
                <![CDATA[Gomi]]>
              </value>
            </param>
          </params>
          <reporter-output>
          </reporter-output>
        </test-method> <!-- testSuccessfulAddNewPriorDealCase -->
        <test-method status="PASS" signature="afterMethod()[pri:0, instance:com.test1.tests.RTest@7d4793a8]" name="afterMethod" is-config="true" duration-ms="1351" started-at="2016-05-23T10:13:26Z" finished-at="2016-05-23T10:13:27Z">
          <reporter-output>
          </reporter-output>
        </test-method> <!-- afterMethod -->
        <test-method status="PASS" signature="beforeMethod()[pri:0, instance:com.test1.tests.RTest@7d4793a8]" name="beforeMethod" is-config="true" duration-ms="5982" started-at="2016-05-23T10:13:27Z" finished-at="2016-05-23T10:13:33Z">
          <reporter-output>
          </reporter-output>
        </test-method> <!-- beforeMethod -->
        <test-method status="PASS" signature="testSuccessfulAddNewPriorDealCase(java.lang.String, java.lang.String, java.lang.String)[pri:0, instance:com.test1.tests.RTest@7d4793a8]" name="testSuccessfulAddNewPriorDealCase" duration-ms="34807" started-at="2016-05-23T10:13:33Z" data-provider="dataProvider" finished-at="2016-05-23T10:14:08Z">
          <params>
            <param index="0">
              <value>
                <![CDATA[180SXTYPEX]]>
              </value>
            </param>
            <param index="1">
              <value>
                <![CDATA[Drifter]]>
              </value>
            </param>
            <param index="2">
              <value>
                <![CDATA[X]]>
              </value>
            </param>
          </params>
          <reporter-output>
          </reporter-output>
        </test-method> <!-- testSuccessfulAddNewPriorDealCase -->
        <test-method status="PASS" signature="afterMethod()[pri:0, instance:com.test1.tests.RTest@7d4793a8]" name="afterMethod" is-config="true" duration-ms="1400" started-at="2016-05-23T10:14:08Z" finished-at="2016-05-23T10:14:10Z">
          <reporter-output>
          </reporter-output>
        </test-method> <!-- afterMethod -->
        <test-method status="PASS" signature="beforeMethod()[pri:0, instance:com.test1.tests.RTest@7d4793a8]" name="beforeMethod" is-config="true" duration-ms="6187" started-at="2016-05-23T10:14:10Z" finished-at="2016-05-23T10:14:16Z">
          <reporter-output>
          </reporter-output>
        </test-method> <!-- beforeMethod -->
        <test-method status="PASS" signature="testSuccessfulAddNewPriorDealCase(java.lang.String, java.lang.String, java.lang.String)[pri:0, instance:com.test1.tests.RTest@7d4793a8]" name="testSuccessfulAddNewPriorDealCase" duration-ms="32357" started-at="2016-05-23T10:14:16Z" data-provider="dataProvider" finished-at="2016-05-23T10:14:48Z">
          <params>
            <param index="0">
              <value>
                <![CDATA[NA6CTypeRR]]>
              </value>
            </param>
            <param index="1">
              <value>
                <![CDATA[Hiro]]>
              </value>
            </param>
            <param index="2">
              <value>
                <![CDATA[Fumihiro]]>
              </value>
            </param>
          </params>
          <reporter-output>
          </reporter-output>
        </test-method> <!-- testSuccessfulAddNewPriorDealCase -->
        <test-method status="PASS" signature="afterMethod()[pri:0, instance:com.test1.tests.RTest@7d4793a8]" name="afterMethod" is-config="true" duration-ms="1352" started-at="2016-05-23T10:14:48Z" finished-at="2016-05-23T10:14:49Z">
          <reporter-output>
          </reporter-output>
        </test-method> <!-- afterMethod -->
        <test-method status="PASS" signature="beforeMethod()[pri:0, instance:com.test1.tests.RTest@7d4793a8]" name="beforeMethod" is-config="true" duration-ms="6394" started-at="2016-05-23T10:14:49Z" finished-at="2016-05-23T10:14:56Z">
          <reporter-output>
          </reporter-output>
        </test-method> <!-- beforeMethod -->
        <test-method status="PASS" signature="testSuccessfulAddNewPriorDealCase(java.lang.String, java.lang.String, java.lang.String)[pri:0, instance:com.test1.tests.RTest@7d4793a8]" name="testSuccessfulAddNewPriorDealCase" duration-ms="32083" started-at="2016-05-23T10:14:56Z" data-provider="dataProvider" finished-at="2016-05-23T10:15:28Z">
          <params>
            <param index="0">
              <value>
                <![CDATA[NA1TypeRR]]>
              </value>
            </param>
            <param index="1">
              <value>
                <![CDATA[Go]]>
              </value>
            </param>
            <param index="2">
              <value>
                <![CDATA[Hojo]]>
              </value>
            </param>
          </params>
          <reporter-output>
          </reporter-output>
        </test-method> <!-- testSuccessfulAddNewPriorDealCase -->
        <test-method status="PASS" signature="afterMethod()[pri:0, instance:com.test1.tests.RTest@7d4793a8]" name="afterMethod" is-config="true" duration-ms="1350" started-at="2016-05-23T10:15:28Z" finished-at="2016-05-23T10:15:29Z">
          <reporter-output>
          </reporter-output>
        </test-method> <!-- afterMethod -->
        <test-method status="PASS" signature="beforeMethod()[pri:0, instance:com.test1.tests.RTest@7d4793a8]" name="beforeMethod" is-config="true" duration-ms="7073" started-at="2016-05-23T10:15:29Z" finished-at="2016-05-23T10:15:36Z">
          <reporter-output>
          </reporter-output>
        </test-method> <!-- beforeMethod -->
        <test-method status="PASS" signature="testSuccessfulAddNewPriorDealCase(java.lang.String, java.lang.String, java.lang.String)[pri:0, instance:com.test1.tests.RTest@7d4793a8]" name="testSuccessfulAddNewPriorDealCase" duration-ms="32386" started-at="2016-05-23T10:15:36Z" data-provider="dataProvider" finished-at="2016-05-23T10:16:09Z">
          <params>
            <param index="0">
              <value>
                <![CDATA[TE555]]>
              </value>
            </param>
            <param index="1">
              <value>
                <![CDATA[Steve]]>
              </value>
            </param>
            <param index="2">
              <value>
                <![CDATA[Fox]]>
              </value>
            </param>
          </params>
          <reporter-output>
          </reporter-output>
        </test-method> <!-- testSuccessfulAddNewPriorDealCase -->
        <test-method status="PASS" signature="afterMethod()[pri:0, instance:com.test1.tests.RTest@7d4793a8]" name="afterMethod" is-config="true" duration-ms="1414" started-at="2016-05-23T10:16:09Z" finished-at="2016-05-23T10:16:10Z">
          <reporter-output>
          </reporter-output>
        </test-method> <!-- afterMethod -->
        <test-method status="PASS" signature="beforeMethod()[pri:0, instance:com.test1.tests.RTest@7d4793a8]" name="beforeMethod" is-config="true" duration-ms="5559" started-at="2016-05-23T10:16:10Z" finished-at="2016-05-23T10:16:16Z">
          <reporter-output>
          </reporter-output>
        </test-method> <!-- beforeMethod -->
        <test-method status="PASS" signature="testSuccessfulAddNewPriorDealCase(java.lang.String, java.lang.String, java.lang.String)[pri:0, instance:com.test1.tests.RTest@7d4793a8]" name="testSuccessfulAddNewPriorDealCase" duration-ms="32364" started-at="2016-05-23T10:16:16Z" data-provider="dataProvider" finished-at="2016-05-23T10:16:48Z">
          <params>
            <param index="0">
              <value>
                <![CDATA[ANG1234]]>
              </value>
            </param>
            <param index="1">
              <value>
                <![CDATA[Nancy]]>
              </value>
            </param>
            <param index="2">
              <value>
                <![CDATA[Lang]]>
              </value>
            </param>
          </params>
          <reporter-output>
          </reporter-output>
        </test-method> <!-- testSuccessfulAddNewPriorDealCase -->
        <test-method status="PASS" signature="afterMethod()[pri:0, instance:com.test1.tests.RTest@7d4793a8]" name="afterMethod" is-config="true" duration-ms="1468" started-at="2016-05-23T10:16:48Z" finished-at="2016-05-23T10:16:50Z">
          <reporter-output>
          </reporter-output>
        </test-method> <!-- afterMethod -->
        <test-method status="PASS" signature="beforeMethod()[pri:0, instance:com.test1.tests.RTest@7d4793a8]" name="beforeMethod" is-config="true" duration-ms="6342" started-at="2016-05-23T10:16:50Z" finished-at="2016-05-23T10:16:56Z">
          <reporter-output>
          </reporter-output>
        </test-method> <!-- beforeMethod -->
        <test-method status="PASS" signature="testSuccessfulCaseSummaryInfo(java.lang.String, java.lang.String, java.lang.String, java.lang.String, java.lang.String, java.lang.String, java.lang.String, java.lang.String, java.lang.String, java.lang.String)[pri:0, instance:com.test1.tests.RTest@7d4793a8]" name="testSuccessfulCaseSummaryInfo" duration-ms="60255" started-at="2016-05-23T10:16:56Z" data-provider="dataProvider" finished-at="2016-05-23T10:17:56Z">
          <params>
            <param index="0">
              <value>
                <![CDATA[AP1TypeRR]]>
              </value>
            </param>
            <param index="1">
              <value>
                <![CDATA[HI]]>
              </value>
            </param>
            <param index="2">
              <value>
                <![CDATA[Maui]]>
              </value>
            </param>
            <param index="3">
              <value>
                <![CDATA[God hand 2000]]>
              </value>
            </param>
            <param index="4">
              <value>
                <![CDATA[Ready]]>
              </value>
            </param>
            <param index="5">
              <value>
                <![CDATA[04]]>
              </value>
            </param>
            <param index="6">
              <value>
                <![CDATA[26.0]]>
              </value>
            </param>
            <param index="7">
              <value>
                <![CDATA[2016]]>
              </value>
            </param>
            <param index="8">
              <value>
                <![CDATA[Toshiya]]>
              </value>
            </param>
            <param index="9">
              <value>
                <![CDATA[Joshima]]>
              </value>
            </param>
          </params>
          <reporter-output>
          </reporter-output>
        </test-method> <!-- testSuccessfulCaseSummaryInfo -->
        <test-method status="PASS" signature="afterMethod()[pri:0, instance:com.test1.tests.RTest@7d4793a8]" name="afterMethod" is-config="true" duration-ms="1454" started-at="2016-05-23T10:17:56Z" finished-at="2016-05-23T10:17:58Z">
          <reporter-output>
          </reporter-output>
        </test-method> <!-- afterMethod -->
        <test-method status="PASS" signature="beforeMethod()[pri:0, instance:com.test1.tests.RTest@7d4793a8]" name="beforeMethod" is-config="true" duration-ms="7546" started-at="2016-05-23T10:17:58Z" finished-at="2016-05-23T10:18:05Z">
          <reporter-output>
          </reporter-output>
        </test-method> <!-- beforeMethod -->
        <test-method status="PASS" signature="testSuccessfulCaseSummaryInfo(java.lang.String, java.lang.String, java.lang.String, java.lang.String, java.lang.String, java.lang.String, java.lang.String, java.lang.String, java.lang.String, java.lang.String)[pri:0, instance:com.test1.tests.RTest@7d4793a8]" name="testSuccessfulCaseSummaryInfo" duration-ms="60270" started-at="2016-05-23T10:18:05Z" data-provider="dataProvider" finished-at="2016-05-23T10:19:06Z">
          <params>
            <param index="0">
              <value>
                <![CDATA[AE864AGTE]]>
              </value>
            </param>
            <param index="1">
              <value>
                <![CDATA[IL]]>
              </value>
            </param>
            <param index="2">
              <value>
                <![CDATA[Cook County]]>
              </value>
            </param>
            <param index="3">
              <value>
                <![CDATA[Phoenix Smasher]]>
              </value>
            </param>
            <param index="4">
              <value>
                <![CDATA[New]]>
              </value>
            </param>
            <param index="5">
              <value>
                <![CDATA[04]]>
              </value>
            </param>
            <param index="6">
              <value>
                <![CDATA[25.0]]>
              </value>
            </param>
            <param index="7">
              <value>
                <![CDATA[2016]]>
              </value>
            </param>
            <param index="8">
              <value>
                <![CDATA[Paul]]>
              </value>
            </param>
            <param index="9">
              <value>
                <![CDATA[Phoenix]]>
              </value>
            </param>
          </params>
          <reporter-output>
          </reporter-output>
        </test-method> <!-- testSuccessfulCaseSummaryInfo -->
        <test-method status="PASS" signature="afterMethod()[pri:0, instance:com.test1.tests.RTest@7d4793a8]" name="afterMethod" is-config="true" duration-ms="1444" started-at="2016-05-23T10:19:06Z" finished-at="2016-05-23T10:19:07Z">
          <reporter-output>
          </reporter-output>
        </test-method> <!-- afterMethod -->
        <test-method status="PASS" signature="beforeMethod()[pri:0, instance:com.test1.tests.RTest@7d4793a8]" name="beforeMethod" is-config="true" duration-ms="6949" started-at="2016-05-23T10:19:07Z" finished-at="2016-05-23T10:19:14Z">
          <reporter-output>
          </reporter-output>
        </test-method> <!-- beforeMethod -->
        <test-method status="PASS" signature="testSuccessfulCaseSummaryInfo(java.lang.String, java.lang.String, java.lang.String, java.lang.String, java.lang.String, java.lang.String, java.lang.String, java.lang.String, java.lang.String, java.lang.String)[pri:0, instance:com.test1.tests.RTest@7d4793a8]" name="testSuccessfulCaseSummaryInfo" duration-ms="65301" started-at="2016-05-23T10:19:14Z" data-provider="dataProvider" finished-at="2016-05-23T10:20:19Z">
          <params>
            <param index="0">
              <value>
                <![CDATA[EG6B18C]]>
              </value>
            </param>
            <param index="1">
              <value>
                <![CDATA[CA]]>
              </value>
            </param>
            <param index="2">
              <value>
                <![CDATA[Santa Cruz County]]>
              </value>
            </param>
            <param index="3">
              <value>
                <![CDATA[adding instructions 2]]>
              </value>
            </param>
            <param index="4">
              <value>
                <![CDATA[Do Not Research]]>
              </value>
            </param>
            <param index="5">
              <value>
                <![CDATA[04]]>
              </value>
            </param>
            <param index="6">
              <value>
                <![CDATA[09]]>
              </value>
            </param>
            <param index="7">
              <value>
                <![CDATA[1970]]>
              </value>
            </param>
            <param index="8">
              <value>
                <![CDATA[Hei]]>
              </value>
            </param>
            <param index="9">
              <value>
                <![CDATA[Mishima]]>
              </value>
            </param>
          </params>
          <reporter-output>
          </reporter-output>
        </test-method> <!-- testSuccessfulCaseSummaryInfo -->
        <test-method status="PASS" signature="afterMethod()[pri:0, instance:com.test1.tests.RTest@7d4793a8]" name="afterMethod" is-config="true" duration-ms="1564" started-at="2016-05-23T10:20:19Z" finished-at="2016-05-23T10:20:21Z">
          <reporter-output>
          </reporter-output>
        </test-method> <!-- afterMethod -->
        <test-method status="PASS" signature="beforeMethod()[pri:0, instance:com.test1.tests.RTest@7d4793a8]" name="beforeMethod" is-config="true" duration-ms="6710" started-at="2016-05-23T10:20:21Z" finished-at="2016-05-23T10:20:27Z">
          <reporter-output>
          </reporter-output>
        </test-method> <!-- beforeMethod -->
        <test-method status="PASS" signature="testSuccessfulCaseSummaryInfo(java.lang.String, java.lang.String, java.lang.String, java.lang.String, java.lang.String, java.lang.String, java.lang.String, java.lang.String, java.lang.String, java.lang.String)[pri:0, instance:com.test1.tests.RTest@7d4793a8]" name="testSuccessfulCaseSummaryInfo" duration-ms="57885" started-at="2016-05-23T10:20:27Z" data-provider="dataProvider" finished-at="2016-05-23T10:21:25Z">
          <params>
            <param index="0">
              <value>
                <![CDATA[TE333]]>
              </value>
            </param>
            <param index="1">
              <value>
                <![CDATA[IL]]>
              </value>
            </param>
            <param index="2">
              <value>
                <![CDATA[Cook County]]>
              </value>
            </param>
            <param index="3">
              <value>
                <![CDATA[yes sir]]>
              </value>
            </param>
            <param index="4">
              <value>
                <![CDATA[Ready]]>
              </value>
            </param>
            <param index="5">
              <value>
                <![CDATA[05]]>
              </value>
            </param>
            <param index="6">
              <value>
                <![CDATA[20]]>
              </value>
            </param>
            <param index="7">
              <value>
                <![CDATA[2017]]>
              </value>
            </param>
            <param index="8">
              <value>
                <![CDATA[Kazuya]]>
              </value>
            </param>
            <param index="9">
              <value>
                <![CDATA[Mishima]]>
              </value>
            </param>
          </params>
          <reporter-output>
          </reporter-output>
        </test-method> <!-- testSuccessfulCaseSummaryInfo -->
        <test-method status="PASS" signature="afterMethod()[pri:0, instance:com.test1.tests.RTest@7d4793a8]" name="afterMethod" is-config="true" duration-ms="1435" started-at="2016-05-23T10:21:25Z" finished-at="2016-05-23T10:21:27Z">
          <reporter-output>
          </reporter-output>
        </test-method> <!-- afterMethod -->
        <test-method status="PASS" signature="beforeMethod()[pri:0, instance:com.test1.tests.RTest@7d4793a8]" name="beforeMethod" is-config="true" duration-ms="5596" started-at="2016-05-23T10:21:27Z" finished-at="2016-05-23T10:21:32Z">
          <reporter-output>
          </reporter-output>
        </test-method> <!-- beforeMethod -->
        <test-method status="PASS" signature="testSuccessfulCaseSummaryInfo(java.lang.String, java.lang.String, java.lang.String, java.lang.String, java.lang.String, java.lang.String, java.lang.String, java.lang.String, java.lang.String, java.lang.String)[pri:0, instance:com.test1.tests.RTest@7d4793a8]" name="testSuccessfulCaseSummaryInfo" duration-ms="68412" started-at="2016-05-23T10:21:32Z" data-provider="dataProvider" finished-at="2016-05-23T10:22:41Z">
          <params>
            <param index="0">
              <value>
                <![CDATA[S15RB26]]>
              </value>
            </param>
            <param index="1">
              <value>
                <![CDATA[ID]]>
              </value>
            </param>
            <param index="2">
              <value>
                <![CDATA[Bear Lake County]]>
              </value>
            </param>
            <param index="3">
              <value>
                <![CDATA[yeahhh 1234]]>
              </value>
            </param>
            <param index="4">
              <value>
                <![CDATA[Do Not Research]]>
              </value>
            </param>
            <param index="5">
              <value>
                <![CDATA[10]]>
              </value>
            </param>
            <param index="6">
              <value>
                <![CDATA[31]]>
              </value>
            </param>
            <param index="7">
              <value>
                <![CDATA[2018]]>
              </value>
            </param>
            <param index="8">
              <value>
                <![CDATA[AR]]>
              </value>
            </param>
            <param index="9">
              <value>
                <![CDATA[King]]>
              </value>
            </param>
          </params>
          <reporter-output>
          </reporter-output>
        </test-method> <!-- testSuccessfulCaseSummaryInfo -->
        <test-method status="PASS" signature="afterMethod()[pri:0, instance:com.test1.tests.RTest@7d4793a8]" name="afterMethod" is-config="true" duration-ms="1495" started-at="2016-05-23T10:22:41Z" finished-at="2016-05-23T10:22:42Z">
          <reporter-output>
          </reporter-output>
        </test-method> <!-- afterMethod -->
        <test-method status="PASS" signature="beforeMethod()[pri:0, instance:com.test1.tests.RTest@7d4793a8]" name="beforeMethod" is-config="true" duration-ms="6195" started-at="2016-05-23T10:22:42Z" finished-at="2016-05-23T10:22:49Z">
          <reporter-output>
          </reporter-output>
        </test-method> <!-- beforeMethod -->
        <test-method status="PASS" signature="testSuccessfulCaseSummaryInfo(java.lang.String, java.lang.String, java.lang.String, java.lang.String, java.lang.String, java.lang.String, java.lang.String, java.lang.String, java.lang.String, java.lang.String)[pri:0, instance:com.test1.tests.RTest@7d4793a8]" name="testSuccessfulCaseSummaryInfo" duration-ms="57915" started-at="2016-05-23T10:22:49Z" data-provider="dataProvider" finished-at="2016-05-23T10:23:46Z">
          <params>
            <param index="0">
              <value>
                <![CDATA[NA6CTypeRR]]>
              </value>
            </param>
            <param index="1">
              <value>
                <![CDATA[TN]]>
              </value>
            </param>
            <param index="2">
              <value>
                <![CDATA[Coffee County]]>
              </value>
            </param>
            <param index="3">
              <value>
                <![CDATA[AAAABBBBB 12345]]>
              </value>
            </param>
            <param index="4">
              <value>
                <![CDATA[Ready]]>
              </value>
            </param>
            <param index="5">
              <value>
                <![CDATA[05]]>
              </value>
            </param>
            <param index="6">
              <value>
                <![CDATA[06]]>
              </value>
            </param>
            <param index="7">
              <value>
                <![CDATA[2016]]>
              </value>
            </param>
            <param index="8">
              <value>
                <![CDATA[Hiro]]>
              </value>
            </param>
            <param index="9">
              <value>
                <![CDATA[Fumihiro]]>
              </value>
            </param>
          </params>
          <reporter-output>
          </reporter-output>
        </test-method> <!-- testSuccessfulCaseSummaryInfo -->
        <test-method status="PASS" signature="afterMethod()[pri:0, instance:com.test1.tests.RTest@7d4793a8]" name="afterMethod" is-config="true" duration-ms="1447" started-at="2016-05-23T10:23:46Z" finished-at="2016-05-23T10:23:48Z">
          <reporter-output>
          </reporter-output>
        </test-method> <!-- afterMethod -->
        <test-method status="PASS" signature="beforeMethod()[pri:0, instance:com.test1.tests.RTest@7d4793a8]" name="beforeMethod" is-config="true" duration-ms="6689" started-at="2016-05-23T10:23:48Z" finished-at="2016-05-23T10:23:55Z">
          <reporter-output>
          </reporter-output>
        </test-method> <!-- beforeMethod -->
        <test-method status="PASS" signature="testSuccessfulCaseSummaryInfo(java.lang.String, java.lang.String, java.lang.String, java.lang.String, java.lang.String, java.lang.String, java.lang.String, java.lang.String, java.lang.String, java.lang.String)[pri:0, instance:com.test1.tests.RTest@7d4793a8]" name="testSuccessfulCaseSummaryInfo" duration-ms="64280" started-at="2016-05-23T10:23:55Z" data-provider="dataProvider" finished-at="2016-05-23T10:24:59Z">
          <params>
            <param index="0">
              <value>
                <![CDATA[EF9B16A]]>
              </value>
            </param>
            <param index="1">
              <value>
                <![CDATA[CO]]>
              </value>
            </param>
            <param index="2">
              <value>
                <![CDATA[Adams County]]>
              </value>
            </param>
            <param index="3">
              <value>
                <![CDATA[adding instructionsB]]>
              </value>
            </param>
            <param index="4">
              <value>
                <![CDATA[New]]>
              </value>
            </param>
            <param index="5">
              <value>
                <![CDATA[03]]>
              </value>
            </param>
            <param index="6">
              <value>
                <![CDATA[12]]>
              </value>
            </param>
            <param index="7">
              <value>
                <![CDATA[2015]]>
              </value>
            </param>
            <param index="8">
              <value>
                <![CDATA[Buck]]>
              </value>
            </param>
            <param index="9">
              <value>
                <![CDATA[Rogers]]>
              </value>
            </param>
          </params>
          <reporter-output>
          </reporter-output>
        </test-method> <!-- testSuccessfulCaseSummaryInfo -->
        <test-method status="PASS" signature="afterMethod()[pri:0, instance:com.test1.tests.RTest@7d4793a8]" name="afterMethod" is-config="true" duration-ms="1471" started-at="2016-05-23T10:24:59Z" finished-at="2016-05-23T10:25:00Z">
          <reporter-output>
          </reporter-output>
        </test-method> <!-- afterMethod -->
        <test-method status="PASS" signature="beforeMethod()[pri:0, instance:com.test1.tests.RTest@7d4793a8]" name="beforeMethod" is-config="true" duration-ms="5998" started-at="2016-05-23T10:25:00Z" finished-at="2016-05-23T10:25:06Z">
          <reporter-output>
          </reporter-output>
        </test-method> <!-- beforeMethod -->
        <test-method status="PASS" signature="testSuccessfulCaseSummaryInfo(java.lang.String, java.lang.String, java.lang.String, java.lang.String, java.lang.String, java.lang.String, java.lang.String, java.lang.String, java.lang.String, java.lang.String)[pri:0, instance:com.test1.tests.RTest@7d4793a8]" name="testSuccessfulCaseSummaryInfo" duration-ms="71206" started-at="2016-05-23T10:25:06Z" data-provider="dataProvider" finished-at="2016-05-23T10:26:18Z">
          <params>
            <param index="0">
              <value>
                <![CDATA[ANG1234]]>
              </value>
            </param>
            <param index="1">
              <value>
                <![CDATA[GA]]>
              </value>
            </param>
            <param index="2">
              <value>
                <![CDATA[Gwinnett County]]>
              </value>
            </param>
            <param index="3">
              <value>
                <![CDATA[adding instructions 6]]>
              </value>
            </param>
            <param index="4">
              <value>
                <![CDATA[Ready]]>
              </value>
            </param>
            <param index="5">
              <value>
                <![CDATA[10.0]]>
              </value>
            </param>
            <param index="6">
              <value>
                <![CDATA[24]]>
              </value>
            </param>
            <param index="7">
              <value>
                <![CDATA[1988]]>
              </value>
            </param>
            <param index="8">
              <value>
                <![CDATA[Nancy]]>
              </value>
            </param>
            <param index="9">
              <value>
                <![CDATA[Lang]]>
              </value>
            </param>
          </params>
          <reporter-output>
          </reporter-output>
        </test-method> <!-- testSuccessfulCaseSummaryInfo -->
        <test-method status="PASS" signature="afterMethod()[pri:0, instance:com.test1.tests.RTest@7d4793a8]" name="afterMethod" is-config="true" duration-ms="1404" started-at="2016-05-23T10:26:18Z" finished-at="2016-05-23T10:26:19Z">
          <reporter-output>
          </reporter-output>
        </test-method> <!-- afterMethod -->
        <test-method status="PASS" signature="beforeMethod()[pri:0, instance:com.test1.tests.RTest@7d4793a8]" name="beforeMethod" is-config="true" duration-ms="6835" started-at="2016-05-23T10:26:19Z" finished-at="2016-05-23T10:26:26Z">
          <reporter-output>
          </reporter-output>
        </test-method> <!-- beforeMethod -->
        <test-method status="PASS" signature="testSuccessfulCaseSummaryInfo(java.lang.String, java.lang.String, java.lang.String, java.lang.String, java.lang.String, java.lang.String, java.lang.String, java.lang.String, java.lang.String, java.lang.String)[pri:0, instance:com.test1.tests.RTest@7d4793a8]" name="testSuccessfulCaseSummaryInfo" duration-ms="60559" started-at="2016-05-23T10:26:26Z" data-provider="dataProvider" finished-at="2016-05-23T10:27:26Z">
          <params>
            <param index="0">
              <value>
                <![CDATA[TE444]]>
              </value>
            </param>
            <param index="1">
              <value>
                <![CDATA[CA]]>
              </value>
            </param>
            <param index="2">
              <value>
                <![CDATA[San Diego County]]>
              </value>
            </param>
            <param index="3">
              <value>
                <![CDATA[adding instructionsA]]>
              </value>
            </param>
            <param index="4">
              <value>
                <![CDATA[New]]>
              </value>
            </param>
            <param index="5">
              <value>
                <![CDATA[04]]>
              </value>
            </param>
            <param index="6">
              <value>
                <![CDATA[25]]>
              </value>
            </param>
            <param index="7">
              <value>
                <![CDATA[2016]]>
              </value>
            </param>
            <param index="8">
              <value>
                <![CDATA[Jun]]>
              </value>
            </param>
            <param index="9">
              <value>
                <![CDATA[Kazama]]>
              </value>
            </param>
          </params>
          <reporter-output>
          </reporter-output>
        </test-method> <!-- testSuccessfulCaseSummaryInfo -->
        <test-method status="PASS" signature="afterMethod()[pri:0, instance:com.test1.tests.RTest@7d4793a8]" name="afterMethod" is-config="true" duration-ms="1419" started-at="2016-05-23T10:27:26Z" finished-at="2016-05-23T10:27:28Z">
          <reporter-output>
          </reporter-output>
        </test-method> <!-- afterMethod -->
        <test-method status="PASS" signature="beforeMethod()[pri:0, instance:com.test1.tests.RTest@7d4793a8]" name="beforeMethod" is-config="true" duration-ms="7478" started-at="2016-05-23T10:27:28Z" finished-at="2016-05-23T10:27:35Z">
          <reporter-output>
          </reporter-output>
        </test-method> <!-- beforeMethod -->
        <test-method status="PASS" signature="testSuccessfulCaseSummaryInfo(java.lang.String, java.lang.String, java.lang.String, java.lang.String, java.lang.String, java.lang.String, java.lang.String, java.lang.String, java.lang.String, java.lang.String)[pri:0, instance:com.test1.tests.RTest@7d4793a8]" name="testSuccessfulCaseSummaryInfo" duration-ms="62410" started-at="2016-05-23T10:27:35Z" data-provider="dataProvider" finished-at="2016-05-23T10:28:38Z">
          <params>
            <param index="0">
              <value>
                <![CDATA[S14RB26]]>
              </value>
            </param>
            <param index="1">
              <value>
                <![CDATA[GA]]>
              </value>
            </param>
            <param index="2">
              <value>
                <![CDATA[Gwinnett County]]>
              </value>
            </param>
            <param index="3">
              <value>
                <![CDATA[adding instructions 1]]>
              </value>
            </param>
            <param index="4">
              <value>
                <![CDATA[Ready]]>
              </value>
            </param>
            <param index="5">
              <value>
                <![CDATA[03]]>
              </value>
            </param>
            <param index="6">
              <value>
                <![CDATA[11.0]]>
              </value>
            </param>
            <param index="7">
              <value>
                <![CDATA[2016]]>
              </value>
            </param>
            <param index="8">
              <value>
                <![CDATA[Duke]]>
              </value>
            </param>
            <param index="9">
              <value>
                <![CDATA[Togo]]>
              </value>
            </param>
          </params>
          <reporter-output>
          </reporter-output>
        </test-method> <!-- testSuccessfulCaseSummaryInfo -->
        <test-method status="PASS" signature="afterMethod()[pri:0, instance:com.test1.tests.RTest@7d4793a8]" name="afterMethod" is-config="true" duration-ms="1422" started-at="2016-05-23T10:28:38Z" finished-at="2016-05-23T10:28:39Z">
          <reporter-output>
          </reporter-output>
        </test-method> <!-- afterMethod -->
        <test-method status="PASS" signature="beforeMethod()[pri:0, instance:com.test1.tests.RTest@7d4793a8]" name="beforeMethod" is-config="true" duration-ms="6406" started-at="2016-05-23T10:28:39Z" finished-at="2016-05-23T10:28:45Z">
          <reporter-output>
          </reporter-output>
        </test-method> <!-- beforeMethod -->
        <test-method status="PASS" signature="testSuccessfulCaseSummaryInfo(java.lang.String, java.lang.String, java.lang.String, java.lang.String, java.lang.String, java.lang.String, java.lang.String, java.lang.String, java.lang.String, java.lang.String)[pri:0, instance:com.test1.tests.RTest@7d4793a8]" name="testSuccessfulCaseSummaryInfo" duration-ms="72597" started-at="2016-05-23T10:28:45Z" data-provider="dataProvider" finished-at="2016-05-23T10:29:58Z">
          <params>
            <param index="0">
              <value>
                <![CDATA[NA1TypeRR]]>
              </value>
            </param>
            <param index="1">
              <value>
                <![CDATA[CA]]>
              </value>
            </param>
            <param index="2">
              <value>
                <![CDATA[San Diego County]]>
              </value>
            </param>
            <param index="3">
              <value>
                <![CDATA[adding instructions 3]]>
              </value>
            </param>
            <param index="4">
              <value>
                <![CDATA[Ready]]>
              </value>
            </param>
            <param index="5">
              <value>
                <![CDATA[12.0]]>
              </value>
            </param>
            <param index="6">
              <value>
                <![CDATA[14.0]]>
              </value>
            </param>
            <param index="7">
              <value>
                <![CDATA[2016]]>
              </value>
            </param>
            <param index="8">
              <value>
                <![CDATA[Go]]>
              </value>
            </param>
            <param index="9">
              <value>
                <![CDATA[Hojo]]>
              </value>
            </param>
          </params>
          <reporter-output>
          </reporter-output>
        </test-method> <!-- testSuccessfulCaseSummaryInfo -->
        <test-method status="PASS" signature="afterMethod()[pri:0, instance:com.test1.tests.RTest@7d4793a8]" name="afterMethod" is-config="true" duration-ms="1422" started-at="2016-05-23T10:29:58Z" finished-at="2016-05-23T10:29:59Z">
          <reporter-output>
          </reporter-output>
        </test-method> <!-- afterMethod -->
        <test-method status="PASS" signature="beforeMethod()[pri:0, instance:com.test1.tests.RTest@7d4793a8]" name="beforeMethod" is-config="true" duration-ms="6031" started-at="2016-05-23T10:29:59Z" finished-at="2016-05-23T10:30:05Z">
          <reporter-output>
          </reporter-output>
        </test-method> <!-- beforeMethod -->
        <test-method status="PASS" signature="testSuccessfulCaseSummaryInfo(java.lang.String, java.lang.String, java.lang.String, java.lang.String, java.lang.String, java.lang.String, java.lang.String, java.lang.String, java.lang.String, java.lang.String)[pri:0, instance:com.test1.tests.RTest@7d4793a8]" name="testSuccessfulCaseSummaryInfo" duration-ms="70267" started-at="2016-05-23T10:30:05Z" data-provider="dataProvider" finished-at="2016-05-23T10:31:16Z">
          <params>
            <param index="0">
              <value>
                <![CDATA[TE555]]>
              </value>
            </param>
            <param index="1">
              <value>
                <![CDATA[FL]]>
              </value>
            </param>
            <param index="2">
              <value>
                <![CDATA[Miami-Dade County]]>
              </value>
            </param>
            <param index="3">
              <value>
                <![CDATA[adding instructions 5]]>
              </value>
            </param>
            <param index="4">
              <value>
                <![CDATA[New]]>
              </value>
            </param>
            <param index="5">
              <value>
                <![CDATA[11.0]]>
              </value>
            </param>
            <param index="6">
              <value>
                <![CDATA[19.0]]>
              </value>
            </param>
            <param index="7">
              <value>
                <![CDATA[2016]]>
              </value>
            </param>
            <param index="8">
              <value>
                <![CDATA[Steve]]>
              </value>
            </param>
            <param index="9">
              <value>
                <![CDATA[Fox]]>
              </value>
            </param>
          </params>
          <reporter-output>
          </reporter-output>
        </test-method> <!-- testSuccessfulCaseSummaryInfo -->
        <test-method status="PASS" signature="afterMethod()[pri:0, instance:com.test1.tests.RTest@7d4793a8]" name="afterMethod" is-config="true" duration-ms="1563" started-at="2016-05-23T10:31:16Z" finished-at="2016-05-23T10:31:17Z">
          <reporter-output>
          </reporter-output>
        </test-method> <!-- afterMethod -->
        <test-method status="PASS" signature="beforeMethod()[pri:0, instance:com.test1.tests.RTest@7d4793a8]" name="beforeMethod" is-config="true" duration-ms="6194" started-at="2016-05-23T10:31:17Z" finished-at="2016-05-23T10:31:24Z">
          <reporter-output>
          </reporter-output>
        </test-method> <!-- beforeMethod -->
        <test-method status="PASS" signature="testSuccessfulCreateNewClaimant(java.lang.String, java.lang.String, java.lang.String, java.lang.String, java.lang.String, java.lang.String, java.lang.String, java.lang.String, java.lang.String, java.lang.String, java.lang.String)[pri:0, instance:com.test1.tests.RTest@7d4793a8]" name="testSuccessfulCreateNewClaimant" duration-ms="85437" started-at="2016-05-23T10:31:24Z" data-provider="dataProvider" finished-at="2016-05-23T10:32:49Z">
          <params>
            <param index="0">
              <value>
                <![CDATA[EG6B18C]]>
              </value>
            </param>
            <param index="1">
              <value>
                <![CDATA[CA]]>
              </value>
            </param>
            <param index="2">
              <value>
                <![CDATA[Santa Cruz County]]>
              </value>
            </param>
            <param index="3">
              <value>
                <![CDATA[Hei]]>
              </value>
            </param>
            <param index="4">
              <value>
                <![CDATA[Mishima]]>
              </value>
            </param>
            <param index="5">
              <value>
                <![CDATA[111-11-1111]]>
              </value>
            </param>
            <param index="6">
              <value>
                <![CDATA[Male]]>
              </value>
            </param>
            <param index="7">
              <value>
                <![CDATA[Single]]>
              </value>
            </param>
            <param index="8">
              <value>
                <![CDATA[07]]>
              </value>
            </param>
            <param index="9">
              <value>
                <![CDATA[04]]>
              </value>
            </param>
            <param index="10">
              <value>
                <![CDATA[2016]]>
              </value>
            </param>
          </params>
          <reporter-output>
          </reporter-output>
        </test-method> <!-- testSuccessfulCreateNewClaimant -->
        <test-method status="PASS" signature="afterMethod()[pri:0, instance:com.test1.tests.RTest@7d4793a8]" name="afterMethod" is-config="true" duration-ms="1422" started-at="2016-05-23T10:32:49Z" finished-at="2016-05-23T10:32:50Z">
          <reporter-output>
          </reporter-output>
        </test-method> <!-- afterMethod -->
        <test-method status="PASS" signature="beforeMethod()[pri:0, instance:com.test1.tests.RTest@7d4793a8]" name="beforeMethod" is-config="true" duration-ms="7068" started-at="2016-05-23T10:32:50Z" finished-at="2016-05-23T10:32:58Z">
          <reporter-output>
          </reporter-output>
        </test-method> <!-- beforeMethod -->
        <test-method status="PASS" signature="testSuccessfulCreateNewClaimant(java.lang.String, java.lang.String, java.lang.String, java.lang.String, java.lang.String, java.lang.String, java.lang.String, java.lang.String, java.lang.String, java.lang.String, java.lang.String)[pri:0, instance:com.test1.tests.RTest@7d4793a8]" name="testSuccessfulCreateNewClaimant" duration-ms="93217" started-at="2016-05-23T10:32:58Z" data-provider="dataProvider" finished-at="2016-05-23T10:34:31Z">
          <params>
            <param index="0">
              <value>
                <![CDATA[NA6CTypeRR]]>
              </value>
            </param>
            <param index="1">
              <value>
                <![CDATA[TN]]>
              </value>
            </param>
            <param index="2">
              <value>
                <![CDATA[Coffee County]]>
              </value>
            </param>
            <param index="3">
              <value>
                <![CDATA[Hiro]]>
              </value>
            </param>
            <param index="4">
              <value>
                <![CDATA[Fumihiro]]>
              </value>
            </param>
            <param index="5">
              <value>
                <![CDATA[111-22-3344]]>
              </value>
            </param>
            <param index="6">
              <value>
                <![CDATA[Male]]>
              </value>
            </param>
            <param index="7">
              <value>
                <![CDATA[Married]]>
              </value>
            </param>
            <param index="8">
              <value>
                <![CDATA[09]]>
              </value>
            </param>
            <param index="9">
              <value>
                <![CDATA[12]]>
              </value>
            </param>
            <param index="10">
              <value>
                <![CDATA[1988]]>
              </value>
            </param>
          </params>
          <reporter-output>
          </reporter-output>
        </test-method> <!-- testSuccessfulCreateNewClaimant -->
        <test-method status="PASS" signature="afterMethod()[pri:0, instance:com.test1.tests.RTest@7d4793a8]" name="afterMethod" is-config="true" duration-ms="1410" started-at="2016-05-23T10:34:31Z" finished-at="2016-05-23T10:34:32Z">
          <reporter-output>
          </reporter-output>
        </test-method> <!-- afterMethod -->
        <test-method status="PASS" signature="beforeMethod()[pri:0, instance:com.test1.tests.RTest@7d4793a8]" name="beforeMethod" is-config="true" duration-ms="5889" started-at="2016-05-23T10:34:32Z" finished-at="2016-05-23T10:34:38Z">
          <reporter-output>
          </reporter-output>
        </test-method> <!-- beforeMethod -->
        <test-method status="PASS" signature="testSuccessfulCreateNewClaimant(java.lang.String, java.lang.String, java.lang.String, java.lang.String, java.lang.String, java.lang.String, java.lang.String, java.lang.String, java.lang.String, java.lang.String, java.lang.String)[pri:0, instance:com.test1.tests.RTest@7d4793a8]" name="testSuccessfulCreateNewClaimant" duration-ms="86395" started-at="2016-05-23T10:34:38Z" data-provider="dataProvider" finished-at="2016-05-23T10:36:04Z">
          <params>
            <param index="0">
              <value>
                <![CDATA[NA1TypeRR]]>
              </value>
            </param>
            <param index="1">
              <value>
                <![CDATA[CA]]>
              </value>
            </param>
            <param index="2">
              <value>
                <![CDATA[San Diego County]]>
              </value>
            </param>
            <param index="3">
              <value>
                <![CDATA[Go]]>
              </value>
            </param>
            <param index="4">
              <value>
                <![CDATA[Hojo]]>
              </value>
            </param>
            <param index="5">
              <value>
                <![CDATA[555-55-5555]]>
              </value>
            </param>
            <param index="6">
              <value>
                <![CDATA[Male]]>
              </value>
            </param>
            <param index="7">
              <value>
                <![CDATA[Single]]>
              </value>
            </param>
            <param index="8">
              <value>
                <![CDATA[06]]>
              </value>
            </param>
            <param index="9">
              <value>
                <![CDATA[16]]>
              </value>
            </param>
            <param index="10">
              <value>
                <![CDATA[1990]]>
              </value>
            </param>
          </params>
          <reporter-output>
          </reporter-output>
        </test-method> <!-- testSuccessfulCreateNewClaimant -->
        <test-method status="PASS" signature="afterMethod()[pri:0, instance:com.test1.tests.RTest@7d4793a8]" name="afterMethod" is-config="true" duration-ms="1462" started-at="2016-05-23T10:36:04Z" finished-at="2016-05-23T10:36:06Z">
          <reporter-output>
          </reporter-output>
        </test-method> <!-- afterMethod -->
        <test-method status="PASS" signature="beforeMethod()[pri:0, instance:com.test1.tests.RTest@7d4793a8]" name="beforeMethod" is-config="true" duration-ms="6779" started-at="2016-05-23T10:36:06Z" finished-at="2016-05-23T10:36:13Z">
          <reporter-output>
          </reporter-output>
        </test-method> <!-- beforeMethod -->
        <test-method status="PASS" signature="testSuccessfulCreateNewClaimant(java.lang.String, java.lang.String, java.lang.String, java.lang.String, java.lang.String, java.lang.String, java.lang.String, java.lang.String, java.lang.String, java.lang.String, java.lang.String)[pri:0, instance:com.test1.tests.RTest@7d4793a8]" name="testSuccessfulCreateNewClaimant" duration-ms="91820" started-at="2016-05-23T10:36:13Z" data-provider="dataProvider" finished-at="2016-05-23T10:37:44Z">
          <params>
            <param index="0">
              <value>
                <![CDATA[TE555]]>
              </value>
            </param>
            <param index="1">
              <value>
                <![CDATA[FL]]>
              </value>
            </param>
            <param index="2">
              <value>
                <![CDATA[Miami-Dade County]]>
              </value>
            </param>
            <param index="3">
              <value>
                <![CDATA[Steve]]>
              </value>
            </param>
            <param index="4">
              <value>
                <![CDATA[Fox]]>
              </value>
            </param>
            <param index="5">
              <value>
                <![CDATA[111-11-6666]]>
              </value>
            </param>
            <param index="6">
              <value>
                <![CDATA[Male]]>
              </value>
            </param>
            <param index="7">
              <value>
                <![CDATA[Married]]>
              </value>
            </param>
            <param index="8">
              <value>
                <![CDATA[03]]>
              </value>
            </param>
            <param index="9">
              <value>
                <![CDATA[18]]>
              </value>
            </param>
            <param index="10">
              <value>
                <![CDATA[1960]]>
              </value>
            </param>
          </params>
          <reporter-output>
          </reporter-output>
        </test-method> <!-- testSuccessfulCreateNewClaimant -->
        <test-method status="PASS" signature="afterMethod()[pri:0, instance:com.test1.tests.RTest@7d4793a8]" name="afterMethod" is-config="true" duration-ms="1452" started-at="2016-05-23T10:37:44Z" finished-at="2016-05-23T10:37:46Z">
          <reporter-output>
          </reporter-output>
        </test-method> <!-- afterMethod -->
        <test-method status="PASS" signature="beforeMethod()[pri:0, instance:com.test1.tests.RTest@7d4793a8]" name="beforeMethod" is-config="true" duration-ms="6426" started-at="2016-05-23T10:37:46Z" finished-at="2016-05-23T10:37:52Z">
          <reporter-output>
          </reporter-output>
        </test-method> <!-- beforeMethod -->
        <test-method status="PASS" signature="testSuccessfulCreateNewClaimant(java.lang.String, java.lang.String, java.lang.String, java.lang.String, java.lang.String, java.lang.String, java.lang.String, java.lang.String, java.lang.String, java.lang.String, java.lang.String)[pri:0, instance:com.test1.tests.RTest@7d4793a8]" name="testSuccessfulCreateNewClaimant" duration-ms="90265" started-at="2016-05-23T10:37:52Z" data-provider="dataProvider" finished-at="2016-05-23T10:39:23Z">
          <params>
            <param index="0">
              <value>
                <![CDATA[ANG1234]]>
              </value>
            </param>
            <param index="1">
              <value>
                <![CDATA[GA]]>
              </value>
            </param>
            <param index="2">
              <value>
                <![CDATA[Gwinnett County]]>
              </value>
            </param>
            <param index="3">
              <value>
                <![CDATA[Nancy]]>
              </value>
            </param>
            <param index="4">
              <value>
                <![CDATA[Lang]]>
              </value>
            </param>
            <param index="5">
              <value>
[...]
              </value>
            </param>
          </params>
          <reporter-output>
          </reporter-output>
        </test-method> <!-- testSuccessfulNotesAdd -->
        <test-method status="PASS" signature="afterMethod()[pri:0, instance:com.test1.tests.RTest@7d4793a8]" name="afterMethod" is-config="true" duration-ms="1384" started-at="2016-05-23T11:10:44Z" finished-at="2016-05-23T11:10:45Z">
          <reporter-output>
          </reporter-output>
        </test-method> <!-- afterMethod -->
        <test-method status="PASS" signature="beforeMethod()[pri:0, instance:com.test1.tests.RTest@7d4793a8]" name="beforeMethod" is-config="true" duration-ms="6395" started-at="2016-05-23T11:10:45Z" finished-at="2016-05-23T11:10:51Z">
          <reporter-output>
          </reporter-output>
        </test-method> <!-- beforeMethod -->
        <test-method status="PASS" signature="testSuccessfulNotesAdd(java.lang.String, java.lang.String)[pri:0, instance:com.test1.tests.RTest@7d4793a8]" name="testSuccessfulNotesAdd" duration-ms="58614" started-at="2016-05-23T11:10:51Z" data-provider="dataProvider" finished-at="2016-05-23T11:11:50Z">
          <params>
            <param index="0">
              <value>
                <![CDATA[S14RB26]]>
              </value>
            </param>
            <param index="1">
              <value>
                <![CDATA[Keisuke's FD3S BBBBB]]>
              </value>
            </param>
          </params>
          <reporter-output>
          </reporter-output>
        </test-method> <!-- testSuccessfulNotesAdd -->
        <test-method status="PASS" signature="afterMethod()[pri:0, instance:com.test1.tests.RTest@7d4793a8]" name="afterMethod" is-config="true" duration-ms="1475" started-at="2016-05-23T11:11:50Z" finished-at="2016-05-23T11:11:52Z">
          <reporter-output>
          </reporter-output>
        </test-method> <!-- afterMethod -->
        <test-method status="PASS" signature="beforeMethod()[pri:0, instance:com.test1.tests.RTest@7d4793a8]" name="beforeMethod" is-config="true" duration-ms="7258" started-at="2016-05-23T11:11:52Z" finished-at="2016-05-23T11:11:59Z">
          <reporter-output>
          </reporter-output>
        </test-method> <!-- beforeMethod -->
        <test-method status="PASS" signature="testSuccessfulNotesAdd(java.lang.String, java.lang.String)[pri:0, instance:com.test1.tests.RTest@7d4793a8]" name="testSuccessfulNotesAdd" duration-ms="58395" started-at="2016-05-23T11:11:59Z" data-provider="dataProvider" finished-at="2016-05-23T11:12:57Z">
          <params>
            <param index="0">
              <value>
                <![CDATA[NA1TypeRR]]>
              </value>
            </param>
            <param index="1">
              <value>
                <![CDATA[S15 Silvia with GT2871R64 Power FC]]>
              </value>
            </param>
          </params>
          <reporter-output>
          </reporter-output>
        </test-method> <!-- testSuccessfulNotesAdd -->
        <test-method status="PASS" signature="afterMethod()[pri:0, instance:com.test1.tests.RTest@7d4793a8]" name="afterMethod" is-config="true" duration-ms="1380" started-at="2016-05-23T11:12:57Z" finished-at="2016-05-23T11:12:59Z">
          <reporter-output>
          </reporter-output>
        </test-method> <!-- afterMethod -->
        <test-method status="PASS" signature="beforeMethod()[pri:0, instance:com.test1.tests.RTest@7d4793a8]" name="beforeMethod" is-config="true" duration-ms="6812" started-at="2016-05-23T11:12:59Z" finished-at="2016-05-23T11:13:05Z">
          <reporter-output>
          </reporter-output>
        </test-method> <!-- beforeMethod -->
        <test-method status="FAIL" signature="testSuccessfulNotesAdd(java.lang.String, java.lang.String)[pri:0, instance:com.test1.tests.RTest@7d4793a8]" name="testSuccessfulNotesAdd" duration-ms="99443" started-at="2016-05-23T11:13:05Z" data-provider="dataProvider" finished-at="2016-05-23T11:14:45Z">
          <params>
            <param index="0">
              <value>
                <![CDATA[TE555]]>
              </value>
            </param>
            <param index="1">
              <value>
                <![CDATA[Shingo's b16A cam upgrade]]>
              </value>
            </param>
          </params>
          <exception class="org.openqa.selenium.NoSuchElementException">
            <message>
              <![CDATA[no such element: Unable to locate element: {"method":"xpath","selector":"//*[@id='page-container']/div/div/div[2]/div[7]/div/div/div[2]/ul/li/div[2]/p"}
  (Session info: chrome=50.0.2661.102)
  (Driver info: chromedriver=2.20.353145 (343b531d31eeb933ec778dbcf7081628a1396067),platform=Windows NT 6.1 SP1 x86_64) (WARNING: The server did not provide any stacktrace information)
Command duration or timeout: 45.00 seconds
For documentation on this error, please visit: http://seleniumhq.org/exceptions/no_such_element.html
Build info: version: '2.48.2', revision: '41bccdd', time: '2015-10-09 19:59:12'
System info: host: 'E5530-2340', ip: '10.0.0.73', os.name: 'Windows 7', os.arch: 'amd64', os.version: '6.1', java.version: '1.8.0_66'
Driver info: org.openqa.selenium.chrome.ChromeDriver
Capabilities [{applicationCacheEnabled=false, rotatable=false, mobileEmulationEnabled=false, chrome={userDataDir=C:\Users\jslee\AppData\Local\Temp\scoped_dir4504_8428}, takesHeapSnapshot=true, databaseEnabled=false, handlesAlerts=true, hasTouchScreen=false, version=50.0.2661.102, platform=XP, browserConnectionEnabled=false, nativeEvents=true, acceptSslCerts=true, locationContextEnabled=true, webStorageEnabled=true, browserName=chrome, takesScreenshot=true, javascriptEnabled=true, cssSelectorsEnabled=true}]
Session ID: 70c2ab4182fe50b6555f6b8b9623c220
*** Element info: {Using=xpath, value=//*[@id='page-container']/div/div/div[2]/div[7]/div/div/div[2]/ul/li/div[2]/p}]]>
            </message>
            <full-stacktrace>
              <![CDATA[org.openqa.selenium.NoSuchElementException: no such element: Unable to locate element: {"method":"xpath","selector":"//*[@id='page-container']/div/div/div[2]/div[7]/div/div/div[2]/ul/li/div[2]/p"}
  (Session info: chrome=50.0.2661.102)
  (Driver info: chromedriver=2.20.353145 (343b531d31eeb933ec778dbcf7081628a1396067),platform=Windows NT 6.1 SP1 x86_64) (WARNING: The server did not provide any stacktrace information)
Command duration or timeout: 45.00 seconds
For documentation on this error, please visit: http://seleniumhq.org/exceptions/no_such_element.html
Build info: version: '2.48.2', revision: '41bccdd', time: '2015-10-09 19:59:12'
System info: host: 'E5530-2340', ip: '10.0.0.73', os.name: 'Windows 7', os.arch: 'amd64', os.version: '6.1', java.version: '1.8.0_66'
Driver info: org.openqa.selenium.chrome.ChromeDriver
Capabilities [{applicationCacheEnabled=false, rotatable=false, mobileEmulationEnabled=false, chrome={userDataDir=C:\Users\jslee\AppData\Local\Temp\scoped_dir4504_8428}, takesHeapSnapshot=true, databaseEnabled=false, handlesAlerts=true, hasTouchScreen=false, version=50.0.2661.102, platform=XP, browserConnectionEnabled=false, nativeEvents=true, acceptSslCerts=true, locationContextEnabled=true, webStorageEnabled=true, browserName=chrome, takesScreenshot=true, javascriptEnabled=true, cssSelectorsEnabled=true}]
Session ID: 70c2ab4182fe50b6555f6b8b9623c220
*** Element info: {Using=xpath, value=//*[@id='page-container']/div/div/div[2]/div[7]/div/div/div[2]/ul/li/div[2]/p}
	at sun.reflect.NativeConstructorAccessorImpl.newInstance0(Native Method)
	at sun.reflect.NativeConstructorAccessorImpl.newInstance(NativeConstructorAccessorImpl.java:62)
	at sun.reflect.DelegatingConstructorAccessorImpl.newInstance(DelegatingConstructorAccessorImpl.java:45)
	at java.lang.reflect.Constructor.newInstance(Constructor.java:422)
	at org.openqa.selenium.remote.ErrorHandler.createThrowable(ErrorHandler.java:206)
	at org.openqa.selenium.remote.ErrorHandler.throwIfResponseFailed(ErrorHandler.java:158)
	at org.openqa.selenium.remote.RemoteWebDriver.execute(RemoteWebDriver.java:647)
	at org.openqa.selenium.remote.RemoteWebDriver.findElement(RemoteWebDriver.java:353)
	at org.openqa.selenium.remote.RemoteWebDriver.findElementByXPath(RemoteWebDriver.java:490)
	at org.openqa.selenium.By$ByXPath.findElement(By.java:361)
	at org.openqa.selenium.remote.RemoteWebDriver.findElement(RemoteWebDriver.java:345)
	at com.test1.pages.NotesTab.isAddNotesSuccessful(NotesTab.java:83)
	at com.test1.tests.RTest.testSuccessfulNotesAdd(RTest.java:237)
	at sun.reflect.NativeMethodAccessorImpl.invoke0(Native Method)
	at sun.reflect.NativeMethodAccessorImpl.invoke(NativeMethodAccessorImpl.java:62)
	at sun.reflect.DelegatingMethodAccessorImpl.invoke(DelegatingMethodAccessorImpl.java:43)
	at java.lang.reflect.Method.invoke(Method.java:497)
	at org.testng.internal.MethodInvocationHelper.invokeMethod(MethodInvocationHelper.java:85)
	at org.testng.internal.Invoker.invokeMethod(Invoker.java:639)
	at org.testng.internal.Invoker.invokeTestMethod(Invoker.java:821)
	at org.testng.internal.Invoker.invokeTestMethods(Invoker.java:1131)
	at org.testng.internal.TestMethodWorker.invokeTestMethods(TestMethodWorker.java:124)
	at org.testng.internal.TestMethodWorker.run(TestMethodWorker.java:108)
	at org.testng.TestRunner.privateRun(TestRunner.java:773)
	at org.testng.TestRunner.run(TestRunner.java:623)
	at org.testng.SuiteRunner.runTest(SuiteRunner.java:357)
	at org.testng.SuiteRunner.runSequentially(SuiteRunner.java:352)
	at org.testng.SuiteRunner.privateRun(SuiteRunner.java:310)
	at org.testng.SuiteRunner.run(SuiteRunner.java:259)
	at org.testng.SuiteRunnerWorker.runSuite(SuiteRunnerWorker.java:52)
	at org.testng.SuiteRunnerWorker.run(SuiteRunnerWorker.java:86)
	at org.testng.TestNG.runSuitesSequentially(TestNG.java:1185)
	at org.testng.TestNG.runSuitesLocally(TestNG.java:1110)
	at org.testng.TestNG.run(TestNG.java:1018)
	at org.testng.TestNG.privateMain(TestNG.java:1325)
	at org.testng.TestNG.main(TestNG.java:1294)
]]>
            </full-stacktrace>
          </exception> <!-- org.openqa.selenium.NoSuchElementException -->
          <reporter-output>
          </reporter-output>
        </test-method> <!-- testSuccessfulNotesAdd -->
        <test-method status="PASS" signature="afterMethod()[pri:0, instance:com.test1.tests.RTest@7d4793a8]" name="afterMethod" is-config="true" duration-ms="1447" started-at="2016-05-23T11:14:45Z" finished-at="2016-05-23T11:14:46Z">
          <reporter-output>
          </reporter-output>
        </test-method> <!-- afterMethod -->
        <test-method status="PASS" signature="beforeMethod()[pri:0, instance:com.test1.tests.RTest@7d4793a8]" name="beforeMethod" is-config="true" duration-ms="8070" started-at="2016-05-23T11:14:46Z" finished-at="2016-05-23T11:14:54Z">
          <reporter-output>
          </reporter-output>
        </test-method> <!-- beforeMethod -->
        <test-method status="PASS" signature="testSuccessfulPurchaseLumpsumPayAdd(java.lang.String, java.lang.String, java.lang.String, java.lang.String, java.lang.String)[pri:0, instance:com.test1.tests.RTest@7d4793a8]" name="testSuccessfulPurchaseLumpsumPayAdd" duration-ms="105165" started-at="2016-05-23T11:14:54Z" data-provider="dataProvider" finished-at="2016-05-23T11:16:40Z">
          <params>
            <param index="0">
              <value>
                <![CDATA[FC3STD06G20]]>
              </value>
            </param>
            <param index="1">
              <value>
                <![CDATA[15]]>
              </value>
            </param>
            <param index="2">
              <value>
                <![CDATA[10]]>
              </value>
            </param>
            <param index="3">
              <value>
                <![CDATA[2016]]>
              </value>
            </param>
            <param index="4">
              <value>
                <![CDATA[250]]>
              </value>
            </param>
          </params>
          <reporter-output>
          </reporter-output>
        </test-method> <!-- testSuccessfulPurchaseLumpsumPayAdd -->
        <test-method status="PASS" signature="afterMethod()[pri:0, instance:com.test1.tests.RTest@7d4793a8]" name="afterMethod" is-config="true" duration-ms="1491" started-at="2016-05-23T11:16:40Z" finished-at="2016-05-23T11:16:41Z">
          <reporter-output>
          </reporter-output>
        </test-method> <!-- afterMethod -->
        <test-method status="PASS" signature="beforeMethod()[pri:0, instance:com.test1.tests.RTest@7d4793a8]" name="beforeMethod" is-config="true" duration-ms="7259" started-at="2016-05-23T11:16:41Z" finished-at="2016-05-23T11:16:48Z">
          <reporter-output>
          </reporter-output>
        </test-method> <!-- beforeMethod -->
        <test-method status="PASS" signature="testSuccessfulPurchaseLumpsumPayAdd(java.lang.String, java.lang.String, java.lang.String, java.lang.String, java.lang.String)[pri:0, instance:com.test1.tests.RTest@7d4793a8]" name="testSuccessfulPurchaseLumpsumPayAdd" duration-ms="87931" started-at="2016-05-23T11:16:48Z" data-provider="dataProvider" finished-at="2016-05-23T11:18:16Z">
          <params>
            <param index="0">
              <value>
                <![CDATA[AE864AGTE]]>
              </value>
            </param>
            <param index="1">
              <value>
                <![CDATA[20]]>
              </value>
            </param>
            <param index="2">
              <value>
                <![CDATA[05]]>
              </value>
            </param>
            <param index="3">
              <value>
                <![CDATA[2016]]>
              </value>
            </param>
            <param index="4">
              <value>
                <![CDATA[100]]>
              </value>
            </param>
          </params>
          <reporter-output>
          </reporter-output>
        </test-method> <!-- testSuccessfulPurchaseLumpsumPayAdd -->
        <test-method status="PASS" signature="afterMethod()[pri:0, instance:com.test1.tests.RTest@7d4793a8]" name="afterMethod" is-config="true" duration-ms="1462" started-at="2016-05-23T11:18:16Z" finished-at="2016-05-23T11:18:18Z">
          <reporter-output>
          </reporter-output>
        </test-method> <!-- afterMethod -->
        <test-method status="PASS" signature="beforeMethod()[pri:0, instance:com.test1.tests.RTest@7d4793a8]" name="beforeMethod" is-config="true" duration-ms="6900" started-at="2016-05-23T11:18:18Z" finished-at="2016-05-23T11:18:25Z">
          <reporter-output>
          </reporter-output>
        </test-method> <!-- beforeMethod -->
        <test-method status="PASS" signature="testSuccessfulPurchaseLumpsumPayAdd(java.lang.String, java.lang.String, java.lang.String, java.lang.String, java.lang.String)[pri:0, instance:com.test1.tests.RTest@7d4793a8]" name="testSuccessfulPurchaseLumpsumPayAdd" duration-ms="93809" started-at="2016-05-23T11:18:25Z" data-provider="dataProvider" finished-at="2016-05-23T11:19:58Z">
          <params>
            <param index="0">
              <value>
                <![CDATA[EA21RRR]]>
              </value>
            </param>
            <param index="1">
              <value>
                <![CDATA[25]]>
              </value>
            </param>
            <param index="2">
              <value>
                <![CDATA[03]]>
              </value>
            </param>
            <param index="3">
              <value>
                <![CDATA[2016]]>
              </value>
            </param>
            <param index="4">
              <value>
                <![CDATA[5]]>
              </value>
            </param>
          </params>
          <reporter-output>
          </reporter-output>
        </test-method> <!-- testSuccessfulPurchaseLumpsumPayAdd -->
        <test-method status="PASS" signature="afterMethod()[pri:0, instance:com.test1.tests.RTest@7d4793a8]" name="afterMethod" is-config="true" duration-ms="1645" started-at="2016-05-23T11:19:58Z" finished-at="2016-05-23T11:20:00Z">
          <reporter-output>
          </reporter-output>
        </test-method> <!-- afterMethod -->
        <test-method status="PASS" signature="beforeMethod()[pri:0, instance:com.test1.tests.RTest@7d4793a8]" name="beforeMethod" is-config="true" duration-ms="7745" started-at="2016-05-23T11:20:00Z" finished-at="2016-05-23T11:20:08Z">
          <reporter-output>
          </reporter-output>
        </test-method> <!-- beforeMethod -->
        <test-method status="PASS" signature="testSuccessfulPurchaseLumpsumPayAdd(java.lang.String, java.lang.String, java.lang.String, java.lang.String, java.lang.String)[pri:0, instance:com.test1.tests.RTest@7d4793a8]" name="testSuccessfulPurchaseLumpsumPayAdd" duration-ms="88298" started-at="2016-05-23T11:20:08Z" data-provider="dataProvider" finished-at="2016-05-23T11:21:36Z">
          <params>
            <param index="0">
              <value>
                <![CDATA[AP1TypeRR]]>
              </value>
            </param>
            <param index="1">
              <value>
                <![CDATA[26]]>
              </value>
            </param>
            <param index="2">
              <value>
                <![CDATA[06]]>
              </value>
            </param>
            <param index="3">
              <value>
                <![CDATA[2017]]>
              </value>
            </param>
            <param index="4">
              <value>
                <![CDATA[1]]>
              </value>
            </param>
          </params>
          <reporter-output>
          </reporter-output>
        </test-method> <!-- testSuccessfulPurchaseLumpsumPayAdd -->
        <test-method status="PASS" signature="afterMethod()[pri:0, instance:com.test1.tests.RTest@7d4793a8]" name="afterMethod" is-config="true" duration-ms="1441" started-at="2016-05-23T11:21:36Z" finished-at="2016-05-23T11:21:38Z">
          <reporter-output>
          </reporter-output>
        </test-method> <!-- afterMethod -->
        <test-method status="PASS" signature="beforeMethod()[pri:0, instance:com.test1.tests.RTest@7d4793a8]" name="beforeMethod" is-config="true" duration-ms="7331" started-at="2016-05-23T11:21:38Z" finished-at="2016-05-23T11:21:45Z">
          <reporter-output>
          </reporter-output>
        </test-method> <!-- beforeMethod -->
        <test-method status="PASS" signature="testSuccessfulPurchaseLumpsumPayAdd(java.lang.String, java.lang.String, java.lang.String, java.lang.String, java.lang.String)[pri:0, instance:com.test1.tests.RTest@7d4793a8]" name="testSuccessfulPurchaseLumpsumPayAdd" duration-ms="92543" started-at="2016-05-23T11:21:45Z" data-provider="dataProvider" finished-at="2016-05-23T11:23:17Z">
          <params>
            <param index="0">
              <value>
                <![CDATA[FD3STD06G20]]>
              </value>
            </param>
            <param index="1">
              <value>
                <![CDATA[12]]>
              </value>
            </param>
            <param index="2">
              <value>
                <![CDATA[07]]>
              </value>
            </param>
            <param index="3">
              <value>
                <![CDATA[2018]]>
              </value>
            </param>
            <param index="4">
              <value>
                <![CDATA[25]]>
              </value>
            </param>
          </params>
          <reporter-output>
          </reporter-output>
        </test-method> <!-- testSuccessfulPurchaseLumpsumPayAdd -->
        <test-method status="PASS" signature="afterMethod()[pri:0, instance:com.test1.tests.RTest@7d4793a8]" name="afterMethod" is-config="true" duration-ms="1500" started-at="2016-05-23T11:23:17Z" finished-at="2016-05-23T11:23:19Z">
          <reporter-output>
          </reporter-output>
        </test-method> <!-- afterMethod -->
      </class> <!-- com.test1.tests.RTest -->
    </test> <!-- Ant test -->
  </suite> <!-- Ant suite -->
</testng-results>
